ERROR - 2023-05-16 04:43:10 --> Cannot add or update a child row: a foreign key constraint fails (`db_msi_sugihwaras_rev`.`user`, CONSTRAINT `user_ibfk_1` FOREIGN KEY (`id_pegawai`) REFERENCES `pegawai` (`id_pegawai`))
CRITICAL - 2023-05-16 04:43:10 --> Cannot add or update a child row: a foreign key constraint fails (`db_msi_sugihwaras_rev`.`user`, CONSTRAINT `user_ibfk_1` FOREIGN KEY (`id_pegawai`) REFERENCES `pegawai` (`id_pegawai`))
#0 D:\EXE\htdocs\Enterprise_msi\system\Database\MySQLi\Connection.php(292): mysqli->query('INSERT INTO `us...', 0)
#1 D:\EXE\htdocs\Enterprise_msi\system\Database\BaseConnection.php(670): CodeIgniter\Database\MySQLi\Connection->execute('INSERT INTO `us...')
#2 D:\EXE\htdocs\Enterprise_msi\system\Database\BaseConnection.php(598): CodeIgniter\Database\BaseConnection->simpleQuery('INSERT INTO `us...')
#3 D:\EXE\htdocs\Enterprise_msi\system\Database\BaseBuilder.php(1771): CodeIgniter\Database\BaseConnection->query('INSERT INTO `us...', Array, false)
#4 D:\EXE\htdocs\Enterprise_msi\app\Models\Auth_model.php(31): CodeIgniter\Database\BaseBuilder->insert(Array)
#5 D:\EXE\htdocs\Enterprise_msi\app\Controllers\Auth.php(122): App\Models\Auth_model->register(Array)
#6 D:\EXE\htdocs\Enterprise_msi\system\CodeIgniter.php(825): App\Controllers\Auth->proses_register()
#7 D:\EXE\htdocs\Enterprise_msi\system\CodeIgniter.php(412): CodeIgniter\CodeIgniter->runController(Object(App\Controllers\Auth))
#8 D:\EXE\htdocs\Enterprise_msi\system\CodeIgniter.php(320): CodeIgniter\CodeIgniter->handleRequest(NULL, Object(Config\Cache), false)
#9 D:\EXE\htdocs\Enterprise_msi\public\index.php(37): CodeIgniter\CodeIgniter->run()
#10 D:\EXE\htdocs\Enterprise_msi\system\Commands\Server\rewrite.php(43): require_once('D:\\EXE\\htdocs\\E...')
#11 {main}
ERROR - 2023-05-16 04:43:50 --> Cannot add or update a child row: a foreign key constraint fails (`db_msi_sugihwaras_rev`.`user`, CONSTRAINT `user_ibfk_1` FOREIGN KEY (`id_pegawai`) REFERENCES `pegawai` (`id_pegawai`))
CRITICAL - 2023-05-16 04:43:50 --> Cannot add or update a child row: a foreign key constraint fails (`db_msi_sugihwaras_rev`.`user`, CONSTRAINT `user_ibfk_1` FOREIGN KEY (`id_pegawai`) REFERENCES `pegawai` (`id_pegawai`))
#0 D:\EXE\htdocs\Enterprise_msi\system\Database\MySQLi\Connection.php(292): mysqli->query('INSERT INTO `us...', 0)
#1 D:\EXE\htdocs\Enterprise_msi\system\Database\BaseConnection.php(670): CodeIgniter\Database\MySQLi\Connection->execute('INSERT INTO `us...')
#2 D:\EXE\htdocs\Enterprise_msi\system\Database\BaseConnection.php(598): CodeIgniter\Database\BaseConnection->simpleQuery('INSERT INTO `us...')
#3 D:\EXE\htdocs\Enterprise_msi\system\Database\BaseBuilder.php(1771): CodeIgniter\Database\BaseConnection->query('INSERT INTO `us...', Array, false)
#4 D:\EXE\htdocs\Enterprise_msi\app\Models\Auth_model.php(31): CodeIgniter\Database\BaseBuilder->insert(Array)
#5 D:\EXE\htdocs\Enterprise_msi\app\Controllers\Auth.php(122): App\Models\Auth_model->register(Array)
#6 D:\EXE\htdocs\Enterprise_msi\system\CodeIgniter.php(825): App\Controllers\Auth->proses_register()
#7 D:\EXE\htdocs\Enterprise_msi\system\CodeIgniter.php(412): CodeIgniter\CodeIgniter->runController(Object(App\Controllers\Auth))
#8 D:\EXE\htdocs\Enterprise_msi\system\CodeIgniter.php(320): CodeIgniter\CodeIgniter->handleRequest(NULL, Object(Config\Cache), false)
#9 D:\EXE\htdocs\Enterprise_msi\public\index.php(37): CodeIgniter\CodeIgniter->run()
#10 D:\EXE\htdocs\Enterprise_msi\system\Commands\Server\rewrite.php(43): require_once('D:\\EXE\\htdocs\\E...')
#11 {main}
