CRITICAL - 2023-05-17 23:01:53 --> syntax error, unexpected ','
#0 C:\xampp\htdocs\Enterprise_msi\system\Autoloader\Autoloader.php(241): CodeIgniter\Autoloader\Autoloader->includeFile('C:\\xampp\\htdocs...')
#1 C:\xampp\htdocs\Enterprise_msi\system\Autoloader\Autoloader.php(219): CodeIgniter\Autoloader\Autoloader->loadInNamespace('App\\Controllers...')
#2 [internal function]: CodeIgniter\Autoloader\Autoloader->loadClass('App\\Controllers...')
#3 C:\xampp\htdocs\Enterprise_msi\app\Controllers\Auth.php(7): spl_autoload_call('App\\Controllers...')
#4 C:\xampp\htdocs\Enterprise_msi\system\Autoloader\Autoloader.php(264): include_once('C:\\xampp\\htdocs...')
#5 C:\xampp\htdocs\Enterprise_msi\system\Autoloader\Autoloader.php(241): CodeIgniter\Autoloader\Autoloader->includeFile('C:\\xampp\\htdocs...')
#6 C:\xampp\htdocs\Enterprise_msi\system\Autoloader\Autoloader.php(219): CodeIgniter\Autoloader\Autoloader->loadInNamespace('App\\Controllers...')
#7 [internal function]: CodeIgniter\Autoloader\Autoloader->loadClass('App\\Controllers...')
#8 [internal function]: spl_autoload_call('App\\Controllers...')
#9 C:\xampp\htdocs\Enterprise_msi\system\CodeIgniter.php(790): class_exists('\\App\\Controller...', true)
#10 C:\xampp\htdocs\Enterprise_msi\system\CodeIgniter.php(399): CodeIgniter\CodeIgniter->startController()
#11 C:\xampp\htdocs\Enterprise_msi\system\CodeIgniter.php(320): CodeIgniter\CodeIgniter->handleRequest(NULL, Object(Config\Cache), false)
#12 C:\xampp\htdocs\Enterprise_msi\public\index.php(37): CodeIgniter\CodeIgniter->run()
#13 C:\xampp\htdocs\Enterprise_msi\system\Commands\Server\rewrite.php(43): require_once('C:\\xampp\\htdocs...')
#14 {main}
CRITICAL - 2023-05-17 23:51:26 --> Array to string conversion
#0 C:\xampp\htdocs\Enterprise_msi\app\Controllers\Category.php(53): CodeIgniter\Debug\Exceptions->errorHandler(8, 'Array to string...', 'C:\\xampp\\htdocs...', 53, Array)
#1 C:\xampp\htdocs\Enterprise_msi\system\CodeIgniter.php(825): App\Controllers\Category->index()
#2 C:\xampp\htdocs\Enterprise_msi\system\CodeIgniter.php(412): CodeIgniter\CodeIgniter->runController(Object(App\Controllers\Category))
#3 C:\xampp\htdocs\Enterprise_msi\system\CodeIgniter.php(320): CodeIgniter\CodeIgniter->handleRequest(NULL, Object(Config\Cache), false)
#4 C:\xampp\htdocs\Enterprise_msi\public\index.php(37): CodeIgniter\CodeIgniter->run()
#5 C:\xampp\htdocs\Enterprise_msi\system\Commands\Server\rewrite.php(43): require_once('C:\\xampp\\htdocs...')
#6 {main}
CRITICAL - 2023-05-17 23:53:21 --> Array to string conversion
#0 C:\xampp\htdocs\Enterprise_msi\app\Controllers\Category.php(53): CodeIgniter\Debug\Exceptions->errorHandler(8, 'Array to string...', 'C:\\xampp\\htdocs...', 53, Array)
#1 C:\xampp\htdocs\Enterprise_msi\system\CodeIgniter.php(825): App\Controllers\Category->index()
#2 C:\xampp\htdocs\Enterprise_msi\system\CodeIgniter.php(412): CodeIgniter\CodeIgniter->runController(Object(App\Controllers\Category))
#3 C:\xampp\htdocs\Enterprise_msi\system\CodeIgniter.php(320): CodeIgniter\CodeIgniter->handleRequest(NULL, Object(Config\Cache), false)
#4 C:\xampp\htdocs\Enterprise_msi\public\index.php(37): CodeIgniter\CodeIgniter->run()
#5 C:\xampp\htdocs\Enterprise_msi\system\Commands\Server\rewrite.php(43): require_once('C:\\xampp\\htdocs...')
#6 {main}
CRITICAL - 2023-05-17 23:56:29 --> syntax error, unexpected '}', expecting end of file
#0 C:\xampp\htdocs\Enterprise_msi\system\View\View.php(213): CodeIgniter\View\View->CodeIgniter\View\{closure}()
#1 C:\xampp\htdocs\Enterprise_msi\system\Common.php(1089): CodeIgniter\View\View->render('_partials/sideb...', Array, true)
#2 C:\xampp\htdocs\Enterprise_msi\app\Views\emis\idx2.php(2): view('_partials/sideb...')
#3 C:\xampp\htdocs\Enterprise_msi\system\View\View.php(210): include('C:\\xampp\\htdocs...')
#4 C:\xampp\htdocs\Enterprise_msi\system\View\View.php(213): CodeIgniter\View\View->CodeIgniter\View\{closure}()
#5 C:\xampp\htdocs\Enterprise_msi\system\Common.php(1089): CodeIgniter\View\View->render('emis/idx2', Array, true)
#6 C:\xampp\htdocs\Enterprise_msi\app\Controllers\Emis.php(58): view('emis/idx2', Array)
#7 C:\xampp\htdocs\Enterprise_msi\system\CodeIgniter.php(825): App\Controllers\Emis->index()
#8 C:\xampp\htdocs\Enterprise_msi\system\CodeIgniter.php(412): CodeIgniter\CodeIgniter->runController(Object(App\Controllers\Emis))
#9 C:\xampp\htdocs\Enterprise_msi\system\CodeIgniter.php(320): CodeIgniter\CodeIgniter->handleRequest(NULL, Object(Config\Cache), false)
#10 C:\xampp\htdocs\Enterprise_msi\public\index.php(37): CodeIgniter\CodeIgniter->run()
#11 C:\xampp\htdocs\Enterprise_msi\system\Commands\Server\rewrite.php(43): require_once('C:\\xampp\\htdocs...')
#12 {main}
CRITICAL - 2023-05-17 23:56:51 --> syntax error, unexpected '}', expecting end of file
#0 C:\xampp\htdocs\Enterprise_msi\system\View\View.php(213): CodeIgniter\View\View->CodeIgniter\View\{closure}()
#1 C:\xampp\htdocs\Enterprise_msi\system\Common.php(1089): CodeIgniter\View\View->render('_partials/sideb...', Array, true)
#2 C:\xampp\htdocs\Enterprise_msi\app\Views\emis\idx2.php(2): view('_partials/sideb...')
#3 C:\xampp\htdocs\Enterprise_msi\system\View\View.php(210): include('C:\\xampp\\htdocs...')
#4 C:\xampp\htdocs\Enterprise_msi\system\View\View.php(213): CodeIgniter\View\View->CodeIgniter\View\{closure}()
#5 C:\xampp\htdocs\Enterprise_msi\system\Common.php(1089): CodeIgniter\View\View->render('emis/idx2', Array, true)
#6 C:\xampp\htdocs\Enterprise_msi\app\Controllers\Emis.php(58): view('emis/idx2', Array)
#7 C:\xampp\htdocs\Enterprise_msi\system\CodeIgniter.php(825): App\Controllers\Emis->index()
#8 C:\xampp\htdocs\Enterprise_msi\system\CodeIgniter.php(412): CodeIgniter\CodeIgniter->runController(Object(App\Controllers\Emis))
#9 C:\xampp\htdocs\Enterprise_msi\system\CodeIgniter.php(320): CodeIgniter\CodeIgniter->handleRequest(NULL, Object(Config\Cache), false)
#10 C:\xampp\htdocs\Enterprise_msi\public\index.php(37): CodeIgniter\CodeIgniter->run()
#11 C:\xampp\htdocs\Enterprise_msi\system\Commands\Server\rewrite.php(43): require_once('C:\\xampp\\htdocs...')
#12 {main}
