CRITICAL - 2023-07-08 00:04:15 --> Undefined index: id_pegawai
#0 C:\Users\user\Downloads\msienterprise-main\app\Views\pengeluaransarpras\create15.php(74): CodeIgniter\Debug\Exceptions->errorHandler(8, 'Undefined index...', 'C:\\Users\\user\\D...', 74, Array)
#1 C:\Users\user\Downloads\msienterprise-main\system\View\View.php(210): include('C:\\Users\\user\\D...')
#2 C:\Users\user\Downloads\msienterprise-main\system\View\View.php(213): CodeIgniter\View\View->CodeIgniter\View\{closure}()
#3 C:\Users\user\Downloads\msienterprise-main\system\Common.php(1089): CodeIgniter\View\View->render('pengeluaransarp...', Array, true)
#4 C:\Users\user\Downloads\msienterprise-main\app\Controllers\Pengeluaransarpras.php(82): view('pengeluaransarp...', Array)
#5 C:\Users\user\Downloads\msienterprise-main\system\CodeIgniter.php(825): App\Controllers\Pengeluaransarpras->create15()
#6 C:\Users\user\Downloads\msienterprise-main\system\CodeIgniter.php(412): CodeIgniter\CodeIgniter->runController(Object(App\Controllers\Pengeluaransarpras))
#7 C:\Users\user\Downloads\msienterprise-main\system\CodeIgniter.php(320): CodeIgniter\CodeIgniter->handleRequest(NULL, Object(Config\Cache), false)
#8 C:\Users\user\Downloads\msienterprise-main\public\index.php(37): CodeIgniter\CodeIgniter->run()
#9 C:\Users\user\Downloads\msienterprise-main\system\Commands\Server\rewrite.php(43): require_once('C:\\Users\\user\\D...')
#10 {main}
ERROR - 2023-07-08 00:05:47 --> Column 'id_pegawai' cannot be null
CRITICAL - 2023-07-08 00:05:47 --> Column 'id_pegawai' cannot be null
#0 C:\Users\user\Downloads\msienterprise-main\system\Database\MySQLi\Connection.php(292): mysqli->query('INSERT INTO `pe...', 0)
#1 C:\Users\user\Downloads\msienterprise-main\system\Database\BaseConnection.php(670): CodeIgniter\Database\MySQLi\Connection->execute('INSERT INTO `pe...')
#2 C:\Users\user\Downloads\msienterprise-main\system\Database\BaseConnection.php(598): CodeIgniter\Database\BaseConnection->simpleQuery('INSERT INTO `pe...')
#3 C:\Users\user\Downloads\msienterprise-main\system\Database\BaseBuilder.php(1771): CodeIgniter\Database\BaseConnection->query('INSERT INTO `pe...', Array, false)
#4 C:\Users\user\Downloads\msienterprise-main\app\Models\Pengeluaransarpras_model.php(21): CodeIgniter\Database\BaseBuilder->insert(Array)
#5 C:\Users\user\Downloads\msienterprise-main\app\Controllers\Pengeluaransarpras.php(105): App\Models\Pengeluaransarpras_model->insertCategory(Array)
#6 C:\Users\user\Downloads\msienterprise-main\system\CodeIgniter.php(825): App\Controllers\Pengeluaransarpras->store15()
#7 C:\Users\user\Downloads\msienterprise-main\system\CodeIgniter.php(412): CodeIgniter\CodeIgniter->runController(Object(App\Controllers\Pengeluaransarpras))
#8 C:\Users\user\Downloads\msienterprise-main\system\CodeIgniter.php(320): CodeIgniter\CodeIgniter->handleRequest(NULL, Object(Config\Cache), false)
#9 C:\Users\user\Downloads\msienterprise-main\public\index.php(37): CodeIgniter\CodeIgniter->run()
#10 C:\Users\user\Downloads\msienterprise-main\system\Commands\Server\rewrite.php(43): require_once('C:\\Users\\user\\D...')
#11 {main}
CRITICAL - 2023-07-08 00:09:46 --> Undefined index: nama
#0 C:\Users\user\Downloads\msienterprise-main\app\Views\pengeluaransarpras\idx15.php(93): CodeIgniter\Debug\Exceptions->errorHandler(8, 'Undefined index...', 'C:\\Users\\user\\D...', 93, Array)
#1 C:\Users\user\Downloads\msienterprise-main\system\View\View.php(210): include('C:\\Users\\user\\D...')
#2 C:\Users\user\Downloads\msienterprise-main\system\View\View.php(213): CodeIgniter\View\View->CodeIgniter\View\{closure}()
#3 C:\Users\user\Downloads\msienterprise-main\system\Common.php(1089): CodeIgniter\View\View->render('pengeluaransarp...', Array, true)
#4 C:\Users\user\Downloads\msienterprise-main\app\Controllers\Pengeluaransarpras.php(72): view('pengeluaransarp...', Array)
#5 C:\Users\user\Downloads\msienterprise-main\system\CodeIgniter.php(825): App\Controllers\Pengeluaransarpras->index()
#6 C:\Users\user\Downloads\msienterprise-main\system\CodeIgniter.php(412): CodeIgniter\CodeIgniter->runController(Object(App\Controllers\Pengeluaransarpras))
#7 C:\Users\user\Downloads\msienterprise-main\system\CodeIgniter.php(320): CodeIgniter\CodeIgniter->handleRequest(NULL, Object(Config\Cache), false)
#8 C:\Users\user\Downloads\msienterprise-main\public\index.php(37): CodeIgniter\CodeIgniter->run()
#9 C:\Users\user\Downloads\msienterprise-main\system\Commands\Server\rewrite.php(43): require_once('C:\\Users\\user\\D...')
#10 {main}
CRITICAL - 2023-07-08 00:17:38 --> Array to string conversion
#0 [internal function]: CodeIgniter\Debug\Exceptions->errorHandler(8, 'Array to string...', 'C:\\Users\\user\\D...', 312, Array)
#1 C:\Users\user\Downloads\msienterprise-main\system\Database\Query.php(312): implode(',', Array)
#2 C:\Users\user\Downloads\msienterprise-main\system\Database\Query.php(293): CodeIgniter\Database\Query->matchNamedBinds('SELECT `peminja...', Array)
#3 C:\Users\user\Downloads\msienterprise-main\system\Database\Query.php(150): CodeIgniter\Database\Query->compileBinds()
#4 C:\Users\user\Downloads\msienterprise-main\system\Database\BaseConnection.php(598): CodeIgniter\Database\Query->getQuery()
#5 C:\Users\user\Downloads\msienterprise-main\system\Database\BaseBuilder.php(1455): CodeIgniter\Database\BaseConnection->query('SELECT `peminja...', Array, false)
#6 C:\Users\user\Downloads\msienterprise-main\app\Models\Peminjaman_model.php(47): CodeIgniter\Database\BaseBuilder->get()
#7 C:\Users\user\Downloads\msienterprise-main\app\Controllers\Peminjaman.php(74): App\Models\Peminjaman_model->getPeminjamanSarprasById(Array)
#8 C:\Users\user\Downloads\msienterprise-main\system\CodeIgniter.php(825): App\Controllers\Peminjaman->index()
#9 C:\Users\user\Downloads\msienterprise-main\system\CodeIgniter.php(412): CodeIgniter\CodeIgniter->runController(Object(App\Controllers\Peminjaman))
#10 C:\Users\user\Downloads\msienterprise-main\system\CodeIgniter.php(320): CodeIgniter\CodeIgniter->handleRequest(NULL, Object(Config\Cache), false)
#11 C:\Users\user\Downloads\msienterprise-main\public\index.php(37): CodeIgniter\CodeIgniter->run()
#12 C:\Users\user\Downloads\msienterprise-main\system\Commands\Server\rewrite.php(43): require_once('C:\\Users\\user\\D...')
#13 {main}
CRITICAL - 2023-07-08 00:17:55 --> Array to string conversion
#0 [internal function]: CodeIgniter\Debug\Exceptions->errorHandler(8, 'Array to string...', 'C:\\Users\\user\\D...', 312, Array)
#1 C:\Users\user\Downloads\msienterprise-main\system\Database\Query.php(312): implode(',', Array)
#2 C:\Users\user\Downloads\msienterprise-main\system\Database\Query.php(293): CodeIgniter\Database\Query->matchNamedBinds('SELECT `peminja...', Array)
#3 C:\Users\user\Downloads\msienterprise-main\system\Database\Query.php(150): CodeIgniter\Database\Query->compileBinds()
#4 C:\Users\user\Downloads\msienterprise-main\system\Database\BaseConnection.php(598): CodeIgniter\Database\Query->getQuery()
#5 C:\Users\user\Downloads\msienterprise-main\system\Database\BaseBuilder.php(1455): CodeIgniter\Database\BaseConnection->query('SELECT `peminja...', Array, false)
#6 C:\Users\user\Downloads\msienterprise-main\app\Models\Peminjaman_model.php(47): CodeIgniter\Database\BaseBuilder->get()
#7 C:\Users\user\Downloads\msienterprise-main\app\Controllers\Peminjaman.php(74): App\Models\Peminjaman_model->getPeminjamanSarprasById(Array)
#8 C:\Users\user\Downloads\msienterprise-main\system\CodeIgniter.php(825): App\Controllers\Peminjaman->index()
#9 C:\Users\user\Downloads\msienterprise-main\system\CodeIgniter.php(412): CodeIgniter\CodeIgniter->runController(Object(App\Controllers\Peminjaman))
#10 C:\Users\user\Downloads\msienterprise-main\system\CodeIgniter.php(320): CodeIgniter\CodeIgniter->handleRequest(NULL, Object(Config\Cache), false)
#11 C:\Users\user\Downloads\msienterprise-main\public\index.php(37): CodeIgniter\CodeIgniter->run()
#12 C:\Users\user\Downloads\msienterprise-main\system\Commands\Server\rewrite.php(43): require_once('C:\\Users\\user\\D...')
#13 {main}
CRITICAL - 2023-07-08 00:17:56 --> Array to string conversion
#0 [internal function]: CodeIgniter\Debug\Exceptions->errorHandler(8, 'Array to string...', 'C:\\Users\\user\\D...', 312, Array)
#1 C:\Users\user\Downloads\msienterprise-main\system\Database\Query.php(312): implode(',', Array)
#2 C:\Users\user\Downloads\msienterprise-main\system\Database\Query.php(293): CodeIgniter\Database\Query->matchNamedBinds('SELECT `peminja...', Array)
#3 C:\Users\user\Downloads\msienterprise-main\system\Database\Query.php(150): CodeIgniter\Database\Query->compileBinds()
#4 C:\Users\user\Downloads\msienterprise-main\system\Database\BaseConnection.php(598): CodeIgniter\Database\Query->getQuery()
#5 C:\Users\user\Downloads\msienterprise-main\system\Database\BaseBuilder.php(1455): CodeIgniter\Database\BaseConnection->query('SELECT `peminja...', Array, false)
#6 C:\Users\user\Downloads\msienterprise-main\app\Models\Peminjaman_model.php(47): CodeIgniter\Database\BaseBuilder->get()
#7 C:\Users\user\Downloads\msienterprise-main\app\Controllers\Peminjaman.php(74): App\Models\Peminjaman_model->getPeminjamanSarprasById(Array)
#8 C:\Users\user\Downloads\msienterprise-main\system\CodeIgniter.php(825): App\Controllers\Peminjaman->index()
#9 C:\Users\user\Downloads\msienterprise-main\system\CodeIgniter.php(412): CodeIgniter\CodeIgniter->runController(Object(App\Controllers\Peminjaman))
#10 C:\Users\user\Downloads\msienterprise-main\system\CodeIgniter.php(320): CodeIgniter\CodeIgniter->handleRequest(NULL, Object(Config\Cache), false)
#11 C:\Users\user\Downloads\msienterprise-main\public\index.php(37): CodeIgniter\CodeIgniter->run()
#12 C:\Users\user\Downloads\msienterprise-main\system\Commands\Server\rewrite.php(43): require_once('C:\\Users\\user\\D...')
#13 {main}
CRITICAL - 2023-07-08 00:19:44 --> Undefined variable: rowsession
#0 C:\Users\user\Downloads\msienterprise-main\app\Views\peminjaman\idx13.php(89): CodeIgniter\Debug\Exceptions->errorHandler(8, 'Undefined varia...', 'C:\\Users\\user\\D...', 89, Array)
#1 C:\Users\user\Downloads\msienterprise-main\system\View\View.php(210): include('C:\\Users\\user\\D...')
#2 C:\Users\user\Downloads\msienterprise-main\system\View\View.php(213): CodeIgniter\View\View->CodeIgniter\View\{closure}()
#3 C:\Users\user\Downloads\msienterprise-main\system\Common.php(1089): CodeIgniter\View\View->render('peminjaman/idx1...', Array, true)
#4 C:\Users\user\Downloads\msienterprise-main\app\Controllers\Peminjaman.php(75): view('peminjaman/idx1...', Array)
#5 C:\Users\user\Downloads\msienterprise-main\system\CodeIgniter.php(825): App\Controllers\Peminjaman->index()
#6 C:\Users\user\Downloads\msienterprise-main\system\CodeIgniter.php(412): CodeIgniter\CodeIgniter->runController(Object(App\Controllers\Peminjaman))
#7 C:\Users\user\Downloads\msienterprise-main\system\CodeIgniter.php(320): CodeIgniter\CodeIgniter->handleRequest(NULL, Object(Config\Cache), false)
#8 C:\Users\user\Downloads\msienterprise-main\public\index.php(37): CodeIgniter\CodeIgniter->run()
#9 C:\Users\user\Downloads\msienterprise-main\system\Commands\Server\rewrite.php(43): require_once('C:\\Users\\user\\D...')
#10 {main}
CRITICAL - 2023-07-08 00:19:59 --> Array to string conversion
#0 C:\Users\user\Downloads\msienterprise-main\app\Views\peminjaman\idx13.php(89): CodeIgniter\Debug\Exceptions->errorHandler(8, 'Array to string...', 'C:\\Users\\user\\D...', 89, Array)
#1 C:\Users\user\Downloads\msienterprise-main\system\View\View.php(210): include('C:\\Users\\user\\D...')
#2 C:\Users\user\Downloads\msienterprise-main\system\View\View.php(213): CodeIgniter\View\View->CodeIgniter\View\{closure}()
#3 C:\Users\user\Downloads\msienterprise-main\system\Common.php(1089): CodeIgniter\View\View->render('peminjaman/idx1...', Array, true)
#4 C:\Users\user\Downloads\msienterprise-main\app\Controllers\Peminjaman.php(75): view('peminjaman/idx1...', Array)
#5 C:\Users\user\Downloads\msienterprise-main\system\CodeIgniter.php(825): App\Controllers\Peminjaman->index()
#6 C:\Users\user\Downloads\msienterprise-main\system\CodeIgniter.php(412): CodeIgniter\CodeIgniter->runController(Object(App\Controllers\Peminjaman))
#7 C:\Users\user\Downloads\msienterprise-main\system\CodeIgniter.php(320): CodeIgniter\CodeIgniter->handleRequest(NULL, Object(Config\Cache), false)
#8 C:\Users\user\Downloads\msienterprise-main\public\index.php(37): CodeIgniter\CodeIgniter->run()
#9 C:\Users\user\Downloads\msienterprise-main\system\Commands\Server\rewrite.php(43): require_once('C:\\Users\\user\\D...')
#10 {main}
CRITICAL - 2023-07-08 00:20:10 --> Use of undefined constant session - assumed 'session' (this will throw an Error in a future version of PHP)
#0 C:\Users\user\Downloads\msienterprise-main\app\Views\peminjaman\idx13.php(89): CodeIgniter\Debug\Exceptions->errorHandler(2, 'Use of undefine...', 'C:\\Users\\user\\D...', 89, Array)
#1 C:\Users\user\Downloads\msienterprise-main\system\View\View.php(210): include('C:\\Users\\user\\D...')
#2 C:\Users\user\Downloads\msienterprise-main\system\View\View.php(213): CodeIgniter\View\View->CodeIgniter\View\{closure}()
#3 C:\Users\user\Downloads\msienterprise-main\system\Common.php(1089): CodeIgniter\View\View->render('peminjaman/idx1...', Array, true)
#4 C:\Users\user\Downloads\msienterprise-main\app\Controllers\Peminjaman.php(75): view('peminjaman/idx1...', Array)
#5 C:\Users\user\Downloads\msienterprise-main\system\CodeIgniter.php(825): App\Controllers\Peminjaman->index()
#6 C:\Users\user\Downloads\msienterprise-main\system\CodeIgniter.php(412): CodeIgniter\CodeIgniter->runController(Object(App\Controllers\Peminjaman))
#7 C:\Users\user\Downloads\msienterprise-main\system\CodeIgniter.php(320): CodeIgniter\CodeIgniter->handleRequest(NULL, Object(Config\Cache), false)
#8 C:\Users\user\Downloads\msienterprise-main\public\index.php(37): CodeIgniter\CodeIgniter->run()
#9 C:\Users\user\Downloads\msienterprise-main\system\Commands\Server\rewrite.php(43): require_once('C:\\Users\\user\\D...')
#10 {main}
CRITICAL - 2023-07-08 00:28:44 --> Undefined index: nama
#0 C:\Users\user\Downloads\msienterprise-main\app\Views\pengeluaransarpras\idx15.php(93): CodeIgniter\Debug\Exceptions->errorHandler(8, 'Undefined index...', 'C:\\Users\\user\\D...', 93, Array)
#1 C:\Users\user\Downloads\msienterprise-main\system\View\View.php(210): include('C:\\Users\\user\\D...')
#2 C:\Users\user\Downloads\msienterprise-main\system\View\View.php(213): CodeIgniter\View\View->CodeIgniter\View\{closure}()
#3 C:\Users\user\Downloads\msienterprise-main\system\Common.php(1089): CodeIgniter\View\View->render('pengeluaransarp...', Array, true)
#4 C:\Users\user\Downloads\msienterprise-main\app\Controllers\Pengeluaransarpras.php(72): view('pengeluaransarp...', Array)
#5 C:\Users\user\Downloads\msienterprise-main\system\CodeIgniter.php(825): App\Controllers\Pengeluaransarpras->index()
#6 C:\Users\user\Downloads\msienterprise-main\system\CodeIgniter.php(412): CodeIgniter\CodeIgniter->runController(Object(App\Controllers\Pengeluaransarpras))
#7 C:\Users\user\Downloads\msienterprise-main\system\CodeIgniter.php(320): CodeIgniter\CodeIgniter->handleRequest(NULL, Object(Config\Cache), false)
#8 C:\Users\user\Downloads\msienterprise-main\public\index.php(37): CodeIgniter\CodeIgniter->run()
#9 C:\Users\user\Downloads\msienterprise-main\system\Commands\Server\rewrite.php(43): require_once('C:\\Users\\user\\D...')
#10 {main}
CRITICAL - 2023-07-08 00:33:12 --> Undefined index: id_pegawaiIndana Permai
#0 C:\Users\user\Downloads\msienterprise-main\app\Views\pengeluaransarpras\idx15.php(93): CodeIgniter\Debug\Exceptions->errorHandler(8, 'Undefined index...', 'C:\\Users\\user\\D...', 93, Array)
#1 C:\Users\user\Downloads\msienterprise-main\system\View\View.php(210): include('C:\\Users\\user\\D...')
#2 C:\Users\user\Downloads\msienterprise-main\system\View\View.php(213): CodeIgniter\View\View->CodeIgniter\View\{closure}()
#3 C:\Users\user\Downloads\msienterprise-main\system\Common.php(1089): CodeIgniter\View\View->render('pengeluaransarp...', Array, true)
#4 C:\Users\user\Downloads\msienterprise-main\app\Controllers\Pengeluaransarpras.php(72): view('pengeluaransarp...', Array)
#5 C:\Users\user\Downloads\msienterprise-main\system\CodeIgniter.php(825): App\Controllers\Pengeluaransarpras->index()
#6 C:\Users\user\Downloads\msienterprise-main\system\CodeIgniter.php(412): CodeIgniter\CodeIgniter->runController(Object(App\Controllers\Pengeluaransarpras))
#7 C:\Users\user\Downloads\msienterprise-main\system\CodeIgniter.php(320): CodeIgniter\CodeIgniter->handleRequest(NULL, Object(Config\Cache), false)
#8 C:\Users\user\Downloads\msienterprise-main\public\index.php(37): CodeIgniter\CodeIgniter->run()
#9 C:\Users\user\Downloads\msienterprise-main\system\Commands\Server\rewrite.php(43): require_once('C:\\Users\\user\\D...')
#10 {main}
CRITICAL - 2023-07-08 00:38:10 --> Undefined index: id_pegawai.nama
#0 C:\Users\user\Downloads\msienterprise-main\app\Views\peminjaman\idx13.php(89): CodeIgniter\Debug\Exceptions->errorHandler(8, 'Undefined index...', 'C:\\Users\\user\\D...', 89, Array)
#1 C:\Users\user\Downloads\msienterprise-main\system\View\View.php(210): include('C:\\Users\\user\\D...')
#2 C:\Users\user\Downloads\msienterprise-main\system\View\View.php(213): CodeIgniter\View\View->CodeIgniter\View\{closure}()
#3 C:\Users\user\Downloads\msienterprise-main\system\Common.php(1089): CodeIgniter\View\View->render('peminjaman/idx1...', Array, true)
#4 C:\Users\user\Downloads\msienterprise-main\app\Controllers\Peminjaman.php(75): view('peminjaman/idx1...', Array)
#5 C:\Users\user\Downloads\msienterprise-main\system\CodeIgniter.php(825): App\Controllers\Peminjaman->index()
#6 C:\Users\user\Downloads\msienterprise-main\system\CodeIgniter.php(412): CodeIgniter\CodeIgniter->runController(Object(App\Controllers\Peminjaman))
#7 C:\Users\user\Downloads\msienterprise-main\system\CodeIgniter.php(320): CodeIgniter\CodeIgniter->handleRequest(NULL, Object(Config\Cache), false)
#8 C:\Users\user\Downloads\msienterprise-main\public\index.php(37): CodeIgniter\CodeIgniter->run()
#9 C:\Users\user\Downloads\msienterprise-main\system\Commands\Server\rewrite.php(43): require_once('C:\\Users\\user\\D...')
#10 {main}
CRITICAL - 2023-07-08 00:38:22 --> Undefined index: id_pegawainama
#0 C:\Users\user\Downloads\msienterprise-main\app\Views\peminjaman\idx13.php(89): CodeIgniter\Debug\Exceptions->errorHandler(8, 'Undefined index...', 'C:\\Users\\user\\D...', 89, Array)
#1 C:\Users\user\Downloads\msienterprise-main\system\View\View.php(210): include('C:\\Users\\user\\D...')
#2 C:\Users\user\Downloads\msienterprise-main\system\View\View.php(213): CodeIgniter\View\View->CodeIgniter\View\{closure}()
#3 C:\Users\user\Downloads\msienterprise-main\system\Common.php(1089): CodeIgniter\View\View->render('peminjaman/idx1...', Array, true)
#4 C:\Users\user\Downloads\msienterprise-main\app\Controllers\Peminjaman.php(75): view('peminjaman/idx1...', Array)
#5 C:\Users\user\Downloads\msienterprise-main\system\CodeIgniter.php(825): App\Controllers\Peminjaman->index()
#6 C:\Users\user\Downloads\msienterprise-main\system\CodeIgniter.php(412): CodeIgniter\CodeIgniter->runController(Object(App\Controllers\Peminjaman))
#7 C:\Users\user\Downloads\msienterprise-main\system\CodeIgniter.php(320): CodeIgniter\CodeIgniter->handleRequest(NULL, Object(Config\Cache), false)
#8 C:\Users\user\Downloads\msienterprise-main\public\index.php(37): CodeIgniter\CodeIgniter->run()
#9 C:\Users\user\Downloads\msienterprise-main\system\Commands\Server\rewrite.php(43): require_once('C:\\Users\\user\\D...')
#10 {main}
CRITICAL - 2023-07-08 00:38:37 --> Undefined index: nama
#0 C:\Users\user\Downloads\msienterprise-main\app\Views\peminjaman\idx13.php(89): CodeIgniter\Debug\Exceptions->errorHandler(8, 'Undefined index...', 'C:\\Users\\user\\D...', 89, Array)
#1 C:\Users\user\Downloads\msienterprise-main\system\View\View.php(210): include('C:\\Users\\user\\D...')
#2 C:\Users\user\Downloads\msienterprise-main\system\View\View.php(213): CodeIgniter\View\View->CodeIgniter\View\{closure}()
#3 C:\Users\user\Downloads\msienterprise-main\system\Common.php(1089): CodeIgniter\View\View->render('peminjaman/idx1...', Array, true)
#4 C:\Users\user\Downloads\msienterprise-main\app\Controllers\Peminjaman.php(75): view('peminjaman/idx1...', Array)
#5 C:\Users\user\Downloads\msienterprise-main\system\CodeIgniter.php(825): App\Controllers\Peminjaman->index()
#6 C:\Users\user\Downloads\msienterprise-main\system\CodeIgniter.php(412): CodeIgniter\CodeIgniter->runController(Object(App\Controllers\Peminjaman))
#7 C:\Users\user\Downloads\msienterprise-main\system\CodeIgniter.php(320): CodeIgniter\CodeIgniter->handleRequest(NULL, Object(Config\Cache), false)
#8 C:\Users\user\Downloads\msienterprise-main\public\index.php(37): CodeIgniter\CodeIgniter->run()
#9 C:\Users\user\Downloads\msienterprise-main\system\Commands\Server\rewrite.php(43): require_once('C:\\Users\\user\\D...')
#10 {main}
CRITICAL - 2023-07-08 00:38:46 --> Undefined variable: get
#0 C:\Users\user\Downloads\msienterprise-main\app\Views\peminjaman\idx13.php(89): CodeIgniter\Debug\Exceptions->errorHandler(8, 'Undefined varia...', 'C:\\Users\\user\\D...', 89, Array)
#1 C:\Users\user\Downloads\msienterprise-main\system\View\View.php(210): include('C:\\Users\\user\\D...')
#2 C:\Users\user\Downloads\msienterprise-main\system\View\View.php(213): CodeIgniter\View\View->CodeIgniter\View\{closure}()
#3 C:\Users\user\Downloads\msienterprise-main\system\Common.php(1089): CodeIgniter\View\View->render('peminjaman/idx1...', Array, true)
#4 C:\Users\user\Downloads\msienterprise-main\app\Controllers\Peminjaman.php(75): view('peminjaman/idx1...', Array)
#5 C:\Users\user\Downloads\msienterprise-main\system\CodeIgniter.php(825): App\Controllers\Peminjaman->index()
#6 C:\Users\user\Downloads\msienterprise-main\system\CodeIgniter.php(412): CodeIgniter\CodeIgniter->runController(Object(App\Controllers\Peminjaman))
#7 C:\Users\user\Downloads\msienterprise-main\system\CodeIgniter.php(320): CodeIgniter\CodeIgniter->handleRequest(NULL, Object(Config\Cache), false)
#8 C:\Users\user\Downloads\msienterprise-main\public\index.php(37): CodeIgniter\CodeIgniter->run()
#9 C:\Users\user\Downloads\msienterprise-main\system\Commands\Server\rewrite.php(43): require_once('C:\\Users\\user\\D...')
#10 {main}
ERROR - 2023-07-08 00:41:25 --> Column 'id_pegawai' cannot be null
CRITICAL - 2023-07-08 00:41:25 --> Column 'id_pegawai' cannot be null
#0 C:\Users\user\Downloads\msienterprise-main\system\Database\MySQLi\Connection.php(292): mysqli->query('INSERT INTO `pe...', 0)
#1 C:\Users\user\Downloads\msienterprise-main\system\Database\BaseConnection.php(670): CodeIgniter\Database\MySQLi\Connection->execute('INSERT INTO `pe...')
#2 C:\Users\user\Downloads\msienterprise-main\system\Database\BaseConnection.php(598): CodeIgniter\Database\BaseConnection->simpleQuery('INSERT INTO `pe...')
#3 C:\Users\user\Downloads\msienterprise-main\system\Database\BaseBuilder.php(1771): CodeIgniter\Database\BaseConnection->query('INSERT INTO `pe...', Array, false)
#4 C:\Users\user\Downloads\msienterprise-main\app\Models\Pengeluaransarpras_model.php(21): CodeIgniter\Database\BaseBuilder->insert(Array)
#5 C:\Users\user\Downloads\msienterprise-main\app\Controllers\Pengeluaransarpras.php(105): App\Models\Pengeluaransarpras_model->insertCategory(Array)
#6 C:\Users\user\Downloads\msienterprise-main\system\CodeIgniter.php(825): App\Controllers\Pengeluaransarpras->store15()
#7 C:\Users\user\Downloads\msienterprise-main\system\CodeIgniter.php(412): CodeIgniter\CodeIgniter->runController(Object(App\Controllers\Pengeluaransarpras))
#8 C:\Users\user\Downloads\msienterprise-main\system\CodeIgniter.php(320): CodeIgniter\CodeIgniter->handleRequest(NULL, Object(Config\Cache), false)
#9 C:\Users\user\Downloads\msienterprise-main\public\index.php(37): CodeIgniter\CodeIgniter->run()
#10 C:\Users\user\Downloads\msienterprise-main\system\Commands\Server\rewrite.php(43): require_once('C:\\Users\\user\\D...')
#11 {main}
CRITICAL - 2023-07-08 00:53:31 --> Undefined variable: spp
#0 C:\Users\user\Downloads\msienterprise-main\app\Views\datanilai\printout_nilai.php(43): CodeIgniter\Debug\Exceptions->errorHandler(8, 'Undefined varia...', 'C:\\Users\\user\\D...', 43, Array)
#1 C:\Users\user\Downloads\msienterprise-main\system\View\View.php(210): include('C:\\Users\\user\\D...')
#2 C:\Users\user\Downloads\msienterprise-main\system\View\View.php(213): CodeIgniter\View\View->CodeIgniter\View\{closure}()
#3 C:\Users\user\Downloads\msienterprise-main\system\Common.php(1089): CodeIgniter\View\View->render('datanilai/print...', Array, true)
#4 C:\Users\user\Downloads\msienterprise-main\app\Controllers\Datanilai.php(207): view('datanilai/print...', Array)
#5 C:\Users\user\Downloads\msienterprise-main\system\CodeIgniter.php(825): App\Controllers\Datanilai->printout('12')
#6 C:\Users\user\Downloads\msienterprise-main\system\CodeIgniter.php(412): CodeIgniter\CodeIgniter->runController(Object(App\Controllers\Datanilai))
#7 C:\Users\user\Downloads\msienterprise-main\system\CodeIgniter.php(320): CodeIgniter\CodeIgniter->handleRequest(NULL, Object(Config\Cache), false)
#8 C:\Users\user\Downloads\msienterprise-main\public\index.php(37): CodeIgniter\CodeIgniter->run()
#9 C:\Users\user\Downloads\msienterprise-main\system\Commands\Server\rewrite.php(43): require_once('C:\\Users\\user\\D...')
#10 {main}
CRITICAL - 2023-07-08 02:38:56 --> Trait 'App\Controllers\Mpdf\Mpdf' not found
#0 [internal function]: CodeIgniter\Debug\Exceptions->shutdownHandler()
#1 {main}
CRITICAL - 2023-07-08 02:43:39 --> Cannot use object of type mysqli as array
#0 C:\Users\user\Downloads\msienterprise-main\system\View\View.php(210): include()
#1 C:\Users\user\Downloads\msienterprise-main\system\View\View.php(213): CodeIgniter\View\View->CodeIgniter\View\{closure}()
#2 C:\Users\user\Downloads\msienterprise-main\system\Common.php(1089): CodeIgniter\View\View->render('datanilai/print...', Array, true)
#3 C:\Users\user\Downloads\msienterprise-main\app\Controllers\Datanilai.php(207): view('datanilai/print...', Array)
#4 C:\Users\user\Downloads\msienterprise-main\system\CodeIgniter.php(825): App\Controllers\Datanilai->printout('12')
#5 C:\Users\user\Downloads\msienterprise-main\system\CodeIgniter.php(412): CodeIgniter\CodeIgniter->runController(Object(App\Controllers\Datanilai))
#6 C:\Users\user\Downloads\msienterprise-main\system\CodeIgniter.php(320): CodeIgniter\CodeIgniter->handleRequest(NULL, Object(Config\Cache), false)
#7 C:\Users\user\Downloads\msienterprise-main\public\index.php(37): CodeIgniter\CodeIgniter->run()
#8 C:\Users\user\Downloads\msienterprise-main\system\Commands\Server\rewrite.php(43): require_once('C:\\Users\\user\\D...')
#9 {main}
ERROR - 2023-07-08 03:07:47 --> Can't update table 'pengajuan_hasil' in stored function/trigger because it is already used by statement which invoked this stored function/trigger
CRITICAL - 2023-07-08 03:07:47 --> Can't update table 'pengajuan_hasil' in stored function/trigger because it is already used by statement which invoked this stored function/trigger
#0 C:\Users\user\Downloads\msienterprise-main\system\Database\MySQLi\Connection.php(292): mysqli->query('INSERT INTO `pe...', 0)
#1 C:\Users\user\Downloads\msienterprise-main\system\Database\BaseConnection.php(670): CodeIgniter\Database\MySQLi\Connection->execute('INSERT INTO `pe...')
#2 C:\Users\user\Downloads\msienterprise-main\system\Database\BaseConnection.php(598): CodeIgniter\Database\BaseConnection->simpleQuery('INSERT INTO `pe...')
#3 C:\Users\user\Downloads\msienterprise-main\system\Database\BaseBuilder.php(1771): CodeIgniter\Database\BaseConnection->query('INSERT INTO `pe...', Array, false)
#4 C:\Users\user\Downloads\msienterprise-main\app\Models\Pengajuanhasil_model.php(22): CodeIgniter\Database\BaseBuilder->insert(Array)
#5 C:\Users\user\Downloads\msienterprise-main\app\Controllers\Pengajuanhasil.php(83): App\Models\Pengajuanhasil_model->insertCategory(Array)
#6 C:\Users\user\Downloads\msienterprise-main\system\CodeIgniter.php(825): App\Controllers\Pengajuanhasil->store24()
#7 C:\Users\user\Downloads\msienterprise-main\system\CodeIgniter.php(412): CodeIgniter\CodeIgniter->runController(Object(App\Controllers\Pengajuanhasil))
#8 C:\Users\user\Downloads\msienterprise-main\system\CodeIgniter.php(320): CodeIgniter\CodeIgniter->handleRequest(NULL, Object(Config\Cache), false)
#9 C:\Users\user\Downloads\msienterprise-main\public\index.php(37): CodeIgniter\CodeIgniter->run()
#10 C:\Users\user\Downloads\msienterprise-main\system\Commands\Server\rewrite.php(43): require_once('C:\\Users\\user\\D...')
#11 {main}
ERROR - 2023-07-08 03:10:34 --> Can't update table 'pengajuan_hasil' in stored function/trigger because it is already used by statement which invoked this stored function/trigger
CRITICAL - 2023-07-08 03:10:34 --> Can't update table 'pengajuan_hasil' in stored function/trigger because it is already used by statement which invoked this stored function/trigger
#0 C:\Users\user\Downloads\msienterprise-main\system\Database\MySQLi\Connection.php(292): mysqli->query('INSERT INTO `pe...', 0)
#1 C:\Users\user\Downloads\msienterprise-main\system\Database\BaseConnection.php(670): CodeIgniter\Database\MySQLi\Connection->execute('INSERT INTO `pe...')
#2 C:\Users\user\Downloads\msienterprise-main\system\Database\BaseConnection.php(598): CodeIgniter\Database\BaseConnection->simpleQuery('INSERT INTO `pe...')
#3 C:\Users\user\Downloads\msienterprise-main\system\Database\BaseBuilder.php(1771): CodeIgniter\Database\BaseConnection->query('INSERT INTO `pe...', Array, false)
#4 C:\Users\user\Downloads\msienterprise-main\app\Models\Pengajuanhasil_model.php(22): CodeIgniter\Database\BaseBuilder->insert(Array)
#5 C:\Users\user\Downloads\msienterprise-main\app\Controllers\Pengajuanhasil.php(83): App\Models\Pengajuanhasil_model->insertCategory(Array)
#6 C:\Users\user\Downloads\msienterprise-main\system\CodeIgniter.php(825): App\Controllers\Pengajuanhasil->store24()
#7 C:\Users\user\Downloads\msienterprise-main\system\CodeIgniter.php(412): CodeIgniter\CodeIgniter->runController(Object(App\Controllers\Pengajuanhasil))
#8 C:\Users\user\Downloads\msienterprise-main\system\CodeIgniter.php(320): CodeIgniter\CodeIgniter->handleRequest(NULL, Object(Config\Cache), false)
#9 C:\Users\user\Downloads\msienterprise-main\public\index.php(37): CodeIgniter\CodeIgniter->run()
#10 C:\Users\user\Downloads\msienterprise-main\system\Commands\Server\rewrite.php(43): require_once('C:\\Users\\user\\D...')
#11 {main}
ERROR - 2023-07-08 03:17:48 --> Can't update table 'pengajuan_hasil' in stored function/trigger because it is already used by statement which invoked this stored function/trigger
CRITICAL - 2023-07-08 03:17:48 --> Can't update table 'pengajuan_hasil' in stored function/trigger because it is already used by statement which invoked this stored function/trigger
#0 C:\Users\user\Downloads\msienterprise-main\system\Database\MySQLi\Connection.php(292): mysqli->query('INSERT INTO `pe...', 0)
#1 C:\Users\user\Downloads\msienterprise-main\system\Database\BaseConnection.php(670): CodeIgniter\Database\MySQLi\Connection->execute('INSERT INTO `pe...')
#2 C:\Users\user\Downloads\msienterprise-main\system\Database\BaseConnection.php(598): CodeIgniter\Database\BaseConnection->simpleQuery('INSERT INTO `pe...')
#3 C:\Users\user\Downloads\msienterprise-main\system\Database\BaseBuilder.php(1771): CodeIgniter\Database\BaseConnection->query('INSERT INTO `pe...', Array, false)
#4 C:\Users\user\Downloads\msienterprise-main\app\Models\Pengajuanhasil_model.php(22): CodeIgniter\Database\BaseBuilder->insert(Array)
#5 C:\Users\user\Downloads\msienterprise-main\app\Controllers\Pengajuanhasil.php(83): App\Models\Pengajuanhasil_model->insertCategory(Array)
#6 C:\Users\user\Downloads\msienterprise-main\system\CodeIgniter.php(825): App\Controllers\Pengajuanhasil->store24()
#7 C:\Users\user\Downloads\msienterprise-main\system\CodeIgniter.php(412): CodeIgniter\CodeIgniter->runController(Object(App\Controllers\Pengajuanhasil))
#8 C:\Users\user\Downloads\msienterprise-main\system\CodeIgniter.php(320): CodeIgniter\CodeIgniter->handleRequest(NULL, Object(Config\Cache), false)
#9 C:\Users\user\Downloads\msienterprise-main\public\index.php(37): CodeIgniter\CodeIgniter->run()
#10 C:\Users\user\Downloads\msienterprise-main\system\Commands\Server\rewrite.php(43): require_once('C:\\Users\\user\\D...')
#11 {main}
ERROR - 2023-07-08 03:18:27 --> Can't update table 'pengajuan_hasil' in stored function/trigger because it is already used by statement which invoked this stored function/trigger
CRITICAL - 2023-07-08 03:18:27 --> Can't update table 'pengajuan_hasil' in stored function/trigger because it is already used by statement which invoked this stored function/trigger
#0 C:\Users\user\Downloads\msienterprise-main\system\Database\MySQLi\Connection.php(292): mysqli->query('INSERT INTO `pe...', 0)
#1 C:\Users\user\Downloads\msienterprise-main\system\Database\BaseConnection.php(670): CodeIgniter\Database\MySQLi\Connection->execute('INSERT INTO `pe...')
#2 C:\Users\user\Downloads\msienterprise-main\system\Database\BaseConnection.php(598): CodeIgniter\Database\BaseConnection->simpleQuery('INSERT INTO `pe...')
#3 C:\Users\user\Downloads\msienterprise-main\system\Database\BaseBuilder.php(1771): CodeIgniter\Database\BaseConnection->query('INSERT INTO `pe...', Array, false)
#4 C:\Users\user\Downloads\msienterprise-main\app\Models\Pengajuanhasil_model.php(22): CodeIgniter\Database\BaseBuilder->insert(Array)
#5 C:\Users\user\Downloads\msienterprise-main\app\Controllers\Pengajuanhasil.php(83): App\Models\Pengajuanhasil_model->insertCategory(Array)
#6 C:\Users\user\Downloads\msienterprise-main\system\CodeIgniter.php(825): App\Controllers\Pengajuanhasil->store24()
#7 C:\Users\user\Downloads\msienterprise-main\system\CodeIgniter.php(412): CodeIgniter\CodeIgniter->runController(Object(App\Controllers\Pengajuanhasil))
#8 C:\Users\user\Downloads\msienterprise-main\system\CodeIgniter.php(320): CodeIgniter\CodeIgniter->handleRequest(NULL, Object(Config\Cache), false)
#9 C:\Users\user\Downloads\msienterprise-main\public\index.php(37): CodeIgniter\CodeIgniter->run()
#10 C:\Users\user\Downloads\msienterprise-main\system\Commands\Server\rewrite.php(43): require_once('C:\\Users\\user\\D...')
#11 {main}
ERROR - 2023-07-08 03:40:44 --> Can't update table 'pengajuan_hasil' in stored function/trigger because it is already used by statement which invoked this stored function/trigger
CRITICAL - 2023-07-08 03:40:44 --> Can't update table 'pengajuan_hasil' in stored function/trigger because it is already used by statement which invoked this stored function/trigger
#0 C:\Users\user\Downloads\msienterprise-main\system\Database\MySQLi\Connection.php(292): mysqli->query('INSERT INTO `pe...', 0)
#1 C:\Users\user\Downloads\msienterprise-main\system\Database\BaseConnection.php(670): CodeIgniter\Database\MySQLi\Connection->execute('INSERT INTO `pe...')
#2 C:\Users\user\Downloads\msienterprise-main\system\Database\BaseConnection.php(598): CodeIgniter\Database\BaseConnection->simpleQuery('INSERT INTO `pe...')
#3 C:\Users\user\Downloads\msienterprise-main\system\Database\BaseBuilder.php(1771): CodeIgniter\Database\BaseConnection->query('INSERT INTO `pe...', Array, false)
#4 C:\Users\user\Downloads\msienterprise-main\app\Models\Pengajuanhasil_model.php(22): CodeIgniter\Database\BaseBuilder->insert(Array)
#5 C:\Users\user\Downloads\msienterprise-main\app\Controllers\Pengajuanhasil.php(83): App\Models\Pengajuanhasil_model->insertCategory(Array)
#6 C:\Users\user\Downloads\msienterprise-main\system\CodeIgniter.php(825): App\Controllers\Pengajuanhasil->store24()
#7 C:\Users\user\Downloads\msienterprise-main\system\CodeIgniter.php(412): CodeIgniter\CodeIgniter->runController(Object(App\Controllers\Pengajuanhasil))
#8 C:\Users\user\Downloads\msienterprise-main\system\CodeIgniter.php(320): CodeIgniter\CodeIgniter->handleRequest(NULL, Object(Config\Cache), false)
#9 C:\Users\user\Downloads\msienterprise-main\public\index.php(37): CodeIgniter\CodeIgniter->run()
#10 C:\Users\user\Downloads\msienterprise-main\system\Commands\Server\rewrite.php(43): require_once('C:\\Users\\user\\D...')
#11 {main}
ERROR - 2023-07-08 03:51:56 --> Unknown column 'nilai' in 'field list'
CRITICAL - 2023-07-08 03:51:56 --> Unknown column 'nilai' in 'field list'
#0 C:\Users\user\Downloads\msienterprise-main\system\Database\MySQLi\Connection.php(292): mysqli->query('INSERT INTO `ni...', 0)
#1 C:\Users\user\Downloads\msienterprise-main\system\Database\BaseConnection.php(670): CodeIgniter\Database\MySQLi\Connection->execute('INSERT INTO `ni...')
#2 C:\Users\user\Downloads\msienterprise-main\system\Database\BaseConnection.php(598): CodeIgniter\Database\BaseConnection->simpleQuery('INSERT INTO `ni...')
#3 C:\Users\user\Downloads\msienterprise-main\system\Database\BaseBuilder.php(1771): CodeIgniter\Database\BaseConnection->query('INSERT INTO `ni...', Array, false)
#4 C:\Users\user\Downloads\msienterprise-main\app\Models\Datanilai_model.php(25): CodeIgniter\Database\BaseBuilder->insert(Array)
#5 C:\Users\user\Downloads\msienterprise-main\app\Controllers\Datanilai.php(115): App\Models\Datanilai_model->insertCategory(Array)
#6 C:\Users\user\Downloads\msienterprise-main\system\CodeIgniter.php(825): App\Controllers\Datanilai->store8()
#7 C:\Users\user\Downloads\msienterprise-main\system\CodeIgniter.php(412): CodeIgniter\CodeIgniter->runController(Object(App\Controllers\Datanilai))
#8 C:\Users\user\Downloads\msienterprise-main\system\CodeIgniter.php(320): CodeIgniter\CodeIgniter->handleRequest(NULL, Object(Config\Cache), false)
#9 C:\Users\user\Downloads\msienterprise-main\public\index.php(37): CodeIgniter\CodeIgniter->run()
#10 C:\Users\user\Downloads\msienterprise-main\system\Commands\Server\rewrite.php(43): require_once('C:\\Users\\user\\D...')
#11 {main}
ERROR - 2023-07-08 03:56:11 --> Can't update table 'pengajuan_hasil' in stored function/trigger because it is already used by statement which invoked this stored function/trigger
CRITICAL - 2023-07-08 03:56:11 --> Can't update table 'pengajuan_hasil' in stored function/trigger because it is already used by statement which invoked this stored function/trigger
#0 C:\Users\user\Downloads\msienterprise-main\system\Database\MySQLi\Connection.php(292): mysqli->query('INSERT INTO `ni...', 0)
#1 C:\Users\user\Downloads\msienterprise-main\system\Database\BaseConnection.php(670): CodeIgniter\Database\MySQLi\Connection->execute('INSERT INTO `ni...')
#2 C:\Users\user\Downloads\msienterprise-main\system\Database\BaseConnection.php(598): CodeIgniter\Database\BaseConnection->simpleQuery('INSERT INTO `ni...')
#3 C:\Users\user\Downloads\msienterprise-main\system\Database\BaseBuilder.php(1771): CodeIgniter\Database\BaseConnection->query('INSERT INTO `ni...', Array, false)
#4 C:\Users\user\Downloads\msienterprise-main\app\Models\Datanilai_model.php(25): CodeIgniter\Database\BaseBuilder->insert(Array)
#5 C:\Users\user\Downloads\msienterprise-main\app\Controllers\Datanilai.php(115): App\Models\Datanilai_model->insertCategory(Array)
#6 C:\Users\user\Downloads\msienterprise-main\system\CodeIgniter.php(825): App\Controllers\Datanilai->store8()
#7 C:\Users\user\Downloads\msienterprise-main\system\CodeIgniter.php(412): CodeIgniter\CodeIgniter->runController(Object(App\Controllers\Datanilai))
#8 C:\Users\user\Downloads\msienterprise-main\system\CodeIgniter.php(320): CodeIgniter\CodeIgniter->handleRequest(NULL, Object(Config\Cache), false)
#9 C:\Users\user\Downloads\msienterprise-main\public\index.php(37): CodeIgniter\CodeIgniter->run()
#10 C:\Users\user\Downloads\msienterprise-main\system\Commands\Server\rewrite.php(43): require_once('C:\\Users\\user\\D...')
#11 {main}
CRITICAL - 2023-07-08 04:09:27 --> Invalid file: pengajuanhasil/printout_nilai.php
#0 C:\Users\user\Downloads\msienterprise-main\system\View\View.php(198): CodeIgniter\Exceptions\FrameworkException::forInvalidFile('pengajuanhasil/...')
#1 C:\Users\user\Downloads\msienterprise-main\system\Common.php(1089): CodeIgniter\View\View->render('pengajuanhasil/...', Array, true)
#2 C:\Users\user\Downloads\msienterprise-main\app\Controllers\Pengajuanhasil.php(171): view('pengajuanhasil/...', Array)
#3 C:\Users\user\Downloads\msienterprise-main\system\CodeIgniter.php(825): App\Controllers\Pengajuanhasil->printout_nilai('25')
#4 C:\Users\user\Downloads\msienterprise-main\system\CodeIgniter.php(412): CodeIgniter\CodeIgniter->runController(Object(App\Controllers\Pengajuanhasil))
#5 C:\Users\user\Downloads\msienterprise-main\system\CodeIgniter.php(320): CodeIgniter\CodeIgniter->handleRequest(NULL, Object(Config\Cache), false)
#6 C:\Users\user\Downloads\msienterprise-main\public\index.php(37): CodeIgniter\CodeIgniter->run()
#7 C:\Users\user\Downloads\msienterprise-main\system\Commands\Server\rewrite.php(43): require_once('C:\\Users\\user\\D...')
#8 {main}
ERROR - 2023-07-08 05:06:46 --> Invalid use of group function
CRITICAL - 2023-07-08 05:06:46 --> Invalid use of group function
#0 C:\Users\user\Downloads\msienterprise-main\system\Database\MySQLi\Connection.php(292): mysqli->query('INSERT INTO `ni...', 0)
#1 C:\Users\user\Downloads\msienterprise-main\system\Database\BaseConnection.php(670): CodeIgniter\Database\MySQLi\Connection->execute('INSERT INTO `ni...')
#2 C:\Users\user\Downloads\msienterprise-main\system\Database\BaseConnection.php(598): CodeIgniter\Database\BaseConnection->simpleQuery('INSERT INTO `ni...')
#3 C:\Users\user\Downloads\msienterprise-main\system\Database\BaseBuilder.php(1771): CodeIgniter\Database\BaseConnection->query('INSERT INTO `ni...', Array, false)
#4 C:\Users\user\Downloads\msienterprise-main\app\Models\Datanilai_model.php(25): CodeIgniter\Database\BaseBuilder->insert(Array)
#5 C:\Users\user\Downloads\msienterprise-main\app\Controllers\Datanilai.php(115): App\Models\Datanilai_model->insertCategory(Array)
#6 C:\Users\user\Downloads\msienterprise-main\system\CodeIgniter.php(825): App\Controllers\Datanilai->store8()
#7 C:\Users\user\Downloads\msienterprise-main\system\CodeIgniter.php(412): CodeIgniter\CodeIgniter->runController(Object(App\Controllers\Datanilai))
#8 C:\Users\user\Downloads\msienterprise-main\system\CodeIgniter.php(320): CodeIgniter\CodeIgniter->handleRequest(NULL, Object(Config\Cache), false)
#9 C:\Users\user\Downloads\msienterprise-main\public\index.php(37): CodeIgniter\CodeIgniter->run()
#10 C:\Users\user\Downloads\msienterprise-main\system\Commands\Server\rewrite.php(43): require_once('C:\\Users\\user\\D...')
#11 {main}
ERROR - 2023-07-08 05:07:07 --> Invalid use of group function
CRITICAL - 2023-07-08 05:07:07 --> Invalid use of group function
#0 C:\Users\user\Downloads\msienterprise-main\system\Database\MySQLi\Connection.php(292): mysqli->query('INSERT INTO `ni...', 0)
#1 C:\Users\user\Downloads\msienterprise-main\system\Database\BaseConnection.php(670): CodeIgniter\Database\MySQLi\Connection->execute('INSERT INTO `ni...')
#2 C:\Users\user\Downloads\msienterprise-main\system\Database\BaseConnection.php(598): CodeIgniter\Database\BaseConnection->simpleQuery('INSERT INTO `ni...')
#3 C:\Users\user\Downloads\msienterprise-main\system\Database\BaseBuilder.php(1771): CodeIgniter\Database\BaseConnection->query('INSERT INTO `ni...', Array, false)
#4 C:\Users\user\Downloads\msienterprise-main\app\Models\Datanilai_model.php(25): CodeIgniter\Database\BaseBuilder->insert(Array)
#5 C:\Users\user\Downloads\msienterprise-main\app\Controllers\Datanilai.php(115): App\Models\Datanilai_model->insertCategory(Array)
#6 C:\Users\user\Downloads\msienterprise-main\system\CodeIgniter.php(825): App\Controllers\Datanilai->store8()
#7 C:\Users\user\Downloads\msienterprise-main\system\CodeIgniter.php(412): CodeIgniter\CodeIgniter->runController(Object(App\Controllers\Datanilai))
#8 C:\Users\user\Downloads\msienterprise-main\system\CodeIgniter.php(320): CodeIgniter\CodeIgniter->handleRequest(NULL, Object(Config\Cache), false)
#9 C:\Users\user\Downloads\msienterprise-main\public\index.php(37): CodeIgniter\CodeIgniter->run()
#10 C:\Users\user\Downloads\msienterprise-main\system\Commands\Server\rewrite.php(43): require_once('C:\\Users\\user\\D...')
#11 {main}
ERROR - 2023-07-08 05:07:26 --> Invalid use of group function
CRITICAL - 2023-07-08 05:07:26 --> Invalid use of group function
#0 C:\Users\user\Downloads\msienterprise-main\system\Database\MySQLi\Connection.php(292): mysqli->query('INSERT INTO `ni...', 0)
#1 C:\Users\user\Downloads\msienterprise-main\system\Database\BaseConnection.php(670): CodeIgniter\Database\MySQLi\Connection->execute('INSERT INTO `ni...')
#2 C:\Users\user\Downloads\msienterprise-main\system\Database\BaseConnection.php(598): CodeIgniter\Database\BaseConnection->simpleQuery('INSERT INTO `ni...')
#3 C:\Users\user\Downloads\msienterprise-main\system\Database\BaseBuilder.php(1771): CodeIgniter\Database\BaseConnection->query('INSERT INTO `ni...', Array, false)
#4 C:\Users\user\Downloads\msienterprise-main\app\Models\Datanilai_model.php(25): CodeIgniter\Database\BaseBuilder->insert(Array)
#5 C:\Users\user\Downloads\msienterprise-main\app\Controllers\Datanilai.php(115): App\Models\Datanilai_model->insertCategory(Array)
#6 C:\Users\user\Downloads\msienterprise-main\system\CodeIgniter.php(825): App\Controllers\Datanilai->store8()
#7 C:\Users\user\Downloads\msienterprise-main\system\CodeIgniter.php(412): CodeIgniter\CodeIgniter->runController(Object(App\Controllers\Datanilai))
#8 C:\Users\user\Downloads\msienterprise-main\system\CodeIgniter.php(320): CodeIgniter\CodeIgniter->handleRequest(NULL, Object(Config\Cache), false)
#9 C:\Users\user\Downloads\msienterprise-main\public\index.php(37): CodeIgniter\CodeIgniter->run()
#10 C:\Users\user\Downloads\msienterprise-main\system\Commands\Server\rewrite.php(43): require_once('C:\\Users\\user\\D...')
#11 {main}
CRITICAL - 2023-07-08 05:32:56 --> Too few arguments to function App\Controllers\Guruprofil::edit14(), 0 passed in C:\Users\user\Downloads\msienterprise-main\system\CodeIgniter.php on line 825 and exactly 1 expected
#0 C:\Users\user\Downloads\msienterprise-main\system\CodeIgniter.php(825): App\Controllers\Guruprofil->edit14()
#1 C:\Users\user\Downloads\msienterprise-main\system\CodeIgniter.php(412): CodeIgniter\CodeIgniter->runController(Object(App\Controllers\Guruprofil))
#2 C:\Users\user\Downloads\msienterprise-main\system\CodeIgniter.php(320): CodeIgniter\CodeIgniter->handleRequest(NULL, Object(Config\Cache), false)
#3 C:\Users\user\Downloads\msienterprise-main\public\index.php(37): CodeIgniter\CodeIgniter->run()
#4 C:\Users\user\Downloads\msienterprise-main\system\Commands\Server\rewrite.php(43): require_once('C:\\Users\\user\\D...')
#5 {main}
ERROR - 2023-07-08 05:54:33 --> Cannot delete or update a parent row: a foreign key constraint fails (`db_msi_sugihwaras_rev`.`spp`, CONSTRAINT `spp_ibfk_1` FOREIGN KEY (`nis`) REFERENCES `emis` (`nis`))
CRITICAL - 2023-07-08 05:54:33 --> Cannot delete or update a parent row: a foreign key constraint fails (`db_msi_sugihwaras_rev`.`spp`, CONSTRAINT `spp_ibfk_1` FOREIGN KEY (`nis`) REFERENCES `emis` (`nis`))
#0 C:\Users\user\Downloads\msienterprise-main\system\Database\MySQLi\Connection.php(292): mysqli->query('DELETE FROM `em...', 0)
#1 C:\Users\user\Downloads\msienterprise-main\system\Database\BaseConnection.php(670): CodeIgniter\Database\MySQLi\Connection->execute('DELETE FROM `em...')
#2 C:\Users\user\Downloads\msienterprise-main\system\Database\BaseConnection.php(598): CodeIgniter\Database\BaseConnection->simpleQuery('DELETE FROM `em...')
#3 C:\Users\user\Downloads\msienterprise-main\system\Database\BaseBuilder.php(2225): CodeIgniter\Database\BaseConnection->query('DELETE FROM `em...', Array, false)
#4 C:\Users\user\Downloads\msienterprise-main\app\Models\Emis_model.php(55): CodeIgniter\Database\BaseBuilder->delete(Array)
#5 C:\Users\user\Downloads\msienterprise-main\app\Controllers\Emis.php(179): App\Models\Emis_model->deleteCategory('97483')
#6 C:\Users\user\Downloads\msienterprise-main\system\CodeIgniter.php(825): App\Controllers\Emis->delete2('97483')
#7 C:\Users\user\Downloads\msienterprise-main\system\CodeIgniter.php(412): CodeIgniter\CodeIgniter->runController(Object(App\Controllers\Emis))
#8 C:\Users\user\Downloads\msienterprise-main\system\CodeIgniter.php(320): CodeIgniter\CodeIgniter->handleRequest(NULL, Object(Config\Cache), false)
#9 C:\Users\user\Downloads\msienterprise-main\public\index.php(37): CodeIgniter\CodeIgniter->run()
#10 C:\Users\user\Downloads\msienterprise-main\system\Commands\Server\rewrite.php(43): require_once('C:\\Users\\user\\D...')
#11 {main}
ERROR - 2023-07-08 05:54:53 --> Cannot delete or update a parent row: a foreign key constraint fails (`db_msi_sugihwaras_rev`.`nilai`, CONSTRAINT `nilai_ibfk_1` FOREIGN KEY (`nis`) REFERENCES `emis` (`nis`))
CRITICAL - 2023-07-08 05:54:53 --> Cannot delete or update a parent row: a foreign key constraint fails (`db_msi_sugihwaras_rev`.`nilai`, CONSTRAINT `nilai_ibfk_1` FOREIGN KEY (`nis`) REFERENCES `emis` (`nis`))
#0 C:\Users\user\Downloads\msienterprise-main\system\Database\MySQLi\Connection.php(292): mysqli->query('DELETE FROM `em...', 0)
#1 C:\Users\user\Downloads\msienterprise-main\system\Database\BaseConnection.php(670): CodeIgniter\Database\MySQLi\Connection->execute('DELETE FROM `em...')
#2 C:\Users\user\Downloads\msienterprise-main\system\Database\BaseConnection.php(598): CodeIgniter\Database\BaseConnection->simpleQuery('DELETE FROM `em...')
#3 C:\Users\user\Downloads\msienterprise-main\system\Database\BaseBuilder.php(2225): CodeIgniter\Database\BaseConnection->query('DELETE FROM `em...', Array, false)
#4 C:\Users\user\Downloads\msienterprise-main\app\Models\Emis_model.php(55): CodeIgniter\Database\BaseBuilder->delete(Array)
#5 C:\Users\user\Downloads\msienterprise-main\app\Controllers\Emis.php(179): App\Models\Emis_model->deleteCategory('1122')
#6 C:\Users\user\Downloads\msienterprise-main\system\CodeIgniter.php(825): App\Controllers\Emis->delete2('1122')
#7 C:\Users\user\Downloads\msienterprise-main\system\CodeIgniter.php(412): CodeIgniter\CodeIgniter->runController(Object(App\Controllers\Emis))
#8 C:\Users\user\Downloads\msienterprise-main\system\CodeIgniter.php(320): CodeIgniter\CodeIgniter->handleRequest(NULL, Object(Config\Cache), false)
#9 C:\Users\user\Downloads\msienterprise-main\public\index.php(37): CodeIgniter\CodeIgniter->run()
#10 C:\Users\user\Downloads\msienterprise-main\system\Commands\Server\rewrite.php(43): require_once('C:\\Users\\user\\D...')
#11 {main}
ERROR - 2023-07-08 05:55:07 --> Cannot delete or update a parent row: a foreign key constraint fails (`db_msi_sugihwaras_rev`.`nilai`, CONSTRAINT `nilai_ibfk_1` FOREIGN KEY (`nis`) REFERENCES `emis` (`nis`))
CRITICAL - 2023-07-08 05:55:07 --> Cannot delete or update a parent row: a foreign key constraint fails (`db_msi_sugihwaras_rev`.`nilai`, CONSTRAINT `nilai_ibfk_1` FOREIGN KEY (`nis`) REFERENCES `emis` (`nis`))
#0 C:\Users\user\Downloads\msienterprise-main\system\Database\MySQLi\Connection.php(292): mysqli->query('DELETE FROM `em...', 0)
#1 C:\Users\user\Downloads\msienterprise-main\system\Database\BaseConnection.php(670): CodeIgniter\Database\MySQLi\Connection->execute('DELETE FROM `em...')
#2 C:\Users\user\Downloads\msienterprise-main\system\Database\BaseConnection.php(598): CodeIgniter\Database\BaseConnection->simpleQuery('DELETE FROM `em...')
#3 C:\Users\user\Downloads\msienterprise-main\system\Database\BaseBuilder.php(2225): CodeIgniter\Database\BaseConnection->query('DELETE FROM `em...', Array, false)
#4 C:\Users\user\Downloads\msienterprise-main\app\Models\Emis_model.php(55): CodeIgniter\Database\BaseBuilder->delete(Array)
#5 C:\Users\user\Downloads\msienterprise-main\app\Controllers\Emis.php(179): App\Models\Emis_model->deleteCategory('14589')
#6 C:\Users\user\Downloads\msienterprise-main\system\CodeIgniter.php(825): App\Controllers\Emis->delete2('14589')
#7 C:\Users\user\Downloads\msienterprise-main\system\CodeIgniter.php(412): CodeIgniter\CodeIgniter->runController(Object(App\Controllers\Emis))
#8 C:\Users\user\Downloads\msienterprise-main\system\CodeIgniter.php(320): CodeIgniter\CodeIgniter->handleRequest(NULL, Object(Config\Cache), false)
#9 C:\Users\user\Downloads\msienterprise-main\public\index.php(37): CodeIgniter\CodeIgniter->run()
#10 C:\Users\user\Downloads\msienterprise-main\system\Commands\Server\rewrite.php(43): require_once('C:\\Users\\user\\D...')
#11 {main}
ERROR - 2023-07-08 05:55:46 --> Cannot delete or update a parent row: a foreign key constraint fails (`db_msi_sugihwaras_rev`.`spp`, CONSTRAINT `spp_ibfk_1` FOREIGN KEY (`nis`) REFERENCES `emis` (`nis`))
CRITICAL - 2023-07-08 05:55:46 --> Cannot delete or update a parent row: a foreign key constraint fails (`db_msi_sugihwaras_rev`.`spp`, CONSTRAINT `spp_ibfk_1` FOREIGN KEY (`nis`) REFERENCES `emis` (`nis`))
#0 C:\Users\user\Downloads\msienterprise-main\system\Database\MySQLi\Connection.php(292): mysqli->query('DELETE FROM `em...', 0)
#1 C:\Users\user\Downloads\msienterprise-main\system\Database\BaseConnection.php(670): CodeIgniter\Database\MySQLi\Connection->execute('DELETE FROM `em...')
#2 C:\Users\user\Downloads\msienterprise-main\system\Database\BaseConnection.php(598): CodeIgniter\Database\BaseConnection->simpleQuery('DELETE FROM `em...')
#3 C:\Users\user\Downloads\msienterprise-main\system\Database\BaseBuilder.php(2225): CodeIgniter\Database\BaseConnection->query('DELETE FROM `em...', Array, false)
#4 C:\Users\user\Downloads\msienterprise-main\app\Models\Emis_model.php(55): CodeIgniter\Database\BaseBuilder->delete(Array)
#5 C:\Users\user\Downloads\msienterprise-main\app\Controllers\Emis.php(179): App\Models\Emis_model->deleteCategory('267365')
#6 C:\Users\user\Downloads\msienterprise-main\system\CodeIgniter.php(825): App\Controllers\Emis->delete2('267365')
#7 C:\Users\user\Downloads\msienterprise-main\system\CodeIgniter.php(412): CodeIgniter\CodeIgniter->runController(Object(App\Controllers\Emis))
#8 C:\Users\user\Downloads\msienterprise-main\system\CodeIgniter.php(320): CodeIgniter\CodeIgniter->handleRequest(NULL, Object(Config\Cache), false)
#9 C:\Users\user\Downloads\msienterprise-main\public\index.php(37): CodeIgniter\CodeIgniter->run()
#10 C:\Users\user\Downloads\msienterprise-main\system\Commands\Server\rewrite.php(43): require_once('C:\\Users\\user\\D...')
#11 {main}
ERROR - 2023-07-08 05:56:11 --> Cannot delete or update a parent row: a foreign key constraint fails (`db_msi_sugihwaras_rev`.`nilai`, CONSTRAINT `nilai_ibfk_1` FOREIGN KEY (`nis`) REFERENCES `emis` (`nis`))
CRITICAL - 2023-07-08 05:56:11 --> Cannot delete or update a parent row: a foreign key constraint fails (`db_msi_sugihwaras_rev`.`nilai`, CONSTRAINT `nilai_ibfk_1` FOREIGN KEY (`nis`) REFERENCES `emis` (`nis`))
#0 C:\Users\user\Downloads\msienterprise-main\system\Database\MySQLi\Connection.php(292): mysqli->query('DELETE FROM `em...', 0)
#1 C:\Users\user\Downloads\msienterprise-main\system\Database\BaseConnection.php(670): CodeIgniter\Database\MySQLi\Connection->execute('DELETE FROM `em...')
#2 C:\Users\user\Downloads\msienterprise-main\system\Database\BaseConnection.php(598): CodeIgniter\Database\BaseConnection->simpleQuery('DELETE FROM `em...')
#3 C:\Users\user\Downloads\msienterprise-main\system\Database\BaseBuilder.php(2225): CodeIgniter\Database\BaseConnection->query('DELETE FROM `em...', Array, false)
#4 C:\Users\user\Downloads\msienterprise-main\app\Models\Emis_model.php(55): CodeIgniter\Database\BaseBuilder->delete(Array)
#5 C:\Users\user\Downloads\msienterprise-main\app\Controllers\Emis.php(179): App\Models\Emis_model->deleteCategory('99928J23')
#6 C:\Users\user\Downloads\msienterprise-main\system\CodeIgniter.php(825): App\Controllers\Emis->delete2('99928J23')
#7 C:\Users\user\Downloads\msienterprise-main\system\CodeIgniter.php(412): CodeIgniter\CodeIgniter->runController(Object(App\Controllers\Emis))
#8 C:\Users\user\Downloads\msienterprise-main\system\CodeIgniter.php(320): CodeIgniter\CodeIgniter->handleRequest(NULL, Object(Config\Cache), false)
#9 C:\Users\user\Downloads\msienterprise-main\public\index.php(37): CodeIgniter\CodeIgniter->run()
#10 C:\Users\user\Downloads\msienterprise-main\system\Commands\Server\rewrite.php(43): require_once('C:\\Users\\user\\D...')
#11 {main}
ERROR - 2023-07-08 05:56:22 --> Cannot delete or update a parent row: a foreign key constraint fails (`db_msi_sugihwaras_rev`.`nilai`, CONSTRAINT `nilai_ibfk_1` FOREIGN KEY (`nis`) REFERENCES `emis` (`nis`))
CRITICAL - 2023-07-08 05:56:22 --> Cannot delete or update a parent row: a foreign key constraint fails (`db_msi_sugihwaras_rev`.`nilai`, CONSTRAINT `nilai_ibfk_1` FOREIGN KEY (`nis`) REFERENCES `emis` (`nis`))
#0 C:\Users\user\Downloads\msienterprise-main\system\Database\MySQLi\Connection.php(292): mysqli->query('DELETE FROM `em...', 0)
#1 C:\Users\user\Downloads\msienterprise-main\system\Database\BaseConnection.php(670): CodeIgniter\Database\MySQLi\Connection->execute('DELETE FROM `em...')
#2 C:\Users\user\Downloads\msienterprise-main\system\Database\BaseConnection.php(598): CodeIgniter\Database\BaseConnection->simpleQuery('DELETE FROM `em...')
#3 C:\Users\user\Downloads\msienterprise-main\system\Database\BaseBuilder.php(2225): CodeIgniter\Database\BaseConnection->query('DELETE FROM `em...', Array, false)
#4 C:\Users\user\Downloads\msienterprise-main\app\Models\Emis_model.php(55): CodeIgniter\Database\BaseBuilder->delete(Array)
#5 C:\Users\user\Downloads\msienterprise-main\app\Controllers\Emis.php(179): App\Models\Emis_model->deleteCategory('14589')
#6 C:\Users\user\Downloads\msienterprise-main\system\CodeIgniter.php(825): App\Controllers\Emis->delete2('14589')
#7 C:\Users\user\Downloads\msienterprise-main\system\CodeIgniter.php(412): CodeIgniter\CodeIgniter->runController(Object(App\Controllers\Emis))
#8 C:\Users\user\Downloads\msienterprise-main\system\CodeIgniter.php(320): CodeIgniter\CodeIgniter->handleRequest(NULL, Object(Config\Cache), false)
#9 C:\Users\user\Downloads\msienterprise-main\public\index.php(37): CodeIgniter\CodeIgniter->run()
#10 C:\Users\user\Downloads\msienterprise-main\system\Commands\Server\rewrite.php(43): require_once('C:\\Users\\user\\D...')
#11 {main}
CRITICAL - 2023-07-08 06:07:46 --> The original file is not a valid file.
#0 C:\Users\user\Downloads\msienterprise-main\system\HTTP\Files\UploadedFile.php(137): CodeIgniter\HTTP\Exceptions\HTTPException::forInvalidFile()
#1 C:\Users\user\Downloads\msienterprise-main\app\Controllers\Dataguru.php(149): CodeIgniter\HTTP\Files\UploadedFile->move('C:\\Users\\user\\D...', '')
#2 C:\Users\user\Downloads\msienterprise-main\system\CodeIgniter.php(825): App\Controllers\Dataguru->update3()
#3 C:\Users\user\Downloads\msienterprise-main\system\CodeIgniter.php(412): CodeIgniter\CodeIgniter->runController(Object(App\Controllers\Dataguru))
#4 C:\Users\user\Downloads\msienterprise-main\system\CodeIgniter.php(320): CodeIgniter\CodeIgniter->handleRequest(NULL, Object(Config\Cache), false)
#5 C:\Users\user\Downloads\msienterprise-main\public\index.php(37): CodeIgniter\CodeIgniter->run()
#6 C:\Users\user\Downloads\msienterprise-main\system\Commands\Server\rewrite.php(43): require_once('C:\\Users\\user\\D...')
#7 {main}
