CRITICAL - 2023-04-05 00:23:12 --> Invalid file: emis/index.php
#0 C:\xampp\htdocs\ci4_PERPUS _nadya\system\View\View.php(198): CodeIgniter\Exceptions\FrameworkException::forInvalidFile('emis/index.php')
#1 C:\xampp\htdocs\ci4_PERPUS _nadya\system\Common.php(1089): CodeIgniter\View\View->render('emis/index', Array, true)
#2 C:\xampp\htdocs\ci4_PERPUS _nadya\app\Controllers\emis.php(62): view('emis/index', Array)
#3 C:\xampp\htdocs\ci4_PERPUS _nadya\system\CodeIgniter.php(825): App\Controllers\Emis->index()
#4 C:\xampp\htdocs\ci4_PERPUS _nadya\system\CodeIgniter.php(412): CodeIgniter\CodeIgniter->runController(Object(App\Controllers\Emis))
#5 C:\xampp\htdocs\ci4_PERPUS _nadya\system\CodeIgniter.php(320): CodeIgniter\CodeIgniter->handleRequest(NULL, Object(Config\Cache), false)
#6 C:\xampp\htdocs\ci4_PERPUS _nadya\public\index.php(37): CodeIgniter\CodeIgniter->run()
#7 C:\xampp\htdocs\ci4_PERPUS _nadya\system\Commands\Server\rewrite.php(43): require_once('C:\\xampp\\htdocs...')
#8 {main}
CRITICAL - 2023-04-05 00:24:46 --> Invalid file: emis/index.php
#0 C:\xampp\htdocs\ci4_PERPUS _nadya\system\View\View.php(198): CodeIgniter\Exceptions\FrameworkException::forInvalidFile('emis/index.php')
#1 C:\xampp\htdocs\ci4_PERPUS _nadya\system\Common.php(1089): CodeIgniter\View\View->render('emis/index', Array, true)
#2 C:\xampp\htdocs\ci4_PERPUS _nadya\app\Controllers\Emis.php(62): view('emis/index', Array)
#3 C:\xampp\htdocs\ci4_PERPUS _nadya\system\CodeIgniter.php(825): App\Controllers\Emis->index()
#4 C:\xampp\htdocs\ci4_PERPUS _nadya\system\CodeIgniter.php(412): CodeIgniter\CodeIgniter->runController(Object(App\Controllers\Emis))
#5 C:\xampp\htdocs\ci4_PERPUS _nadya\system\CodeIgniter.php(320): CodeIgniter\CodeIgniter->handleRequest(NULL, Object(Config\Cache), false)
#6 C:\xampp\htdocs\ci4_PERPUS _nadya\public\index.php(37): CodeIgniter\CodeIgniter->run()
#7 C:\xampp\htdocs\ci4_PERPUS _nadya\system\Commands\Server\rewrite.php(43): require_once('C:\\xampp\\htdocs...')
#8 {main}
CRITICAL - 2023-04-05 00:27:09 --> Invalid file: emis/index.php
#0 C:\xampp\htdocs\ci4_PERPUS _nadya\system\View\View.php(198): CodeIgniter\Exceptions\FrameworkException::forInvalidFile('emis/index.php')
#1 C:\xampp\htdocs\ci4_PERPUS _nadya\system\Common.php(1089): CodeIgniter\View\View->render('emis/index', Array, true)
#2 C:\xampp\htdocs\ci4_PERPUS _nadya\app\Controllers\Emis.php(62): view('emis/index', Array)
#3 C:\xampp\htdocs\ci4_PERPUS _nadya\system\CodeIgniter.php(825): App\Controllers\Emis->index()
#4 C:\xampp\htdocs\ci4_PERPUS _nadya\system\CodeIgniter.php(412): CodeIgniter\CodeIgniter->runController(Object(App\Controllers\Emis))
#5 C:\xampp\htdocs\ci4_PERPUS _nadya\system\CodeIgniter.php(320): CodeIgniter\CodeIgniter->handleRequest(NULL, Object(Config\Cache), false)
#6 C:\xampp\htdocs\ci4_PERPUS _nadya\public\index.php(37): CodeIgniter\CodeIgniter->run()
#7 C:\xampp\htdocs\ci4_PERPUS _nadya\system\Commands\Server\rewrite.php(43): require_once('C:\\xampp\\htdocs...')
#8 {main}
CRITICAL - 2023-04-05 00:27:47 --> Invalid file: emis/index.php
#0 C:\xampp\htdocs\ci4_PERPUS _nadya\system\View\View.php(198): CodeIgniter\Exceptions\FrameworkException::forInvalidFile('emis/index.php')
#1 C:\xampp\htdocs\ci4_PERPUS _nadya\system\Common.php(1089): CodeIgniter\View\View->render('emis/index', Array, true)
#2 C:\xampp\htdocs\ci4_PERPUS _nadya\app\Controllers\Emis.php(62): view('emis/index', Array)
#3 C:\xampp\htdocs\ci4_PERPUS _nadya\system\CodeIgniter.php(825): App\Controllers\Emis->index()
#4 C:\xampp\htdocs\ci4_PERPUS _nadya\system\CodeIgniter.php(412): CodeIgniter\CodeIgniter->runController(Object(App\Controllers\Emis))
#5 C:\xampp\htdocs\ci4_PERPUS _nadya\system\CodeIgniter.php(320): CodeIgniter\CodeIgniter->handleRequest(NULL, Object(Config\Cache), false)
#6 C:\xampp\htdocs\ci4_PERPUS _nadya\public\index.php(37): CodeIgniter\CodeIgniter->run()
#7 C:\xampp\htdocs\ci4_PERPUS _nadya\system\Commands\Server\rewrite.php(43): require_once('C:\\xampp\\htdocs...')
#8 {main}
CRITICAL - 2023-04-05 00:32:21 --> Invalid file: emis/index.php
#0 C:\xampp\htdocs\ci4_PERPUS _nadya\system\View\View.php(198): CodeIgniter\Exceptions\FrameworkException::forInvalidFile('emis/index.php')
#1 C:\xampp\htdocs\ci4_PERPUS _nadya\system\Common.php(1089): CodeIgniter\View\View->render('emis/index', Array, true)
#2 C:\xampp\htdocs\ci4_PERPUS _nadya\app\Controllers\Emis.php(62): view('emis/index', Array)
#3 C:\xampp\htdocs\ci4_PERPUS _nadya\system\CodeIgniter.php(825): App\Controllers\Emis->index()
#4 C:\xampp\htdocs\ci4_PERPUS _nadya\system\CodeIgniter.php(412): CodeIgniter\CodeIgniter->runController(Object(App\Controllers\Emis))
#5 C:\xampp\htdocs\ci4_PERPUS _nadya\system\CodeIgniter.php(320): CodeIgniter\CodeIgniter->handleRequest(NULL, Object(Config\Cache), false)
#6 C:\xampp\htdocs\ci4_PERPUS _nadya\public\index.php(37): CodeIgniter\CodeIgniter->run()
#7 C:\xampp\htdocs\ci4_PERPUS _nadya\system\Commands\Server\rewrite.php(43): require_once('C:\\xampp\\htdocs...')
#8 {main}
ERROR - 2023-04-05 00:47:38 --> Unknown column 'tmpt_tinggal' in 'where clause'
CRITICAL - 2023-04-05 00:47:38 --> Unknown column 'tmpt_tinggal' in 'where clause'
#0 C:\xampp\htdocs\ci4_PERPUS _nadya\system\Database\MySQLi\Connection.php(292): mysqli->query('SELECT *\nFROM `...', 0)
#1 C:\xampp\htdocs\ci4_PERPUS _nadya\system\Database\BaseConnection.php(670): CodeIgniter\Database\MySQLi\Connection->execute('SELECT *\nFROM `...')
#2 C:\xampp\htdocs\ci4_PERPUS _nadya\system\Database\BaseConnection.php(598): CodeIgniter\Database\BaseConnection->simpleQuery('SELECT *\nFROM `...')
#3 C:\xampp\htdocs\ci4_PERPUS _nadya\system\Database\BaseBuilder.php(1455): CodeIgniter\Database\BaseConnection->query('SELECT *\nFROM `...', Array, false)
#4 C:\xampp\htdocs\ci4_PERPUS _nadya\system\Model.php(183): CodeIgniter\Database\BaseBuilder->get()
#5 C:\xampp\htdocs\ci4_PERPUS _nadya\system\BaseModel.php(584): CodeIgniter\Model->doFindAll(0, 0)
#6 C:\xampp\htdocs\ci4_PERPUS _nadya\app\Controllers\Emis.php(30): CodeIgniter\BaseModel->findAll()
#7 C:\xampp\htdocs\ci4_PERPUS _nadya\system\CodeIgniter.php(825): App\Controllers\Emis->index()
#8 C:\xampp\htdocs\ci4_PERPUS _nadya\system\CodeIgniter.php(412): CodeIgniter\CodeIgniter->runController(Object(App\Controllers\Emis))
#9 C:\xampp\htdocs\ci4_PERPUS _nadya\system\CodeIgniter.php(320): CodeIgniter\CodeIgniter->handleRequest(NULL, Object(Config\Cache), false)
#10 C:\xampp\htdocs\ci4_PERPUS _nadya\public\index.php(37): CodeIgniter\CodeIgniter->run()
#11 C:\xampp\htdocs\ci4_PERPUS _nadya\system\Commands\Server\rewrite.php(43): require_once('C:\\xampp\\htdocs...')
#12 {main}
CRITICAL - 2023-04-05 02:15:37 --> Invalid file: category/create2.php
#0 C:\xampp\htdocs\ci4_PERPUS _nadya\system\View\View.php(198): CodeIgniter\Exceptions\FrameworkException::forInvalidFile('category/create...')
#1 C:\xampp\htdocs\ci4_PERPUS _nadya\system\Common.php(1089): CodeIgniter\View\View->render('category/create...', Array, true)
#2 C:\xampp\htdocs\ci4_PERPUS _nadya\app\Controllers\Emis.php(68): view('category/create...')
#3 C:\xampp\htdocs\ci4_PERPUS _nadya\system\CodeIgniter.php(825): App\Controllers\Emis->create2()
#4 C:\xampp\htdocs\ci4_PERPUS _nadya\system\CodeIgniter.php(412): CodeIgniter\CodeIgniter->runController(Object(App\Controllers\Emis))
#5 C:\xampp\htdocs\ci4_PERPUS _nadya\system\CodeIgniter.php(320): CodeIgniter\CodeIgniter->handleRequest(NULL, Object(Config\Cache), false)
#6 C:\xampp\htdocs\ci4_PERPUS _nadya\public\index.php(37): CodeIgniter\CodeIgniter->run()
#7 C:\xampp\htdocs\ci4_PERPUS _nadya\system\Commands\Server\rewrite.php(43): require_once('C:\\xampp\\htdocs...')
#8 {main}
CRITICAL - 2023-04-05 02:16:10 --> Invalid file: category/create2.php
#0 C:\xampp\htdocs\ci4_PERPUS _nadya\system\View\View.php(198): CodeIgniter\Exceptions\FrameworkException::forInvalidFile('category/create...')
#1 C:\xampp\htdocs\ci4_PERPUS _nadya\system\Common.php(1089): CodeIgniter\View\View->render('category/create...', Array, true)
#2 C:\xampp\htdocs\ci4_PERPUS _nadya\app\Controllers\Emis.php(68): view('category/create...')
#3 C:\xampp\htdocs\ci4_PERPUS _nadya\system\CodeIgniter.php(825): App\Controllers\Emis->create2()
#4 C:\xampp\htdocs\ci4_PERPUS _nadya\system\CodeIgniter.php(412): CodeIgniter\CodeIgniter->runController(Object(App\Controllers\Emis))
#5 C:\xampp\htdocs\ci4_PERPUS _nadya\system\CodeIgniter.php(320): CodeIgniter\CodeIgniter->handleRequest(NULL, Object(Config\Cache), false)
#6 C:\xampp\htdocs\ci4_PERPUS _nadya\public\index.php(37): CodeIgniter\CodeIgniter->run()
#7 C:\xampp\htdocs\ci4_PERPUS _nadya\system\Commands\Server\rewrite.php(43): require_once('C:\\xampp\\htdocs...')
#8 {main}
CRITICAL - 2023-04-05 02:16:25 --> Invalid file: category/create2.php
#0 C:\xampp\htdocs\ci4_PERPUS _nadya\system\View\View.php(198): CodeIgniter\Exceptions\FrameworkException::forInvalidFile('category/create...')
#1 C:\xampp\htdocs\ci4_PERPUS _nadya\system\Common.php(1089): CodeIgniter\View\View->render('category/create...', Array, true)
#2 C:\xampp\htdocs\ci4_PERPUS _nadya\app\Controllers\Emis.php(68): view('category/create...')
#3 C:\xampp\htdocs\ci4_PERPUS _nadya\system\CodeIgniter.php(825): App\Controllers\Emis->create2()
#4 C:\xampp\htdocs\ci4_PERPUS _nadya\system\CodeIgniter.php(412): CodeIgniter\CodeIgniter->runController(Object(App\Controllers\Emis))
#5 C:\xampp\htdocs\ci4_PERPUS _nadya\system\CodeIgniter.php(320): CodeIgniter\CodeIgniter->handleRequest(NULL, Object(Config\Cache), false)
#6 C:\xampp\htdocs\ci4_PERPUS _nadya\public\index.php(37): CodeIgniter\CodeIgniter->run()
#7 C:\xampp\htdocs\ci4_PERPUS _nadya\system\Commands\Server\rewrite.php(43): require_once('C:\\xampp\\htdocs...')
#8 {main}
CRITICAL - 2023-04-05 02:17:11 --> Invalid file: category/create2.php
#0 C:\xampp\htdocs\ci4_PERPUS _nadya\system\View\View.php(198): CodeIgniter\Exceptions\FrameworkException::forInvalidFile('category/create...')
#1 C:\xampp\htdocs\ci4_PERPUS _nadya\system\Common.php(1089): CodeIgniter\View\View->render('category/create...', Array, true)
#2 C:\xampp\htdocs\ci4_PERPUS _nadya\app\Controllers\Emis.php(68): view('category/create...')
#3 C:\xampp\htdocs\ci4_PERPUS _nadya\system\CodeIgniter.php(825): App\Controllers\Emis->create2()
#4 C:\xampp\htdocs\ci4_PERPUS _nadya\system\CodeIgniter.php(412): CodeIgniter\CodeIgniter->runController(Object(App\Controllers\Emis))
#5 C:\xampp\htdocs\ci4_PERPUS _nadya\system\CodeIgniter.php(320): CodeIgniter\CodeIgniter->handleRequest(NULL, Object(Config\Cache), false)
#6 C:\xampp\htdocs\ci4_PERPUS _nadya\public\index.php(37): CodeIgniter\CodeIgniter->run()
#7 C:\xampp\htdocs\ci4_PERPUS _nadya\system\Commands\Server\rewrite.php(43): require_once('C:\\xampp\\htdocs...')
#8 {main}
CRITICAL - 2023-04-05 02:17:28 --> Invalid file: category/create2.php
#0 C:\xampp\htdocs\ci4_PERPUS _nadya\system\View\View.php(198): CodeIgniter\Exceptions\FrameworkException::forInvalidFile('category/create...')
#1 C:\xampp\htdocs\ci4_PERPUS _nadya\system\Common.php(1089): CodeIgniter\View\View->render('category/create...', Array, true)
#2 C:\xampp\htdocs\ci4_PERPUS _nadya\app\Controllers\Emis.php(68): view('category/create...')
#3 C:\xampp\htdocs\ci4_PERPUS _nadya\system\CodeIgniter.php(825): App\Controllers\Emis->create2()
#4 C:\xampp\htdocs\ci4_PERPUS _nadya\system\CodeIgniter.php(412): CodeIgniter\CodeIgniter->runController(Object(App\Controllers\Emis))
#5 C:\xampp\htdocs\ci4_PERPUS _nadya\system\CodeIgniter.php(320): CodeIgniter\CodeIgniter->handleRequest(NULL, Object(Config\Cache), false)
#6 C:\xampp\htdocs\ci4_PERPUS _nadya\public\index.php(37): CodeIgniter\CodeIgniter->run()
#7 C:\xampp\htdocs\ci4_PERPUS _nadya\system\Commands\Server\rewrite.php(43): require_once('C:\\xampp\\htdocs...')
#8 {main}
CRITICAL - 2023-04-05 02:17:35 --> Invalid file: category/create2.php
#0 C:\xampp\htdocs\ci4_PERPUS _nadya\system\View\View.php(198): CodeIgniter\Exceptions\FrameworkException::forInvalidFile('category/create...')
#1 C:\xampp\htdocs\ci4_PERPUS _nadya\system\Common.php(1089): CodeIgniter\View\View->render('category/create...', Array, true)
#2 C:\xampp\htdocs\ci4_PERPUS _nadya\app\Controllers\Emis.php(68): view('category/create...')
#3 C:\xampp\htdocs\ci4_PERPUS _nadya\system\CodeIgniter.php(825): App\Controllers\Emis->create2()
#4 C:\xampp\htdocs\ci4_PERPUS _nadya\system\CodeIgniter.php(412): CodeIgniter\CodeIgniter->runController(Object(App\Controllers\Emis))
#5 C:\xampp\htdocs\ci4_PERPUS _nadya\system\CodeIgniter.php(320): CodeIgniter\CodeIgniter->handleRequest(NULL, Object(Config\Cache), false)
#6 C:\xampp\htdocs\ci4_PERPUS _nadya\public\index.php(37): CodeIgniter\CodeIgniter->run()
#7 C:\xampp\htdocs\ci4_PERPUS _nadya\system\Commands\Server\rewrite.php(43): require_once('C:\\xampp\\htdocs...')
#8 {main}
CRITICAL - 2023-04-05 02:18:52 --> Invalid file: category/create2.php
#0 C:\xampp\htdocs\ci4_PERPUS _nadya\system\View\View.php(198): CodeIgniter\Exceptions\FrameworkException::forInvalidFile('category/create...')
#1 C:\xampp\htdocs\ci4_PERPUS _nadya\system\Common.php(1089): CodeIgniter\View\View->render('category/create...', Array, true)
#2 C:\xampp\htdocs\ci4_PERPUS _nadya\app\Controllers\Emis.php(68): view('category/create...')
#3 C:\xampp\htdocs\ci4_PERPUS _nadya\system\CodeIgniter.php(825): App\Controllers\Emis->create2()
#4 C:\xampp\htdocs\ci4_PERPUS _nadya\system\CodeIgniter.php(412): CodeIgniter\CodeIgniter->runController(Object(App\Controllers\Emis))
#5 C:\xampp\htdocs\ci4_PERPUS _nadya\system\CodeIgniter.php(320): CodeIgniter\CodeIgniter->handleRequest(NULL, Object(Config\Cache), false)
#6 C:\xampp\htdocs\ci4_PERPUS _nadya\public\index.php(37): CodeIgniter\CodeIgniter->run()
#7 C:\xampp\htdocs\ci4_PERPUS _nadya\system\Commands\Server\rewrite.php(43): require_once('C:\\xampp\\htdocs...')
#8 {main}
CRITICAL - 2023-04-05 02:19:04 --> Invalid file: category/create2.php
#0 C:\xampp\htdocs\ci4_PERPUS _nadya\system\View\View.php(198): CodeIgniter\Exceptions\FrameworkException::forInvalidFile('category/create...')
#1 C:\xampp\htdocs\ci4_PERPUS _nadya\system\Common.php(1089): CodeIgniter\View\View->render('category/create...', Array, true)
#2 C:\xampp\htdocs\ci4_PERPUS _nadya\app\Controllers\Emis.php(68): view('category/create...')
#3 C:\xampp\htdocs\ci4_PERPUS _nadya\system\CodeIgniter.php(825): App\Controllers\Emis->create2()
#4 C:\xampp\htdocs\ci4_PERPUS _nadya\system\CodeIgniter.php(412): CodeIgniter\CodeIgniter->runController(Object(App\Controllers\Emis))
#5 C:\xampp\htdocs\ci4_PERPUS _nadya\system\CodeIgniter.php(320): CodeIgniter\CodeIgniter->handleRequest(NULL, Object(Config\Cache), false)
#6 C:\xampp\htdocs\ci4_PERPUS _nadya\public\index.php(37): CodeIgniter\CodeIgniter->run()
#7 C:\xampp\htdocs\ci4_PERPUS _nadya\system\Commands\Server\rewrite.php(43): require_once('C:\\xampp\\htdocs...')
#8 {main}
