ERROR - 2023-04-07 09:04:59 --> Cannot add or update a child row: a foreign key constraint fails (`db_msi3`.`emis`, CONSTRAINT `emis_ibfk_1` FOREIGN KEY (`nisn`) REFERENCES `ppdb` (`nisn`))
CRITICAL - 2023-04-07 09:04:59 --> Cannot add or update a child row: a foreign key constraint fails (`db_msi3`.`emis`, CONSTRAINT `emis_ibfk_1` FOREIGN KEY (`nisn`) REFERENCES `ppdb` (`nisn`))
#0 C:\xampp\htdocs\ci4_PERPUS _nadya\system\Database\MySQLi\Connection.php(292): mysqli->query('INSERT INTO `em...', 0)
#1 C:\xampp\htdocs\ci4_PERPUS _nadya\system\Database\BaseConnection.php(670): CodeIgniter\Database\MySQLi\Connection->execute('INSERT INTO `em...')
#2 C:\xampp\htdocs\ci4_PERPUS _nadya\system\Database\BaseConnection.php(598): CodeIgniter\Database\BaseConnection->simpleQuery('INSERT INTO `em...')
#3 C:\xampp\htdocs\ci4_PERPUS _nadya\system\Database\BaseBuilder.php(1771): CodeIgniter\Database\BaseConnection->query('INSERT INTO `em...', Array, false)
#4 C:\xampp\htdocs\ci4_PERPUS _nadya\app\Models\Emis_model.php(21): CodeIgniter\Database\BaseBuilder->insert(Array)
#5 C:\xampp\htdocs\ci4_PERPUS _nadya\app\Controllers\Emis.php(93): App\Models\Emis_model->insertCategory(Array)
#6 C:\xampp\htdocs\ci4_PERPUS _nadya\system\CodeIgniter.php(825): App\Controllers\Emis->store2()
#7 C:\xampp\htdocs\ci4_PERPUS _nadya\system\CodeIgniter.php(412): CodeIgniter\CodeIgniter->runController(Object(App\Controllers\Emis))
#8 C:\xampp\htdocs\ci4_PERPUS _nadya\system\CodeIgniter.php(320): CodeIgniter\CodeIgniter->handleRequest(NULL, Object(Config\Cache), false)
#9 C:\xampp\htdocs\ci4_PERPUS _nadya\public\index.php(37): CodeIgniter\CodeIgniter->run()
#10 C:\xampp\htdocs\ci4_PERPUS _nadya\system\Commands\Server\rewrite.php(43): require_once('C:\\xampp\\htdocs...')
#11 {main}
CRITICAL - 2023-04-07 09:09:13 --> Undefined index: tgl_lhr
#0 C:\xampp\htdocs\ci4_PERPUS _nadya\app\Views\emis\idx2.php(97): CodeIgniter\Debug\Exceptions->errorHandler(8, 'Undefined index...', 'C:\\xampp\\htdocs...', 97, Array)
#1 C:\xampp\htdocs\ci4_PERPUS _nadya\system\View\View.php(210): include('C:\\xampp\\htdocs...')
#2 C:\xampp\htdocs\ci4_PERPUS _nadya\system\View\View.php(213): CodeIgniter\View\View->CodeIgniter\View\{closure}()
#3 C:\xampp\htdocs\ci4_PERPUS _nadya\system\Common.php(1089): CodeIgniter\View\View->render('emis/idx2', Array, true)
#4 C:\xampp\htdocs\ci4_PERPUS _nadya\app\Controllers\Emis.php(62): view('emis/idx2', Array)
#5 C:\xampp\htdocs\ci4_PERPUS _nadya\system\CodeIgniter.php(825): App\Controllers\Emis->index()
#6 C:\xampp\htdocs\ci4_PERPUS _nadya\system\CodeIgniter.php(412): CodeIgniter\CodeIgniter->runController(Object(App\Controllers\Emis))
#7 C:\xampp\htdocs\ci4_PERPUS _nadya\system\CodeIgniter.php(320): CodeIgniter\CodeIgniter->handleRequest(NULL, Object(Config\Cache), false)
#8 C:\xampp\htdocs\ci4_PERPUS _nadya\public\index.php(37): CodeIgniter\CodeIgniter->run()
#9 C:\xampp\htdocs\ci4_PERPUS _nadya\system\Commands\Server\rewrite.php(43): require_once('C:\\xampp\\htdocs...')
#10 {main}
CRITICAL - 2023-04-07 09:11:36 --> Trying to access array offset on value of type null
#0 C:\xampp\htdocs\ci4_PERPUS _nadya\app\Views\category\edit.php(41): CodeIgniter\Debug\Exceptions->errorHandler(8, 'Trying to acces...', 'C:\\xampp\\htdocs...', 41, Array)
#1 C:\xampp\htdocs\ci4_PERPUS _nadya\system\View\View.php(210): include('C:\\xampp\\htdocs...')
#2 C:\xampp\htdocs\ci4_PERPUS _nadya\system\View\View.php(213): CodeIgniter\View\View->CodeIgniter\View\{closure}()
#3 C:\xampp\htdocs\ci4_PERPUS _nadya\system\Common.php(1089): CodeIgniter\View\View->render('category/edit', Array, true)
#4 C:\xampp\htdocs\ci4_PERPUS _nadya\app\Controllers\Category.php(116): view('category/edit', Array)
#5 C:\xampp\htdocs\ci4_PERPUS _nadya\system\CodeIgniter.php(825): App\Controllers\Category->edit('AJSNALN')
#6 C:\xampp\htdocs\ci4_PERPUS _nadya\system\CodeIgniter.php(412): CodeIgniter\CodeIgniter->runController(Object(App\Controllers\Category))
#7 C:\xampp\htdocs\ci4_PERPUS _nadya\system\CodeIgniter.php(320): CodeIgniter\CodeIgniter->handleRequest(NULL, Object(Config\Cache), false)
#8 C:\xampp\htdocs\ci4_PERPUS _nadya\public\index.php(37): CodeIgniter\CodeIgniter->run()
#9 C:\xampp\htdocs\ci4_PERPUS _nadya\system\Commands\Server\rewrite.php(43): require_once('C:\\xampp\\htdocs...')
#10 {main}
CRITICAL - 2023-04-07 09:13:38 --> Trying to access array offset on value of type null
#0 C:\xampp\htdocs\ci4_PERPUS _nadya\app\Views\category\edit.php(41): CodeIgniter\Debug\Exceptions->errorHandler(8, 'Trying to acces...', 'C:\\xampp\\htdocs...', 41, Array)
#1 C:\xampp\htdocs\ci4_PERPUS _nadya\system\View\View.php(210): include('C:\\xampp\\htdocs...')
#2 C:\xampp\htdocs\ci4_PERPUS _nadya\system\View\View.php(213): CodeIgniter\View\View->CodeIgniter\View\{closure}()
#3 C:\xampp\htdocs\ci4_PERPUS _nadya\system\Common.php(1089): CodeIgniter\View\View->render('category/edit', Array, true)
#4 C:\xampp\htdocs\ci4_PERPUS _nadya\app\Controllers\Emis.php(107): view('category/edit', Array)
#5 C:\xampp\htdocs\ci4_PERPUS _nadya\system\CodeIgniter.php(825): App\Controllers\Emis->edit2('AJSNALN')
#6 C:\xampp\htdocs\ci4_PERPUS _nadya\system\CodeIgniter.php(412): CodeIgniter\CodeIgniter->runController(Object(App\Controllers\Emis))
#7 C:\xampp\htdocs\ci4_PERPUS _nadya\system\CodeIgniter.php(320): CodeIgniter\CodeIgniter->handleRequest(NULL, Object(Config\Cache), false)
#8 C:\xampp\htdocs\ci4_PERPUS _nadya\public\index.php(37): CodeIgniter\CodeIgniter->run()
#9 C:\xampp\htdocs\ci4_PERPUS _nadya\system\Commands\Server\rewrite.php(43): require_once('C:\\xampp\\htdocs...')
#10 {main}
CRITICAL - 2023-04-07 09:13:57 --> Trying to access array offset on value of type null
#0 C:\xampp\htdocs\ci4_PERPUS _nadya\app\Views\category\edit.php(41): CodeIgniter\Debug\Exceptions->errorHandler(8, 'Trying to acces...', 'C:\\xampp\\htdocs...', 41, Array)
#1 C:\xampp\htdocs\ci4_PERPUS _nadya\system\View\View.php(210): include('C:\\xampp\\htdocs...')
#2 C:\xampp\htdocs\ci4_PERPUS _nadya\system\View\View.php(213): CodeIgniter\View\View->CodeIgniter\View\{closure}()
#3 C:\xampp\htdocs\ci4_PERPUS _nadya\system\Common.php(1089): CodeIgniter\View\View->render('category/edit', Array, true)
#4 C:\xampp\htdocs\ci4_PERPUS _nadya\app\Controllers\Emis.php(107): view('category/edit', Array)
#5 C:\xampp\htdocs\ci4_PERPUS _nadya\system\CodeIgniter.php(825): App\Controllers\Emis->edit2('AJSNALN')
#6 C:\xampp\htdocs\ci4_PERPUS _nadya\system\CodeIgniter.php(412): CodeIgniter\CodeIgniter->runController(Object(App\Controllers\Emis))
#7 C:\xampp\htdocs\ci4_PERPUS _nadya\system\CodeIgniter.php(320): CodeIgniter\CodeIgniter->handleRequest(NULL, Object(Config\Cache), false)
#8 C:\xampp\htdocs\ci4_PERPUS _nadya\public\index.php(37): CodeIgniter\CodeIgniter->run()
#9 C:\xampp\htdocs\ci4_PERPUS _nadya\system\Commands\Server\rewrite.php(43): require_once('C:\\xampp\\htdocs...')
#10 {main}
CRITICAL - 2023-04-07 09:14:02 --> Undefined index: id_daftar
#0 C:\xampp\htdocs\ci4_PERPUS _nadya\app\Views\category\edit.php(41): CodeIgniter\Debug\Exceptions->errorHandler(8, 'Undefined index...', 'C:\\xampp\\htdocs...', 41, Array)
#1 C:\xampp\htdocs\ci4_PERPUS _nadya\system\View\View.php(210): include('C:\\xampp\\htdocs...')
#2 C:\xampp\htdocs\ci4_PERPUS _nadya\system\View\View.php(213): CodeIgniter\View\View->CodeIgniter\View\{closure}()
#3 C:\xampp\htdocs\ci4_PERPUS _nadya\system\Common.php(1089): CodeIgniter\View\View->render('category/edit', Array, true)
#4 C:\xampp\htdocs\ci4_PERPUS _nadya\app\Controllers\Emis.php(107): view('category/edit', Array)
#5 C:\xampp\htdocs\ci4_PERPUS _nadya\system\CodeIgniter.php(825): App\Controllers\Emis->edit2('88888')
#6 C:\xampp\htdocs\ci4_PERPUS _nadya\system\CodeIgniter.php(412): CodeIgniter\CodeIgniter->runController(Object(App\Controllers\Emis))
#7 C:\xampp\htdocs\ci4_PERPUS _nadya\system\CodeIgniter.php(320): CodeIgniter\CodeIgniter->handleRequest(NULL, Object(Config\Cache), false)
#8 C:\xampp\htdocs\ci4_PERPUS _nadya\public\index.php(37): CodeIgniter\CodeIgniter->run()
#9 C:\xampp\htdocs\ci4_PERPUS _nadya\system\Commands\Server\rewrite.php(43): require_once('C:\\xampp\\htdocs...')
#10 {main}
CRITICAL - 2023-04-07 09:15:26 --> Undefined index: id_daftar
#0 C:\xampp\htdocs\ci4_PERPUS _nadya\app\Views\category\edit.php(41): CodeIgniter\Debug\Exceptions->errorHandler(8, 'Undefined index...', 'C:\\xampp\\htdocs...', 41, Array)
#1 C:\xampp\htdocs\ci4_PERPUS _nadya\system\View\View.php(210): include('C:\\xampp\\htdocs...')
#2 C:\xampp\htdocs\ci4_PERPUS _nadya\system\View\View.php(213): CodeIgniter\View\View->CodeIgniter\View\{closure}()
#3 C:\xampp\htdocs\ci4_PERPUS _nadya\system\Common.php(1089): CodeIgniter\View\View->render('category/edit', Array, true)
#4 C:\xampp\htdocs\ci4_PERPUS _nadya\app\Controllers\Emis.php(107): view('category/edit', Array)
#5 C:\xampp\htdocs\ci4_PERPUS _nadya\system\CodeIgniter.php(825): App\Controllers\Emis->edit2('88888')
#6 C:\xampp\htdocs\ci4_PERPUS _nadya\system\CodeIgniter.php(412): CodeIgniter\CodeIgniter->runController(Object(App\Controllers\Emis))
#7 C:\xampp\htdocs\ci4_PERPUS _nadya\system\CodeIgniter.php(320): CodeIgniter\CodeIgniter->handleRequest(NULL, Object(Config\Cache), false)
#8 C:\xampp\htdocs\ci4_PERPUS _nadya\public\index.php(37): CodeIgniter\CodeIgniter->run()
#9 C:\xampp\htdocs\ci4_PERPUS _nadya\system\Commands\Server\rewrite.php(43): require_once('C:\\xampp\\htdocs...')
#10 {main}
CRITICAL - 2023-04-07 09:15:32 --> Undefined index: id_daftar
#0 C:\xampp\htdocs\ci4_PERPUS _nadya\app\Views\category\edit.php(41): CodeIgniter\Debug\Exceptions->errorHandler(8, 'Undefined index...', 'C:\\xampp\\htdocs...', 41, Array)
#1 C:\xampp\htdocs\ci4_PERPUS _nadya\system\View\View.php(210): include('C:\\xampp\\htdocs...')
#2 C:\xampp\htdocs\ci4_PERPUS _nadya\system\View\View.php(213): CodeIgniter\View\View->CodeIgniter\View\{closure}()
#3 C:\xampp\htdocs\ci4_PERPUS _nadya\system\Common.php(1089): CodeIgniter\View\View->render('category/edit', Array, true)
#4 C:\xampp\htdocs\ci4_PERPUS _nadya\app\Controllers\Emis.php(107): view('category/edit', Array)
#5 C:\xampp\htdocs\ci4_PERPUS _nadya\system\CodeIgniter.php(825): App\Controllers\Emis->edit2('88888')
#6 C:\xampp\htdocs\ci4_PERPUS _nadya\system\CodeIgniter.php(412): CodeIgniter\CodeIgniter->runController(Object(App\Controllers\Emis))
#7 C:\xampp\htdocs\ci4_PERPUS _nadya\system\CodeIgniter.php(320): CodeIgniter\CodeIgniter->handleRequest(NULL, Object(Config\Cache), false)
#8 C:\xampp\htdocs\ci4_PERPUS _nadya\public\index.php(37): CodeIgniter\CodeIgniter->run()
#9 C:\xampp\htdocs\ci4_PERPUS _nadya\system\Commands\Server\rewrite.php(43): require_once('C:\\xampp\\htdocs...')
#10 {main}
CRITICAL - 2023-04-07 09:15:45 --> Undefined index: id_daftar
#0 C:\xampp\htdocs\ci4_PERPUS _nadya\app\Views\category\edit.php(41): CodeIgniter\Debug\Exceptions->errorHandler(8, 'Undefined index...', 'C:\\xampp\\htdocs...', 41, Array)
#1 C:\xampp\htdocs\ci4_PERPUS _nadya\system\View\View.php(210): include('C:\\xampp\\htdocs...')
#2 C:\xampp\htdocs\ci4_PERPUS _nadya\system\View\View.php(213): CodeIgniter\View\View->CodeIgniter\View\{closure}()
#3 C:\xampp\htdocs\ci4_PERPUS _nadya\system\Common.php(1089): CodeIgniter\View\View->render('category/edit', Array, true)
#4 C:\xampp\htdocs\ci4_PERPUS _nadya\app\Controllers\Emis.php(107): view('category/edit', Array)
#5 C:\xampp\htdocs\ci4_PERPUS _nadya\system\CodeIgniter.php(825): App\Controllers\Emis->edit2('88888')
#6 C:\xampp\htdocs\ci4_PERPUS _nadya\system\CodeIgniter.php(412): CodeIgniter\CodeIgniter->runController(Object(App\Controllers\Emis))
#7 C:\xampp\htdocs\ci4_PERPUS _nadya\system\CodeIgniter.php(320): CodeIgniter\CodeIgniter->handleRequest(NULL, Object(Config\Cache), false)
#8 C:\xampp\htdocs\ci4_PERPUS _nadya\public\index.php(37): CodeIgniter\CodeIgniter->run()
#9 C:\xampp\htdocs\ci4_PERPUS _nadya\system\Commands\Server\rewrite.php(43): require_once('C:\\xampp\\htdocs...')
#10 {main}
CRITICAL - 2023-04-07 09:16:46 --> Undefined index: id_daftar
#0 C:\xampp\htdocs\ci4_PERPUS _nadya\app\Views\category\edit.php(41): CodeIgniter\Debug\Exceptions->errorHandler(8, 'Undefined index...', 'C:\\xampp\\htdocs...', 41, Array)
#1 C:\xampp\htdocs\ci4_PERPUS _nadya\system\View\View.php(210): include('C:\\xampp\\htdocs...')
#2 C:\xampp\htdocs\ci4_PERPUS _nadya\system\View\View.php(213): CodeIgniter\View\View->CodeIgniter\View\{closure}()
#3 C:\xampp\htdocs\ci4_PERPUS _nadya\system\Common.php(1089): CodeIgniter\View\View->render('category/edit', Array, true)
#4 C:\xampp\htdocs\ci4_PERPUS _nadya\app\Controllers\Emis.php(107): view('category/edit', Array)
#5 C:\xampp\htdocs\ci4_PERPUS _nadya\system\CodeIgniter.php(825): App\Controllers\Emis->edit2('88888')
#6 C:\xampp\htdocs\ci4_PERPUS _nadya\system\CodeIgniter.php(412): CodeIgniter\CodeIgniter->runController(Object(App\Controllers\Emis))
#7 C:\xampp\htdocs\ci4_PERPUS _nadya\system\CodeIgniter.php(320): CodeIgniter\CodeIgniter->handleRequest(NULL, Object(Config\Cache), false)
#8 C:\xampp\htdocs\ci4_PERPUS _nadya\public\index.php(37): CodeIgniter\CodeIgniter->run()
#9 C:\xampp\htdocs\ci4_PERPUS _nadya\system\Commands\Server\rewrite.php(43): require_once('C:\\xampp\\htdocs...')
#10 {main}
CRITICAL - 2023-04-07 09:16:50 --> Undefined index: id_daftar
#0 C:\xampp\htdocs\ci4_PERPUS _nadya\app\Views\category\edit.php(41): CodeIgniter\Debug\Exceptions->errorHandler(8, 'Undefined index...', 'C:\\xampp\\htdocs...', 41, Array)
#1 C:\xampp\htdocs\ci4_PERPUS _nadya\system\View\View.php(210): include('C:\\xampp\\htdocs...')
#2 C:\xampp\htdocs\ci4_PERPUS _nadya\system\View\View.php(213): CodeIgniter\View\View->CodeIgniter\View\{closure}()
#3 C:\xampp\htdocs\ci4_PERPUS _nadya\system\Common.php(1089): CodeIgniter\View\View->render('category/edit', Array, true)
#4 C:\xampp\htdocs\ci4_PERPUS _nadya\app\Controllers\Emis.php(107): view('category/edit', Array)
#5 C:\xampp\htdocs\ci4_PERPUS _nadya\system\CodeIgniter.php(825): App\Controllers\Emis->edit2('88888')
#6 C:\xampp\htdocs\ci4_PERPUS _nadya\system\CodeIgniter.php(412): CodeIgniter\CodeIgniter->runController(Object(App\Controllers\Emis))
#7 C:\xampp\htdocs\ci4_PERPUS _nadya\system\CodeIgniter.php(320): CodeIgniter\CodeIgniter->handleRequest(NULL, Object(Config\Cache), false)
#8 C:\xampp\htdocs\ci4_PERPUS _nadya\public\index.php(37): CodeIgniter\CodeIgniter->run()
#9 C:\xampp\htdocs\ci4_PERPUS _nadya\system\Commands\Server\rewrite.php(43): require_once('C:\\xampp\\htdocs...')
#10 {main}
CRITICAL - 2023-04-07 09:17:19 --> Undefined index: alamat
#0 C:\xampp\htdocs\ci4_PERPUS _nadya\app\Views\emis\edit2.php(64): CodeIgniter\Debug\Exceptions->errorHandler(8, 'Undefined index...', 'C:\\xampp\\htdocs...', 64, Array)
#1 C:\xampp\htdocs\ci4_PERPUS _nadya\system\View\View.php(210): include('C:\\xampp\\htdocs...')
#2 C:\xampp\htdocs\ci4_PERPUS _nadya\system\View\View.php(213): CodeIgniter\View\View->CodeIgniter\View\{closure}()
#3 C:\xampp\htdocs\ci4_PERPUS _nadya\system\Common.php(1089): CodeIgniter\View\View->render('emis/edit2', Array, true)
#4 C:\xampp\htdocs\ci4_PERPUS _nadya\app\Controllers\Emis.php(107): view('emis/edit2', Array)
#5 C:\xampp\htdocs\ci4_PERPUS _nadya\system\CodeIgniter.php(825): App\Controllers\Emis->edit2('88888')
#6 C:\xampp\htdocs\ci4_PERPUS _nadya\system\CodeIgniter.php(412): CodeIgniter\CodeIgniter->runController(Object(App\Controllers\Emis))
#7 C:\xampp\htdocs\ci4_PERPUS _nadya\system\CodeIgniter.php(320): CodeIgniter\CodeIgniter->handleRequest(NULL, Object(Config\Cache), false)
#8 C:\xampp\htdocs\ci4_PERPUS _nadya\public\index.php(37): CodeIgniter\CodeIgniter->run()
#9 C:\xampp\htdocs\ci4_PERPUS _nadya\system\Commands\Server\rewrite.php(43): require_once('C:\\xampp\\htdocs...')
#10 {main}
CRITICAL - 2023-04-07 09:17:24 --> Undefined variable: category
#0 C:\xampp\htdocs\ci4_PERPUS _nadya\app\Views\emis\edit2.php(41): CodeIgniter\Debug\Exceptions->errorHandler(8, 'Undefined varia...', 'C:\\xampp\\htdocs...', 41, Array)
#1 C:\xampp\htdocs\ci4_PERPUS _nadya\system\View\View.php(210): include('C:\\xampp\\htdocs...')
#2 C:\xampp\htdocs\ci4_PERPUS _nadya\system\View\View.php(213): CodeIgniter\View\View->CodeIgniter\View\{closure}()
#3 C:\xampp\htdocs\ci4_PERPUS _nadya\system\Common.php(1089): CodeIgniter\View\View->render('emis/edit2', Array, true)
#4 C:\xampp\htdocs\ci4_PERPUS _nadya\app\Controllers\Emis.php(107): view('emis/edit2', Array)
#5 C:\xampp\htdocs\ci4_PERPUS _nadya\system\CodeIgniter.php(825): App\Controllers\Emis->edit2('88888')
#6 C:\xampp\htdocs\ci4_PERPUS _nadya\system\CodeIgniter.php(412): CodeIgniter\CodeIgniter->runController(Object(App\Controllers\Emis))
#7 C:\xampp\htdocs\ci4_PERPUS _nadya\system\CodeIgniter.php(320): CodeIgniter\CodeIgniter->handleRequest(NULL, Object(Config\Cache), false)
#8 C:\xampp\htdocs\ci4_PERPUS _nadya\public\index.php(37): CodeIgniter\CodeIgniter->run()
#9 C:\xampp\htdocs\ci4_PERPUS _nadya\system\Commands\Server\rewrite.php(43): require_once('C:\\xampp\\htdocs...')
#10 {main}
CRITICAL - 2023-04-07 09:18:00 --> Undefined variable: category
#0 C:\xampp\htdocs\ci4_PERPUS _nadya\app\Views\emis\edit2.php(41): CodeIgniter\Debug\Exceptions->errorHandler(8, 'Undefined varia...', 'C:\\xampp\\htdocs...', 41, Array)
#1 C:\xampp\htdocs\ci4_PERPUS _nadya\system\View\View.php(210): include('C:\\xampp\\htdocs...')
#2 C:\xampp\htdocs\ci4_PERPUS _nadya\system\View\View.php(213): CodeIgniter\View\View->CodeIgniter\View\{closure}()
#3 C:\xampp\htdocs\ci4_PERPUS _nadya\system\Common.php(1089): CodeIgniter\View\View->render('emis/edit2', Array, true)
#4 C:\xampp\htdocs\ci4_PERPUS _nadya\app\Controllers\Emis.php(107): view('emis/edit2', Array)
#5 C:\xampp\htdocs\ci4_PERPUS _nadya\system\CodeIgniter.php(825): App\Controllers\Emis->edit2('88888')
#6 C:\xampp\htdocs\ci4_PERPUS _nadya\system\CodeIgniter.php(412): CodeIgniter\CodeIgniter->runController(Object(App\Controllers\Emis))
#7 C:\xampp\htdocs\ci4_PERPUS _nadya\system\CodeIgniter.php(320): CodeIgniter\CodeIgniter->handleRequest(NULL, Object(Config\Cache), false)
#8 C:\xampp\htdocs\ci4_PERPUS _nadya\public\index.php(37): CodeIgniter\CodeIgniter->run()
#9 C:\xampp\htdocs\ci4_PERPUS _nadya\system\Commands\Server\rewrite.php(43): require_once('C:\\xampp\\htdocs...')
#10 {main}
CRITICAL - 2023-04-07 09:18:21 --> Undefined variable: category
#0 C:\xampp\htdocs\ci4_PERPUS _nadya\app\Views\emis\edit2.php(41): CodeIgniter\Debug\Exceptions->errorHandler(8, 'Undefined varia...', 'C:\\xampp\\htdocs...', 41, Array)
#1 C:\xampp\htdocs\ci4_PERPUS _nadya\system\View\View.php(210): include('C:\\xampp\\htdocs...')
#2 C:\xampp\htdocs\ci4_PERPUS _nadya\system\View\View.php(213): CodeIgniter\View\View->CodeIgniter\View\{closure}()
#3 C:\xampp\htdocs\ci4_PERPUS _nadya\system\Common.php(1089): CodeIgniter\View\View->render('emis/edit2', Array, true)
#4 C:\xampp\htdocs\ci4_PERPUS _nadya\app\Controllers\Emis.php(107): view('emis/edit2', Array)
#5 C:\xampp\htdocs\ci4_PERPUS _nadya\system\CodeIgniter.php(825): App\Controllers\Emis->edit2('88888')
#6 C:\xampp\htdocs\ci4_PERPUS _nadya\system\CodeIgniter.php(412): CodeIgniter\CodeIgniter->runController(Object(App\Controllers\Emis))
#7 C:\xampp\htdocs\ci4_PERPUS _nadya\system\CodeIgniter.php(320): CodeIgniter\CodeIgniter->handleRequest(NULL, Object(Config\Cache), false)
#8 C:\xampp\htdocs\ci4_PERPUS _nadya\public\index.php(37): CodeIgniter\CodeIgniter->run()
#9 C:\xampp\htdocs\ci4_PERPUS _nadya\system\Commands\Server\rewrite.php(43): require_once('C:\\xampp\\htdocs...')
#10 {main}
CRITICAL - 2023-04-07 09:20:32 --> Undefined variable: category
#0 C:\xampp\htdocs\ci4_PERPUS _nadya\app\Views\emis\edit2.php(41): CodeIgniter\Debug\Exceptions->errorHandler(8, 'Undefined varia...', 'C:\\xampp\\htdocs...', 41, Array)
#1 C:\xampp\htdocs\ci4_PERPUS _nadya\system\View\View.php(210): include('C:\\xampp\\htdocs...')
#2 C:\xampp\htdocs\ci4_PERPUS _nadya\system\View\View.php(213): CodeIgniter\View\View->CodeIgniter\View\{closure}()
#3 C:\xampp\htdocs\ci4_PERPUS _nadya\system\Common.php(1089): CodeIgniter\View\View->render('emis/edit2', Array, true)
#4 C:\xampp\htdocs\ci4_PERPUS _nadya\app\Controllers\Emis.php(107): view('emis/edit2', Array)
#5 C:\xampp\htdocs\ci4_PERPUS _nadya\system\CodeIgniter.php(825): App\Controllers\Emis->edit2('88888')
#6 C:\xampp\htdocs\ci4_PERPUS _nadya\system\CodeIgniter.php(412): CodeIgniter\CodeIgniter->runController(Object(App\Controllers\Emis))
#7 C:\xampp\htdocs\ci4_PERPUS _nadya\system\CodeIgniter.php(320): CodeIgniter\CodeIgniter->handleRequest(NULL, Object(Config\Cache), false)
#8 C:\xampp\htdocs\ci4_PERPUS _nadya\public\index.php(37): CodeIgniter\CodeIgniter->run()
#9 C:\xampp\htdocs\ci4_PERPUS _nadya\system\Commands\Server\rewrite.php(43): require_once('C:\\xampp\\htdocs...')
#10 {main}
CRITICAL - 2023-04-07 09:20:54 --> Undefined variable: category
#0 C:\xampp\htdocs\ci4_PERPUS _nadya\app\Views\emis\edit2.php(44): CodeIgniter\Debug\Exceptions->errorHandler(8, 'Undefined varia...', 'C:\\xampp\\htdocs...', 44, Array)
#1 C:\xampp\htdocs\ci4_PERPUS _nadya\system\View\View.php(210): include('C:\\xampp\\htdocs...')
#2 C:\xampp\htdocs\ci4_PERPUS _nadya\system\View\View.php(213): CodeIgniter\View\View->CodeIgniter\View\{closure}()
#3 C:\xampp\htdocs\ci4_PERPUS _nadya\system\Common.php(1089): CodeIgniter\View\View->render('emis/edit2', Array, true)
#4 C:\xampp\htdocs\ci4_PERPUS _nadya\app\Controllers\Emis.php(107): view('emis/edit2', Array)
#5 C:\xampp\htdocs\ci4_PERPUS _nadya\system\CodeIgniter.php(825): App\Controllers\Emis->edit2('88888')
#6 C:\xampp\htdocs\ci4_PERPUS _nadya\system\CodeIgniter.php(412): CodeIgniter\CodeIgniter->runController(Object(App\Controllers\Emis))
#7 C:\xampp\htdocs\ci4_PERPUS _nadya\system\CodeIgniter.php(320): CodeIgniter\CodeIgniter->handleRequest(NULL, Object(Config\Cache), false)
#8 C:\xampp\htdocs\ci4_PERPUS _nadya\public\index.php(37): CodeIgniter\CodeIgniter->run()
#9 C:\xampp\htdocs\ci4_PERPUS _nadya\system\Commands\Server\rewrite.php(43): require_once('C:\\xampp\\htdocs...')
#10 {main}
ERROR - 2023-04-07 09:22:42 --> Unknown column 'emis' in 'where clause'
CRITICAL - 2023-04-07 09:22:42 --> Unknown column 'emis' in 'where clause'
#0 C:\xampp\htdocs\ci4_PERPUS _nadya\system\Database\MySQLi\Connection.php(292): mysqli->query('UPDATE `emis` S...', 0)
#1 C:\xampp\htdocs\ci4_PERPUS _nadya\system\Database\BaseConnection.php(670): CodeIgniter\Database\MySQLi\Connection->execute('UPDATE `emis` S...')
#2 C:\xampp\htdocs\ci4_PERPUS _nadya\system\Database\BaseConnection.php(598): CodeIgniter\Database\BaseConnection->simpleQuery('UPDATE `emis` S...')
#3 C:\xampp\htdocs\ci4_PERPUS _nadya\system\Database\BaseBuilder.php(1913): CodeIgniter\Database\BaseConnection->query('UPDATE `emis` S...', Array, false)
#4 C:\xampp\htdocs\ci4_PERPUS _nadya\app\Models\Emis_model.php(27): CodeIgniter\Database\BaseBuilder->update(Array, Array)
#5 C:\xampp\htdocs\ci4_PERPUS _nadya\app\Controllers\Emis.php(134): App\Models\Emis_model->updateCategory(Array, '88888')
#6 C:\xampp\htdocs\ci4_PERPUS _nadya\system\CodeIgniter.php(825): App\Controllers\Emis->update()
#7 C:\xampp\htdocs\ci4_PERPUS _nadya\system\CodeIgniter.php(412): CodeIgniter\CodeIgniter->runController(Object(App\Controllers\Emis))
#8 C:\xampp\htdocs\ci4_PERPUS _nadya\system\CodeIgniter.php(320): CodeIgniter\CodeIgniter->handleRequest(NULL, Object(Config\Cache), false)
#9 C:\xampp\htdocs\ci4_PERPUS _nadya\public\index.php(37): CodeIgniter\CodeIgniter->run()
#10 C:\xampp\htdocs\ci4_PERPUS _nadya\system\Commands\Server\rewrite.php(43): require_once('C:\\xampp\\htdocs...')
#11 {main}
ERROR - 2023-04-07 09:23:17 --> Unknown column 'emis' in 'where clause'
CRITICAL - 2023-04-07 09:23:17 --> Unknown column 'emis' in 'where clause'
#0 C:\xampp\htdocs\ci4_PERPUS _nadya\system\Database\MySQLi\Connection.php(292): mysqli->query('UPDATE `emis` S...', 0)
#1 C:\xampp\htdocs\ci4_PERPUS _nadya\system\Database\BaseConnection.php(670): CodeIgniter\Database\MySQLi\Connection->execute('UPDATE `emis` S...')
#2 C:\xampp\htdocs\ci4_PERPUS _nadya\system\Database\BaseConnection.php(598): CodeIgniter\Database\BaseConnection->simpleQuery('UPDATE `emis` S...')
#3 C:\xampp\htdocs\ci4_PERPUS _nadya\system\Database\BaseBuilder.php(1913): CodeIgniter\Database\BaseConnection->query('UPDATE `emis` S...', Array, false)
#4 C:\xampp\htdocs\ci4_PERPUS _nadya\app\Models\Emis_model.php(27): CodeIgniter\Database\BaseBuilder->update(Array, Array)
#5 C:\xampp\htdocs\ci4_PERPUS _nadya\app\Controllers\Emis.php(134): App\Models\Emis_model->updateCategory(Array, '88888')
#6 C:\xampp\htdocs\ci4_PERPUS _nadya\system\CodeIgniter.php(825): App\Controllers\Emis->update()
#7 C:\xampp\htdocs\ci4_PERPUS _nadya\system\CodeIgniter.php(412): CodeIgniter\CodeIgniter->runController(Object(App\Controllers\Emis))
#8 C:\xampp\htdocs\ci4_PERPUS _nadya\system\CodeIgniter.php(320): CodeIgniter\CodeIgniter->handleRequest(NULL, Object(Config\Cache), false)
#9 C:\xampp\htdocs\ci4_PERPUS _nadya\public\index.php(37): CodeIgniter\CodeIgniter->run()
#10 C:\xampp\htdocs\ci4_PERPUS _nadya\system\Commands\Server\rewrite.php(43): require_once('C:\\xampp\\htdocs...')
#11 {main}
ERROR - 2023-04-07 09:25:50 --> Unknown column 'emis' in 'where clause'
CRITICAL - 2023-04-07 09:25:50 --> Unknown column 'emis' in 'where clause'
#0 C:\xampp\htdocs\ci4_PERPUS _nadya\system\Database\MySQLi\Connection.php(292): mysqli->query('UPDATE `emis` S...', 0)
#1 C:\xampp\htdocs\ci4_PERPUS _nadya\system\Database\BaseConnection.php(670): CodeIgniter\Database\MySQLi\Connection->execute('UPDATE `emis` S...')
#2 C:\xampp\htdocs\ci4_PERPUS _nadya\system\Database\BaseConnection.php(598): CodeIgniter\Database\BaseConnection->simpleQuery('UPDATE `emis` S...')
#3 C:\xampp\htdocs\ci4_PERPUS _nadya\system\Database\BaseBuilder.php(1913): CodeIgniter\Database\BaseConnection->query('UPDATE `emis` S...', Array, false)
#4 C:\xampp\htdocs\ci4_PERPUS _nadya\app\Models\Emis_model.php(27): CodeIgniter\Database\BaseBuilder->update(Array, Array)
#5 C:\xampp\htdocs\ci4_PERPUS _nadya\app\Controllers\Emis.php(134): App\Models\Emis_model->updateCategory(Array, '88888')
#6 C:\xampp\htdocs\ci4_PERPUS _nadya\system\CodeIgniter.php(825): App\Controllers\Emis->update()
#7 C:\xampp\htdocs\ci4_PERPUS _nadya\system\CodeIgniter.php(412): CodeIgniter\CodeIgniter->runController(Object(App\Controllers\Emis))
#8 C:\xampp\htdocs\ci4_PERPUS _nadya\system\CodeIgniter.php(320): CodeIgniter\CodeIgniter->handleRequest(NULL, Object(Config\Cache), false)
#9 C:\xampp\htdocs\ci4_PERPUS _nadya\public\index.php(37): CodeIgniter\CodeIgniter->run()
#10 C:\xampp\htdocs\ci4_PERPUS _nadya\system\Commands\Server\rewrite.php(43): require_once('C:\\xampp\\htdocs...')
#11 {main}
ERROR - 2023-04-07 09:28:46 --> Unknown column 'emis' in 'where clause'
CRITICAL - 2023-04-07 09:28:46 --> Unknown column 'emis' in 'where clause'
#0 C:\xampp\htdocs\ci4_PERPUS _nadya\system\Database\MySQLi\Connection.php(292): mysqli->query('UPDATE `emis` S...', 0)
#1 C:\xampp\htdocs\ci4_PERPUS _nadya\system\Database\BaseConnection.php(670): CodeIgniter\Database\MySQLi\Connection->execute('UPDATE `emis` S...')
#2 C:\xampp\htdocs\ci4_PERPUS _nadya\system\Database\BaseConnection.php(598): CodeIgniter\Database\BaseConnection->simpleQuery('UPDATE `emis` S...')
#3 C:\xampp\htdocs\ci4_PERPUS _nadya\system\Database\BaseBuilder.php(1913): CodeIgniter\Database\BaseConnection->query('UPDATE `emis` S...', Array, false)
#4 C:\xampp\htdocs\ci4_PERPUS _nadya\app\Models\Emis_model.php(27): CodeIgniter\Database\BaseBuilder->update(Array, Array)
#5 C:\xampp\htdocs\ci4_PERPUS _nadya\app\Controllers\Emis.php(134): App\Models\Emis_model->updateCategory(Array, '88888')
#6 C:\xampp\htdocs\ci4_PERPUS _nadya\system\CodeIgniter.php(825): App\Controllers\Emis->update2()
#7 C:\xampp\htdocs\ci4_PERPUS _nadya\system\CodeIgniter.php(412): CodeIgniter\CodeIgniter->runController(Object(App\Controllers\Emis))
#8 C:\xampp\htdocs\ci4_PERPUS _nadya\system\CodeIgniter.php(320): CodeIgniter\CodeIgniter->handleRequest(NULL, Object(Config\Cache), false)
#9 C:\xampp\htdocs\ci4_PERPUS _nadya\public\index.php(37): CodeIgniter\CodeIgniter->run()
#10 C:\xampp\htdocs\ci4_PERPUS _nadya\system\Commands\Server\rewrite.php(43): require_once('C:\\xampp\\htdocs...')
#11 {main}
