CRITICAL - 2023-06-11 01:28:32 --> Call to undefined function form_open()
#0 C:\xampp\UTS_Enterprise_msi\system\View\View.php(210): include()
#1 C:\xampp\UTS_Enterprise_msi\system\View\View.php(213): CodeIgniter\View\View->CodeIgniter\View\{closure}()
#2 C:\xampp\UTS_Enterprise_msi\system\Common.php(1089): CodeIgniter\View\View->render('auth_siswa/logi...', Array, true)
#3 C:\xampp\UTS_Enterprise_msi\app\Controllers\Auth_siswa.php(34): view('auth_siswa/logi...')
#4 C:\xampp\UTS_Enterprise_msi\system\CodeIgniter.php(825): App\Controllers\Auth_siswa->login_siswa()
#5 C:\xampp\UTS_Enterprise_msi\system\CodeIgniter.php(412): CodeIgniter\CodeIgniter->runController(Object(App\Controllers\Auth_siswa))
#6 C:\xampp\UTS_Enterprise_msi\system\CodeIgniter.php(320): CodeIgniter\CodeIgniter->handleRequest(NULL, Object(Config\Cache), false)
#7 C:\xampp\UTS_Enterprise_msi\public\index.php(37): CodeIgniter\CodeIgniter->run()
#8 C:\xampp\UTS_Enterprise_msi\system\Commands\Server\rewrite.php(43): require_once('C:\\xampp\\UTS_En...')
#9 {main}
CRITICAL - 2023-06-11 01:46:14 --> Call to undefined function form_open()
#0 C:\xampp\UTS_Enterprise_msi\system\View\View.php(210): include()
#1 C:\xampp\UTS_Enterprise_msi\system\View\View.php(213): CodeIgniter\View\View->CodeIgniter\View\{closure}()
#2 C:\xampp\UTS_Enterprise_msi\system\Common.php(1089): CodeIgniter\View\View->render('auth_siswa/logi...', Array, true)
#3 C:\xampp\UTS_Enterprise_msi\app\Controllers\Auth_siswa.php(34): view('auth_siswa/logi...')
#4 C:\xampp\UTS_Enterprise_msi\system\CodeIgniter.php(825): App\Controllers\Auth_siswa->login_siswa()
#5 C:\xampp\UTS_Enterprise_msi\system\CodeIgniter.php(412): CodeIgniter\CodeIgniter->runController(Object(App\Controllers\Auth_siswa))
#6 C:\xampp\UTS_Enterprise_msi\system\CodeIgniter.php(320): CodeIgniter\CodeIgniter->handleRequest(NULL, Object(Config\Cache), false)
#7 C:\xampp\UTS_Enterprise_msi\public\index.php(37): CodeIgniter\CodeIgniter->run()
#8 C:\xampp\UTS_Enterprise_msi\system\Commands\Server\rewrite.php(43): require_once('C:\\xampp\\UTS_En...')
#9 {main}
CRITICAL - 2023-06-11 01:47:03 --> Call to undefined function form_open()
#0 C:\xampp\UTS_Enterprise_msi\system\View\View.php(210): include()
#1 C:\xampp\UTS_Enterprise_msi\system\View\View.php(213): CodeIgniter\View\View->CodeIgniter\View\{closure}()
#2 C:\xampp\UTS_Enterprise_msi\system\Common.php(1089): CodeIgniter\View\View->render('auth_siswa/logi...', Array, true)
#3 C:\xampp\UTS_Enterprise_msi\app\Controllers\Auth_siswa.php(34): view('auth_siswa/logi...')
#4 C:\xampp\UTS_Enterprise_msi\system\CodeIgniter.php(825): App\Controllers\Auth_siswa->login_siswa()
#5 C:\xampp\UTS_Enterprise_msi\system\CodeIgniter.php(412): CodeIgniter\CodeIgniter->runController(Object(App\Controllers\Auth_siswa))
#6 C:\xampp\UTS_Enterprise_msi\system\CodeIgniter.php(320): CodeIgniter\CodeIgniter->handleRequest(NULL, Object(Config\Cache), false)
#7 C:\xampp\UTS_Enterprise_msi\public\index.php(37): CodeIgniter\CodeIgniter->run()
#8 C:\xampp\UTS_Enterprise_msi\system\Commands\Server\rewrite.php(43): require_once('C:\\xampp\\UTS_En...')
#9 {main}
CRITICAL - 2023-06-11 01:47:03 --> Call to undefined function form_open()
#0 C:\xampp\UTS_Enterprise_msi\system\View\View.php(210): include()
#1 C:\xampp\UTS_Enterprise_msi\system\View\View.php(213): CodeIgniter\View\View->CodeIgniter\View\{closure}()
#2 C:\xampp\UTS_Enterprise_msi\system\Common.php(1089): CodeIgniter\View\View->render('auth_siswa/logi...', Array, true)
#3 C:\xampp\UTS_Enterprise_msi\app\Controllers\Auth_siswa.php(34): view('auth_siswa/logi...')
#4 C:\xampp\UTS_Enterprise_msi\system\CodeIgniter.php(825): App\Controllers\Auth_siswa->login_siswa()
#5 C:\xampp\UTS_Enterprise_msi\system\CodeIgniter.php(412): CodeIgniter\CodeIgniter->runController(Object(App\Controllers\Auth_siswa))
#6 C:\xampp\UTS_Enterprise_msi\system\CodeIgniter.php(320): CodeIgniter\CodeIgniter->handleRequest(NULL, Object(Config\Cache), false)
#7 C:\xampp\UTS_Enterprise_msi\public\index.php(37): CodeIgniter\CodeIgniter->run()
#8 C:\xampp\UTS_Enterprise_msi\system\Commands\Server\rewrite.php(43): require_once('C:\\xampp\\UTS_En...')
#9 {main}
CRITICAL - 2023-06-11 01:47:04 --> Call to undefined function form_open()
#0 C:\xampp\UTS_Enterprise_msi\system\View\View.php(210): include()
#1 C:\xampp\UTS_Enterprise_msi\system\View\View.php(213): CodeIgniter\View\View->CodeIgniter\View\{closure}()
#2 C:\xampp\UTS_Enterprise_msi\system\Common.php(1089): CodeIgniter\View\View->render('auth_siswa/logi...', Array, true)
#3 C:\xampp\UTS_Enterprise_msi\app\Controllers\Auth_siswa.php(34): view('auth_siswa/logi...')
#4 C:\xampp\UTS_Enterprise_msi\system\CodeIgniter.php(825): App\Controllers\Auth_siswa->login_siswa()
#5 C:\xampp\UTS_Enterprise_msi\system\CodeIgniter.php(412): CodeIgniter\CodeIgniter->runController(Object(App\Controllers\Auth_siswa))
#6 C:\xampp\UTS_Enterprise_msi\system\CodeIgniter.php(320): CodeIgniter\CodeIgniter->handleRequest(NULL, Object(Config\Cache), false)
#7 C:\xampp\UTS_Enterprise_msi\public\index.php(37): CodeIgniter\CodeIgniter->run()
#8 C:\xampp\UTS_Enterprise_msi\system\Commands\Server\rewrite.php(43): require_once('C:\\xampp\\UTS_En...')
#9 {main}
CRITICAL - 2023-06-11 01:47:04 --> Call to undefined function form_open()
#0 C:\xampp\UTS_Enterprise_msi\system\View\View.php(210): include()
#1 C:\xampp\UTS_Enterprise_msi\system\View\View.php(213): CodeIgniter\View\View->CodeIgniter\View\{closure}()
#2 C:\xampp\UTS_Enterprise_msi\system\Common.php(1089): CodeIgniter\View\View->render('auth_siswa/logi...', Array, true)
#3 C:\xampp\UTS_Enterprise_msi\app\Controllers\Auth_siswa.php(34): view('auth_siswa/logi...')
#4 C:\xampp\UTS_Enterprise_msi\system\CodeIgniter.php(825): App\Controllers\Auth_siswa->login_siswa()
#5 C:\xampp\UTS_Enterprise_msi\system\CodeIgniter.php(412): CodeIgniter\CodeIgniter->runController(Object(App\Controllers\Auth_siswa))
#6 C:\xampp\UTS_Enterprise_msi\system\CodeIgniter.php(320): CodeIgniter\CodeIgniter->handleRequest(NULL, Object(Config\Cache), false)
#7 C:\xampp\UTS_Enterprise_msi\public\index.php(37): CodeIgniter\CodeIgniter->run()
#8 C:\xampp\UTS_Enterprise_msi\system\Commands\Server\rewrite.php(43): require_once('C:\\xampp\\UTS_En...')
#9 {main}
CRITICAL - 2023-06-11 01:47:04 --> Call to undefined function form_open()
#0 C:\xampp\UTS_Enterprise_msi\system\View\View.php(210): include()
#1 C:\xampp\UTS_Enterprise_msi\system\View\View.php(213): CodeIgniter\View\View->CodeIgniter\View\{closure}()
#2 C:\xampp\UTS_Enterprise_msi\system\Common.php(1089): CodeIgniter\View\View->render('auth_siswa/logi...', Array, true)
#3 C:\xampp\UTS_Enterprise_msi\app\Controllers\Auth_siswa.php(34): view('auth_siswa/logi...')
#4 C:\xampp\UTS_Enterprise_msi\system\CodeIgniter.php(825): App\Controllers\Auth_siswa->login_siswa()
#5 C:\xampp\UTS_Enterprise_msi\system\CodeIgniter.php(412): CodeIgniter\CodeIgniter->runController(Object(App\Controllers\Auth_siswa))
#6 C:\xampp\UTS_Enterprise_msi\system\CodeIgniter.php(320): CodeIgniter\CodeIgniter->handleRequest(NULL, Object(Config\Cache), false)
#7 C:\xampp\UTS_Enterprise_msi\public\index.php(37): CodeIgniter\CodeIgniter->run()
#8 C:\xampp\UTS_Enterprise_msi\system\Commands\Server\rewrite.php(43): require_once('C:\\xampp\\UTS_En...')
#9 {main}
CRITICAL - 2023-06-11 01:47:04 --> Call to undefined function form_open()
#0 C:\xampp\UTS_Enterprise_msi\system\View\View.php(210): include()
#1 C:\xampp\UTS_Enterprise_msi\system\View\View.php(213): CodeIgniter\View\View->CodeIgniter\View\{closure}()
#2 C:\xampp\UTS_Enterprise_msi\system\Common.php(1089): CodeIgniter\View\View->render('auth_siswa/logi...', Array, true)
#3 C:\xampp\UTS_Enterprise_msi\app\Controllers\Auth_siswa.php(34): view('auth_siswa/logi...')
#4 C:\xampp\UTS_Enterprise_msi\system\CodeIgniter.php(825): App\Controllers\Auth_siswa->login_siswa()
#5 C:\xampp\UTS_Enterprise_msi\system\CodeIgniter.php(412): CodeIgniter\CodeIgniter->runController(Object(App\Controllers\Auth_siswa))
#6 C:\xampp\UTS_Enterprise_msi\system\CodeIgniter.php(320): CodeIgniter\CodeIgniter->handleRequest(NULL, Object(Config\Cache), false)
#7 C:\xampp\UTS_Enterprise_msi\public\index.php(37): CodeIgniter\CodeIgniter->run()
#8 C:\xampp\UTS_Enterprise_msi\system\Commands\Server\rewrite.php(43): require_once('C:\\xampp\\UTS_En...')
#9 {main}
CRITICAL - 2023-06-11 01:47:28 --> Call to undefined function form_open()
#0 C:\xampp\UTS_Enterprise_msi\system\View\View.php(210): include()
#1 C:\xampp\UTS_Enterprise_msi\system\View\View.php(213): CodeIgniter\View\View->CodeIgniter\View\{closure}()
#2 C:\xampp\UTS_Enterprise_msi\system\Common.php(1089): CodeIgniter\View\View->render('auth_siswa/logi...', Array, true)
#3 C:\xampp\UTS_Enterprise_msi\app\Controllers\Auth_siswa.php(34): view('auth_siswa/logi...')
#4 C:\xampp\UTS_Enterprise_msi\system\CodeIgniter.php(825): App\Controllers\Auth_siswa->login_siswa()
#5 C:\xampp\UTS_Enterprise_msi\system\CodeIgniter.php(412): CodeIgniter\CodeIgniter->runController(Object(App\Controllers\Auth_siswa))
#6 C:\xampp\UTS_Enterprise_msi\system\CodeIgniter.php(320): CodeIgniter\CodeIgniter->handleRequest(NULL, Object(Config\Cache), false)
#7 C:\xampp\UTS_Enterprise_msi\public\index.php(37): CodeIgniter\CodeIgniter->run()
#8 C:\xampp\UTS_Enterprise_msi\system\Commands\Server\rewrite.php(43): require_once('C:\\xampp\\UTS_En...')
#9 {main}
CRITICAL - 2023-06-11 01:47:29 --> Call to undefined function form_open()
#0 C:\xampp\UTS_Enterprise_msi\system\View\View.php(210): include()
#1 C:\xampp\UTS_Enterprise_msi\system\View\View.php(213): CodeIgniter\View\View->CodeIgniter\View\{closure}()
#2 C:\xampp\UTS_Enterprise_msi\system\Common.php(1089): CodeIgniter\View\View->render('auth_siswa/logi...', Array, true)
#3 C:\xampp\UTS_Enterprise_msi\app\Controllers\Auth_siswa.php(34): view('auth_siswa/logi...')
#4 C:\xampp\UTS_Enterprise_msi\system\CodeIgniter.php(825): App\Controllers\Auth_siswa->login_siswa()
#5 C:\xampp\UTS_Enterprise_msi\system\CodeIgniter.php(412): CodeIgniter\CodeIgniter->runController(Object(App\Controllers\Auth_siswa))
#6 C:\xampp\UTS_Enterprise_msi\system\CodeIgniter.php(320): CodeIgniter\CodeIgniter->handleRequest(NULL, Object(Config\Cache), false)
#7 C:\xampp\UTS_Enterprise_msi\public\index.php(37): CodeIgniter\CodeIgniter->run()
#8 C:\xampp\UTS_Enterprise_msi\system\Commands\Server\rewrite.php(43): require_once('C:\\xampp\\UTS_En...')
#9 {main}
CRITICAL - 2023-06-11 01:47:29 --> Call to undefined function form_open()
#0 C:\xampp\UTS_Enterprise_msi\system\View\View.php(210): include()
#1 C:\xampp\UTS_Enterprise_msi\system\View\View.php(213): CodeIgniter\View\View->CodeIgniter\View\{closure}()
#2 C:\xampp\UTS_Enterprise_msi\system\Common.php(1089): CodeIgniter\View\View->render('auth_siswa/logi...', Array, true)
#3 C:\xampp\UTS_Enterprise_msi\app\Controllers\Auth_siswa.php(34): view('auth_siswa/logi...')
#4 C:\xampp\UTS_Enterprise_msi\system\CodeIgniter.php(825): App\Controllers\Auth_siswa->login_siswa()
#5 C:\xampp\UTS_Enterprise_msi\system\CodeIgniter.php(412): CodeIgniter\CodeIgniter->runController(Object(App\Controllers\Auth_siswa))
#6 C:\xampp\UTS_Enterprise_msi\system\CodeIgniter.php(320): CodeIgniter\CodeIgniter->handleRequest(NULL, Object(Config\Cache), false)
#7 C:\xampp\UTS_Enterprise_msi\public\index.php(37): CodeIgniter\CodeIgniter->run()
#8 C:\xampp\UTS_Enterprise_msi\system\Commands\Server\rewrite.php(43): require_once('C:\\xampp\\UTS_En...')
#9 {main}
CRITICAL - 2023-06-11 01:47:29 --> Call to undefined function form_open()
#0 C:\xampp\UTS_Enterprise_msi\system\View\View.php(210): include()
#1 C:\xampp\UTS_Enterprise_msi\system\View\View.php(213): CodeIgniter\View\View->CodeIgniter\View\{closure}()
#2 C:\xampp\UTS_Enterprise_msi\system\Common.php(1089): CodeIgniter\View\View->render('auth_siswa/logi...', Array, true)
#3 C:\xampp\UTS_Enterprise_msi\app\Controllers\Auth_siswa.php(34): view('auth_siswa/logi...')
#4 C:\xampp\UTS_Enterprise_msi\system\CodeIgniter.php(825): App\Controllers\Auth_siswa->login_siswa()
#5 C:\xampp\UTS_Enterprise_msi\system\CodeIgniter.php(412): CodeIgniter\CodeIgniter->runController(Object(App\Controllers\Auth_siswa))
#6 C:\xampp\UTS_Enterprise_msi\system\CodeIgniter.php(320): CodeIgniter\CodeIgniter->handleRequest(NULL, Object(Config\Cache), false)
#7 C:\xampp\UTS_Enterprise_msi\public\index.php(37): CodeIgniter\CodeIgniter->run()
#8 C:\xampp\UTS_Enterprise_msi\system\Commands\Server\rewrite.php(43): require_once('C:\\xampp\\UTS_En...')
#9 {main}
CRITICAL - 2023-06-11 01:47:29 --> Call to undefined function form_open()
#0 C:\xampp\UTS_Enterprise_msi\system\View\View.php(210): include()
#1 C:\xampp\UTS_Enterprise_msi\system\View\View.php(213): CodeIgniter\View\View->CodeIgniter\View\{closure}()
#2 C:\xampp\UTS_Enterprise_msi\system\Common.php(1089): CodeIgniter\View\View->render('auth_siswa/logi...', Array, true)
#3 C:\xampp\UTS_Enterprise_msi\app\Controllers\Auth_siswa.php(34): view('auth_siswa/logi...')
#4 C:\xampp\UTS_Enterprise_msi\system\CodeIgniter.php(825): App\Controllers\Auth_siswa->login_siswa()
#5 C:\xampp\UTS_Enterprise_msi\system\CodeIgniter.php(412): CodeIgniter\CodeIgniter->runController(Object(App\Controllers\Auth_siswa))
#6 C:\xampp\UTS_Enterprise_msi\system\CodeIgniter.php(320): CodeIgniter\CodeIgniter->handleRequest(NULL, Object(Config\Cache), false)
#7 C:\xampp\UTS_Enterprise_msi\public\index.php(37): CodeIgniter\CodeIgniter->run()
#8 C:\xampp\UTS_Enterprise_msi\system\Commands\Server\rewrite.php(43): require_once('C:\\xampp\\UTS_En...')
#9 {main}
CRITICAL - 2023-06-11 01:47:29 --> Call to undefined function form_open()
#0 C:\xampp\UTS_Enterprise_msi\system\View\View.php(210): include()
#1 C:\xampp\UTS_Enterprise_msi\system\View\View.php(213): CodeIgniter\View\View->CodeIgniter\View\{closure}()
#2 C:\xampp\UTS_Enterprise_msi\system\Common.php(1089): CodeIgniter\View\View->render('auth_siswa/logi...', Array, true)
#3 C:\xampp\UTS_Enterprise_msi\app\Controllers\Auth_siswa.php(34): view('auth_siswa/logi...')
#4 C:\xampp\UTS_Enterprise_msi\system\CodeIgniter.php(825): App\Controllers\Auth_siswa->login_siswa()
#5 C:\xampp\UTS_Enterprise_msi\system\CodeIgniter.php(412): CodeIgniter\CodeIgniter->runController(Object(App\Controllers\Auth_siswa))
#6 C:\xampp\UTS_Enterprise_msi\system\CodeIgniter.php(320): CodeIgniter\CodeIgniter->handleRequest(NULL, Object(Config\Cache), false)
#7 C:\xampp\UTS_Enterprise_msi\public\index.php(37): CodeIgniter\CodeIgniter->run()
#8 C:\xampp\UTS_Enterprise_msi\system\Commands\Server\rewrite.php(43): require_once('C:\\xampp\\UTS_En...')
#9 {main}
CRITICAL - 2023-06-11 01:47:29 --> Call to undefined function form_open()
#0 C:\xampp\UTS_Enterprise_msi\system\View\View.php(210): include()
#1 C:\xampp\UTS_Enterprise_msi\system\View\View.php(213): CodeIgniter\View\View->CodeIgniter\View\{closure}()
#2 C:\xampp\UTS_Enterprise_msi\system\Common.php(1089): CodeIgniter\View\View->render('auth_siswa/logi...', Array, true)
#3 C:\xampp\UTS_Enterprise_msi\app\Controllers\Auth_siswa.php(34): view('auth_siswa/logi...')
#4 C:\xampp\UTS_Enterprise_msi\system\CodeIgniter.php(825): App\Controllers\Auth_siswa->login_siswa()
#5 C:\xampp\UTS_Enterprise_msi\system\CodeIgniter.php(412): CodeIgniter\CodeIgniter->runController(Object(App\Controllers\Auth_siswa))
#6 C:\xampp\UTS_Enterprise_msi\system\CodeIgniter.php(320): CodeIgniter\CodeIgniter->handleRequest(NULL, Object(Config\Cache), false)
#7 C:\xampp\UTS_Enterprise_msi\public\index.php(37): CodeIgniter\CodeIgniter->run()
#8 C:\xampp\UTS_Enterprise_msi\system\Commands\Server\rewrite.php(43): require_once('C:\\xampp\\UTS_En...')
#9 {main}
CRITICAL - 2023-06-11 01:47:30 --> Call to undefined function form_open()
#0 C:\xampp\UTS_Enterprise_msi\system\View\View.php(210): include()
#1 C:\xampp\UTS_Enterprise_msi\system\View\View.php(213): CodeIgniter\View\View->CodeIgniter\View\{closure}()
#2 C:\xampp\UTS_Enterprise_msi\system\Common.php(1089): CodeIgniter\View\View->render('auth_siswa/logi...', Array, true)
#3 C:\xampp\UTS_Enterprise_msi\app\Controllers\Auth_siswa.php(34): view('auth_siswa/logi...')
#4 C:\xampp\UTS_Enterprise_msi\system\CodeIgniter.php(825): App\Controllers\Auth_siswa->login_siswa()
#5 C:\xampp\UTS_Enterprise_msi\system\CodeIgniter.php(412): CodeIgniter\CodeIgniter->runController(Object(App\Controllers\Auth_siswa))
#6 C:\xampp\UTS_Enterprise_msi\system\CodeIgniter.php(320): CodeIgniter\CodeIgniter->handleRequest(NULL, Object(Config\Cache), false)
#7 C:\xampp\UTS_Enterprise_msi\public\index.php(37): CodeIgniter\CodeIgniter->run()
#8 C:\xampp\UTS_Enterprise_msi\system\Commands\Server\rewrite.php(43): require_once('C:\\xampp\\UTS_En...')
#9 {main}
CRITICAL - 2023-06-11 01:49:41 --> Call to undefined function form_open()
#0 C:\xampp\UTS_Enterprise_msi\system\View\View.php(210): include()
#1 C:\xampp\UTS_Enterprise_msi\system\View\View.php(213): CodeIgniter\View\View->CodeIgniter\View\{closure}()
#2 C:\xampp\UTS_Enterprise_msi\system\Common.php(1089): CodeIgniter\View\View->render('auth_siswa/logi...', Array, true)
#3 C:\xampp\UTS_Enterprise_msi\app\Controllers\Auth_siswa.php(34): view('auth_siswa/logi...')
#4 C:\xampp\UTS_Enterprise_msi\system\CodeIgniter.php(825): App\Controllers\Auth_siswa->login_siswa()
#5 C:\xampp\UTS_Enterprise_msi\system\CodeIgniter.php(412): CodeIgniter\CodeIgniter->runController(Object(App\Controllers\Auth_siswa))
#6 C:\xampp\UTS_Enterprise_msi\system\CodeIgniter.php(320): CodeIgniter\CodeIgniter->handleRequest(NULL, Object(Config\Cache), false)
#7 C:\xampp\UTS_Enterprise_msi\public\index.php(37): CodeIgniter\CodeIgniter->run()
#8 C:\xampp\UTS_Enterprise_msi\system\Commands\Server\rewrite.php(43): require_once('C:\\xampp\\UTS_En...')
#9 {main}
CRITICAL - 2023-06-11 01:57:11 --> authlogin_siswa is not a validation rules group.
#0 C:\xampp\UTS_Enterprise_msi\system\Validation\Validation.php(543): CodeIgniter\Validation\Exceptions\ValidationException::forGroupNotFound('authlogin_siswa')
#1 C:\xampp\UTS_Enterprise_msi\system\Validation\Validation.php(116): CodeIgniter\Validation\Validation->loadRuleGroup('authlogin_siswa')
#2 C:\xampp\UTS_Enterprise_msi\app\Controllers\Auth_siswa.php(65): CodeIgniter\Validation\Validation->run(Array, 'authlogin_siswa')
#3 C:\xampp\UTS_Enterprise_msi\system\CodeIgniter.php(825): App\Controllers\Auth_siswa->proses_login()
#4 C:\xampp\UTS_Enterprise_msi\system\CodeIgniter.php(412): CodeIgniter\CodeIgniter->runController(Object(App\Controllers\Auth_siswa))
#5 C:\xampp\UTS_Enterprise_msi\system\CodeIgniter.php(320): CodeIgniter\CodeIgniter->handleRequest(NULL, Object(Config\Cache), false)
#6 C:\xampp\UTS_Enterprise_msi\public\index.php(37): CodeIgniter\CodeIgniter->run()
#7 C:\xampp\UTS_Enterprise_msi\system\Commands\Server\rewrite.php(43): require_once('C:\\xampp\\UTS_En...')
#8 {main}
CRITICAL - 2023-06-11 02:05:19 --> Trying to access array offset on value of type bool
#0 C:\xampp\UTS_Enterprise_msi\app\Controllers\Auth_siswa.php(72): CodeIgniter\Debug\Exceptions->errorHandler(2, 'Trying to acces...', 'C:\\xampp\\UTS_En...', 72)
#1 C:\xampp\UTS_Enterprise_msi\system\CodeIgniter.php(825): App\Controllers\Auth_siswa->proses_login()
#2 C:\xampp\UTS_Enterprise_msi\system\CodeIgniter.php(412): CodeIgniter\CodeIgniter->runController(Object(App\Controllers\Auth_siswa))
#3 C:\xampp\UTS_Enterprise_msi\system\CodeIgniter.php(320): CodeIgniter\CodeIgniter->handleRequest(NULL, Object(Config\Cache), false)
#4 C:\xampp\UTS_Enterprise_msi\public\index.php(37): CodeIgniter\CodeIgniter->run()
#5 C:\xampp\UTS_Enterprise_msi\system\Commands\Server\rewrite.php(43): require_once('C:\\xampp\\UTS_En...')
#6 {main}
