CRITICAL - 2023-04-12 00:59:24 --> datanilai is not a validation rules group.
#0 C:\xampp\htdocs\msi_baru2\system\Validation\Validation.php(543): CodeIgniter\Validation\Exceptions\ValidationException::forGroupNotFound('datanilai')
#1 C:\xampp\htdocs\msi_baru2\system\Validation\Validation.php(116): CodeIgniter\Validation\Validation->loadRuleGroup('datanilai')
#2 C:\xampp\htdocs\msi_baru2\app\Controllers\Datanilai.php(86): CodeIgniter\Validation\Validation->run(Array, 'datanilai')
#3 C:\xampp\htdocs\msi_baru2\system\CodeIgniter.php(825): App\Controllers\Datanilai->store8()
#4 C:\xampp\htdocs\msi_baru2\system\CodeIgniter.php(412): CodeIgniter\CodeIgniter->runController(Object(App\Controllers\Datanilai))
#5 C:\xampp\htdocs\msi_baru2\system\CodeIgniter.php(320): CodeIgniter\CodeIgniter->handleRequest(NULL, Object(Config\Cache), false)
#6 C:\xampp\htdocs\msi_baru2\public\index.php(37): CodeIgniter\CodeIgniter->run()
#7 C:\xampp\htdocs\msi_baru2\system\Commands\Server\rewrite.php(43): require_once('C:\\xampp\\htdocs...')
#8 {main}
ERROR - 2023-04-12 01:21:14 --> Unknown column 'id' in 'where clause'
CRITICAL - 2023-04-12 01:21:14 --> Unknown column 'id' in 'where clause'
#0 C:\xampp\htdocs\msi_baru2\system\Database\MySQLi\Connection.php(292): mysqli->query('SELECT *\nFROM `...', 0)
#1 C:\xampp\htdocs\msi_baru2\system\Database\BaseConnection.php(670): CodeIgniter\Database\MySQLi\Connection->execute('SELECT *\nFROM `...')
#2 C:\xampp\htdocs\msi_baru2\system\Database\BaseConnection.php(598): CodeIgniter\Database\BaseConnection->simpleQuery('SELECT *\nFROM `...')
#3 C:\xampp\htdocs\msi_baru2\system\Database\BaseBuilder.php(1588): CodeIgniter\Database\BaseConnection->query('SELECT *\nFROM `...', Array, false)
#4 C:\xampp\htdocs\msi_baru2\system\Model.php(728): CodeIgniter\Database\BaseBuilder->getWhere(Array)
#5 C:\xampp\htdocs\msi_baru2\app\Models\Datanilai_model.php(14): CodeIgniter\Model->__call('getWhere', Array)
#6 C:\xampp\htdocs\msi_baru2\app\Controllers\Datanilai.php(105): App\Models\Datanilai_model->getCategory('88888')
#7 C:\xampp\htdocs\msi_baru2\system\CodeIgniter.php(825): App\Controllers\Datanilai->edit8('88888')
#8 C:\xampp\htdocs\msi_baru2\system\CodeIgniter.php(412): CodeIgniter\CodeIgniter->runController(Object(App\Controllers\Datanilai))
#9 C:\xampp\htdocs\msi_baru2\system\CodeIgniter.php(320): CodeIgniter\CodeIgniter->handleRequest(NULL, Object(Config\Cache), false)
#10 C:\xampp\htdocs\msi_baru2\public\index.php(37): CodeIgniter\CodeIgniter->run()
#11 C:\xampp\htdocs\msi_baru2\system\Commands\Server\rewrite.php(43): require_once('C:\\xampp\\htdocs...')
#12 {main}
CRITICAL - 2023-04-12 03:12:51 --> Invalid file: datapembayaran/idx9.php
#0 C:\xampp\htdocs\msi_baru2\system\View\View.php(198): CodeIgniter\Exceptions\FrameworkException::forInvalidFile('datapembayaran/...')
#1 C:\xampp\htdocs\msi_baru2\system\Common.php(1089): CodeIgniter\View\View->render('datapembayaran/...', Array, true)
#2 C:\xampp\htdocs\msi_baru2\app\Controllers\Datapembayaran.php(62): view('datapembayaran/...', Array)
#3 C:\xampp\htdocs\msi_baru2\system\CodeIgniter.php(825): App\Controllers\Datapembayaran->index()
#4 C:\xampp\htdocs\msi_baru2\system\CodeIgniter.php(412): CodeIgniter\CodeIgniter->runController(Object(App\Controllers\Datapembayaran))
#5 C:\xampp\htdocs\msi_baru2\system\CodeIgniter.php(320): CodeIgniter\CodeIgniter->handleRequest(NULL, Object(Config\Cache), false)
#6 C:\xampp\htdocs\msi_baru2\public\index.php(37): CodeIgniter\CodeIgniter->run()
#7 C:\xampp\htdocs\msi_baru2\system\Commands\Server\rewrite.php(43): require_once('C:\\xampp\\htdocs...')
#8 {main}
CRITICAL - 2023-04-12 03:14:17 --> Invalid file: datapembayaran/idx9.php
#0 C:\xampp\htdocs\msi_baru2\system\View\View.php(198): CodeIgniter\Exceptions\FrameworkException::forInvalidFile('datapembayaran/...')
#1 C:\xampp\htdocs\msi_baru2\system\Common.php(1089): CodeIgniter\View\View->render('datapembayaran/...', Array, true)
#2 C:\xampp\htdocs\msi_baru2\app\Controllers\Datapembayaran.php(62): view('datapembayaran/...', Array)
#3 C:\xampp\htdocs\msi_baru2\system\CodeIgniter.php(825): App\Controllers\Datapembayaran->index()
#4 C:\xampp\htdocs\msi_baru2\system\CodeIgniter.php(412): CodeIgniter\CodeIgniter->runController(Object(App\Controllers\Datapembayaran))
#5 C:\xampp\htdocs\msi_baru2\system\CodeIgniter.php(320): CodeIgniter\CodeIgniter->handleRequest(NULL, Object(Config\Cache), false)
#6 C:\xampp\htdocs\msi_baru2\public\index.php(37): CodeIgniter\CodeIgniter->run()
#7 C:\xampp\htdocs\msi_baru2\system\Commands\Server\rewrite.php(43): require_once('C:\\xampp\\htdocs...')
#8 {main}
CRITICAL - 2023-04-12 03:14:53 --> Invalid file: datapembayaran/idx9.php
#0 C:\xampp\htdocs\msi_baru2\system\View\View.php(198): CodeIgniter\Exceptions\FrameworkException::forInvalidFile('datapembayaran/...')
#1 C:\xampp\htdocs\msi_baru2\system\Common.php(1089): CodeIgniter\View\View->render('datapembayaran/...', Array, true)
#2 C:\xampp\htdocs\msi_baru2\app\Controllers\Datapembayaran.php(62): view('datapembayaran/...', Array)
#3 C:\xampp\htdocs\msi_baru2\system\CodeIgniter.php(825): App\Controllers\Datapembayaran->index()
#4 C:\xampp\htdocs\msi_baru2\system\CodeIgniter.php(412): CodeIgniter\CodeIgniter->runController(Object(App\Controllers\Datapembayaran))
#5 C:\xampp\htdocs\msi_baru2\system\CodeIgniter.php(320): CodeIgniter\CodeIgniter->handleRequest(NULL, Object(Config\Cache), false)
#6 C:\xampp\htdocs\msi_baru2\public\index.php(37): CodeIgniter\CodeIgniter->run()
#7 C:\xampp\htdocs\msi_baru2\system\Commands\Server\rewrite.php(43): require_once('C:\\xampp\\htdocs...')
#8 {main}
ERROR - 2023-04-12 03:15:48 --> Table 'db_msi_sugihwaras.pembayara' doesn't exist
CRITICAL - 2023-04-12 03:15:48 --> Table 'db_msi_sugihwaras.pembayara' doesn't exist
#0 C:\xampp\htdocs\msi_baru2\system\Database\MySQLi\Connection.php(292): mysqli->query('SELECT *\nFROM `...', 0)
#1 C:\xampp\htdocs\msi_baru2\system\Database\BaseConnection.php(670): CodeIgniter\Database\MySQLi\Connection->execute('SELECT *\nFROM `...')
#2 C:\xampp\htdocs\msi_baru2\system\Database\BaseConnection.php(598): CodeIgniter\Database\BaseConnection->simpleQuery('SELECT *\nFROM `...')
#3 C:\xampp\htdocs\msi_baru2\system\Database\BaseBuilder.php(1455): CodeIgniter\Database\BaseConnection->query('SELECT *\nFROM `...', Array, false)
#4 C:\xampp\htdocs\msi_baru2\system\Model.php(183): CodeIgniter\Database\BaseBuilder->get()
#5 C:\xampp\htdocs\msi_baru2\system\BaseModel.php(584): CodeIgniter\Model->doFindAll(0, 0)
#6 C:\xampp\htdocs\msi_baru2\app\Controllers\Datapembayaran.php(30): CodeIgniter\BaseModel->findAll()
#7 C:\xampp\htdocs\msi_baru2\system\CodeIgniter.php(825): App\Controllers\Datapembayaran->index()
#8 C:\xampp\htdocs\msi_baru2\system\CodeIgniter.php(412): CodeIgniter\CodeIgniter->runController(Object(App\Controllers\Datapembayaran))
#9 C:\xampp\htdocs\msi_baru2\system\CodeIgniter.php(320): CodeIgniter\CodeIgniter->handleRequest(NULL, Object(Config\Cache), false)
#10 C:\xampp\htdocs\msi_baru2\public\index.php(37): CodeIgniter\CodeIgniter->run()
#11 C:\xampp\htdocs\msi_baru2\system\Commands\Server\rewrite.php(43): require_once('C:\\xampp\\htdocs...')
#12 {main}
CRITICAL - 2023-04-12 03:15:53 --> Invalid file: datapembayaran/idx9.php
#0 C:\xampp\htdocs\msi_baru2\system\View\View.php(198): CodeIgniter\Exceptions\FrameworkException::forInvalidFile('datapembayaran/...')
#1 C:\xampp\htdocs\msi_baru2\system\Common.php(1089): CodeIgniter\View\View->render('datapembayaran/...', Array, true)
#2 C:\xampp\htdocs\msi_baru2\app\Controllers\Datapembayaran.php(62): view('datapembayaran/...', Array)
#3 C:\xampp\htdocs\msi_baru2\system\CodeIgniter.php(825): App\Controllers\Datapembayaran->index()
#4 C:\xampp\htdocs\msi_baru2\system\CodeIgniter.php(412): CodeIgniter\CodeIgniter->runController(Object(App\Controllers\Datapembayaran))
#5 C:\xampp\htdocs\msi_baru2\system\CodeIgniter.php(320): CodeIgniter\CodeIgniter->handleRequest(NULL, Object(Config\Cache), false)
#6 C:\xampp\htdocs\msi_baru2\public\index.php(37): CodeIgniter\CodeIgniter->run()
#7 C:\xampp\htdocs\msi_baru2\system\Commands\Server\rewrite.php(43): require_once('C:\\xampp\\htdocs...')
#8 {main}
ERROR - 2023-04-12 03:19:38 --> Unknown column 'bhs_indonesia' in 'where clause'
CRITICAL - 2023-04-12 03:19:38 --> Unknown column 'bhs_indonesia' in 'where clause'
#0 C:\xampp\htdocs\msi_baru2\system\Database\MySQLi\Connection.php(292): mysqli->query('SELECT *\nFROM `...', 0)
#1 C:\xampp\htdocs\msi_baru2\system\Database\BaseConnection.php(670): CodeIgniter\Database\MySQLi\Connection->execute('SELECT *\nFROM `...')
#2 C:\xampp\htdocs\msi_baru2\system\Database\BaseConnection.php(598): CodeIgniter\Database\BaseConnection->simpleQuery('SELECT *\nFROM `...')
#3 C:\xampp\htdocs\msi_baru2\system\Database\BaseBuilder.php(1455): CodeIgniter\Database\BaseConnection->query('SELECT *\nFROM `...', Array, false)
#4 C:\xampp\htdocs\msi_baru2\system\Model.php(183): CodeIgniter\Database\BaseBuilder->get()
#5 C:\xampp\htdocs\msi_baru2\system\BaseModel.php(584): CodeIgniter\Model->doFindAll(0, 0)
#6 C:\xampp\htdocs\msi_baru2\app\Controllers\Datapembayaran.php(30): CodeIgniter\BaseModel->findAll()
#7 C:\xampp\htdocs\msi_baru2\system\CodeIgniter.php(825): App\Controllers\Datapembayaran->index()
#8 C:\xampp\htdocs\msi_baru2\system\CodeIgniter.php(412): CodeIgniter\CodeIgniter->runController(Object(App\Controllers\Datapembayaran))
#9 C:\xampp\htdocs\msi_baru2\system\CodeIgniter.php(320): CodeIgniter\CodeIgniter->handleRequest(NULL, Object(Config\Cache), false)
#10 C:\xampp\htdocs\msi_baru2\public\index.php(37): CodeIgniter\CodeIgniter->run()
#11 C:\xampp\htdocs\msi_baru2\system\Commands\Server\rewrite.php(43): require_once('C:\\xampp\\htdocs...')
#12 {main}
CRITICAL - 2023-04-12 03:23:44 --> Invalid file: pembayaran/create9.php
#0 C:\xampp\htdocs\msi_baru2\system\View\View.php(198): CodeIgniter\Exceptions\FrameworkException::forInvalidFile('pembayaran/crea...')
#1 C:\xampp\htdocs\msi_baru2\system\Common.php(1089): CodeIgniter\View\View->render('pembayaran/crea...', Array, true)
#2 C:\xampp\htdocs\msi_baru2\app\Controllers\Datapembayaran.php(68): view('pembayaran/crea...')
#3 C:\xampp\htdocs\msi_baru2\system\CodeIgniter.php(825): App\Controllers\Datapembayaran->create9()
#4 C:\xampp\htdocs\msi_baru2\system\CodeIgniter.php(412): CodeIgniter\CodeIgniter->runController(Object(App\Controllers\Datapembayaran))
#5 C:\xampp\htdocs\msi_baru2\system\CodeIgniter.php(320): CodeIgniter\CodeIgniter->handleRequest(NULL, Object(Config\Cache), false)
#6 C:\xampp\htdocs\msi_baru2\public\index.php(37): CodeIgniter\CodeIgniter->run()
#7 C:\xampp\htdocs\msi_baru2\system\Commands\Server\rewrite.php(43): require_once('C:\\xampp\\htdocs...')
#8 {main}
CRITICAL - 2023-04-12 03:24:41 --> Invalid file: datapengeluaran/idx10.php
#0 C:\xampp\htdocs\msi_baru2\system\View\View.php(198): CodeIgniter\Exceptions\FrameworkException::forInvalidFile('datapengeluaran...')
#1 C:\xampp\htdocs\msi_baru2\system\Common.php(1089): CodeIgniter\View\View->render('datapengeluaran...', Array, true)
#2 C:\xampp\htdocs\msi_baru2\app\Controllers\Datapengeluaran.php(62): view('datapengeluaran...', Array)
#3 C:\xampp\htdocs\msi_baru2\system\CodeIgniter.php(825): App\Controllers\Datapengeluaran->index()
#4 C:\xampp\htdocs\msi_baru2\system\CodeIgniter.php(412): CodeIgniter\CodeIgniter->runController(Object(App\Controllers\Datapengeluaran))
#5 C:\xampp\htdocs\msi_baru2\system\CodeIgniter.php(320): CodeIgniter\CodeIgniter->handleRequest(NULL, Object(Config\Cache), false)
#6 C:\xampp\htdocs\msi_baru2\public\index.php(37): CodeIgniter\CodeIgniter->run()
#7 C:\xampp\htdocs\msi_baru2\system\Commands\Server\rewrite.php(43): require_once('C:\\xampp\\htdocs...')
#8 {main}
CRITICAL - 2023-04-12 03:24:56 --> Invalid file: datapengeluaran/idx10.php
#0 C:\xampp\htdocs\msi_baru2\system\View\View.php(198): CodeIgniter\Exceptions\FrameworkException::forInvalidFile('datapengeluaran...')
#1 C:\xampp\htdocs\msi_baru2\system\Common.php(1089): CodeIgniter\View\View->render('datapengeluaran...', Array, true)
#2 C:\xampp\htdocs\msi_baru2\app\Controllers\Datapengeluaran.php(62): view('datapengeluaran...', Array)
#3 C:\xampp\htdocs\msi_baru2\system\CodeIgniter.php(825): App\Controllers\Datapengeluaran->index()
#4 C:\xampp\htdocs\msi_baru2\system\CodeIgniter.php(412): CodeIgniter\CodeIgniter->runController(Object(App\Controllers\Datapengeluaran))
#5 C:\xampp\htdocs\msi_baru2\system\CodeIgniter.php(320): CodeIgniter\CodeIgniter->handleRequest(NULL, Object(Config\Cache), false)
#6 C:\xampp\htdocs\msi_baru2\public\index.php(37): CodeIgniter\CodeIgniter->run()
#7 C:\xampp\htdocs\msi_baru2\system\Commands\Server\rewrite.php(43): require_once('C:\\xampp\\htdocs...')
#8 {main}
CRITICAL - 2023-04-12 03:25:07 --> Invalid file: datapengeluaran/idx10.php
#0 C:\xampp\htdocs\msi_baru2\system\View\View.php(198): CodeIgniter\Exceptions\FrameworkException::forInvalidFile('datapengeluaran...')
#1 C:\xampp\htdocs\msi_baru2\system\Common.php(1089): CodeIgniter\View\View->render('datapengeluaran...', Array, true)
#2 C:\xampp\htdocs\msi_baru2\app\Controllers\Datapengeluaran.php(62): view('datapengeluaran...', Array)
#3 C:\xampp\htdocs\msi_baru2\system\CodeIgniter.php(825): App\Controllers\Datapengeluaran->index()
#4 C:\xampp\htdocs\msi_baru2\system\CodeIgniter.php(412): CodeIgniter\CodeIgniter->runController(Object(App\Controllers\Datapengeluaran))
#5 C:\xampp\htdocs\msi_baru2\system\CodeIgniter.php(320): CodeIgniter\CodeIgniter->handleRequest(NULL, Object(Config\Cache), false)
#6 C:\xampp\htdocs\msi_baru2\public\index.php(37): CodeIgniter\CodeIgniter->run()
#7 C:\xampp\htdocs\msi_baru2\system\Commands\Server\rewrite.php(43): require_once('C:\\xampp\\htdocs...')
#8 {main}
CRITICAL - 2023-04-12 03:25:22 --> Invalid file: datapengeluaran/idx10.php
#0 C:\xampp\htdocs\msi_baru2\system\View\View.php(198): CodeIgniter\Exceptions\FrameworkException::forInvalidFile('datapengeluaran...')
#1 C:\xampp\htdocs\msi_baru2\system\Common.php(1089): CodeIgniter\View\View->render('datapengeluaran...', Array, true)
#2 C:\xampp\htdocs\msi_baru2\app\Controllers\Datapengeluaran.php(62): view('datapengeluaran...', Array)
#3 C:\xampp\htdocs\msi_baru2\system\CodeIgniter.php(825): App\Controllers\Datapengeluaran->index()
#4 C:\xampp\htdocs\msi_baru2\system\CodeIgniter.php(412): CodeIgniter\CodeIgniter->runController(Object(App\Controllers\Datapengeluaran))
#5 C:\xampp\htdocs\msi_baru2\system\CodeIgniter.php(320): CodeIgniter\CodeIgniter->handleRequest(NULL, Object(Config\Cache), false)
#6 C:\xampp\htdocs\msi_baru2\public\index.php(37): CodeIgniter\CodeIgniter->run()
#7 C:\xampp\htdocs\msi_baru2\system\Commands\Server\rewrite.php(43): require_once('C:\\xampp\\htdocs...')
#8 {main}
CRITICAL - 2023-04-12 03:31:20 --> Invalid file: pengeluaran/create10.php
#0 C:\xampp\htdocs\msi_baru2\system\View\View.php(198): CodeIgniter\Exceptions\FrameworkException::forInvalidFile('pengeluaran/cre...')
#1 C:\xampp\htdocs\msi_baru2\system\Common.php(1089): CodeIgniter\View\View->render('pengeluaran/cre...', Array, true)
#2 C:\xampp\htdocs\msi_baru2\app\Controllers\Datapengeluaran.php(68): view('pengeluaran/cre...')
#3 C:\xampp\htdocs\msi_baru2\system\CodeIgniter.php(825): App\Controllers\Datapengeluaran->create10()
#4 C:\xampp\htdocs\msi_baru2\system\CodeIgniter.php(412): CodeIgniter\CodeIgniter->runController(Object(App\Controllers\Datapengeluaran))
#5 C:\xampp\htdocs\msi_baru2\system\CodeIgniter.php(320): CodeIgniter\CodeIgniter->handleRequest(NULL, Object(Config\Cache), false)
#6 C:\xampp\htdocs\msi_baru2\public\index.php(37): CodeIgniter\CodeIgniter->run()
#7 C:\xampp\htdocs\msi_baru2\system\Commands\Server\rewrite.php(43): require_once('C:\\xampp\\htdocs...')
#8 {main}
CRITICAL - 2023-04-12 03:31:53 --> datapembayaran is not a validation rules group.
#0 C:\xampp\htdocs\msi_baru2\system\Validation\Validation.php(543): CodeIgniter\Validation\Exceptions\ValidationException::forGroupNotFound('datapembayaran')
#1 C:\xampp\htdocs\msi_baru2\system\Validation\Validation.php(116): CodeIgniter\Validation\Validation->loadRuleGroup('datapembayaran')
#2 C:\xampp\htdocs\msi_baru2\app\Controllers\Datapembayaran.php(83): CodeIgniter\Validation\Validation->run(Array, 'datapembayaran')
#3 C:\xampp\htdocs\msi_baru2\system\CodeIgniter.php(825): App\Controllers\Datapembayaran->store9()
#4 C:\xampp\htdocs\msi_baru2\system\CodeIgniter.php(412): CodeIgniter\CodeIgniter->runController(Object(App\Controllers\Datapembayaran))
#5 C:\xampp\htdocs\msi_baru2\system\CodeIgniter.php(320): CodeIgniter\CodeIgniter->handleRequest(NULL, Object(Config\Cache), false)
#6 C:\xampp\htdocs\msi_baru2\public\index.php(37): CodeIgniter\CodeIgniter->run()
#7 C:\xampp\htdocs\msi_baru2\system\Commands\Server\rewrite.php(43): require_once('C:\\xampp\\htdocs...')
#8 {main}
CRITICAL - 2023-04-12 03:33:26 --> datapembayaran is not a validation rules group.
#0 C:\xampp\htdocs\msi_baru2\system\Validation\Validation.php(543): CodeIgniter\Validation\Exceptions\ValidationException::forGroupNotFound('datapembayaran')
#1 C:\xampp\htdocs\msi_baru2\system\Validation\Validation.php(116): CodeIgniter\Validation\Validation->loadRuleGroup('datapembayaran')
#2 C:\xampp\htdocs\msi_baru2\app\Controllers\Datapembayaran.php(83): CodeIgniter\Validation\Validation->run(Array, 'datapembayaran')
#3 C:\xampp\htdocs\msi_baru2\system\CodeIgniter.php(825): App\Controllers\Datapembayaran->store9()
#4 C:\xampp\htdocs\msi_baru2\system\CodeIgniter.php(412): CodeIgniter\CodeIgniter->runController(Object(App\Controllers\Datapembayaran))
#5 C:\xampp\htdocs\msi_baru2\system\CodeIgniter.php(320): CodeIgniter\CodeIgniter->handleRequest(NULL, Object(Config\Cache), false)
#6 C:\xampp\htdocs\msi_baru2\public\index.php(37): CodeIgniter\CodeIgniter->run()
#7 C:\xampp\htdocs\msi_baru2\system\Commands\Server\rewrite.php(43): require_once('C:\\xampp\\htdocs...')
#8 {main}
ERROR - 2023-04-12 03:35:09 --> Cannot add or update a child row: a foreign key constraint fails (`db_msi_sugihwaras`.`pembayaran`, CONSTRAINT `pembayaran_ibfk_1` FOREIGN KEY (`id_pegawai`) REFERENCES `pegawai` (`id_pegawai`))
CRITICAL - 2023-04-12 03:35:09 --> Cannot add or update a child row: a foreign key constraint fails (`db_msi_sugihwaras`.`pembayaran`, CONSTRAINT `pembayaran_ibfk_1` FOREIGN KEY (`id_pegawai`) REFERENCES `pegawai` (`id_pegawai`))
#0 C:\xampp\htdocs\msi_baru2\system\Database\MySQLi\Connection.php(292): mysqli->query('INSERT INTO `pe...', 0)
#1 C:\xampp\htdocs\msi_baru2\system\Database\BaseConnection.php(670): CodeIgniter\Database\MySQLi\Connection->execute('INSERT INTO `pe...')
#2 C:\xampp\htdocs\msi_baru2\system\Database\BaseConnection.php(598): CodeIgniter\Database\BaseConnection->simpleQuery('INSERT INTO `pe...')
#3 C:\xampp\htdocs\msi_baru2\system\Database\BaseBuilder.php(1771): CodeIgniter\Database\BaseConnection->query('INSERT INTO `pe...', Array, false)
#4 C:\xampp\htdocs\msi_baru2\app\Models\Datapembayaran_model.php(21): CodeIgniter\Database\BaseBuilder->insert(Array)
#5 C:\xampp\htdocs\msi_baru2\app\Controllers\Datapembayaran.php(89): App\Models\Datapembayaran_model->insertCategory(Array)
#6 C:\xampp\htdocs\msi_baru2\system\CodeIgniter.php(825): App\Controllers\Datapembayaran->store9()
#7 C:\xampp\htdocs\msi_baru2\system\CodeIgniter.php(412): CodeIgniter\CodeIgniter->runController(Object(App\Controllers\Datapembayaran))
#8 C:\xampp\htdocs\msi_baru2\system\CodeIgniter.php(320): CodeIgniter\CodeIgniter->handleRequest(NULL, Object(Config\Cache), false)
#9 C:\xampp\htdocs\msi_baru2\public\index.php(37): CodeIgniter\CodeIgniter->run()
#10 C:\xampp\htdocs\msi_baru2\system\Commands\Server\rewrite.php(43): require_once('C:\\xampp\\htdocs...')
#11 {main}
ERROR - 2023-04-12 03:35:16 --> Cannot add or update a child row: a foreign key constraint fails (`db_msi_sugihwaras`.`pembayaran`, CONSTRAINT `pembayaran_ibfk_1` FOREIGN KEY (`id_pegawai`) REFERENCES `pegawai` (`id_pegawai`))
CRITICAL - 2023-04-12 03:35:16 --> Cannot add or update a child row: a foreign key constraint fails (`db_msi_sugihwaras`.`pembayaran`, CONSTRAINT `pembayaran_ibfk_1` FOREIGN KEY (`id_pegawai`) REFERENCES `pegawai` (`id_pegawai`))
#0 C:\xampp\htdocs\msi_baru2\system\Database\MySQLi\Connection.php(292): mysqli->query('INSERT INTO `pe...', 0)
#1 C:\xampp\htdocs\msi_baru2\system\Database\BaseConnection.php(670): CodeIgniter\Database\MySQLi\Connection->execute('INSERT INTO `pe...')
#2 C:\xampp\htdocs\msi_baru2\system\Database\BaseConnection.php(598): CodeIgniter\Database\BaseConnection->simpleQuery('INSERT INTO `pe...')
#3 C:\xampp\htdocs\msi_baru2\system\Database\BaseBuilder.php(1771): CodeIgniter\Database\BaseConnection->query('INSERT INTO `pe...', Array, false)
#4 C:\xampp\htdocs\msi_baru2\app\Models\Datapembayaran_model.php(21): CodeIgniter\Database\BaseBuilder->insert(Array)
#5 C:\xampp\htdocs\msi_baru2\app\Controllers\Datapembayaran.php(89): App\Models\Datapembayaran_model->insertCategory(Array)
#6 C:\xampp\htdocs\msi_baru2\system\CodeIgniter.php(825): App\Controllers\Datapembayaran->store9()
#7 C:\xampp\htdocs\msi_baru2\system\CodeIgniter.php(412): CodeIgniter\CodeIgniter->runController(Object(App\Controllers\Datapembayaran))
#8 C:\xampp\htdocs\msi_baru2\system\CodeIgniter.php(320): CodeIgniter\CodeIgniter->handleRequest(NULL, Object(Config\Cache), false)
#9 C:\xampp\htdocs\msi_baru2\public\index.php(37): CodeIgniter\CodeIgniter->run()
#10 C:\xampp\htdocs\msi_baru2\system\Commands\Server\rewrite.php(43): require_once('C:\\xampp\\htdocs...')
#11 {main}
