ERROR - 2023-06-24 02:02:38 --> Can't update table 'nilai' in stored function/trigger because it is already used by statement which invoked this stored function/trigger
CRITICAL - 2023-06-24 02:02:38 --> Can't update table 'nilai' in stored function/trigger because it is already used by statement which invoked this stored function/trigger
#0 C:\Users\ACER\Downloads\UTS_Enterprise_msi - Copy\system\Database\MySQLi\Connection.php(292): mysqli->query('INSERT INTO `ni...', 0)
#1 C:\Users\ACER\Downloads\UTS_Enterprise_msi - Copy\system\Database\BaseConnection.php(670): CodeIgniter\Database\MySQLi\Connection->execute('INSERT INTO `ni...')
#2 C:\Users\ACER\Downloads\UTS_Enterprise_msi - Copy\system\Database\BaseConnection.php(598): CodeIgniter\Database\BaseConnection->simpleQuery('INSERT INTO `ni...')
#3 C:\Users\ACER\Downloads\UTS_Enterprise_msi - Copy\system\Database\BaseBuilder.php(1771): CodeIgniter\Database\BaseConnection->query('INSERT INTO `ni...', Array, false)
#4 C:\Users\ACER\Downloads\UTS_Enterprise_msi - Copy\app\Models\Datanilai_model.php(21): CodeIgniter\Database\BaseBuilder->insert(Array)
#5 C:\Users\ACER\Downloads\UTS_Enterprise_msi - Copy\app\Controllers\Datanilai.php(98): App\Models\Datanilai_model->insertCategory(Array)
#6 C:\Users\ACER\Downloads\UTS_Enterprise_msi - Copy\system\CodeIgniter.php(825): App\Controllers\Datanilai->store8()
#7 C:\Users\ACER\Downloads\UTS_Enterprise_msi - Copy\system\CodeIgniter.php(412): CodeIgniter\CodeIgniter->runController(Object(App\Controllers\Datanilai))
#8 C:\Users\ACER\Downloads\UTS_Enterprise_msi - Copy\system\CodeIgniter.php(320): CodeIgniter\CodeIgniter->handleRequest(NULL, Object(Config\Cache), false)
#9 C:\Users\ACER\Downloads\UTS_Enterprise_msi - Copy\public\index.php(37): CodeIgniter\CodeIgniter->run()
#10 C:\Users\ACER\Downloads\UTS_Enterprise_msi - Copy\system\Commands\Server\rewrite.php(43): require_once('C:\\Users\\ACER\\D...')
#11 {main}
CRITICAL - 2023-06-24 02:07:40 --> Undefined variable: item
#0 C:\Users\ACER\Downloads\UTS_Enterprise_msi - Copy\app\Views\datanilai\idx8.php(102): CodeIgniter\Debug\Exceptions->errorHandler(8, 'Undefined varia...', 'C:\\Users\\ACER\\D...', 102, Array)
#1 C:\Users\ACER\Downloads\UTS_Enterprise_msi - Copy\system\View\View.php(210): include('C:\\Users\\ACER\\D...')
#2 C:\Users\ACER\Downloads\UTS_Enterprise_msi - Copy\system\View\View.php(213): CodeIgniter\View\View->CodeIgniter\View\{closure}()
#3 C:\Users\ACER\Downloads\UTS_Enterprise_msi - Copy\system\Common.php(1089): CodeIgniter\View\View->render('datanilai/idx8', Array, true)
#4 C:\Users\ACER\Downloads\UTS_Enterprise_msi - Copy\app\Controllers\Datanilai.php(66): view('datanilai/idx8', Array)
#5 C:\Users\ACER\Downloads\UTS_Enterprise_msi - Copy\system\CodeIgniter.php(825): App\Controllers\Datanilai->index()
#6 C:\Users\ACER\Downloads\UTS_Enterprise_msi - Copy\system\CodeIgniter.php(412): CodeIgniter\CodeIgniter->runController(Object(App\Controllers\Datanilai))
#7 C:\Users\ACER\Downloads\UTS_Enterprise_msi - Copy\system\CodeIgniter.php(320): CodeIgniter\CodeIgniter->handleRequest(NULL, Object(Config\Cache), false)
#8 C:\Users\ACER\Downloads\UTS_Enterprise_msi - Copy\public\index.php(37): CodeIgniter\CodeIgniter->run()
#9 C:\Users\ACER\Downloads\UTS_Enterprise_msi - Copy\system\Commands\Server\rewrite.php(43): require_once('C:\\Users\\ACER\\D...')
#10 {main}
CRITICAL - 2023-06-24 02:19:43 --> Undefined variable: item
#0 C:\Users\ACER\Downloads\UTS_Enterprise_msi - Copy\app\Views\nilai\idx20.php(88): CodeIgniter\Debug\Exceptions->errorHandler(8, 'Undefined varia...', 'C:\\Users\\ACER\\D...', 88, Array)
#1 C:\Users\ACER\Downloads\UTS_Enterprise_msi - Copy\system\View\View.php(210): include('C:\\Users\\ACER\\D...')
#2 C:\Users\ACER\Downloads\UTS_Enterprise_msi - Copy\system\View\View.php(213): CodeIgniter\View\View->CodeIgniter\View\{closure}()
#3 C:\Users\ACER\Downloads\UTS_Enterprise_msi - Copy\system\Common.php(1089): CodeIgniter\View\View->render('nilai/idx20', Array, true)
#4 C:\Users\ACER\Downloads\UTS_Enterprise_msi - Copy\app\Controllers\Viewnilai.php(68): view('nilai/idx20', Array)
#5 C:\Users\ACER\Downloads\UTS_Enterprise_msi - Copy\system\CodeIgniter.php(825): App\Controllers\Viewnilai->index('101')
#6 C:\Users\ACER\Downloads\UTS_Enterprise_msi - Copy\system\CodeIgniter.php(412): CodeIgniter\CodeIgniter->runController(Object(App\Controllers\Viewnilai))
#7 C:\Users\ACER\Downloads\UTS_Enterprise_msi - Copy\system\CodeIgniter.php(320): CodeIgniter\CodeIgniter->handleRequest(NULL, Object(Config\Cache), false)
#8 C:\Users\ACER\Downloads\UTS_Enterprise_msi - Copy\public\index.php(37): CodeIgniter\CodeIgniter->run()
#9 C:\Users\ACER\Downloads\UTS_Enterprise_msi - Copy\system\Commands\Server\rewrite.php(43): require_once('C:\\Users\\ACER\\D...')
#10 {main}
CRITICAL - 2023-06-24 03:00:18 --> Invalid file: pengajuanhasil/create24.php
#0 C:\Users\ACER\Downloads\UTS_Enterprise_msi - Copy\system\View\View.php(198): CodeIgniter\Exceptions\FrameworkException::forInvalidFile('pengajuanhasil/...')
#1 C:\Users\ACER\Downloads\UTS_Enterprise_msi - Copy\system\Common.php(1089): CodeIgniter\View\View->render('pengajuanhasil/...', Array, true)
#2 C:\Users\ACER\Downloads\UTS_Enterprise_msi - Copy\app\Controllers\Pengajuanhasil.php(74): view('pengajuanhasil/...', Array)
#3 C:\Users\ACER\Downloads\UTS_Enterprise_msi - Copy\system\CodeIgniter.php(825): App\Controllers\Pengajuanhasil->create24()
#4 C:\Users\ACER\Downloads\UTS_Enterprise_msi - Copy\system\CodeIgniter.php(412): CodeIgniter\CodeIgniter->runController(Object(App\Controllers\Pengajuanhasil))
#5 C:\Users\ACER\Downloads\UTS_Enterprise_msi - Copy\system\CodeIgniter.php(320): CodeIgniter\CodeIgniter->handleRequest(NULL, Object(Config\Cache), false)
#6 C:\Users\ACER\Downloads\UTS_Enterprise_msi - Copy\public\index.php(37): CodeIgniter\CodeIgniter->run()
#7 C:\Users\ACER\Downloads\UTS_Enterprise_msi - Copy\system\Commands\Server\rewrite.php(43): require_once('C:\\Users\\ACER\\D...')
#8 {main}
ERROR - 2023-06-24 03:01:05 --> Unknown column 'bhs_indonesia' in 'where clause'
CRITICAL - 2023-06-24 03:01:05 --> Unknown column 'bhs_indonesia' in 'where clause'
#0 C:\Users\ACER\Downloads\UTS_Enterprise_msi - Copy\system\Database\MySQLi\Connection.php(292): mysqli->query('SELECT *\nFROM `...', 0)
#1 C:\Users\ACER\Downloads\UTS_Enterprise_msi - Copy\system\Database\BaseConnection.php(670): CodeIgniter\Database\MySQLi\Connection->execute('SELECT *\nFROM `...')
#2 C:\Users\ACER\Downloads\UTS_Enterprise_msi - Copy\system\Database\BaseConnection.php(598): CodeIgniter\Database\BaseConnection->simpleQuery('SELECT *\nFROM `...')
#3 C:\Users\ACER\Downloads\UTS_Enterprise_msi - Copy\system\Database\BaseBuilder.php(1455): CodeIgniter\Database\BaseConnection->query('SELECT *\nFROM `...', Array, false)
#4 C:\Users\ACER\Downloads\UTS_Enterprise_msi - Copy\system\Model.php(183): CodeIgniter\Database\BaseBuilder->get()
#5 C:\Users\ACER\Downloads\UTS_Enterprise_msi - Copy\system\BaseModel.php(584): CodeIgniter\Model->doFindAll(0, 0)
#6 C:\Users\ACER\Downloads\UTS_Enterprise_msi - Copy\app\Controllers\Pengajuanhasil.php(34): CodeIgniter\BaseModel->findAll()
#7 C:\Users\ACER\Downloads\UTS_Enterprise_msi - Copy\system\CodeIgniter.php(825): App\Controllers\Pengajuanhasil->index()
#8 C:\Users\ACER\Downloads\UTS_Enterprise_msi - Copy\system\CodeIgniter.php(412): CodeIgniter\CodeIgniter->runController(Object(App\Controllers\Pengajuanhasil))
#9 C:\Users\ACER\Downloads\UTS_Enterprise_msi - Copy\system\CodeIgniter.php(320): CodeIgniter\CodeIgniter->handleRequest(NULL, Object(Config\Cache), false)
#10 C:\Users\ACER\Downloads\UTS_Enterprise_msi - Copy\public\index.php(37): CodeIgniter\CodeIgniter->run()
#11 C:\Users\ACER\Downloads\UTS_Enterprise_msi - Copy\system\Commands\Server\rewrite.php(43): require_once('C:\\Users\\ACER\\D...')
#12 {main}
ERROR - 2023-06-24 03:03:17 --> Unknown column 'bhs_indonesia' in 'where clause'
CRITICAL - 2023-06-24 03:03:17 --> Unknown column 'bhs_indonesia' in 'where clause'
#0 C:\Users\ACER\Downloads\UTS_Enterprise_msi - Copy\system\Database\MySQLi\Connection.php(292): mysqli->query('SELECT *\nFROM `...', 0)
#1 C:\Users\ACER\Downloads\UTS_Enterprise_msi - Copy\system\Database\BaseConnection.php(670): CodeIgniter\Database\MySQLi\Connection->execute('SELECT *\nFROM `...')
#2 C:\Users\ACER\Downloads\UTS_Enterprise_msi - Copy\system\Database\BaseConnection.php(598): CodeIgniter\Database\BaseConnection->simpleQuery('SELECT *\nFROM `...')
#3 C:\Users\ACER\Downloads\UTS_Enterprise_msi - Copy\system\Database\BaseBuilder.php(1455): CodeIgniter\Database\BaseConnection->query('SELECT *\nFROM `...', Array, false)
#4 C:\Users\ACER\Downloads\UTS_Enterprise_msi - Copy\system\Model.php(183): CodeIgniter\Database\BaseBuilder->get()
#5 C:\Users\ACER\Downloads\UTS_Enterprise_msi - Copy\system\BaseModel.php(584): CodeIgniter\Model->doFindAll(0, 0)
#6 C:\Users\ACER\Downloads\UTS_Enterprise_msi - Copy\app\Controllers\Pengajuanhasil.php(34): CodeIgniter\BaseModel->findAll()
#7 C:\Users\ACER\Downloads\UTS_Enterprise_msi - Copy\system\CodeIgniter.php(825): App\Controllers\Pengajuanhasil->index()
#8 C:\Users\ACER\Downloads\UTS_Enterprise_msi - Copy\system\CodeIgniter.php(412): CodeIgniter\CodeIgniter->runController(Object(App\Controllers\Pengajuanhasil))
#9 C:\Users\ACER\Downloads\UTS_Enterprise_msi - Copy\system\CodeIgniter.php(320): CodeIgniter\CodeIgniter->handleRequest(NULL, Object(Config\Cache), false)
#10 C:\Users\ACER\Downloads\UTS_Enterprise_msi - Copy\public\index.php(37): CodeIgniter\CodeIgniter->run()
#11 C:\Users\ACER\Downloads\UTS_Enterprise_msi - Copy\system\Commands\Server\rewrite.php(43): require_once('C:\\Users\\ACER\\D...')
#12 {main}
ERROR - 2023-06-24 03:03:56 --> Unknown column 'bhs_indonesia' in 'where clause'
CRITICAL - 2023-06-24 03:03:56 --> Unknown column 'bhs_indonesia' in 'where clause'
#0 C:\Users\ACER\Downloads\UTS_Enterprise_msi - Copy\system\Database\MySQLi\Connection.php(292): mysqli->query('SELECT *\nFROM `...', 0)
#1 C:\Users\ACER\Downloads\UTS_Enterprise_msi - Copy\system\Database\BaseConnection.php(670): CodeIgniter\Database\MySQLi\Connection->execute('SELECT *\nFROM `...')
#2 C:\Users\ACER\Downloads\UTS_Enterprise_msi - Copy\system\Database\BaseConnection.php(598): CodeIgniter\Database\BaseConnection->simpleQuery('SELECT *\nFROM `...')
#3 C:\Users\ACER\Downloads\UTS_Enterprise_msi - Copy\system\Database\BaseBuilder.php(1455): CodeIgniter\Database\BaseConnection->query('SELECT *\nFROM `...', Array, false)
#4 C:\Users\ACER\Downloads\UTS_Enterprise_msi - Copy\system\Model.php(183): CodeIgniter\Database\BaseBuilder->get()
#5 C:\Users\ACER\Downloads\UTS_Enterprise_msi - Copy\system\BaseModel.php(584): CodeIgniter\Model->doFindAll(0, 0)
#6 C:\Users\ACER\Downloads\UTS_Enterprise_msi - Copy\app\Controllers\Pengajuanhasil.php(34): CodeIgniter\BaseModel->findAll()
#7 C:\Users\ACER\Downloads\UTS_Enterprise_msi - Copy\system\CodeIgniter.php(825): App\Controllers\Pengajuanhasil->index()
#8 C:\Users\ACER\Downloads\UTS_Enterprise_msi - Copy\system\CodeIgniter.php(412): CodeIgniter\CodeIgniter->runController(Object(App\Controllers\Pengajuanhasil))
#9 C:\Users\ACER\Downloads\UTS_Enterprise_msi - Copy\system\CodeIgniter.php(320): CodeIgniter\CodeIgniter->handleRequest(NULL, Object(Config\Cache), false)
#10 C:\Users\ACER\Downloads\UTS_Enterprise_msi - Copy\public\index.php(37): CodeIgniter\CodeIgniter->run()
#11 C:\Users\ACER\Downloads\UTS_Enterprise_msi - Copy\system\Commands\Server\rewrite.php(43): require_once('C:\\Users\\ACER\\D...')
#12 {main}
CRITICAL - 2023-06-24 03:05:49 --> Undefined variable: data
#0 C:\Users\ACER\Downloads\UTS_Enterprise_msi - Copy\app\Controllers\Pengajuanhasil.php(74): CodeIgniter\Debug\Exceptions->errorHandler(8, 'Undefined varia...', 'C:\\Users\\ACER\\D...', 74, Array)
#1 C:\Users\ACER\Downloads\UTS_Enterprise_msi - Copy\system\CodeIgniter.php(825): App\Controllers\Pengajuanhasil->create24()
#2 C:\Users\ACER\Downloads\UTS_Enterprise_msi - Copy\system\CodeIgniter.php(412): CodeIgniter\CodeIgniter->runController(Object(App\Controllers\Pengajuanhasil))
#3 C:\Users\ACER\Downloads\UTS_Enterprise_msi - Copy\system\CodeIgniter.php(320): CodeIgniter\CodeIgniter->handleRequest(NULL, Object(Config\Cache), false)
#4 C:\Users\ACER\Downloads\UTS_Enterprise_msi - Copy\public\index.php(37): CodeIgniter\CodeIgniter->run()
#5 C:\Users\ACER\Downloads\UTS_Enterprise_msi - Copy\system\Commands\Server\rewrite.php(43): require_once('C:\\Users\\ACER\\D...')
#6 {main}
CRITICAL - 2023-06-24 03:06:05 --> Invalid file: pengajuanhasil/create24.php
#0 C:\Users\ACER\Downloads\UTS_Enterprise_msi - Copy\system\View\View.php(198): CodeIgniter\Exceptions\FrameworkException::forInvalidFile('pengajuanhasil/...')
#1 C:\Users\ACER\Downloads\UTS_Enterprise_msi - Copy\system\Common.php(1089): CodeIgniter\View\View->render('pengajuanhasil/...', Array, true)
#2 C:\Users\ACER\Downloads\UTS_Enterprise_msi - Copy\app\Controllers\Pengajuanhasil.php(74): view('pengajuanhasil/...')
#3 C:\Users\ACER\Downloads\UTS_Enterprise_msi - Copy\system\CodeIgniter.php(825): App\Controllers\Pengajuanhasil->create24()
#4 C:\Users\ACER\Downloads\UTS_Enterprise_msi - Copy\system\CodeIgniter.php(412): CodeIgniter\CodeIgniter->runController(Object(App\Controllers\Pengajuanhasil))
#5 C:\Users\ACER\Downloads\UTS_Enterprise_msi - Copy\system\CodeIgniter.php(320): CodeIgniter\CodeIgniter->handleRequest(NULL, Object(Config\Cache), false)
#6 C:\Users\ACER\Downloads\UTS_Enterprise_msi - Copy\public\index.php(37): CodeIgniter\CodeIgniter->run()
#7 C:\Users\ACER\Downloads\UTS_Enterprise_msi - Copy\system\Commands\Server\rewrite.php(43): require_once('C:\\Users\\ACER\\D...')
#8 {main}
CRITICAL - 2023-06-24 03:24:00 --> Class 'App\Controllers\Dataguru_model' not found
#0 C:\Users\ACER\Downloads\UTS_Enterprise_msi - Copy\system\CodeIgniter.php(825): App\Controllers\Pengajuanhasil->view()
#1 C:\Users\ACER\Downloads\UTS_Enterprise_msi - Copy\system\CodeIgniter.php(412): CodeIgniter\CodeIgniter->runController(Object(App\Controllers\Pengajuanhasil))
#2 C:\Users\ACER\Downloads\UTS_Enterprise_msi - Copy\system\CodeIgniter.php(320): CodeIgniter\CodeIgniter->handleRequest(NULL, Object(Config\Cache), false)
#3 C:\Users\ACER\Downloads\UTS_Enterprise_msi - Copy\public\index.php(37): CodeIgniter\CodeIgniter->run()
#4 C:\Users\ACER\Downloads\UTS_Enterprise_msi - Copy\system\Commands\Server\rewrite.php(43): require_once('C:\\Users\\ACER\\D...')
#5 {main}
CRITICAL - 2023-06-24 03:24:53 --> Undefined variable: data
#0 C:\Users\ACER\Downloads\UTS_Enterprise_msi - Copy\app\Controllers\Pengajuanhasil.php(79): CodeIgniter\Debug\Exceptions->errorHandler(8, 'Undefined varia...', 'C:\\Users\\ACER\\D...', 79, Array)
#1 C:\Users\ACER\Downloads\UTS_Enterprise_msi - Copy\system\CodeIgniter.php(825): App\Controllers\Pengajuanhasil->view()
#2 C:\Users\ACER\Downloads\UTS_Enterprise_msi - Copy\system\CodeIgniter.php(412): CodeIgniter\CodeIgniter->runController(Object(App\Controllers\Pengajuanhasil))
#3 C:\Users\ACER\Downloads\UTS_Enterprise_msi - Copy\system\CodeIgniter.php(320): CodeIgniter\CodeIgniter->handleRequest(NULL, Object(Config\Cache), false)
#4 C:\Users\ACER\Downloads\UTS_Enterprise_msi - Copy\public\index.php(37): CodeIgniter\CodeIgniter->run()
#5 C:\Users\ACER\Downloads\UTS_Enterprise_msi - Copy\system\Commands\Server\rewrite.php(43): require_once('C:\\Users\\ACER\\D...')
#6 {main}
CRITICAL - 2023-06-24 03:25:03 --> Invalid file: pengajuanhasil/view.php
#0 C:\Users\ACER\Downloads\UTS_Enterprise_msi - Copy\system\View\View.php(198): CodeIgniter\Exceptions\FrameworkException::forInvalidFile('pengajuanhasil/...')
#1 C:\Users\ACER\Downloads\UTS_Enterprise_msi - Copy\system\Common.php(1089): CodeIgniter\View\View->render('pengajuanhasil/...', Array, true)
#2 C:\Users\ACER\Downloads\UTS_Enterprise_msi - Copy\app\Controllers\Pengajuanhasil.php(79): view('pengajuanhasil/...')
#3 C:\Users\ACER\Downloads\UTS_Enterprise_msi - Copy\system\CodeIgniter.php(825): App\Controllers\Pengajuanhasil->view()
#4 C:\Users\ACER\Downloads\UTS_Enterprise_msi - Copy\system\CodeIgniter.php(412): CodeIgniter\CodeIgniter->runController(Object(App\Controllers\Pengajuanhasil))
#5 C:\Users\ACER\Downloads\UTS_Enterprise_msi - Copy\system\CodeIgniter.php(320): CodeIgniter\CodeIgniter->handleRequest(NULL, Object(Config\Cache), false)
#6 C:\Users\ACER\Downloads\UTS_Enterprise_msi - Copy\public\index.php(37): CodeIgniter\CodeIgniter->run()
#7 C:\Users\ACER\Downloads\UTS_Enterprise_msi - Copy\system\Commands\Server\rewrite.php(43): require_once('C:\\Users\\ACER\\D...')
#8 {main}
CRITICAL - 2023-06-24 03:25:15 --> Undefined variable: jadwal
#0 C:\Users\ACER\Downloads\UTS_Enterprise_msi - Copy\app\Views\datanilai\viewajuan.php(53): CodeIgniter\Debug\Exceptions->errorHandler(8, 'Undefined varia...', 'C:\\Users\\ACER\\D...', 53, Array)
#1 C:\Users\ACER\Downloads\UTS_Enterprise_msi - Copy\system\View\View.php(210): include('C:\\Users\\ACER\\D...')
#2 C:\Users\ACER\Downloads\UTS_Enterprise_msi - Copy\system\View\View.php(213): CodeIgniter\View\View->CodeIgniter\View\{closure}()
#3 C:\Users\ACER\Downloads\UTS_Enterprise_msi - Copy\system\Common.php(1089): CodeIgniter\View\View->render('datanilai/viewa...', Array, true)
#4 C:\Users\ACER\Downloads\UTS_Enterprise_msi - Copy\app\Controllers\Pengajuanhasil.php(79): view('datanilai/viewa...')
#5 C:\Users\ACER\Downloads\UTS_Enterprise_msi - Copy\system\CodeIgniter.php(825): App\Controllers\Pengajuanhasil->view()
#6 C:\Users\ACER\Downloads\UTS_Enterprise_msi - Copy\system\CodeIgniter.php(412): CodeIgniter\CodeIgniter->runController(Object(App\Controllers\Pengajuanhasil))
#7 C:\Users\ACER\Downloads\UTS_Enterprise_msi - Copy\system\CodeIgniter.php(320): CodeIgniter\CodeIgniter->handleRequest(NULL, Object(Config\Cache), false)
#8 C:\Users\ACER\Downloads\UTS_Enterprise_msi - Copy\public\index.php(37): CodeIgniter\CodeIgniter->run()
#9 C:\Users\ACER\Downloads\UTS_Enterprise_msi - Copy\system\Commands\Server\rewrite.php(43): require_once('C:\\Users\\ACER\\D...')
#10 {main}
CRITICAL - 2023-06-24 03:25:55 --> Undefined variable: jadwal
#0 C:\Users\ACER\Downloads\UTS_Enterprise_msi - Copy\app\Views\datanilai\viewajuan.php(53): CodeIgniter\Debug\Exceptions->errorHandler(8, 'Undefined varia...', 'C:\\Users\\ACER\\D...', 53, Array)
#1 C:\Users\ACER\Downloads\UTS_Enterprise_msi - Copy\system\View\View.php(210): include('C:\\Users\\ACER\\D...')
#2 C:\Users\ACER\Downloads\UTS_Enterprise_msi - Copy\system\View\View.php(213): CodeIgniter\View\View->CodeIgniter\View\{closure}()
#3 C:\Users\ACER\Downloads\UTS_Enterprise_msi - Copy\system\Common.php(1089): CodeIgniter\View\View->render('datanilai/viewa...', Array, true)
#4 C:\Users\ACER\Downloads\UTS_Enterprise_msi - Copy\app\Controllers\Pengajuanhasil.php(79): view('datanilai/viewa...')
#5 C:\Users\ACER\Downloads\UTS_Enterprise_msi - Copy\system\CodeIgniter.php(825): App\Controllers\Pengajuanhasil->view()
#6 C:\Users\ACER\Downloads\UTS_Enterprise_msi - Copy\system\CodeIgniter.php(412): CodeIgniter\CodeIgniter->runController(Object(App\Controllers\Pengajuanhasil))
#7 C:\Users\ACER\Downloads\UTS_Enterprise_msi - Copy\system\CodeIgniter.php(320): CodeIgniter\CodeIgniter->handleRequest(NULL, Object(Config\Cache), false)
#8 C:\Users\ACER\Downloads\UTS_Enterprise_msi - Copy\public\index.php(37): CodeIgniter\CodeIgniter->run()
#9 C:\Users\ACER\Downloads\UTS_Enterprise_msi - Copy\system\Commands\Server\rewrite.php(43): require_once('C:\\Users\\ACER\\D...')
#10 {main}
CRITICAL - 2023-06-24 03:26:02 --> Undefined variable: jadwal
#0 C:\Users\ACER\Downloads\UTS_Enterprise_msi - Copy\app\Views\datanilai\viewajuan.php(53): CodeIgniter\Debug\Exceptions->errorHandler(8, 'Undefined varia...', 'C:\\Users\\ACER\\D...', 53, Array)
#1 C:\Users\ACER\Downloads\UTS_Enterprise_msi - Copy\system\View\View.php(210): include('C:\\Users\\ACER\\D...')
#2 C:\Users\ACER\Downloads\UTS_Enterprise_msi - Copy\system\View\View.php(213): CodeIgniter\View\View->CodeIgniter\View\{closure}()
#3 C:\Users\ACER\Downloads\UTS_Enterprise_msi - Copy\system\Common.php(1089): CodeIgniter\View\View->render('datanilai/viewa...', Array, true)
#4 C:\Users\ACER\Downloads\UTS_Enterprise_msi - Copy\app\Controllers\Pengajuanhasil.php(79): view('datanilai/viewa...')
#5 C:\Users\ACER\Downloads\UTS_Enterprise_msi - Copy\system\CodeIgniter.php(825): App\Controllers\Pengajuanhasil->view()
#6 C:\Users\ACER\Downloads\UTS_Enterprise_msi - Copy\system\CodeIgniter.php(412): CodeIgniter\CodeIgniter->runController(Object(App\Controllers\Pengajuanhasil))
#7 C:\Users\ACER\Downloads\UTS_Enterprise_msi - Copy\system\CodeIgniter.php(320): CodeIgniter\CodeIgniter->handleRequest(NULL, Object(Config\Cache), false)
#8 C:\Users\ACER\Downloads\UTS_Enterprise_msi - Copy\public\index.php(37): CodeIgniter\CodeIgniter->run()
#9 C:\Users\ACER\Downloads\UTS_Enterprise_msi - Copy\system\Commands\Server\rewrite.php(43): require_once('C:\\Users\\ACER\\D...')
#10 {main}
CRITICAL - 2023-06-24 03:26:42 --> Invalid file: pengajuanhasil/view.php
#0 C:\Users\ACER\Downloads\UTS_Enterprise_msi - Copy\system\View\View.php(198): CodeIgniter\Exceptions\FrameworkException::forInvalidFile('pengajuanhasil/...')
#1 C:\Users\ACER\Downloads\UTS_Enterprise_msi - Copy\system\Common.php(1089): CodeIgniter\View\View->render('pengajuanhasil/...', Array, true)
#2 C:\Users\ACER\Downloads\UTS_Enterprise_msi - Copy\app\Controllers\Pengajuanhasil.php(79): view('pengajuanhasil/...', Array)
#3 C:\Users\ACER\Downloads\UTS_Enterprise_msi - Copy\system\CodeIgniter.php(825): App\Controllers\Pengajuanhasil->view()
#4 C:\Users\ACER\Downloads\UTS_Enterprise_msi - Copy\system\CodeIgniter.php(412): CodeIgniter\CodeIgniter->runController(Object(App\Controllers\Pengajuanhasil))
#5 C:\Users\ACER\Downloads\UTS_Enterprise_msi - Copy\system\CodeIgniter.php(320): CodeIgniter\CodeIgniter->handleRequest(NULL, Object(Config\Cache), false)
#6 C:\Users\ACER\Downloads\UTS_Enterprise_msi - Copy\public\index.php(37): CodeIgniter\CodeIgniter->run()
#7 C:\Users\ACER\Downloads\UTS_Enterprise_msi - Copy\system\Commands\Server\rewrite.php(43): require_once('C:\\Users\\ACER\\D...')
#8 {main}
CRITICAL - 2023-06-24 03:26:50 --> Invalid file: pengajuanhasil/view.php
#0 C:\Users\ACER\Downloads\UTS_Enterprise_msi - Copy\system\View\View.php(198): CodeIgniter\Exceptions\FrameworkException::forInvalidFile('pengajuanhasil/...')
#1 C:\Users\ACER\Downloads\UTS_Enterprise_msi - Copy\system\Common.php(1089): CodeIgniter\View\View->render('pengajuanhasil/...', Array, true)
#2 C:\Users\ACER\Downloads\UTS_Enterprise_msi - Copy\app\Controllers\Pengajuanhasil.php(79): view('pengajuanhasil/...', Array)
#3 C:\Users\ACER\Downloads\UTS_Enterprise_msi - Copy\system\CodeIgniter.php(825): App\Controllers\Pengajuanhasil->view()
#4 C:\Users\ACER\Downloads\UTS_Enterprise_msi - Copy\system\CodeIgniter.php(412): CodeIgniter\CodeIgniter->runController(Object(App\Controllers\Pengajuanhasil))
#5 C:\Users\ACER\Downloads\UTS_Enterprise_msi - Copy\system\CodeIgniter.php(320): CodeIgniter\CodeIgniter->handleRequest(NULL, Object(Config\Cache), false)
#6 C:\Users\ACER\Downloads\UTS_Enterprise_msi - Copy\public\index.php(37): CodeIgniter\CodeIgniter->run()
#7 C:\Users\ACER\Downloads\UTS_Enterprise_msi - Copy\system\Commands\Server\rewrite.php(43): require_once('C:\\Users\\ACER\\D...')
#8 {main}
CRITICAL - 2023-06-24 03:26:58 --> Invalid file: pengajuanhasil/view.php
#0 C:\Users\ACER\Downloads\UTS_Enterprise_msi - Copy\system\View\View.php(198): CodeIgniter\Exceptions\FrameworkException::forInvalidFile('pengajuanhasil/...')
#1 C:\Users\ACER\Downloads\UTS_Enterprise_msi - Copy\system\Common.php(1089): CodeIgniter\View\View->render('pengajuanhasil/...', Array, true)
#2 C:\Users\ACER\Downloads\UTS_Enterprise_msi - Copy\app\Controllers\Pengajuanhasil.php(79): view('pengajuanhasil/...', Array)
#3 C:\Users\ACER\Downloads\UTS_Enterprise_msi - Copy\system\CodeIgniter.php(825): App\Controllers\Pengajuanhasil->view()
#4 C:\Users\ACER\Downloads\UTS_Enterprise_msi - Copy\system\CodeIgniter.php(412): CodeIgniter\CodeIgniter->runController(Object(App\Controllers\Pengajuanhasil))
#5 C:\Users\ACER\Downloads\UTS_Enterprise_msi - Copy\system\CodeIgniter.php(320): CodeIgniter\CodeIgniter->handleRequest(NULL, Object(Config\Cache), false)
#6 C:\Users\ACER\Downloads\UTS_Enterprise_msi - Copy\public\index.php(37): CodeIgniter\CodeIgniter->run()
#7 C:\Users\ACER\Downloads\UTS_Enterprise_msi - Copy\system\Commands\Server\rewrite.php(43): require_once('C:\\Users\\ACER\\D...')
#8 {main}
CRITICAL - 2023-06-24 03:29:05 --> Invalid file: pengajuanhasil/view.php
#0 C:\Users\ACER\Downloads\UTS_Enterprise_msi - Copy\system\View\View.php(198): CodeIgniter\Exceptions\FrameworkException::forInvalidFile('pengajuanhasil/...')
#1 C:\Users\ACER\Downloads\UTS_Enterprise_msi - Copy\system\Common.php(1089): CodeIgniter\View\View->render('pengajuanhasil/...', Array, true)
#2 C:\Users\ACER\Downloads\UTS_Enterprise_msi - Copy\app\Controllers\Pengajuanhasil.php(79): view('pengajuanhasil/...', Array)
#3 C:\Users\ACER\Downloads\UTS_Enterprise_msi - Copy\system\CodeIgniter.php(825): App\Controllers\Pengajuanhasil->view()
#4 C:\Users\ACER\Downloads\UTS_Enterprise_msi - Copy\system\CodeIgniter.php(412): CodeIgniter\CodeIgniter->runController(Object(App\Controllers\Pengajuanhasil))
#5 C:\Users\ACER\Downloads\UTS_Enterprise_msi - Copy\system\CodeIgniter.php(320): CodeIgniter\CodeIgniter->handleRequest(NULL, Object(Config\Cache), false)
#6 C:\Users\ACER\Downloads\UTS_Enterprise_msi - Copy\public\index.php(37): CodeIgniter\CodeIgniter->run()
#7 C:\Users\ACER\Downloads\UTS_Enterprise_msi - Copy\system\Commands\Server\rewrite.php(43): require_once('C:\\Users\\ACER\\D...')
#8 {main}
CRITICAL - 2023-06-24 03:29:05 --> Invalid file: pengajuanhasil/view.php
#0 C:\Users\ACER\Downloads\UTS_Enterprise_msi - Copy\system\View\View.php(198): CodeIgniter\Exceptions\FrameworkException::forInvalidFile('pengajuanhasil/...')
#1 C:\Users\ACER\Downloads\UTS_Enterprise_msi - Copy\system\Common.php(1089): CodeIgniter\View\View->render('pengajuanhasil/...', Array, true)
#2 C:\Users\ACER\Downloads\UTS_Enterprise_msi - Copy\app\Controllers\Pengajuanhasil.php(79): view('pengajuanhasil/...', Array)
#3 C:\Users\ACER\Downloads\UTS_Enterprise_msi - Copy\system\CodeIgniter.php(825): App\Controllers\Pengajuanhasil->view()
#4 C:\Users\ACER\Downloads\UTS_Enterprise_msi - Copy\system\CodeIgniter.php(412): CodeIgniter\CodeIgniter->runController(Object(App\Controllers\Pengajuanhasil))
#5 C:\Users\ACER\Downloads\UTS_Enterprise_msi - Copy\system\CodeIgniter.php(320): CodeIgniter\CodeIgniter->handleRequest(NULL, Object(Config\Cache), false)
#6 C:\Users\ACER\Downloads\UTS_Enterprise_msi - Copy\public\index.php(37): CodeIgniter\CodeIgniter->run()
#7 C:\Users\ACER\Downloads\UTS_Enterprise_msi - Copy\system\Commands\Server\rewrite.php(43): require_once('C:\\Users\\ACER\\D...')
#8 {main}
CRITICAL - 2023-06-24 03:29:06 --> Invalid file: pengajuanhasil/view.php
#0 C:\Users\ACER\Downloads\UTS_Enterprise_msi - Copy\system\View\View.php(198): CodeIgniter\Exceptions\FrameworkException::forInvalidFile('pengajuanhasil/...')
#1 C:\Users\ACER\Downloads\UTS_Enterprise_msi - Copy\system\Common.php(1089): CodeIgniter\View\View->render('pengajuanhasil/...', Array, true)
#2 C:\Users\ACER\Downloads\UTS_Enterprise_msi - Copy\app\Controllers\Pengajuanhasil.php(79): view('pengajuanhasil/...', Array)
#3 C:\Users\ACER\Downloads\UTS_Enterprise_msi - Copy\system\CodeIgniter.php(825): App\Controllers\Pengajuanhasil->view()
#4 C:\Users\ACER\Downloads\UTS_Enterprise_msi - Copy\system\CodeIgniter.php(412): CodeIgniter\CodeIgniter->runController(Object(App\Controllers\Pengajuanhasil))
#5 C:\Users\ACER\Downloads\UTS_Enterprise_msi - Copy\system\CodeIgniter.php(320): CodeIgniter\CodeIgniter->handleRequest(NULL, Object(Config\Cache), false)
#6 C:\Users\ACER\Downloads\UTS_Enterprise_msi - Copy\public\index.php(37): CodeIgniter\CodeIgniter->run()
#7 C:\Users\ACER\Downloads\UTS_Enterprise_msi - Copy\system\Commands\Server\rewrite.php(43): require_once('C:\\Users\\ACER\\D...')
#8 {main}
CRITICAL - 2023-06-24 03:30:31 --> Invalid file: pengajuanhasil/view.php
#0 C:\Users\ACER\Downloads\UTS_Enterprise_msi - Copy\system\View\View.php(198): CodeIgniter\Exceptions\FrameworkException::forInvalidFile('pengajuanhasil/...')
#1 C:\Users\ACER\Downloads\UTS_Enterprise_msi - Copy\system\Common.php(1089): CodeIgniter\View\View->render('pengajuanhasil/...', Array, true)
#2 C:\Users\ACER\Downloads\UTS_Enterprise_msi - Copy\app\Controllers\Pengajuanhasil.php(79): view('pengajuanhasil/...', Array)
#3 C:\Users\ACER\Downloads\UTS_Enterprise_msi - Copy\system\CodeIgniter.php(825): App\Controllers\Pengajuanhasil->view()
#4 C:\Users\ACER\Downloads\UTS_Enterprise_msi - Copy\system\CodeIgniter.php(412): CodeIgniter\CodeIgniter->runController(Object(App\Controllers\Pengajuanhasil))
#5 C:\Users\ACER\Downloads\UTS_Enterprise_msi - Copy\system\CodeIgniter.php(320): CodeIgniter\CodeIgniter->handleRequest(NULL, Object(Config\Cache), false)
#6 C:\Users\ACER\Downloads\UTS_Enterprise_msi - Copy\public\index.php(37): CodeIgniter\CodeIgniter->run()
#7 C:\Users\ACER\Downloads\UTS_Enterprise_msi - Copy\system\Commands\Server\rewrite.php(43): require_once('C:\\Users\\ACER\\D...')
#8 {main}
CRITICAL - 2023-06-24 03:30:53 --> Invalid file: pengajuanhasil/view.php
#0 C:\Users\ACER\Downloads\UTS_Enterprise_msi - Copy\system\View\View.php(198): CodeIgniter\Exceptions\FrameworkException::forInvalidFile('pengajuanhasil/...')
#1 C:\Users\ACER\Downloads\UTS_Enterprise_msi - Copy\system\Common.php(1089): CodeIgniter\View\View->render('pengajuanhasil/...', Array, true)
#2 C:\Users\ACER\Downloads\UTS_Enterprise_msi - Copy\app\Controllers\Pengajuanhasil.php(79): view('pengajuanhasil/...', Array)
#3 C:\Users\ACER\Downloads\UTS_Enterprise_msi - Copy\system\CodeIgniter.php(825): App\Controllers\Pengajuanhasil->view()
#4 C:\Users\ACER\Downloads\UTS_Enterprise_msi - Copy\system\CodeIgniter.php(412): CodeIgniter\CodeIgniter->runController(Object(App\Controllers\Pengajuanhasil))
#5 C:\Users\ACER\Downloads\UTS_Enterprise_msi - Copy\system\CodeIgniter.php(320): CodeIgniter\CodeIgniter->handleRequest(NULL, Object(Config\Cache), false)
#6 C:\Users\ACER\Downloads\UTS_Enterprise_msi - Copy\public\index.php(37): CodeIgniter\CodeIgniter->run()
#7 C:\Users\ACER\Downloads\UTS_Enterprise_msi - Copy\system\Commands\Server\rewrite.php(43): require_once('C:\\Users\\ACER\\D...')
#8 {main}
ERROR - 2023-06-24 03:31:33 --> Unknown column 'bhs_indonesia' in 'where clause'
CRITICAL - 2023-06-24 03:31:33 --> Unknown column 'bhs_indonesia' in 'where clause'
#0 C:\Users\ACER\Downloads\UTS_Enterprise_msi - Copy\system\Database\MySQLi\Connection.php(292): mysqli->query('SELECT *\nFROM `...', 0)
#1 C:\Users\ACER\Downloads\UTS_Enterprise_msi - Copy\system\Database\BaseConnection.php(670): CodeIgniter\Database\MySQLi\Connection->execute('SELECT *\nFROM `...')
#2 C:\Users\ACER\Downloads\UTS_Enterprise_msi - Copy\system\Database\BaseConnection.php(598): CodeIgniter\Database\BaseConnection->simpleQuery('SELECT *\nFROM `...')
#3 C:\Users\ACER\Downloads\UTS_Enterprise_msi - Copy\system\Database\BaseBuilder.php(1455): CodeIgniter\Database\BaseConnection->query('SELECT *\nFROM `...', Array, false)
#4 C:\Users\ACER\Downloads\UTS_Enterprise_msi - Copy\system\Model.php(183): CodeIgniter\Database\BaseBuilder->get()
#5 C:\Users\ACER\Downloads\UTS_Enterprise_msi - Copy\system\BaseModel.php(584): CodeIgniter\Model->doFindAll(0, 0)
#6 C:\Users\ACER\Downloads\UTS_Enterprise_msi - Copy\app\Controllers\Pengajuanhasil.php(34): CodeIgniter\BaseModel->findAll()
#7 C:\Users\ACER\Downloads\UTS_Enterprise_msi - Copy\system\CodeIgniter.php(825): App\Controllers\Pengajuanhasil->index()
#8 C:\Users\ACER\Downloads\UTS_Enterprise_msi - Copy\system\CodeIgniter.php(412): CodeIgniter\CodeIgniter->runController(Object(App\Controllers\Pengajuanhasil))
#9 C:\Users\ACER\Downloads\UTS_Enterprise_msi - Copy\system\CodeIgniter.php(320): CodeIgniter\CodeIgniter->handleRequest(NULL, Object(Config\Cache), false)
#10 C:\Users\ACER\Downloads\UTS_Enterprise_msi - Copy\public\index.php(37): CodeIgniter\CodeIgniter->run()
#11 C:\Users\ACER\Downloads\UTS_Enterprise_msi - Copy\system\Commands\Server\rewrite.php(43): require_once('C:\\Users\\ACER\\D...')
#12 {main}
ERROR - 2023-06-24 03:31:43 --> Unknown column 'bhs_indonesia' in 'where clause'
CRITICAL - 2023-06-24 03:31:43 --> Unknown column 'bhs_indonesia' in 'where clause'
#0 C:\Users\ACER\Downloads\UTS_Enterprise_msi - Copy\system\Database\MySQLi\Connection.php(292): mysqli->query('SELECT *\nFROM `...', 0)
#1 C:\Users\ACER\Downloads\UTS_Enterprise_msi - Copy\system\Database\BaseConnection.php(670): CodeIgniter\Database\MySQLi\Connection->execute('SELECT *\nFROM `...')
#2 C:\Users\ACER\Downloads\UTS_Enterprise_msi - Copy\system\Database\BaseConnection.php(598): CodeIgniter\Database\BaseConnection->simpleQuery('SELECT *\nFROM `...')
#3 C:\Users\ACER\Downloads\UTS_Enterprise_msi - Copy\system\Database\BaseBuilder.php(1455): CodeIgniter\Database\BaseConnection->query('SELECT *\nFROM `...', Array, false)
#4 C:\Users\ACER\Downloads\UTS_Enterprise_msi - Copy\system\Model.php(183): CodeIgniter\Database\BaseBuilder->get()
#5 C:\Users\ACER\Downloads\UTS_Enterprise_msi - Copy\system\BaseModel.php(584): CodeIgniter\Model->doFindAll(0, 0)
#6 C:\Users\ACER\Downloads\UTS_Enterprise_msi - Copy\app\Controllers\Pengajuanhasil.php(34): CodeIgniter\BaseModel->findAll()
#7 C:\Users\ACER\Downloads\UTS_Enterprise_msi - Copy\system\CodeIgniter.php(825): App\Controllers\Pengajuanhasil->index()
#8 C:\Users\ACER\Downloads\UTS_Enterprise_msi - Copy\system\CodeIgniter.php(412): CodeIgniter\CodeIgniter->runController(Object(App\Controllers\Pengajuanhasil))
#9 C:\Users\ACER\Downloads\UTS_Enterprise_msi - Copy\system\CodeIgniter.php(320): CodeIgniter\CodeIgniter->handleRequest(NULL, Object(Config\Cache), false)
#10 C:\Users\ACER\Downloads\UTS_Enterprise_msi - Copy\public\index.php(37): CodeIgniter\CodeIgniter->run()
#11 C:\Users\ACER\Downloads\UTS_Enterprise_msi - Copy\system\Commands\Server\rewrite.php(43): require_once('C:\\Users\\ACER\\D...')
#12 {main}
CRITICAL - 2023-06-24 03:33:11 --> Invalid file: pengajuanhasil/view.php
#0 C:\Users\ACER\Downloads\UTS_Enterprise_msi - Copy\system\View\View.php(198): CodeIgniter\Exceptions\FrameworkException::forInvalidFile('pengajuanhasil/...')
#1 C:\Users\ACER\Downloads\UTS_Enterprise_msi - Copy\system\Common.php(1089): CodeIgniter\View\View->render('pengajuanhasil/...', Array, true)
#2 C:\Users\ACER\Downloads\UTS_Enterprise_msi - Copy\app\Controllers\Pengajuanhasil.php(79): view('pengajuanhasil/...', Array)
#3 C:\Users\ACER\Downloads\UTS_Enterprise_msi - Copy\system\CodeIgniter.php(825): App\Controllers\Pengajuanhasil->view()
#4 C:\Users\ACER\Downloads\UTS_Enterprise_msi - Copy\system\CodeIgniter.php(412): CodeIgniter\CodeIgniter->runController(Object(App\Controllers\Pengajuanhasil))
#5 C:\Users\ACER\Downloads\UTS_Enterprise_msi - Copy\system\CodeIgniter.php(320): CodeIgniter\CodeIgniter->handleRequest(NULL, Object(Config\Cache), false)
#6 C:\Users\ACER\Downloads\UTS_Enterprise_msi - Copy\public\index.php(37): CodeIgniter\CodeIgniter->run()
#7 C:\Users\ACER\Downloads\UTS_Enterprise_msi - Copy\system\Commands\Server\rewrite.php(43): require_once('C:\\Users\\ACER\\D...')
#8 {main}
CRITICAL - 2023-06-24 03:41:28 --> Undefined variable: row
#0 C:\Users\ACER\Downloads\UTS_Enterprise_msi - Copy\app\Views\datanilai\viewajuan.php(64): CodeIgniter\Debug\Exceptions->errorHandler(8, 'Undefined varia...', 'C:\\Users\\ACER\\D...', 64, Array)
#1 C:\Users\ACER\Downloads\UTS_Enterprise_msi - Copy\system\View\View.php(210): include('C:\\Users\\ACER\\D...')
#2 C:\Users\ACER\Downloads\UTS_Enterprise_msi - Copy\system\View\View.php(213): CodeIgniter\View\View->CodeIgniter\View\{closure}()
#3 C:\Users\ACER\Downloads\UTS_Enterprise_msi - Copy\system\Common.php(1089): CodeIgniter\View\View->render('datanilai/viewa...', Array, true)
#4 C:\Users\ACER\Downloads\UTS_Enterprise_msi - Copy\app\Controllers\Pengajuanhasil.php(79): view('datanilai/viewa...', Array)
#5 C:\Users\ACER\Downloads\UTS_Enterprise_msi - Copy\system\CodeIgniter.php(825): App\Controllers\Pengajuanhasil->view('101')
#6 C:\Users\ACER\Downloads\UTS_Enterprise_msi - Copy\system\CodeIgniter.php(412): CodeIgniter\CodeIgniter->runController(Object(App\Controllers\Pengajuanhasil))
#7 C:\Users\ACER\Downloads\UTS_Enterprise_msi - Copy\system\CodeIgniter.php(320): CodeIgniter\CodeIgniter->handleRequest(NULL, Object(Config\Cache), false)
#8 C:\Users\ACER\Downloads\UTS_Enterprise_msi - Copy\public\index.php(37): CodeIgniter\CodeIgniter->run()
#9 C:\Users\ACER\Downloads\UTS_Enterprise_msi - Copy\system\Commands\Server\rewrite.php(43): require_once('C:\\Users\\ACER\\D...')
#10 {main}
ERROR - 2023-06-24 04:04:57 --> Unknown column 'bhs_indonesia' in 'where clause'
CRITICAL - 2023-06-24 04:04:57 --> Unknown column 'bhs_indonesia' in 'where clause'
#0 C:\Users\ACER\Downloads\UTS_Enterprise_msi - Copy\system\Database\MySQLi\Connection.php(292): mysqli->query('SELECT *\nFROM `...', 0)
#1 C:\Users\ACER\Downloads\UTS_Enterprise_msi - Copy\system\Database\BaseConnection.php(670): CodeIgniter\Database\MySQLi\Connection->execute('SELECT *\nFROM `...')
#2 C:\Users\ACER\Downloads\UTS_Enterprise_msi - Copy\system\Database\BaseConnection.php(598): CodeIgniter\Database\BaseConnection->simpleQuery('SELECT *\nFROM `...')
#3 C:\Users\ACER\Downloads\UTS_Enterprise_msi - Copy\system\Database\BaseBuilder.php(1455): CodeIgniter\Database\BaseConnection->query('SELECT *\nFROM `...', Array, false)
#4 C:\Users\ACER\Downloads\UTS_Enterprise_msi - Copy\system\Model.php(183): CodeIgniter\Database\BaseBuilder->get()
#5 C:\Users\ACER\Downloads\UTS_Enterprise_msi - Copy\system\BaseModel.php(584): CodeIgniter\Model->doFindAll(0, 0)
#6 C:\Users\ACER\Downloads\UTS_Enterprise_msi - Copy\app\Controllers\Pengajuanhasil.php(34): CodeIgniter\BaseModel->findAll()
#7 C:\Users\ACER\Downloads\UTS_Enterprise_msi - Copy\system\CodeIgniter.php(825): App\Controllers\Pengajuanhasil->index()
#8 C:\Users\ACER\Downloads\UTS_Enterprise_msi - Copy\system\CodeIgniter.php(412): CodeIgniter\CodeIgniter->runController(Object(App\Controllers\Pengajuanhasil))
#9 C:\Users\ACER\Downloads\UTS_Enterprise_msi - Copy\system\CodeIgniter.php(320): CodeIgniter\CodeIgniter->handleRequest(NULL, Object(Config\Cache), false)
#10 C:\Users\ACER\Downloads\UTS_Enterprise_msi - Copy\public\index.php(37): CodeIgniter\CodeIgniter->run()
#11 C:\Users\ACER\Downloads\UTS_Enterprise_msi - Copy\system\Commands\Server\rewrite.php(43): require_once('C:\\Users\\ACER\\D...')
#12 {main}
ERROR - 2023-06-24 04:05:40 --> Unknown column 'bhs_indonesia' in 'where clause'
CRITICAL - 2023-06-24 04:05:40 --> Unknown column 'bhs_indonesia' in 'where clause'
#0 C:\Users\ACER\Downloads\UTS_Enterprise_msi - Copy\system\Database\MySQLi\Connection.php(292): mysqli->query('SELECT *\nFROM `...', 0)
#1 C:\Users\ACER\Downloads\UTS_Enterprise_msi - Copy\system\Database\BaseConnection.php(670): CodeIgniter\Database\MySQLi\Connection->execute('SELECT *\nFROM `...')
#2 C:\Users\ACER\Downloads\UTS_Enterprise_msi - Copy\system\Database\BaseConnection.php(598): CodeIgniter\Database\BaseConnection->simpleQuery('SELECT *\nFROM `...')
#3 C:\Users\ACER\Downloads\UTS_Enterprise_msi - Copy\system\Database\BaseBuilder.php(1455): CodeIgniter\Database\BaseConnection->query('SELECT *\nFROM `...', Array, false)
#4 C:\Users\ACER\Downloads\UTS_Enterprise_msi - Copy\system\Model.php(183): CodeIgniter\Database\BaseBuilder->get()
#5 C:\Users\ACER\Downloads\UTS_Enterprise_msi - Copy\system\BaseModel.php(584): CodeIgniter\Model->doFindAll(0, 0)
#6 C:\Users\ACER\Downloads\UTS_Enterprise_msi - Copy\app\Controllers\Pengajuanhasil.php(34): CodeIgniter\BaseModel->findAll()
#7 C:\Users\ACER\Downloads\UTS_Enterprise_msi - Copy\system\CodeIgniter.php(825): App\Controllers\Pengajuanhasil->index()
#8 C:\Users\ACER\Downloads\UTS_Enterprise_msi - Copy\system\CodeIgniter.php(412): CodeIgniter\CodeIgniter->runController(Object(App\Controllers\Pengajuanhasil))
#9 C:\Users\ACER\Downloads\UTS_Enterprise_msi - Copy\system\CodeIgniter.php(320): CodeIgniter\CodeIgniter->handleRequest(NULL, Object(Config\Cache), false)
#10 C:\Users\ACER\Downloads\UTS_Enterprise_msi - Copy\public\index.php(37): CodeIgniter\CodeIgniter->run()
#11 C:\Users\ACER\Downloads\UTS_Enterprise_msi - Copy\system\Commands\Server\rewrite.php(43): require_once('C:\\Users\\ACER\\D...')
#12 {main}
ERROR - 2023-06-24 04:26:23 --> Unknown column 'bhs_indonesia' in 'where clause'
CRITICAL - 2023-06-24 04:26:23 --> Unknown column 'bhs_indonesia' in 'where clause'
#0 C:\Users\ACER\Downloads\UTS_Enterprise_msi - Copy\system\Database\MySQLi\Connection.php(292): mysqli->query('SELECT *\nFROM `...', 0)
#1 C:\Users\ACER\Downloads\UTS_Enterprise_msi - Copy\system\Database\BaseConnection.php(670): CodeIgniter\Database\MySQLi\Connection->execute('SELECT *\nFROM `...')
#2 C:\Users\ACER\Downloads\UTS_Enterprise_msi - Copy\system\Database\BaseConnection.php(598): CodeIgniter\Database\BaseConnection->simpleQuery('SELECT *\nFROM `...')
#3 C:\Users\ACER\Downloads\UTS_Enterprise_msi - Copy\system\Database\BaseBuilder.php(1455): CodeIgniter\Database\BaseConnection->query('SELECT *\nFROM `...', Array, false)
#4 C:\Users\ACER\Downloads\UTS_Enterprise_msi - Copy\system\Model.php(183): CodeIgniter\Database\BaseBuilder->get()
#5 C:\Users\ACER\Downloads\UTS_Enterprise_msi - Copy\system\BaseModel.php(584): CodeIgniter\Model->doFindAll(0, 0)
#6 C:\Users\ACER\Downloads\UTS_Enterprise_msi - Copy\app\Controllers\Pengajuanhasil.php(34): CodeIgniter\BaseModel->findAll()
#7 C:\Users\ACER\Downloads\UTS_Enterprise_msi - Copy\system\CodeIgniter.php(825): App\Controllers\Pengajuanhasil->index()
#8 C:\Users\ACER\Downloads\UTS_Enterprise_msi - Copy\system\CodeIgniter.php(412): CodeIgniter\CodeIgniter->runController(Object(App\Controllers\Pengajuanhasil))
#9 C:\Users\ACER\Downloads\UTS_Enterprise_msi - Copy\system\CodeIgniter.php(320): CodeIgniter\CodeIgniter->handleRequest(NULL, Object(Config\Cache), false)
#10 C:\Users\ACER\Downloads\UTS_Enterprise_msi - Copy\public\index.php(37): CodeIgniter\CodeIgniter->run()
#11 C:\Users\ACER\Downloads\UTS_Enterprise_msi - Copy\system\Commands\Server\rewrite.php(43): require_once('C:\\Users\\ACER\\D...')
#12 {main}
CRITICAL - 2023-06-24 04:37:16 --> Undefined property: App\Controllers\Pengajuanhasil::$pengajuanhasil_model
#0 C:\Users\ACER\Downloads\UTS_Enterprise_msi - Copy\app\Controllers\Pengajuanhasil.php(175): CodeIgniter\Debug\Exceptions->errorHandler(8, 'Undefined prope...', 'C:\\Users\\ACER\\D...', 175, Array)
#1 C:\Users\ACER\Downloads\UTS_Enterprise_msi - Copy\system\CodeIgniter.php(825): App\Controllers\Pengajuanhasil->verifikasi('12')
#2 C:\Users\ACER\Downloads\UTS_Enterprise_msi - Copy\system\CodeIgniter.php(412): CodeIgniter\CodeIgniter->runController(Object(App\Controllers\Pengajuanhasil))
#3 C:\Users\ACER\Downloads\UTS_Enterprise_msi - Copy\system\CodeIgniter.php(320): CodeIgniter\CodeIgniter->handleRequest(NULL, Object(Config\Cache), false)
#4 C:\Users\ACER\Downloads\UTS_Enterprise_msi - Copy\public\index.php(37): CodeIgniter\CodeIgniter->run()
#5 C:\Users\ACER\Downloads\UTS_Enterprise_msi - Copy\system\Commands\Server\rewrite.php(43): require_once('C:\\Users\\ACER\\D...')
#6 {main}
CRITICAL - 2023-06-24 04:45:02 --> Call to undefined method CodeIgniter\Database\MySQLi\Connection::where()
#0 C:\Users\ACER\Downloads\UTS_Enterprise_msi - Copy\app\Controllers\Pengajuanhasil.php(178): App\Models\Pengajuanhasil_model->verifikasi('12')
#1 C:\Users\ACER\Downloads\UTS_Enterprise_msi - Copy\system\CodeIgniter.php(825): App\Controllers\Pengajuanhasil->verifikasi('12')
#2 C:\Users\ACER\Downloads\UTS_Enterprise_msi - Copy\system\CodeIgniter.php(412): CodeIgniter\CodeIgniter->runController(Object(App\Controllers\Pengajuanhasil))
#3 C:\Users\ACER\Downloads\UTS_Enterprise_msi - Copy\system\CodeIgniter.php(320): CodeIgniter\CodeIgniter->handleRequest(NULL, Object(Config\Cache), false)
#4 C:\Users\ACER\Downloads\UTS_Enterprise_msi - Copy\public\index.php(37): CodeIgniter\CodeIgniter->run()
#5 C:\Users\ACER\Downloads\UTS_Enterprise_msi - Copy\system\Commands\Server\rewrite.php(43): require_once('C:\\Users\\ACER\\D...')
#6 {main}
CRITICAL - 2023-06-24 04:45:42 --> Call to undefined method CodeIgniter\Database\MySQLi\Connection::where()
#0 C:\Users\ACER\Downloads\UTS_Enterprise_msi - Copy\app\Controllers\Pengajuanhasil.php(140): App\Models\Pengajuanhasil_model->verifikasi('12')
#1 C:\Users\ACER\Downloads\UTS_Enterprise_msi - Copy\system\CodeIgniter.php(825): App\Controllers\Pengajuanhasil->verifikasi('12')
#2 C:\Users\ACER\Downloads\UTS_Enterprise_msi - Copy\system\CodeIgniter.php(412): CodeIgniter\CodeIgniter->runController(Object(App\Controllers\Pengajuanhasil))
#3 C:\Users\ACER\Downloads\UTS_Enterprise_msi - Copy\system\CodeIgniter.php(320): CodeIgniter\CodeIgniter->handleRequest(NULL, Object(Config\Cache), false)
#4 C:\Users\ACER\Downloads\UTS_Enterprise_msi - Copy\public\index.php(37): CodeIgniter\CodeIgniter->run()
#5 C:\Users\ACER\Downloads\UTS_Enterprise_msi - Copy\system\Commands\Server\rewrite.php(43): require_once('C:\\Users\\ACER\\D...')
#6 {main}
CRITICAL - 2023-06-24 04:45:43 --> Call to undefined method CodeIgniter\Database\MySQLi\Connection::where()
#0 C:\Users\ACER\Downloads\UTS_Enterprise_msi - Copy\app\Controllers\Pengajuanhasil.php(140): App\Models\Pengajuanhasil_model->verifikasi('12')
#1 C:\Users\ACER\Downloads\UTS_Enterprise_msi - Copy\system\CodeIgniter.php(825): App\Controllers\Pengajuanhasil->verifikasi('12')
#2 C:\Users\ACER\Downloads\UTS_Enterprise_msi - Copy\system\CodeIgniter.php(412): CodeIgniter\CodeIgniter->runController(Object(App\Controllers\Pengajuanhasil))
#3 C:\Users\ACER\Downloads\UTS_Enterprise_msi - Copy\system\CodeIgniter.php(320): CodeIgniter\CodeIgniter->handleRequest(NULL, Object(Config\Cache), false)
#4 C:\Users\ACER\Downloads\UTS_Enterprise_msi - Copy\public\index.php(37): CodeIgniter\CodeIgniter->run()
#5 C:\Users\ACER\Downloads\UTS_Enterprise_msi - Copy\system\Commands\Server\rewrite.php(43): require_once('C:\\Users\\ACER\\D...')
#6 {main}
CRITICAL - 2023-06-24 04:48:14 --> Call to undefined method CodeIgniter\Database\MySQLi\Connection::where()
#0 C:\Users\ACER\Downloads\UTS_Enterprise_msi - Copy\app\Controllers\Pengajuanhasil.php(149): App\Models\Pengajuanhasil_model->tolak('13')
#1 C:\Users\ACER\Downloads\UTS_Enterprise_msi - Copy\system\CodeIgniter.php(825): App\Controllers\Pengajuanhasil->tolak('13')
#2 C:\Users\ACER\Downloads\UTS_Enterprise_msi - Copy\system\CodeIgniter.php(412): CodeIgniter\CodeIgniter->runController(Object(App\Controllers\Pengajuanhasil))
#3 C:\Users\ACER\Downloads\UTS_Enterprise_msi - Copy\system\CodeIgniter.php(320): CodeIgniter\CodeIgniter->handleRequest(NULL, Object(Config\Cache), false)
#4 C:\Users\ACER\Downloads\UTS_Enterprise_msi - Copy\public\index.php(37): CodeIgniter\CodeIgniter->run()
#5 C:\Users\ACER\Downloads\UTS_Enterprise_msi - Copy\system\Commands\Server\rewrite.php(43): require_once('C:\\Users\\ACER\\D...')
#6 {main}
