CRITICAL - 2023-07-06 02:41:48 --> Undefined variable: tahunajaran
#0 C:\Users\user\Downloads\msienterprise-main\app\Views\manajemenkelas\create22.php(47): CodeIgniter\Debug\Exceptions->errorHandler(8, 'Undefined varia...', 'C:\\Users\\user\\D...', 47, Array)
#1 C:\Users\user\Downloads\msienterprise-main\system\View\View.php(210): include('C:\\Users\\user\\D...')
#2 C:\Users\user\Downloads\msienterprise-main\system\View\View.php(213): CodeIgniter\View\View->CodeIgniter\View\{closure}()
#3 C:\Users\user\Downloads\msienterprise-main\system\Common.php(1089): CodeIgniter\View\View->render('manajemenkelas/...', Array, true)
#4 C:\Users\user\Downloads\msienterprise-main\app\Controllers\Manajemenkelas.php(72): view('manajemenkelas/...')
#5 C:\Users\user\Downloads\msienterprise-main\system\CodeIgniter.php(825): App\Controllers\Manajemenkelas->create22()
#6 C:\Users\user\Downloads\msienterprise-main\system\CodeIgniter.php(412): CodeIgniter\CodeIgniter->runController(Object(App\Controllers\Manajemenkelas))
#7 C:\Users\user\Downloads\msienterprise-main\system\CodeIgniter.php(320): CodeIgniter\CodeIgniter->handleRequest(NULL, Object(Config\Cache), false)
#8 C:\Users\user\Downloads\msienterprise-main\public\index.php(37): CodeIgniter\CodeIgniter->run()
#9 C:\Users\user\Downloads\msienterprise-main\system\Commands\Server\rewrite.php(43): require_once('C:\\Users\\user\\D...')
#10 {main}
CRITICAL - 2023-07-06 02:44:02 --> Undefined variable: tahunajaran
#0 C:\Users\user\Downloads\msienterprise-main\app\Views\manajemenkelas\create22.php(47): CodeIgniter\Debug\Exceptions->errorHandler(8, 'Undefined varia...', 'C:\\Users\\user\\D...', 47, Array)
#1 C:\Users\user\Downloads\msienterprise-main\system\View\View.php(210): include('C:\\Users\\user\\D...')
#2 C:\Users\user\Downloads\msienterprise-main\system\View\View.php(213): CodeIgniter\View\View->CodeIgniter\View\{closure}()
#3 C:\Users\user\Downloads\msienterprise-main\system\Common.php(1089): CodeIgniter\View\View->render('manajemenkelas/...', Array, true)
#4 C:\Users\user\Downloads\msienterprise-main\app\Controllers\Manajemenkelas.php(72): view('manajemenkelas/...')
#5 C:\Users\user\Downloads\msienterprise-main\system\CodeIgniter.php(825): App\Controllers\Manajemenkelas->create22()
#6 C:\Users\user\Downloads\msienterprise-main\system\CodeIgniter.php(412): CodeIgniter\CodeIgniter->runController(Object(App\Controllers\Manajemenkelas))
#7 C:\Users\user\Downloads\msienterprise-main\system\CodeIgniter.php(320): CodeIgniter\CodeIgniter->handleRequest(NULL, Object(Config\Cache), false)
#8 C:\Users\user\Downloads\msienterprise-main\public\index.php(37): CodeIgniter\CodeIgniter->run()
#9 C:\Users\user\Downloads\msienterprise-main\system\Commands\Server\rewrite.php(43): require_once('C:\\Users\\user\\D...')
#10 {main}
CRITICAL - 2023-07-06 02:44:27 --> Undefined variable: tahunajaran
#0 C:\Users\user\Downloads\msienterprise-main\app\Views\manajemenkelas\create22.php(47): CodeIgniter\Debug\Exceptions->errorHandler(8, 'Undefined varia...', 'C:\\Users\\user\\D...', 47, Array)
#1 C:\Users\user\Downloads\msienterprise-main\system\View\View.php(210): include('C:\\Users\\user\\D...')
#2 C:\Users\user\Downloads\msienterprise-main\system\View\View.php(213): CodeIgniter\View\View->CodeIgniter\View\{closure}()
#3 C:\Users\user\Downloads\msienterprise-main\system\Common.php(1089): CodeIgniter\View\View->render('manajemenkelas/...', Array, true)
#4 C:\Users\user\Downloads\msienterprise-main\app\Controllers\Manajemenkelas.php(72): view('manajemenkelas/...')
#5 C:\Users\user\Downloads\msienterprise-main\system\CodeIgniter.php(825): App\Controllers\Manajemenkelas->create22()
#6 C:\Users\user\Downloads\msienterprise-main\system\CodeIgniter.php(412): CodeIgniter\CodeIgniter->runController(Object(App\Controllers\Manajemenkelas))
#7 C:\Users\user\Downloads\msienterprise-main\system\CodeIgniter.php(320): CodeIgniter\CodeIgniter->handleRequest(NULL, Object(Config\Cache), false)
#8 C:\Users\user\Downloads\msienterprise-main\public\index.php(37): CodeIgniter\CodeIgniter->run()
#9 C:\Users\user\Downloads\msienterprise-main\system\Commands\Server\rewrite.php(43): require_once('C:\\Users\\user\\D...')
#10 {main}
CRITICAL - 2023-07-06 02:44:32 --> Undefined variable: tahunajaran
#0 C:\Users\user\Downloads\msienterprise-main\app\Views\manajemenkelas\create22.php(47): CodeIgniter\Debug\Exceptions->errorHandler(8, 'Undefined varia...', 'C:\\Users\\user\\D...', 47, Array)
#1 C:\Users\user\Downloads\msienterprise-main\system\View\View.php(210): include('C:\\Users\\user\\D...')
#2 C:\Users\user\Downloads\msienterprise-main\system\View\View.php(213): CodeIgniter\View\View->CodeIgniter\View\{closure}()
#3 C:\Users\user\Downloads\msienterprise-main\system\Common.php(1089): CodeIgniter\View\View->render('manajemenkelas/...', Array, true)
#4 C:\Users\user\Downloads\msienterprise-main\app\Controllers\Manajemenkelas.php(72): view('manajemenkelas/...')
#5 C:\Users\user\Downloads\msienterprise-main\system\CodeIgniter.php(825): App\Controllers\Manajemenkelas->create22()
#6 C:\Users\user\Downloads\msienterprise-main\system\CodeIgniter.php(412): CodeIgniter\CodeIgniter->runController(Object(App\Controllers\Manajemenkelas))
#7 C:\Users\user\Downloads\msienterprise-main\system\CodeIgniter.php(320): CodeIgniter\CodeIgniter->handleRequest(NULL, Object(Config\Cache), false)
#8 C:\Users\user\Downloads\msienterprise-main\public\index.php(37): CodeIgniter\CodeIgniter->run()
#9 C:\Users\user\Downloads\msienterprise-main\system\Commands\Server\rewrite.php(43): require_once('C:\\Users\\user\\D...')
#10 {main}
CRITICAL - 2023-07-06 02:48:14 --> Undefined variable: tahunajaran
#0 C:\Users\user\Downloads\msienterprise-main\app\Views\manajemenkelas\create22.php(47): CodeIgniter\Debug\Exceptions->errorHandler(8, 'Undefined varia...', 'C:\\Users\\user\\D...', 47, Array)
#1 C:\Users\user\Downloads\msienterprise-main\system\View\View.php(210): include('C:\\Users\\user\\D...')
#2 C:\Users\user\Downloads\msienterprise-main\system\View\View.php(213): CodeIgniter\View\View->CodeIgniter\View\{closure}()
#3 C:\Users\user\Downloads\msienterprise-main\system\Common.php(1089): CodeIgniter\View\View->render('manajemenkelas/...', Array, true)
#4 C:\Users\user\Downloads\msienterprise-main\app\Controllers\Manajemenkelas.php(72): view('manajemenkelas/...')
#5 C:\Users\user\Downloads\msienterprise-main\system\CodeIgniter.php(825): App\Controllers\Manajemenkelas->create22()
#6 C:\Users\user\Downloads\msienterprise-main\system\CodeIgniter.php(412): CodeIgniter\CodeIgniter->runController(Object(App\Controllers\Manajemenkelas))
#7 C:\Users\user\Downloads\msienterprise-main\system\CodeIgniter.php(320): CodeIgniter\CodeIgniter->handleRequest(NULL, Object(Config\Cache), false)
#8 C:\Users\user\Downloads\msienterprise-main\public\index.php(37): CodeIgniter\CodeIgniter->run()
#9 C:\Users\user\Downloads\msienterprise-main\system\Commands\Server\rewrite.php(43): require_once('C:\\Users\\user\\D...')
#10 {main}
CRITICAL - 2023-07-06 02:48:20 --> Undefined variable: tahunajaran
#0 C:\Users\user\Downloads\msienterprise-main\app\Views\manajemenkelas\create22.php(47): CodeIgniter\Debug\Exceptions->errorHandler(8, 'Undefined varia...', 'C:\\Users\\user\\D...', 47, Array)
#1 C:\Users\user\Downloads\msienterprise-main\system\View\View.php(210): include('C:\\Users\\user\\D...')
#2 C:\Users\user\Downloads\msienterprise-main\system\View\View.php(213): CodeIgniter\View\View->CodeIgniter\View\{closure}()
#3 C:\Users\user\Downloads\msienterprise-main\system\Common.php(1089): CodeIgniter\View\View->render('manajemenkelas/...', Array, true)
#4 C:\Users\user\Downloads\msienterprise-main\app\Controllers\Manajemenkelas.php(72): view('manajemenkelas/...')
#5 C:\Users\user\Downloads\msienterprise-main\system\CodeIgniter.php(825): App\Controllers\Manajemenkelas->create22()
#6 C:\Users\user\Downloads\msienterprise-main\system\CodeIgniter.php(412): CodeIgniter\CodeIgniter->runController(Object(App\Controllers\Manajemenkelas))
#7 C:\Users\user\Downloads\msienterprise-main\system\CodeIgniter.php(320): CodeIgniter\CodeIgniter->handleRequest(NULL, Object(Config\Cache), false)
#8 C:\Users\user\Downloads\msienterprise-main\public\index.php(37): CodeIgniter\CodeIgniter->run()
#9 C:\Users\user\Downloads\msienterprise-main\system\Commands\Server\rewrite.php(43): require_once('C:\\Users\\user\\D...')
#10 {main}
CRITICAL - 2023-07-06 02:48:28 --> Undefined variable: tahun_ajaran
#0 C:\Users\user\Downloads\msienterprise-main\app\Views\manajemenkelas\create22.php(47): CodeIgniter\Debug\Exceptions->errorHandler(8, 'Undefined varia...', 'C:\\Users\\user\\D...', 47, Array)
#1 C:\Users\user\Downloads\msienterprise-main\system\View\View.php(210): include('C:\\Users\\user\\D...')
#2 C:\Users\user\Downloads\msienterprise-main\system\View\View.php(213): CodeIgniter\View\View->CodeIgniter\View\{closure}()
#3 C:\Users\user\Downloads\msienterprise-main\system\Common.php(1089): CodeIgniter\View\View->render('manajemenkelas/...', Array, true)
#4 C:\Users\user\Downloads\msienterprise-main\app\Controllers\Manajemenkelas.php(72): view('manajemenkelas/...')
#5 C:\Users\user\Downloads\msienterprise-main\system\CodeIgniter.php(825): App\Controllers\Manajemenkelas->create22()
#6 C:\Users\user\Downloads\msienterprise-main\system\CodeIgniter.php(412): CodeIgniter\CodeIgniter->runController(Object(App\Controllers\Manajemenkelas))
#7 C:\Users\user\Downloads\msienterprise-main\system\CodeIgniter.php(320): CodeIgniter\CodeIgniter->handleRequest(NULL, Object(Config\Cache), false)
#8 C:\Users\user\Downloads\msienterprise-main\public\index.php(37): CodeIgniter\CodeIgniter->run()
#9 C:\Users\user\Downloads\msienterprise-main\system\Commands\Server\rewrite.php(43): require_once('C:\\Users\\user\\D...')
#10 {main}
CRITICAL - 2023-07-06 02:53:03 --> Undefined variable: tahun_ajaran
#0 C:\Users\user\Downloads\msienterprise-main\app\Views\manajemenkelas\create22.php(47): CodeIgniter\Debug\Exceptions->errorHandler(8, 'Undefined varia...', 'C:\\Users\\user\\D...', 47, Array)
#1 C:\Users\user\Downloads\msienterprise-main\system\View\View.php(210): include('C:\\Users\\user\\D...')
#2 C:\Users\user\Downloads\msienterprise-main\system\View\View.php(213): CodeIgniter\View\View->CodeIgniter\View\{closure}()
#3 C:\Users\user\Downloads\msienterprise-main\system\Common.php(1089): CodeIgniter\View\View->render('manajemenkelas/...', Array, true)
#4 C:\Users\user\Downloads\msienterprise-main\app\Controllers\Manajemenkelas.php(72): view('manajemenkelas/...')
#5 C:\Users\user\Downloads\msienterprise-main\system\CodeIgniter.php(825): App\Controllers\Manajemenkelas->create22()
#6 C:\Users\user\Downloads\msienterprise-main\system\CodeIgniter.php(412): CodeIgniter\CodeIgniter->runController(Object(App\Controllers\Manajemenkelas))
#7 C:\Users\user\Downloads\msienterprise-main\system\CodeIgniter.php(320): CodeIgniter\CodeIgniter->handleRequest(NULL, Object(Config\Cache), false)
#8 C:\Users\user\Downloads\msienterprise-main\public\index.php(37): CodeIgniter\CodeIgniter->run()
#9 C:\Users\user\Downloads\msienterprise-main\system\Commands\Server\rewrite.php(43): require_once('C:\\Users\\user\\D...')
#10 {main}
CRITICAL - 2023-07-06 03:01:22 --> Undefined variable: tahun_ajaran
#0 C:\Users\user\Downloads\msienterprise-main\app\Views\manajemenkelas\create22.php(48): CodeIgniter\Debug\Exceptions->errorHandler(8, 'Undefined varia...', 'C:\\Users\\user\\D...', 48, Array)
#1 C:\Users\user\Downloads\msienterprise-main\system\View\View.php(210): include('C:\\Users\\user\\D...')
#2 C:\Users\user\Downloads\msienterprise-main\system\View\View.php(213): CodeIgniter\View\View->CodeIgniter\View\{closure}()
#3 C:\Users\user\Downloads\msienterprise-main\system\Common.php(1089): CodeIgniter\View\View->render('manajemenkelas/...', Array, true)
#4 C:\Users\user\Downloads\msienterprise-main\app\Controllers\Manajemenkelas.php(75): view('manajemenkelas/...')
#5 C:\Users\user\Downloads\msienterprise-main\system\CodeIgniter.php(825): App\Controllers\Manajemenkelas->create22()
#6 C:\Users\user\Downloads\msienterprise-main\system\CodeIgniter.php(412): CodeIgniter\CodeIgniter->runController(Object(App\Controllers\Manajemenkelas))
#7 C:\Users\user\Downloads\msienterprise-main\system\CodeIgniter.php(320): CodeIgniter\CodeIgniter->handleRequest(NULL, Object(Config\Cache), false)
#8 C:\Users\user\Downloads\msienterprise-main\public\index.php(37): CodeIgniter\CodeIgniter->run()
#9 C:\Users\user\Downloads\msienterprise-main\system\Commands\Server\rewrite.php(43): require_once('C:\\Users\\user\\D...')
#10 {main}
CRITICAL - 2023-07-06 03:01:29 --> Undefined variable: tahun_ajaran
#0 C:\Users\user\Downloads\msienterprise-main\app\Views\manajemenkelas\create22.php(48): CodeIgniter\Debug\Exceptions->errorHandler(8, 'Undefined varia...', 'C:\\Users\\user\\D...', 48, Array)
#1 C:\Users\user\Downloads\msienterprise-main\system\View\View.php(210): include('C:\\Users\\user\\D...')
#2 C:\Users\user\Downloads\msienterprise-main\system\View\View.php(213): CodeIgniter\View\View->CodeIgniter\View\{closure}()
#3 C:\Users\user\Downloads\msienterprise-main\system\Common.php(1089): CodeIgniter\View\View->render('manajemenkelas/...', Array, true)
#4 C:\Users\user\Downloads\msienterprise-main\app\Controllers\Manajemenkelas.php(75): view('manajemenkelas/...')
#5 C:\Users\user\Downloads\msienterprise-main\system\CodeIgniter.php(825): App\Controllers\Manajemenkelas->create22()
#6 C:\Users\user\Downloads\msienterprise-main\system\CodeIgniter.php(412): CodeIgniter\CodeIgniter->runController(Object(App\Controllers\Manajemenkelas))
#7 C:\Users\user\Downloads\msienterprise-main\system\CodeIgniter.php(320): CodeIgniter\CodeIgniter->handleRequest(NULL, Object(Config\Cache), false)
#8 C:\Users\user\Downloads\msienterprise-main\public\index.php(37): CodeIgniter\CodeIgniter->run()
#9 C:\Users\user\Downloads\msienterprise-main\system\Commands\Server\rewrite.php(43): require_once('C:\\Users\\user\\D...')
#10 {main}
CRITICAL - 2023-07-06 03:03:24 --> Call to a member function getTahunajaran() on null
#0 C:\Users\user\Downloads\msienterprise-main\system\CodeIgniter.php(825): App\Controllers\Manajemenkelas->create22()
#1 C:\Users\user\Downloads\msienterprise-main\system\CodeIgniter.php(412): CodeIgniter\CodeIgniter->runController(Object(App\Controllers\Manajemenkelas))
#2 C:\Users\user\Downloads\msienterprise-main\system\CodeIgniter.php(320): CodeIgniter\CodeIgniter->handleRequest(NULL, Object(Config\Cache), false)
#3 C:\Users\user\Downloads\msienterprise-main\public\index.php(37): CodeIgniter\CodeIgniter->run()
#4 C:\Users\user\Downloads\msienterprise-main\system\Commands\Server\rewrite.php(43): require_once('C:\\Users\\user\\D...')
#5 {main}
CRITICAL - 2023-07-06 03:03:34 --> Call to a member function getTahunajaran() on null
#0 C:\Users\user\Downloads\msienterprise-main\system\CodeIgniter.php(825): App\Controllers\Manajemenkelas->create22()
#1 C:\Users\user\Downloads\msienterprise-main\system\CodeIgniter.php(412): CodeIgniter\CodeIgniter->runController(Object(App\Controllers\Manajemenkelas))
#2 C:\Users\user\Downloads\msienterprise-main\system\CodeIgniter.php(320): CodeIgniter\CodeIgniter->handleRequest(NULL, Object(Config\Cache), false)
#3 C:\Users\user\Downloads\msienterprise-main\public\index.php(37): CodeIgniter\CodeIgniter->run()
#4 C:\Users\user\Downloads\msienterprise-main\system\Commands\Server\rewrite.php(43): require_once('C:\\Users\\user\\D...')
#5 {main}
CRITICAL - 2023-07-06 03:06:10 --> Undefined variable: tahun_ajaran
#0 C:\Users\user\Downloads\msienterprise-main\app\Views\manajemenkelas\create22.php(48): CodeIgniter\Debug\Exceptions->errorHandler(8, 'Undefined varia...', 'C:\\Users\\user\\D...', 48, Array)
#1 C:\Users\user\Downloads\msienterprise-main\system\View\View.php(210): include('C:\\Users\\user\\D...')
#2 C:\Users\user\Downloads\msienterprise-main\system\View\View.php(213): CodeIgniter\View\View->CodeIgniter\View\{closure}()
#3 C:\Users\user\Downloads\msienterprise-main\system\Common.php(1089): CodeIgniter\View\View->render('manajemenkelas/...', Array, true)
#4 C:\Users\user\Downloads\msienterprise-main\app\Controllers\Manajemenkelas.php(76): view('manajemenkelas/...')
#5 C:\Users\user\Downloads\msienterprise-main\system\CodeIgniter.php(825): App\Controllers\Manajemenkelas->create22()
#6 C:\Users\user\Downloads\msienterprise-main\system\CodeIgniter.php(412): CodeIgniter\CodeIgniter->runController(Object(App\Controllers\Manajemenkelas))
#7 C:\Users\user\Downloads\msienterprise-main\system\CodeIgniter.php(320): CodeIgniter\CodeIgniter->handleRequest(NULL, Object(Config\Cache), false)
#8 C:\Users\user\Downloads\msienterprise-main\public\index.php(37): CodeIgniter\CodeIgniter->run()
#9 C:\Users\user\Downloads\msienterprise-main\system\Commands\Server\rewrite.php(43): require_once('C:\\Users\\user\\D...')
#10 {main}
CRITICAL - 2023-07-06 03:16:58 --> guruprofil is not a validation rules group.
#0 C:\Users\user\Downloads\msienterprise-main\system\Validation\Validation.php(543): CodeIgniter\Validation\Exceptions\ValidationException::forGroupNotFound('guruprofil')
#1 C:\Users\user\Downloads\msienterprise-main\system\Validation\Validation.php(116): CodeIgniter\Validation\Validation->loadRuleGroup('guruprofil')
#2 C:\Users\user\Downloads\msienterprise-main\app\Controllers\Guruprofil.php(143): CodeIgniter\Validation\Validation->run(Array, 'guruprofil')
#3 C:\Users\user\Downloads\msienterprise-main\system\CodeIgniter.php(825): App\Controllers\Guruprofil->update14()
#4 C:\Users\user\Downloads\msienterprise-main\system\CodeIgniter.php(412): CodeIgniter\CodeIgniter->runController(Object(App\Controllers\Guruprofil))
#5 C:\Users\user\Downloads\msienterprise-main\system\CodeIgniter.php(320): CodeIgniter\CodeIgniter->handleRequest(NULL, Object(Config\Cache), false)
#6 C:\Users\user\Downloads\msienterprise-main\public\index.php(37): CodeIgniter\CodeIgniter->run()
#7 C:\Users\user\Downloads\msienterprise-main\system\Commands\Server\rewrite.php(43): require_once('C:\\Users\\user\\D...')
#8 {main}
CRITICAL - 2023-07-06 03:18:35 --> The original file is not a valid file.
#0 C:\Users\user\Downloads\msienterprise-main\system\HTTP\Files\UploadedFile.php(137): CodeIgniter\HTTP\Exceptions\HTTPException::forInvalidFile()
#1 C:\Users\user\Downloads\msienterprise-main\app\Controllers\Guruprofil.php(149): CodeIgniter\HTTP\Files\UploadedFile->move('C:\\Users\\user\\D...', '')
#2 C:\Users\user\Downloads\msienterprise-main\system\CodeIgniter.php(825): App\Controllers\Guruprofil->update14()
#3 C:\Users\user\Downloads\msienterprise-main\system\CodeIgniter.php(412): CodeIgniter\CodeIgniter->runController(Object(App\Controllers\Guruprofil))
#4 C:\Users\user\Downloads\msienterprise-main\system\CodeIgniter.php(320): CodeIgniter\CodeIgniter->handleRequest(NULL, Object(Config\Cache), false)
#5 C:\Users\user\Downloads\msienterprise-main\public\index.php(37): CodeIgniter\CodeIgniter->run()
#6 C:\Users\user\Downloads\msienterprise-main\system\Commands\Server\rewrite.php(43): require_once('C:\\Users\\user\\D...')
#7 {main}
CRITICAL - 2023-07-06 03:19:48 --> Too few arguments to function App\Controllers\Guruprofil::edit14(), 0 passed in C:\Users\user\Downloads\msienterprise-main\system\CodeIgniter.php on line 825 and exactly 1 expected
#0 C:\Users\user\Downloads\msienterprise-main\system\CodeIgniter.php(825): App\Controllers\Guruprofil->edit14()
#1 C:\Users\user\Downloads\msienterprise-main\system\CodeIgniter.php(412): CodeIgniter\CodeIgniter->runController(Object(App\Controllers\Guruprofil))
#2 C:\Users\user\Downloads\msienterprise-main\system\CodeIgniter.php(320): CodeIgniter\CodeIgniter->handleRequest(NULL, Object(Config\Cache), false)
#3 C:\Users\user\Downloads\msienterprise-main\public\index.php(37): CodeIgniter\CodeIgniter->run()
#4 C:\Users\user\Downloads\msienterprise-main\system\Commands\Server\rewrite.php(43): require_once('C:\\Users\\user\\D...')
#5 {main}
CRITICAL - 2023-07-06 03:21:03 --> Call to undefined function form_label()
#0 C:\Users\user\Downloads\msienterprise-main\system\View\View.php(210): include()
#1 C:\Users\user\Downloads\msienterprise-main\system\View\View.php(213): CodeIgniter\View\View->CodeIgniter\View\{closure}()
#2 C:\Users\user\Downloads\msienterprise-main\system\Common.php(1089): CodeIgniter\View\View->render('guruprofil/idx1...', Array, true)
#3 C:\Users\user\Downloads\msienterprise-main\app\Controllers\ProfilController.php(10): view('guruprofil/idx1...')
#4 C:\Users\user\Downloads\msienterprise-main\system\CodeIgniter.php(825): App\Controllers\ProfilController->index()
#5 C:\Users\user\Downloads\msienterprise-main\system\CodeIgniter.php(412): CodeIgniter\CodeIgniter->runController(Object(App\Controllers\ProfilController))
#6 C:\Users\user\Downloads\msienterprise-main\system\CodeIgniter.php(320): CodeIgniter\CodeIgniter->handleRequest(NULL, Object(Config\Cache), false)
#7 C:\Users\user\Downloads\msienterprise-main\public\index.php(37): CodeIgniter\CodeIgniter->run()
#8 C:\Users\user\Downloads\msienterprise-main\system\Commands\Server\rewrite.php(43): require_once('C:\\Users\\user\\D...')
#9 {main}
CRITICAL - 2023-07-06 03:21:31 --> Call to undefined function form_label()
#0 C:\Users\user\Downloads\msienterprise-main\system\View\View.php(210): include()
#1 C:\Users\user\Downloads\msienterprise-main\system\View\View.php(213): CodeIgniter\View\View->CodeIgniter\View\{closure}()
#2 C:\Users\user\Downloads\msienterprise-main\system\Common.php(1089): CodeIgniter\View\View->render('guruprofil/idx1...', Array, true)
#3 C:\Users\user\Downloads\msienterprise-main\app\Controllers\ProfilController.php(10): view('guruprofil/idx1...')
#4 C:\Users\user\Downloads\msienterprise-main\system\CodeIgniter.php(825): App\Controllers\ProfilController->index()
#5 C:\Users\user\Downloads\msienterprise-main\system\CodeIgniter.php(412): CodeIgniter\CodeIgniter->runController(Object(App\Controllers\ProfilController))
#6 C:\Users\user\Downloads\msienterprise-main\system\CodeIgniter.php(320): CodeIgniter\CodeIgniter->handleRequest(NULL, Object(Config\Cache), false)
#7 C:\Users\user\Downloads\msienterprise-main\public\index.php(37): CodeIgniter\CodeIgniter->run()
#8 C:\Users\user\Downloads\msienterprise-main\system\Commands\Server\rewrite.php(43): require_once('C:\\Users\\user\\D...')
#9 {main}
CRITICAL - 2023-07-06 03:25:19 --> Call to undefined function form_label()
#0 C:\Users\user\Downloads\msienterprise-main\system\View\View.php(210): include()
#1 C:\Users\user\Downloads\msienterprise-main\system\View\View.php(213): CodeIgniter\View\View->CodeIgniter\View\{closure}()
#2 C:\Users\user\Downloads\msienterprise-main\system\Common.php(1089): CodeIgniter\View\View->render('guruprofil/idx1...', Array, true)
#3 C:\Users\user\Downloads\msienterprise-main\app\Controllers\ProfilController.php(10): view('guruprofil/idx1...')
#4 C:\Users\user\Downloads\msienterprise-main\system\CodeIgniter.php(825): App\Controllers\ProfilController->index()
#5 C:\Users\user\Downloads\msienterprise-main\system\CodeIgniter.php(412): CodeIgniter\CodeIgniter->runController(Object(App\Controllers\ProfilController))
#6 C:\Users\user\Downloads\msienterprise-main\system\CodeIgniter.php(320): CodeIgniter\CodeIgniter->handleRequest(NULL, Object(Config\Cache), false)
#7 C:\Users\user\Downloads\msienterprise-main\public\index.php(37): CodeIgniter\CodeIgniter->run()
#8 C:\Users\user\Downloads\msienterprise-main\system\Commands\Server\rewrite.php(43): require_once('C:\\Users\\user\\D...')
#9 {main}
CRITICAL - 2023-07-06 03:26:20 --> Call to undefined function form_label()
#0 C:\Users\user\Downloads\msienterprise-main\system\View\View.php(210): include()
#1 C:\Users\user\Downloads\msienterprise-main\system\View\View.php(213): CodeIgniter\View\View->CodeIgniter\View\{closure}()
#2 C:\Users\user\Downloads\msienterprise-main\system\Common.php(1089): CodeIgniter\View\View->render('guruprofil/idx1...', Array, true)
#3 C:\Users\user\Downloads\msienterprise-main\app\Controllers\ProfilController.php(10): view('guruprofil/idx1...')
#4 C:\Users\user\Downloads\msienterprise-main\system\CodeIgniter.php(825): App\Controllers\ProfilController->index()
#5 C:\Users\user\Downloads\msienterprise-main\system\CodeIgniter.php(412): CodeIgniter\CodeIgniter->runController(Object(App\Controllers\ProfilController))
#6 C:\Users\user\Downloads\msienterprise-main\system\CodeIgniter.php(320): CodeIgniter\CodeIgniter->handleRequest(NULL, Object(Config\Cache), false)
#7 C:\Users\user\Downloads\msienterprise-main\public\index.php(37): CodeIgniter\CodeIgniter->run()
#8 C:\Users\user\Downloads\msienterprise-main\system\Commands\Server\rewrite.php(43): require_once('C:\\Users\\user\\D...')
#9 {main}
CRITICAL - 2023-07-06 03:26:37 --> The original file is not a valid file.
#0 C:\Users\user\Downloads\msienterprise-main\system\HTTP\Files\UploadedFile.php(137): CodeIgniter\HTTP\Exceptions\HTTPException::forInvalidFile()
#1 C:\Users\user\Downloads\msienterprise-main\app\Controllers\Guruprofil.php(149): CodeIgniter\HTTP\Files\UploadedFile->move('C:\\Users\\user\\D...', '')
#2 C:\Users\user\Downloads\msienterprise-main\system\CodeIgniter.php(825): App\Controllers\Guruprofil->update14()
#3 C:\Users\user\Downloads\msienterprise-main\system\CodeIgniter.php(412): CodeIgniter\CodeIgniter->runController(Object(App\Controllers\Guruprofil))
#4 C:\Users\user\Downloads\msienterprise-main\system\CodeIgniter.php(320): CodeIgniter\CodeIgniter->handleRequest(NULL, Object(Config\Cache), false)
#5 C:\Users\user\Downloads\msienterprise-main\public\index.php(37): CodeIgniter\CodeIgniter->run()
#6 C:\Users\user\Downloads\msienterprise-main\system\Commands\Server\rewrite.php(43): require_once('C:\\Users\\user\\D...')
#7 {main}
CRITICAL - 2023-07-06 03:29:18 --> The original file is not a valid file.
#0 C:\Users\user\Downloads\msienterprise-main\system\HTTP\Files\UploadedFile.php(137): CodeIgniter\HTTP\Exceptions\HTTPException::forInvalidFile()
#1 C:\Users\user\Downloads\msienterprise-main\app\Controllers\Guruprofil.php(149): CodeIgniter\HTTP\Files\UploadedFile->move('C:\\Users\\user\\D...', '')
#2 C:\Users\user\Downloads\msienterprise-main\system\CodeIgniter.php(825): App\Controllers\Guruprofil->update14()
#3 C:\Users\user\Downloads\msienterprise-main\system\CodeIgniter.php(412): CodeIgniter\CodeIgniter->runController(Object(App\Controllers\Guruprofil))
#4 C:\Users\user\Downloads\msienterprise-main\system\CodeIgniter.php(320): CodeIgniter\CodeIgniter->handleRequest(NULL, Object(Config\Cache), false)
#5 C:\Users\user\Downloads\msienterprise-main\public\index.php(37): CodeIgniter\CodeIgniter->run()
#6 C:\Users\user\Downloads\msienterprise-main\system\Commands\Server\rewrite.php(43): require_once('C:\\Users\\user\\D...')
#7 {main}
CRITICAL - 2023-07-06 03:30:46 --> Call to undefined function form_label()
#0 C:\Users\user\Downloads\msienterprise-main\system\View\View.php(210): include()
#1 C:\Users\user\Downloads\msienterprise-main\system\View\View.php(213): CodeIgniter\View\View->CodeIgniter\View\{closure}()
#2 C:\Users\user\Downloads\msienterprise-main\system\Common.php(1089): CodeIgniter\View\View->render('guruprofil/idx1...', Array, true)
#3 C:\Users\user\Downloads\msienterprise-main\app\Controllers\ProfilController.php(10): view('guruprofil/idx1...')
#4 C:\Users\user\Downloads\msienterprise-main\system\CodeIgniter.php(825): App\Controllers\ProfilController->index()
#5 C:\Users\user\Downloads\msienterprise-main\system\CodeIgniter.php(412): CodeIgniter\CodeIgniter->runController(Object(App\Controllers\ProfilController))
#6 C:\Users\user\Downloads\msienterprise-main\system\CodeIgniter.php(320): CodeIgniter\CodeIgniter->handleRequest(NULL, Object(Config\Cache), false)
#7 C:\Users\user\Downloads\msienterprise-main\public\index.php(37): CodeIgniter\CodeIgniter->run()
#8 C:\Users\user\Downloads\msienterprise-main\system\Commands\Server\rewrite.php(43): require_once('C:\\Users\\user\\D...')
#9 {main}
CRITICAL - 2023-07-06 03:33:20 --> Call to undefined function form_label()
#0 C:\Users\user\Downloads\msienterprise-main\system\View\View.php(210): include()
#1 C:\Users\user\Downloads\msienterprise-main\system\View\View.php(213): CodeIgniter\View\View->CodeIgniter\View\{closure}()
#2 C:\Users\user\Downloads\msienterprise-main\system\Common.php(1089): CodeIgniter\View\View->render('guruprofil/idx1...', Array, true)
#3 C:\Users\user\Downloads\msienterprise-main\app\Controllers\ProfilController.php(10): view('guruprofil/idx1...')
#4 C:\Users\user\Downloads\msienterprise-main\system\CodeIgniter.php(825): App\Controllers\ProfilController->index()
#5 C:\Users\user\Downloads\msienterprise-main\system\CodeIgniter.php(412): CodeIgniter\CodeIgniter->runController(Object(App\Controllers\ProfilController))
#6 C:\Users\user\Downloads\msienterprise-main\system\CodeIgniter.php(320): CodeIgniter\CodeIgniter->handleRequest(NULL, Object(Config\Cache), false)
#7 C:\Users\user\Downloads\msienterprise-main\public\index.php(37): CodeIgniter\CodeIgniter->run()
#8 C:\Users\user\Downloads\msienterprise-main\system\Commands\Server\rewrite.php(43): require_once('C:\\Users\\user\\D...')
#9 {main}
CRITICAL - 2023-07-06 03:35:03 --> The original file is not a valid file.
#0 C:\Users\user\Downloads\msienterprise-main\system\HTTP\Files\UploadedFile.php(137): CodeIgniter\HTTP\Exceptions\HTTPException::forInvalidFile()
#1 C:\Users\user\Downloads\msienterprise-main\app\Controllers\Guruprofil.php(149): CodeIgniter\HTTP\Files\UploadedFile->move('C:\\Users\\user\\D...', '')
#2 C:\Users\user\Downloads\msienterprise-main\system\CodeIgniter.php(825): App\Controllers\Guruprofil->update14()
#3 C:\Users\user\Downloads\msienterprise-main\system\CodeIgniter.php(412): CodeIgniter\CodeIgniter->runController(Object(App\Controllers\Guruprofil))
#4 C:\Users\user\Downloads\msienterprise-main\system\CodeIgniter.php(320): CodeIgniter\CodeIgniter->handleRequest(NULL, Object(Config\Cache), false)
#5 C:\Users\user\Downloads\msienterprise-main\public\index.php(37): CodeIgniter\CodeIgniter->run()
#6 C:\Users\user\Downloads\msienterprise-main\system\Commands\Server\rewrite.php(43): require_once('C:\\Users\\user\\D...')
#7 {main}
CRITICAL - 2023-07-06 03:35:48 --> The original file is not a valid file.
#0 C:\Users\user\Downloads\msienterprise-main\system\HTTP\Files\UploadedFile.php(137): CodeIgniter\HTTP\Exceptions\HTTPException::forInvalidFile()
#1 C:\Users\user\Downloads\msienterprise-main\app\Controllers\Guruprofil.php(149): CodeIgniter\HTTP\Files\UploadedFile->move('C:\\Users\\user\\D...', '')
#2 C:\Users\user\Downloads\msienterprise-main\system\CodeIgniter.php(825): App\Controllers\Guruprofil->update14()
#3 C:\Users\user\Downloads\msienterprise-main\system\CodeIgniter.php(412): CodeIgniter\CodeIgniter->runController(Object(App\Controllers\Guruprofil))
#4 C:\Users\user\Downloads\msienterprise-main\system\CodeIgniter.php(320): CodeIgniter\CodeIgniter->handleRequest(NULL, Object(Config\Cache), false)
#5 C:\Users\user\Downloads\msienterprise-main\public\index.php(37): CodeIgniter\CodeIgniter->run()
#6 C:\Users\user\Downloads\msienterprise-main\system\Commands\Server\rewrite.php(43): require_once('C:\\Users\\user\\D...')
#7 {main}
CRITICAL - 2023-07-06 04:25:26 --> Undefined index: nama
#0 C:\Users\user\Downloads\msienterprise-main\app\Views\peminjaman\idx13.php(89): CodeIgniter\Debug\Exceptions->errorHandler(8, 'Undefined index...', 'C:\\Users\\user\\D...', 89, Array)
#1 C:\Users\user\Downloads\msienterprise-main\system\View\View.php(210): include('C:\\Users\\user\\D...')
#2 C:\Users\user\Downloads\msienterprise-main\system\View\View.php(213): CodeIgniter\View\View->CodeIgniter\View\{closure}()
#3 C:\Users\user\Downloads\msienterprise-main\system\Common.php(1089): CodeIgniter\View\View->render('peminjaman/idx1...', Array, true)
#4 C:\Users\user\Downloads\msienterprise-main\app\Controllers\Peminjaman.php(72): view('peminjaman/idx1...', Array)
#5 C:\Users\user\Downloads\msienterprise-main\system\CodeIgniter.php(825): App\Controllers\Peminjaman->index()
#6 C:\Users\user\Downloads\msienterprise-main\system\CodeIgniter.php(412): CodeIgniter\CodeIgniter->runController(Object(App\Controllers\Peminjaman))
#7 C:\Users\user\Downloads\msienterprise-main\system\CodeIgniter.php(320): CodeIgniter\CodeIgniter->handleRequest(NULL, Object(Config\Cache), false)
#8 C:\Users\user\Downloads\msienterprise-main\public\index.php(37): CodeIgniter\CodeIgniter->run()
#9 C:\Users\user\Downloads\msienterprise-main\system\Commands\Server\rewrite.php(43): require_once('C:\\Users\\user\\D...')
#10 {main}
CRITICAL - 2023-07-06 04:27:56 --> syntax error, unexpected '<'
#0 C:\Users\user\Downloads\msienterprise-main\system\View\View.php(213): CodeIgniter\View\View->CodeIgniter\View\{closure}()
#1 C:\Users\user\Downloads\msienterprise-main\system\Common.php(1089): CodeIgniter\View\View->render('peminjaman/idx1...', Array, true)
#2 C:\Users\user\Downloads\msienterprise-main\app\Controllers\Peminjaman.php(72): view('peminjaman/idx1...', Array)
#3 C:\Users\user\Downloads\msienterprise-main\system\CodeIgniter.php(825): App\Controllers\Peminjaman->index()
#4 C:\Users\user\Downloads\msienterprise-main\system\CodeIgniter.php(412): CodeIgniter\CodeIgniter->runController(Object(App\Controllers\Peminjaman))
#5 C:\Users\user\Downloads\msienterprise-main\system\CodeIgniter.php(320): CodeIgniter\CodeIgniter->handleRequest(NULL, Object(Config\Cache), false)
#6 C:\Users\user\Downloads\msienterprise-main\public\index.php(37): CodeIgniter\CodeIgniter->run()
#7 C:\Users\user\Downloads\msienterprise-main\system\Commands\Server\rewrite.php(43): require_once('C:\\Users\\user\\D...')
#8 {main}
CRITICAL - 2023-07-06 05:46:26 --> Array to string conversion
#0 C:\Users\user\Downloads\msienterprise-main\app\Controllers\Category.php(53): CodeIgniter\Debug\Exceptions->errorHandler(8, 'Array to string...', 'C:\\Users\\user\\D...', 53, Array)
#1 C:\Users\user\Downloads\msienterprise-main\system\CodeIgniter.php(825): App\Controllers\Category->index()
#2 C:\Users\user\Downloads\msienterprise-main\system\CodeIgniter.php(412): CodeIgniter\CodeIgniter->runController(Object(App\Controllers\Category))
#3 C:\Users\user\Downloads\msienterprise-main\system\CodeIgniter.php(320): CodeIgniter\CodeIgniter->handleRequest(NULL, Object(Config\Cache), false)
#4 C:\Users\user\Downloads\msienterprise-main\public\index.php(37): CodeIgniter\CodeIgniter->run()
#5 C:\Users\user\Downloads\msienterprise-main\system\Commands\Server\rewrite.php(43): require_once('C:\\Users\\user\\D...')
#6 {main}
CRITICAL - 2023-07-06 05:54:01 --> Call to a member function orderBy() on array
#0 C:\Users\user\Downloads\msienterprise-main\system\CodeIgniter.php(825): App\Controllers\Emis->index()
#1 C:\Users\user\Downloads\msienterprise-main\system\CodeIgniter.php(412): CodeIgniter\CodeIgniter->runController(Object(App\Controllers\Emis))
#2 C:\Users\user\Downloads\msienterprise-main\system\CodeIgniter.php(320): CodeIgniter\CodeIgniter->handleRequest(NULL, Object(Config\Cache), false)
#3 C:\Users\user\Downloads\msienterprise-main\public\index.php(37): CodeIgniter\CodeIgniter->run()
#4 C:\Users\user\Downloads\msienterprise-main\system\Commands\Server\rewrite.php(43): require_once('C:\\Users\\user\\D...')
#5 {main}
CRITICAL - 2023-07-06 05:55:35 --> Call to a member function orderBy() on array
#0 C:\Users\user\Downloads\msienterprise-main\system\CodeIgniter.php(825): App\Controllers\Emis->index()
#1 C:\Users\user\Downloads\msienterprise-main\system\CodeIgniter.php(412): CodeIgniter\CodeIgniter->runController(Object(App\Controllers\Emis))
#2 C:\Users\user\Downloads\msienterprise-main\system\CodeIgniter.php(320): CodeIgniter\CodeIgniter->handleRequest(NULL, Object(Config\Cache), false)
#3 C:\Users\user\Downloads\msienterprise-main\public\index.php(37): CodeIgniter\CodeIgniter->run()
#4 C:\Users\user\Downloads\msienterprise-main\system\Commands\Server\rewrite.php(43): require_once('C:\\Users\\user\\D...')
#5 {main}
CRITICAL - 2023-07-06 06:02:21 --> A non-numeric value encountered
#0 C:\Users\user\Downloads\msienterprise-main\app\Views\emis\idx2.php(92): CodeIgniter\Debug\Exceptions->errorHandler(2, 'A non-numeric v...', 'C:\\Users\\user\\D...', 92, Array)
#1 C:\Users\user\Downloads\msienterprise-main\system\View\View.php(210): include('C:\\Users\\user\\D...')
#2 C:\Users\user\Downloads\msienterprise-main\system\View\View.php(213): CodeIgniter\View\View->CodeIgniter\View\{closure}()
#3 C:\Users\user\Downloads\msienterprise-main\system\Common.php(1089): CodeIgniter\View\View->render('emis/idx2', Array, true)
#4 C:\Users\user\Downloads\msienterprise-main\app\Controllers\Emis.php(61): view('emis/idx2', Array)
#5 C:\Users\user\Downloads\msienterprise-main\system\CodeIgniter.php(825): App\Controllers\Emis->index()
#6 C:\Users\user\Downloads\msienterprise-main\system\CodeIgniter.php(412): CodeIgniter\CodeIgniter->runController(Object(App\Controllers\Emis))
#7 C:\Users\user\Downloads\msienterprise-main\system\CodeIgniter.php(320): CodeIgniter\CodeIgniter->handleRequest(NULL, Object(Config\Cache), false)
#8 C:\Users\user\Downloads\msienterprise-main\public\index.php(37): CodeIgniter\CodeIgniter->run()
#9 C:\Users\user\Downloads\msienterprise-main\system\Commands\Server\rewrite.php(43): require_once('C:\\Users\\user\\D...')
#10 {main}
CRITICAL - 2023-07-06 06:29:59 --> The original file is not a valid file.
#0 C:\Users\user\Downloads\msienterprise-main\system\HTTP\Files\UploadedFile.php(137): CodeIgniter\HTTP\Exceptions\HTTPException::forInvalidFile()
#1 C:\Users\user\Downloads\msienterprise-main\app\Controllers\Dataguru.php(167): CodeIgniter\HTTP\Files\UploadedFile->move('C:\\Users\\user\\D...', '')
#2 C:\Users\user\Downloads\msienterprise-main\system\CodeIgniter.php(825): App\Controllers\Dataguru->update3()
#3 C:\Users\user\Downloads\msienterprise-main\system\CodeIgniter.php(412): CodeIgniter\CodeIgniter->runController(Object(App\Controllers\Dataguru))
#4 C:\Users\user\Downloads\msienterprise-main\system\CodeIgniter.php(320): CodeIgniter\CodeIgniter->handleRequest(NULL, Object(Config\Cache), false)
#5 C:\Users\user\Downloads\msienterprise-main\public\index.php(37): CodeIgniter\CodeIgniter->run()
#6 C:\Users\user\Downloads\msienterprise-main\system\Commands\Server\rewrite.php(43): require_once('C:\\Users\\user\\D...')
#7 {main}
CRITICAL - 2023-07-06 07:30:01 --> Undefined variable: row
#0 C:\Users\user\Downloads\msienterprise-main\app\Views\pengumuman\idx24.php(78): CodeIgniter\Debug\Exceptions->errorHandler(8, 'Undefined varia...', 'C:\\Users\\user\\D...', 78, Array)
#1 C:\Users\user\Downloads\msienterprise-main\system\View\View.php(210): include('C:\\Users\\user\\D...')
#2 C:\Users\user\Downloads\msienterprise-main\system\View\View.php(213): CodeIgniter\View\View->CodeIgniter\View\{closure}()
#3 C:\Users\user\Downloads\msienterprise-main\system\Common.php(1089): CodeIgniter\View\View->render('pengumuman/idx2...', Array, true)
#4 C:\Users\user\Downloads\msienterprise-main\app\Controllers\Pengumuman.php(62): view('pengumuman/idx2...', Array)
#5 C:\Users\user\Downloads\msienterprise-main\system\CodeIgniter.php(825): App\Controllers\Pengumuman->index()
#6 C:\Users\user\Downloads\msienterprise-main\system\CodeIgniter.php(412): CodeIgniter\CodeIgniter->runController(Object(App\Controllers\Pengumuman))
#7 C:\Users\user\Downloads\msienterprise-main\system\CodeIgniter.php(320): CodeIgniter\CodeIgniter->handleRequest(NULL, Object(Config\Cache), false)
#8 C:\Users\user\Downloads\msienterprise-main\public\index.php(37): CodeIgniter\CodeIgniter->run()
#9 C:\Users\user\Downloads\msienterprise-main\system\Commands\Server\rewrite.php(43): require_once('C:\\Users\\user\\D...')
#10 {main}
CRITICAL - 2023-07-06 07:33:19 --> Undefined variable: dosen0072
#0 C:\Users\user\Downloads\msienterprise-main\app\Views\dashboard.php(104): CodeIgniter\Debug\Exceptions->errorHandler(8, 'Undefined varia...', 'C:\\Users\\user\\D...', 104, Array)
#1 C:\Users\user\Downloads\msienterprise-main\system\View\View.php(210): include('C:\\Users\\user\\D...')
#2 C:\Users\user\Downloads\msienterprise-main\system\View\View.php(213): CodeIgniter\View\View->CodeIgniter\View\{closure}()
#3 C:\Users\user\Downloads\msienterprise-main\system\Common.php(1089): CodeIgniter\View\View->render('dashboard', Array, true)
#4 C:\Users\user\Downloads\msienterprise-main\app\Controllers\Dashboard.php(36): view('dashboard', Array)
#5 C:\Users\user\Downloads\msienterprise-main\system\CodeIgniter.php(825): App\Controllers\Dashboard->index()
#6 C:\Users\user\Downloads\msienterprise-main\system\CodeIgniter.php(412): CodeIgniter\CodeIgniter->runController(Object(App\Controllers\Dashboard))
#7 C:\Users\user\Downloads\msienterprise-main\system\CodeIgniter.php(320): CodeIgniter\CodeIgniter->handleRequest(NULL, Object(Config\Cache), false)
#8 C:\Users\user\Downloads\msienterprise-main\public\index.php(37): CodeIgniter\CodeIgniter->run()
#9 C:\Users\user\Downloads\msienterprise-main\system\Commands\Server\rewrite.php(43): require_once('C:\\Users\\user\\D...')
#10 {main}
CRITICAL - 2023-07-06 07:44:28 --> Too few arguments to function App\Controllers\Pengumuman::edit24(), 0 passed in C:\Users\user\Downloads\msienterprise-main\system\CodeIgniter.php on line 825 and exactly 1 expected
#0 C:\Users\user\Downloads\msienterprise-main\system\CodeIgniter.php(825): App\Controllers\Pengumuman->edit24()
#1 C:\Users\user\Downloads\msienterprise-main\system\CodeIgniter.php(412): CodeIgniter\CodeIgniter->runController(Object(App\Controllers\Pengumuman))
#2 C:\Users\user\Downloads\msienterprise-main\system\CodeIgniter.php(320): CodeIgniter\CodeIgniter->handleRequest(NULL, Object(Config\Cache), false)
#3 C:\Users\user\Downloads\msienterprise-main\public\index.php(37): CodeIgniter\CodeIgniter->run()
#4 C:\Users\user\Downloads\msienterprise-main\system\Commands\Server\rewrite.php(43): require_once('C:\\Users\\user\\D...')
#5 {main}
CRITICAL - 2023-07-06 07:45:35 --> Too few arguments to function App\Controllers\Pengumuman::edit24(), 0 passed in C:\Users\user\Downloads\msienterprise-main\system\CodeIgniter.php on line 825 and exactly 1 expected
#0 C:\Users\user\Downloads\msienterprise-main\system\CodeIgniter.php(825): App\Controllers\Pengumuman->edit24()
#1 C:\Users\user\Downloads\msienterprise-main\system\CodeIgniter.php(412): CodeIgniter\CodeIgniter->runController(Object(App\Controllers\Pengumuman))
#2 C:\Users\user\Downloads\msienterprise-main\system\CodeIgniter.php(320): CodeIgniter\CodeIgniter->handleRequest(NULL, Object(Config\Cache), false)
#3 C:\Users\user\Downloads\msienterprise-main\public\index.php(37): CodeIgniter\CodeIgniter->run()
#4 C:\Users\user\Downloads\msienterprise-main\system\Commands\Server\rewrite.php(43): require_once('C:\\Users\\user\\D...')
#5 {main}
CRITICAL - 2023-07-06 08:04:10 --> Invalid file: pengumuman/show24.php
#0 C:\Users\user\Downloads\msienterprise-main\system\View\View.php(198): CodeIgniter\Exceptions\FrameworkException::forInvalidFile('pengumuman/show...')
#1 C:\Users\user\Downloads\msienterprise-main\system\Common.php(1089): CodeIgniter\View\View->render('pengumuman/show...', Array, true)
#2 C:\Users\user\Downloads\msienterprise-main\app\Controllers\Pengumuman.php(136): view('pengumuman/show...', Array)
#3 C:\Users\user\Downloads\msienterprise-main\system\CodeIgniter.php(825): App\Controllers\Pengumuman->show24('2')
#4 C:\Users\user\Downloads\msienterprise-main\system\CodeIgniter.php(412): CodeIgniter\CodeIgniter->runController(Object(App\Controllers\Pengumuman))
#5 C:\Users\user\Downloads\msienterprise-main\system\CodeIgniter.php(320): CodeIgniter\CodeIgniter->handleRequest(NULL, Object(Config\Cache), false)
#6 C:\Users\user\Downloads\msienterprise-main\public\index.php(37): CodeIgniter\CodeIgniter->run()
#7 C:\Users\user\Downloads\msienterprise-main\system\Commands\Server\rewrite.php(43): require_once('C:\\Users\\user\\D...')
#8 {main}
CRITICAL - 2023-07-06 08:34:24 --> Call to a member function updateCategory() on null
#0 C:\Users\user\Downloads\msienterprise-main\system\CodeIgniter.php(825): App\Controllers\Pengumuman->update24()
#1 C:\Users\user\Downloads\msienterprise-main\system\CodeIgniter.php(412): CodeIgniter\CodeIgniter->runController(Object(App\Controllers\Pengumuman))
#2 C:\Users\user\Downloads\msienterprise-main\system\CodeIgniter.php(320): CodeIgniter\CodeIgniter->handleRequest(NULL, Object(Config\Cache), false)
#3 C:\Users\user\Downloads\msienterprise-main\public\index.php(37): CodeIgniter\CodeIgniter->run()
#4 C:\Users\user\Downloads\msienterprise-main\system\Commands\Server\rewrite.php(43): require_once('C:\\Users\\user\\D...')
#5 {main}
CRITICAL - 2023-07-06 08:36:08 --> Call to a member function updateCategory() on null
#0 C:\Users\user\Downloads\msienterprise-main\system\CodeIgniter.php(825): App\Controllers\Pengumuman->update24()
#1 C:\Users\user\Downloads\msienterprise-main\system\CodeIgniter.php(412): CodeIgniter\CodeIgniter->runController(Object(App\Controllers\Pengumuman))
#2 C:\Users\user\Downloads\msienterprise-main\system\CodeIgniter.php(320): CodeIgniter\CodeIgniter->handleRequest(NULL, Object(Config\Cache), false)
#3 C:\Users\user\Downloads\msienterprise-main\public\index.php(37): CodeIgniter\CodeIgniter->run()
#4 C:\Users\user\Downloads\msienterprise-main\system\Commands\Server\rewrite.php(43): require_once('C:\\Users\\user\\D...')
#5 {main}
CRITICAL - 2023-07-06 08:36:19 --> Call to a member function updateCategory() on null
#0 C:\Users\user\Downloads\msienterprise-main\system\CodeIgniter.php(825): App\Controllers\Pengumuman->update24()
#1 C:\Users\user\Downloads\msienterprise-main\system\CodeIgniter.php(412): CodeIgniter\CodeIgniter->runController(Object(App\Controllers\Pengumuman))
#2 C:\Users\user\Downloads\msienterprise-main\system\CodeIgniter.php(320): CodeIgniter\CodeIgniter->handleRequest(NULL, Object(Config\Cache), false)
#3 C:\Users\user\Downloads\msienterprise-main\public\index.php(37): CodeIgniter\CodeIgniter->run()
#4 C:\Users\user\Downloads\msienterprise-main\system\Commands\Server\rewrite.php(43): require_once('C:\\Users\\user\\D...')
#5 {main}
CRITICAL - 2023-07-06 08:55:06 --> Invalid file: pengumuman/show24.php
#0 C:\Users\user\Downloads\msienterprise-main\system\View\View.php(198): CodeIgniter\Exceptions\FrameworkException::forInvalidFile('pengumuman/show...')
#1 C:\Users\user\Downloads\msienterprise-main\system\Common.php(1089): CodeIgniter\View\View->render('pengumuman/show...', Array, true)
#2 C:\Users\user\Downloads\msienterprise-main\app\Controllers\Pengumuman.php(161): view('pengumuman/show...', Array)
#3 C:\Users\user\Downloads\msienterprise-main\system\CodeIgniter.php(825): App\Controllers\Pengumuman->show24('2')
#4 C:\Users\user\Downloads\msienterprise-main\system\CodeIgniter.php(412): CodeIgniter\CodeIgniter->runController(Object(App\Controllers\Pengumuman))
#5 C:\Users\user\Downloads\msienterprise-main\system\CodeIgniter.php(320): CodeIgniter\CodeIgniter->handleRequest(NULL, Object(Config\Cache), false)
#6 C:\Users\user\Downloads\msienterprise-main\public\index.php(37): CodeIgniter\CodeIgniter->run()
#7 C:\Users\user\Downloads\msienterprise-main\system\Commands\Server\rewrite.php(43): require_once('C:\\Users\\user\\D...')
#8 {main}
CRITICAL - 2023-07-06 22:38:43 --> Cannot use object of type CodeIgniter\Database\MySQLi\Result as array
#0 C:\Users\user\Downloads\msienterprise-main\system\View\View.php(210): include()
#1 C:\Users\user\Downloads\msienterprise-main\system\View\View.php(213): CodeIgniter\View\View->CodeIgniter\View\{closure}()
#2 C:\Users\user\Downloads\msienterprise-main\system\Common.php(1089): CodeIgniter\View\View->render('pengumuman/edit...', Array, true)
#3 C:\Users\user\Downloads\msienterprise-main\app\Controllers\Pengumuman.php(100): view('pengumuman/edit...', Array)
#4 C:\Users\user\Downloads\msienterprise-main\system\CodeIgniter.php(825): App\Controllers\Pengumuman->edit24('2')
#5 C:\Users\user\Downloads\msienterprise-main\system\CodeIgniter.php(412): CodeIgniter\CodeIgniter->runController(Object(App\Controllers\Pengumuman))
#6 C:\Users\user\Downloads\msienterprise-main\system\CodeIgniter.php(320): CodeIgniter\CodeIgniter->handleRequest(NULL, Object(Config\Cache), false)
#7 C:\Users\user\Downloads\msienterprise-main\public\index.php(37): CodeIgniter\CodeIgniter->run()
#8 C:\Users\user\Downloads\msienterprise-main\system\Commands\Server\rewrite.php(43): require_once('C:\\Users\\user\\D...')
#9 {main}
CRITICAL - 2023-07-06 22:40:18 --> Undefined property: CodeIgniter\Database\MySQLi\Result::$konten
#0 C:\Users\user\Downloads\msienterprise-main\app\Views\pengumuman\edit24.php(41): CodeIgniter\Debug\Exceptions->errorHandler(8, 'Undefined prope...', 'C:\\Users\\user\\D...', 41, Array)
#1 C:\Users\user\Downloads\msienterprise-main\system\View\View.php(210): include('C:\\Users\\user\\D...')
#2 C:\Users\user\Downloads\msienterprise-main\system\View\View.php(213): CodeIgniter\View\View->CodeIgniter\View\{closure}()
#3 C:\Users\user\Downloads\msienterprise-main\system\Common.php(1089): CodeIgniter\View\View->render('pengumuman/edit...', Array, true)
#4 C:\Users\user\Downloads\msienterprise-main\app\Controllers\Pengumuman.php(100): view('pengumuman/edit...', Array)
#5 C:\Users\user\Downloads\msienterprise-main\system\CodeIgniter.php(825): App\Controllers\Pengumuman->edit24('2')
#6 C:\Users\user\Downloads\msienterprise-main\system\CodeIgniter.php(412): CodeIgniter\CodeIgniter->runController(Object(App\Controllers\Pengumuman))
#7 C:\Users\user\Downloads\msienterprise-main\system\CodeIgniter.php(320): CodeIgniter\CodeIgniter->handleRequest(NULL, Object(Config\Cache), false)
#8 C:\Users\user\Downloads\msienterprise-main\public\index.php(37): CodeIgniter\CodeIgniter->run()
#9 C:\Users\user\Downloads\msienterprise-main\system\Commands\Server\rewrite.php(43): require_once('C:\\Users\\user\\D...')
#10 {main}
CRITICAL - 2023-07-06 22:41:36 --> Cannot use object of type CodeIgniter\Database\MySQLi\Result as array
#0 C:\Users\user\Downloads\msienterprise-main\system\View\View.php(210): include()
#1 C:\Users\user\Downloads\msienterprise-main\system\View\View.php(213): CodeIgniter\View\View->CodeIgniter\View\{closure}()
#2 C:\Users\user\Downloads\msienterprise-main\system\Common.php(1089): CodeIgniter\View\View->render('pengumuman/edit...', Array, true)
#3 C:\Users\user\Downloads\msienterprise-main\app\Controllers\Pengumuman.php(100): view('pengumuman/edit...', Array)
#4 C:\Users\user\Downloads\msienterprise-main\system\CodeIgniter.php(825): App\Controllers\Pengumuman->edit24('2')
#5 C:\Users\user\Downloads\msienterprise-main\system\CodeIgniter.php(412): CodeIgniter\CodeIgniter->runController(Object(App\Controllers\Pengumuman))
#6 C:\Users\user\Downloads\msienterprise-main\system\CodeIgniter.php(320): CodeIgniter\CodeIgniter->handleRequest(NULL, Object(Config\Cache), false)
#7 C:\Users\user\Downloads\msienterprise-main\public\index.php(37): CodeIgniter\CodeIgniter->run()
#8 C:\Users\user\Downloads\msienterprise-main\system\Commands\Server\rewrite.php(43): require_once('C:\\Users\\user\\D...')
#9 {main}
CRITICAL - 2023-07-06 22:41:39 --> Cannot use object of type CodeIgniter\Database\MySQLi\Result as array
#0 C:\Users\user\Downloads\msienterprise-main\system\View\View.php(210): include()
#1 C:\Users\user\Downloads\msienterprise-main\system\View\View.php(213): CodeIgniter\View\View->CodeIgniter\View\{closure}()
#2 C:\Users\user\Downloads\msienterprise-main\system\Common.php(1089): CodeIgniter\View\View->render('pengumuman/edit...', Array, true)
#3 C:\Users\user\Downloads\msienterprise-main\app\Controllers\Pengumuman.php(100): view('pengumuman/edit...', Array)
#4 C:\Users\user\Downloads\msienterprise-main\system\CodeIgniter.php(825): App\Controllers\Pengumuman->edit24('2')
#5 C:\Users\user\Downloads\msienterprise-main\system\CodeIgniter.php(412): CodeIgniter\CodeIgniter->runController(Object(App\Controllers\Pengumuman))
#6 C:\Users\user\Downloads\msienterprise-main\system\CodeIgniter.php(320): CodeIgniter\CodeIgniter->handleRequest(NULL, Object(Config\Cache), false)
#7 C:\Users\user\Downloads\msienterprise-main\public\index.php(37): CodeIgniter\CodeIgniter->run()
#8 C:\Users\user\Downloads\msienterprise-main\system\Commands\Server\rewrite.php(43): require_once('C:\\Users\\user\\D...')
#9 {main}
CRITICAL - 2023-07-06 22:42:50 --> Cannot use object of type CodeIgniter\Database\MySQLi\Result as array
#0 C:\Users\user\Downloads\msienterprise-main\system\View\View.php(210): include()
#1 C:\Users\user\Downloads\msienterprise-main\system\View\View.php(213): CodeIgniter\View\View->CodeIgniter\View\{closure}()
#2 C:\Users\user\Downloads\msienterprise-main\system\Common.php(1089): CodeIgniter\View\View->render('pengumuman/edit...', Array, true)
#3 C:\Users\user\Downloads\msienterprise-main\app\Controllers\Pengumuman.php(100): view('pengumuman/edit...', Array)
#4 C:\Users\user\Downloads\msienterprise-main\system\CodeIgniter.php(825): App\Controllers\Pengumuman->edit24('2')
#5 C:\Users\user\Downloads\msienterprise-main\system\CodeIgniter.php(412): CodeIgniter\CodeIgniter->runController(Object(App\Controllers\Pengumuman))
#6 C:\Users\user\Downloads\msienterprise-main\system\CodeIgniter.php(320): CodeIgniter\CodeIgniter->handleRequest(NULL, Object(Config\Cache), false)
#7 C:\Users\user\Downloads\msienterprise-main\public\index.php(37): CodeIgniter\CodeIgniter->run()
#8 C:\Users\user\Downloads\msienterprise-main\system\Commands\Server\rewrite.php(43): require_once('C:\\Users\\user\\D...')
#9 {main}
CRITICAL - 2023-07-06 22:42:57 --> Cannot use object of type CodeIgniter\Database\MySQLi\Result as array
#0 C:\Users\user\Downloads\msienterprise-main\system\View\View.php(210): include()
#1 C:\Users\user\Downloads\msienterprise-main\system\View\View.php(213): CodeIgniter\View\View->CodeIgniter\View\{closure}()
#2 C:\Users\user\Downloads\msienterprise-main\system\Common.php(1089): CodeIgniter\View\View->render('pengumuman/edit...', Array, true)
#3 C:\Users\user\Downloads\msienterprise-main\app\Controllers\Pengumuman.php(100): view('pengumuman/edit...', Array)
#4 C:\Users\user\Downloads\msienterprise-main\system\CodeIgniter.php(825): App\Controllers\Pengumuman->edit24('2')
#5 C:\Users\user\Downloads\msienterprise-main\system\CodeIgniter.php(412): CodeIgniter\CodeIgniter->runController(Object(App\Controllers\Pengumuman))
#6 C:\Users\user\Downloads\msienterprise-main\system\CodeIgniter.php(320): CodeIgniter\CodeIgniter->handleRequest(NULL, Object(Config\Cache), false)
#7 C:\Users\user\Downloads\msienterprise-main\public\index.php(37): CodeIgniter\CodeIgniter->run()
#8 C:\Users\user\Downloads\msienterprise-main\system\Commands\Server\rewrite.php(43): require_once('C:\\Users\\user\\D...')
#9 {main}
CRITICAL - 2023-07-06 22:46:11 --> Undefined property: CodeIgniter\Database\MySQLi\Result::$konten
#0 C:\Users\user\Downloads\msienterprise-main\app\Views\pengumuman\edit24.php(43): CodeIgniter\Debug\Exceptions->errorHandler(8, 'Undefined prope...', 'C:\\Users\\user\\D...', 43, Array)
#1 C:\Users\user\Downloads\msienterprise-main\system\View\View.php(210): include('C:\\Users\\user\\D...')
#2 C:\Users\user\Downloads\msienterprise-main\system\View\View.php(213): CodeIgniter\View\View->CodeIgniter\View\{closure}()
#3 C:\Users\user\Downloads\msienterprise-main\system\Common.php(1089): CodeIgniter\View\View->render('pengumuman/edit...', Array, true)
#4 C:\Users\user\Downloads\msienterprise-main\app\Controllers\Pengumuman.php(100): view('pengumuman/edit...', Array)
#5 C:\Users\user\Downloads\msienterprise-main\system\CodeIgniter.php(825): App\Controllers\Pengumuman->edit24('2')
#6 C:\Users\user\Downloads\msienterprise-main\system\CodeIgniter.php(412): CodeIgniter\CodeIgniter->runController(Object(App\Controllers\Pengumuman))
#7 C:\Users\user\Downloads\msienterprise-main\system\CodeIgniter.php(320): CodeIgniter\CodeIgniter->handleRequest(NULL, Object(Config\Cache), false)
#8 C:\Users\user\Downloads\msienterprise-main\public\index.php(37): CodeIgniter\CodeIgniter->run()
#9 C:\Users\user\Downloads\msienterprise-main\system\Commands\Server\rewrite.php(43): require_once('C:\\Users\\user\\D...')
#10 {main}
CRITICAL - 2023-07-06 22:47:02 --> Cannot use object of type CodeIgniter\Database\MySQLi\Result as array
#0 C:\Users\user\Downloads\msienterprise-main\system\View\View.php(210): include()
#1 C:\Users\user\Downloads\msienterprise-main\system\View\View.php(213): CodeIgniter\View\View->CodeIgniter\View\{closure}()
#2 C:\Users\user\Downloads\msienterprise-main\system\Common.php(1089): CodeIgniter\View\View->render('pengumuman/edit...', Array, true)
#3 C:\Users\user\Downloads\msienterprise-main\app\Controllers\Pengumuman.php(100): view('pengumuman/edit...', Array)
#4 C:\Users\user\Downloads\msienterprise-main\system\CodeIgniter.php(825): App\Controllers\Pengumuman->edit24('2')
#5 C:\Users\user\Downloads\msienterprise-main\system\CodeIgniter.php(412): CodeIgniter\CodeIgniter->runController(Object(App\Controllers\Pengumuman))
#6 C:\Users\user\Downloads\msienterprise-main\system\CodeIgniter.php(320): CodeIgniter\CodeIgniter->handleRequest(NULL, Object(Config\Cache), false)
#7 C:\Users\user\Downloads\msienterprise-main\public\index.php(37): CodeIgniter\CodeIgniter->run()
#8 C:\Users\user\Downloads\msienterprise-main\system\Commands\Server\rewrite.php(43): require_once('C:\\Users\\user\\D...')
#9 {main}
CRITICAL - 2023-07-06 22:47:03 --> Cannot use object of type CodeIgniter\Database\MySQLi\Result as array
#0 C:\Users\user\Downloads\msienterprise-main\system\View\View.php(210): include()
#1 C:\Users\user\Downloads\msienterprise-main\system\View\View.php(213): CodeIgniter\View\View->CodeIgniter\View\{closure}()
#2 C:\Users\user\Downloads\msienterprise-main\system\Common.php(1089): CodeIgniter\View\View->render('pengumuman/edit...', Array, true)
#3 C:\Users\user\Downloads\msienterprise-main\app\Controllers\Pengumuman.php(100): view('pengumuman/edit...', Array)
#4 C:\Users\user\Downloads\msienterprise-main\system\CodeIgniter.php(825): App\Controllers\Pengumuman->edit24('2')
#5 C:\Users\user\Downloads\msienterprise-main\system\CodeIgniter.php(412): CodeIgniter\CodeIgniter->runController(Object(App\Controllers\Pengumuman))
#6 C:\Users\user\Downloads\msienterprise-main\system\CodeIgniter.php(320): CodeIgniter\CodeIgniter->handleRequest(NULL, Object(Config\Cache), false)
#7 C:\Users\user\Downloads\msienterprise-main\public\index.php(37): CodeIgniter\CodeIgniter->run()
#8 C:\Users\user\Downloads\msienterprise-main\system\Commands\Server\rewrite.php(43): require_once('C:\\Users\\user\\D...')
#9 {main}
CRITICAL - 2023-07-06 22:47:03 --> Cannot use object of type CodeIgniter\Database\MySQLi\Result as array
#0 C:\Users\user\Downloads\msienterprise-main\system\View\View.php(210): include()
#1 C:\Users\user\Downloads\msienterprise-main\system\View\View.php(213): CodeIgniter\View\View->CodeIgniter\View\{closure}()
#2 C:\Users\user\Downloads\msienterprise-main\system\Common.php(1089): CodeIgniter\View\View->render('pengumuman/edit...', Array, true)
#3 C:\Users\user\Downloads\msienterprise-main\app\Controllers\Pengumuman.php(100): view('pengumuman/edit...', Array)
#4 C:\Users\user\Downloads\msienterprise-main\system\CodeIgniter.php(825): App\Controllers\Pengumuman->edit24('2')
#5 C:\Users\user\Downloads\msienterprise-main\system\CodeIgniter.php(412): CodeIgniter\CodeIgniter->runController(Object(App\Controllers\Pengumuman))
#6 C:\Users\user\Downloads\msienterprise-main\system\CodeIgniter.php(320): CodeIgniter\CodeIgniter->handleRequest(NULL, Object(Config\Cache), false)
#7 C:\Users\user\Downloads\msienterprise-main\public\index.php(37): CodeIgniter\CodeIgniter->run()
#8 C:\Users\user\Downloads\msienterprise-main\system\Commands\Server\rewrite.php(43): require_once('C:\\Users\\user\\D...')
#9 {main}
CRITICAL - 2023-07-06 22:47:04 --> Cannot use object of type CodeIgniter\Database\MySQLi\Result as array
#0 C:\Users\user\Downloads\msienterprise-main\system\View\View.php(210): include()
#1 C:\Users\user\Downloads\msienterprise-main\system\View\View.php(213): CodeIgniter\View\View->CodeIgniter\View\{closure}()
#2 C:\Users\user\Downloads\msienterprise-main\system\Common.php(1089): CodeIgniter\View\View->render('pengumuman/edit...', Array, true)
#3 C:\Users\user\Downloads\msienterprise-main\app\Controllers\Pengumuman.php(100): view('pengumuman/edit...', Array)
#4 C:\Users\user\Downloads\msienterprise-main\system\CodeIgniter.php(825): App\Controllers\Pengumuman->edit24('2')
#5 C:\Users\user\Downloads\msienterprise-main\system\CodeIgniter.php(412): CodeIgniter\CodeIgniter->runController(Object(App\Controllers\Pengumuman))
#6 C:\Users\user\Downloads\msienterprise-main\system\CodeIgniter.php(320): CodeIgniter\CodeIgniter->handleRequest(NULL, Object(Config\Cache), false)
#7 C:\Users\user\Downloads\msienterprise-main\public\index.php(37): CodeIgniter\CodeIgniter->run()
#8 C:\Users\user\Downloads\msienterprise-main\system\Commands\Server\rewrite.php(43): require_once('C:\\Users\\user\\D...')
#9 {main}
CRITICAL - 2023-07-06 23:50:12 --> Undefined variable: tahun_ajaran
#0 C:\Users\user\Downloads\msienterprise-main\app\Views\manajemenkelas\create22.php(48): CodeIgniter\Debug\Exceptions->errorHandler(8, 'Undefined varia...', 'C:\\Users\\user\\D...', 48, Array)
#1 C:\Users\user\Downloads\msienterprise-main\system\View\View.php(210): include('C:\\Users\\user\\D...')
#2 C:\Users\user\Downloads\msienterprise-main\system\View\View.php(213): CodeIgniter\View\View->CodeIgniter\View\{closure}()
#3 C:\Users\user\Downloads\msienterprise-main\system\Common.php(1089): CodeIgniter\View\View->render('manajemenkelas/...', Array, true)
#4 C:\Users\user\Downloads\msienterprise-main\app\Controllers\Manajemenkelas.php(76): view('manajemenkelas/...')
#5 C:\Users\user\Downloads\msienterprise-main\system\CodeIgniter.php(825): App\Controllers\Manajemenkelas->create22()
#6 C:\Users\user\Downloads\msienterprise-main\system\CodeIgniter.php(412): CodeIgniter\CodeIgniter->runController(Object(App\Controllers\Manajemenkelas))
#7 C:\Users\user\Downloads\msienterprise-main\system\CodeIgniter.php(320): CodeIgniter\CodeIgniter->handleRequest(NULL, Object(Config\Cache), false)
#8 C:\Users\user\Downloads\msienterprise-main\public\index.php(37): CodeIgniter\CodeIgniter->run()
#9 C:\Users\user\Downloads\msienterprise-main\system\Commands\Server\rewrite.php(43): require_once('C:\\Users\\user\\D...')
#10 {main}
CRITICAL - 2023-07-06 23:50:37 --> Undefined variable: tahun_ajaran
#0 C:\Users\user\Downloads\msienterprise-main\app\Views\manajemenkelas\create22.php(48): CodeIgniter\Debug\Exceptions->errorHandler(8, 'Undefined varia...', 'C:\\Users\\user\\D...', 48, Array)
#1 C:\Users\user\Downloads\msienterprise-main\system\View\View.php(210): include('C:\\Users\\user\\D...')
#2 C:\Users\user\Downloads\msienterprise-main\system\View\View.php(213): CodeIgniter\View\View->CodeIgniter\View\{closure}()
#3 C:\Users\user\Downloads\msienterprise-main\system\Common.php(1089): CodeIgniter\View\View->render('manajemenkelas/...', Array, true)
#4 C:\Users\user\Downloads\msienterprise-main\app\Controllers\Manajemenkelas.php(76): view('manajemenkelas/...')
#5 C:\Users\user\Downloads\msienterprise-main\system\CodeIgniter.php(825): App\Controllers\Manajemenkelas->create22()
#6 C:\Users\user\Downloads\msienterprise-main\system\CodeIgniter.php(412): CodeIgniter\CodeIgniter->runController(Object(App\Controllers\Manajemenkelas))
#7 C:\Users\user\Downloads\msienterprise-main\system\CodeIgniter.php(320): CodeIgniter\CodeIgniter->handleRequest(NULL, Object(Config\Cache), false)
#8 C:\Users\user\Downloads\msienterprise-main\public\index.php(37): CodeIgniter\CodeIgniter->run()
#9 C:\Users\user\Downloads\msienterprise-main\system\Commands\Server\rewrite.php(43): require_once('C:\\Users\\user\\D...')
#10 {main}
CRITICAL - 2023-07-06 23:53:02 --> Undefined variable: tahun_ajaran
#0 C:\Users\user\Downloads\msienterprise-main\app\Views\manajemenkelas\create22.php(48): CodeIgniter\Debug\Exceptions->errorHandler(8, 'Undefined varia...', 'C:\\Users\\user\\D...', 48, Array)
#1 C:\Users\user\Downloads\msienterprise-main\system\View\View.php(210): include('C:\\Users\\user\\D...')
#2 C:\Users\user\Downloads\msienterprise-main\system\View\View.php(213): CodeIgniter\View\View->CodeIgniter\View\{closure}()
#3 C:\Users\user\Downloads\msienterprise-main\system\Common.php(1089): CodeIgniter\View\View->render('manajemenkelas/...', Array, true)
#4 C:\Users\user\Downloads\msienterprise-main\app\Controllers\Manajemenkelas.php(76): view('manajemenkelas/...')
#5 C:\Users\user\Downloads\msienterprise-main\system\CodeIgniter.php(825): App\Controllers\Manajemenkelas->create22()
#6 C:\Users\user\Downloads\msienterprise-main\system\CodeIgniter.php(412): CodeIgniter\CodeIgniter->runController(Object(App\Controllers\Manajemenkelas))
#7 C:\Users\user\Downloads\msienterprise-main\system\CodeIgniter.php(320): CodeIgniter\CodeIgniter->handleRequest(NULL, Object(Config\Cache), false)
#8 C:\Users\user\Downloads\msienterprise-main\public\index.php(37): CodeIgniter\CodeIgniter->run()
#9 C:\Users\user\Downloads\msienterprise-main\system\Commands\Server\rewrite.php(43): require_once('C:\\Users\\user\\D...')
#10 {main}
CRITICAL - 2023-07-06 23:53:07 --> Undefined variable: tahun_ajaran
#0 C:\Users\user\Downloads\msienterprise-main\app\Views\manajemenkelas\create22.php(48): CodeIgniter\Debug\Exceptions->errorHandler(8, 'Undefined varia...', 'C:\\Users\\user\\D...', 48, Array)
#1 C:\Users\user\Downloads\msienterprise-main\system\View\View.php(210): include('C:\\Users\\user\\D...')
#2 C:\Users\user\Downloads\msienterprise-main\system\View\View.php(213): CodeIgniter\View\View->CodeIgniter\View\{closure}()
#3 C:\Users\user\Downloads\msienterprise-main\system\Common.php(1089): CodeIgniter\View\View->render('manajemenkelas/...', Array, true)
#4 C:\Users\user\Downloads\msienterprise-main\app\Controllers\Manajemenkelas.php(76): view('manajemenkelas/...')
#5 C:\Users\user\Downloads\msienterprise-main\system\CodeIgniter.php(825): App\Controllers\Manajemenkelas->create22()
#6 C:\Users\user\Downloads\msienterprise-main\system\CodeIgniter.php(412): CodeIgniter\CodeIgniter->runController(Object(App\Controllers\Manajemenkelas))
#7 C:\Users\user\Downloads\msienterprise-main\system\CodeIgniter.php(320): CodeIgniter\CodeIgniter->handleRequest(NULL, Object(Config\Cache), false)
#8 C:\Users\user\Downloads\msienterprise-main\public\index.php(37): CodeIgniter\CodeIgniter->run()
#9 C:\Users\user\Downloads\msienterprise-main\system\Commands\Server\rewrite.php(43): require_once('C:\\Users\\user\\D...')
#10 {main}
