CRITICAL - 2023-05-07 00:12:38 --> Undefined variable: dosen0072
#0 C:\xampp\htdocs\Enterprise_msi\app\Views\spp\idx4.php(87): CodeIgniter\Debug\Exceptions->errorHandler(8, 'Undefined varia...', 'C:\\xampp\\htdocs...', 87, Array)
#1 C:\xampp\htdocs\Enterprise_msi\system\View\View.php(210): include('C:\\xampp\\htdocs...')
#2 C:\xampp\htdocs\Enterprise_msi\system\View\View.php(213): CodeIgniter\View\View->CodeIgniter\View\{closure}()
#3 C:\xampp\htdocs\Enterprise_msi\system\Common.php(1089): CodeIgniter\View\View->render('spp/idx4', Array, true)
#4 C:\xampp\htdocs\Enterprise_msi\app\Controllers\Spp.php(69): view('spp/idx4', Array)
#5 C:\xampp\htdocs\Enterprise_msi\system\CodeIgniter.php(825): App\Controllers\Spp->index()
#6 C:\xampp\htdocs\Enterprise_msi\system\CodeIgniter.php(412): CodeIgniter\CodeIgniter->runController(Object(App\Controllers\Spp))
#7 C:\xampp\htdocs\Enterprise_msi\system\CodeIgniter.php(320): CodeIgniter\CodeIgniter->handleRequest(NULL, Object(Config\Cache), false)
#8 C:\xampp\htdocs\Enterprise_msi\public\index.php(37): CodeIgniter\CodeIgniter->run()
#9 C:\xampp\htdocs\Enterprise_msi\system\Commands\Server\rewrite.php(43): require_once('C:\\xampp\\htdocs...')
#10 {main}
CRITICAL - 2023-05-07 00:18:37 --> Undefined property: App\Controllers\Spp::$Product_model
#0 C:\xampp\htdocs\Enterprise_msi\app\Controllers\Spp.php(58): CodeIgniter\Debug\Exceptions->errorHandler(8, 'Undefined prope...', 'C:\\xampp\\htdocs...', 58, Array)
#1 C:\xampp\htdocs\Enterprise_msi\system\CodeIgniter.php(825): App\Controllers\Spp->index()
#2 C:\xampp\htdocs\Enterprise_msi\system\CodeIgniter.php(412): CodeIgniter\CodeIgniter->runController(Object(App\Controllers\Spp))
#3 C:\xampp\htdocs\Enterprise_msi\system\CodeIgniter.php(320): CodeIgniter\CodeIgniter->handleRequest(NULL, Object(Config\Cache), false)
#4 C:\xampp\htdocs\Enterprise_msi\public\index.php(37): CodeIgniter\CodeIgniter->run()
#5 C:\xampp\htdocs\Enterprise_msi\system\Commands\Server\rewrite.php(43): require_once('C:\\xampp\\htdocs...')
#6 {main}
CRITICAL - 2023-05-07 00:20:01 --> Undefined variable: dosen0072
#0 C:\xampp\htdocs\Enterprise_msi\app\Views\spp\idx4.php(87): CodeIgniter\Debug\Exceptions->errorHandler(8, 'Undefined varia...', 'C:\\xampp\\htdocs...', 87, Array)
#1 C:\xampp\htdocs\Enterprise_msi\system\View\View.php(210): include('C:\\xampp\\htdocs...')
#2 C:\xampp\htdocs\Enterprise_msi\system\View\View.php(213): CodeIgniter\View\View->CodeIgniter\View\{closure}()
#3 C:\xampp\htdocs\Enterprise_msi\system\Common.php(1089): CodeIgniter\View\View->render('spp/idx4', Array, true)
#4 C:\xampp\htdocs\Enterprise_msi\app\Controllers\Spp.php(69): view('spp/idx4', Array)
#5 C:\xampp\htdocs\Enterprise_msi\system\CodeIgniter.php(825): App\Controllers\Spp->index()
#6 C:\xampp\htdocs\Enterprise_msi\system\CodeIgniter.php(412): CodeIgniter\CodeIgniter->runController(Object(App\Controllers\Spp))
#7 C:\xampp\htdocs\Enterprise_msi\system\CodeIgniter.php(320): CodeIgniter\CodeIgniter->handleRequest(NULL, Object(Config\Cache), false)
#8 C:\xampp\htdocs\Enterprise_msi\public\index.php(37): CodeIgniter\CodeIgniter->run()
#9 C:\xampp\htdocs\Enterprise_msi\system\Commands\Server\rewrite.php(43): require_once('C:\\xampp\\htdocs...')
#10 {main}
ERROR - 2023-05-07 00:25:17 --> Table 'db_msi_sugihwaras_rev.categories' doesn't exist
CRITICAL - 2023-05-07 00:25:17 --> Table 'db_msi_sugihwaras_rev.categories' doesn't exist
#0 C:\xampp\htdocs\Enterprise_msi\system\Database\MySQLi\Connection.php(292): mysqli->query('SELECT COUNT(*)...', 0)
#1 C:\xampp\htdocs\Enterprise_msi\system\Database\BaseConnection.php(670): CodeIgniter\Database\MySQLi\Connection->execute('SELECT COUNT(*)...')
#2 C:\xampp\htdocs\Enterprise_msi\system\Database\BaseConnection.php(598): CodeIgniter\Database\BaseConnection->simpleQuery('SELECT COUNT(*)...')
#3 C:\xampp\htdocs\Enterprise_msi\system\Database\BaseBuilder.php(1539): CodeIgniter\Database\BaseConnection->query('SELECT COUNT(*)...', Array, false)
#4 C:\xampp\htdocs\Enterprise_msi\system\Model.php(509): CodeIgniter\Database\BaseBuilder->countAllResults(false)
#5 C:\xampp\htdocs\Enterprise_msi\system\BaseModel.php(1084): CodeIgniter\Model->countAllResults(false)
#6 C:\xampp\htdocs\Enterprise_msi\app\Controllers\Spp.php(59): CodeIgniter\BaseModel->paginate(5, 'spp')
#7 C:\xampp\htdocs\Enterprise_msi\system\CodeIgniter.php(825): App\Controllers\Spp->index()
#8 C:\xampp\htdocs\Enterprise_msi\system\CodeIgniter.php(412): CodeIgniter\CodeIgniter->runController(Object(App\Controllers\Spp))
#9 C:\xampp\htdocs\Enterprise_msi\system\CodeIgniter.php(320): CodeIgniter\CodeIgniter->handleRequest(NULL, Object(Config\Cache), false)
#10 C:\xampp\htdocs\Enterprise_msi\public\index.php(37): CodeIgniter\CodeIgniter->run()
#11 C:\xampp\htdocs\Enterprise_msi\system\Commands\Server\rewrite.php(43): require_once('C:\\xampp\\htdocs...')
#12 {main}
CRITICAL - 2023-05-07 00:27:59 --> Undefined variable: keyword
#0 C:\xampp\htdocs\Enterprise_msi\app\Views\spp\idx4.php(60): CodeIgniter\Debug\Exceptions->errorHandler(8, 'Undefined varia...', 'C:\\xampp\\htdocs...', 60, Array)
#1 C:\xampp\htdocs\Enterprise_msi\system\View\View.php(210): include('C:\\xampp\\htdocs...')
#2 C:\xampp\htdocs\Enterprise_msi\system\View\View.php(213): CodeIgniter\View\View->CodeIgniter\View\{closure}()
#3 C:\xampp\htdocs\Enterprise_msi\system\Common.php(1089): CodeIgniter\View\View->render('spp/idx4', Array, true)
#4 C:\xampp\htdocs\Enterprise_msi\app\Controllers\Spp.php(70): view('spp/idx4', Array)
#5 C:\xampp\htdocs\Enterprise_msi\system\CodeIgniter.php(825): App\Controllers\Spp->index()
#6 C:\xampp\htdocs\Enterprise_msi\system\CodeIgniter.php(412): CodeIgniter\CodeIgniter->runController(Object(App\Controllers\Spp))
#7 C:\xampp\htdocs\Enterprise_msi\system\CodeIgniter.php(320): CodeIgniter\CodeIgniter->handleRequest(NULL, Object(Config\Cache), false)
#8 C:\xampp\htdocs\Enterprise_msi\public\index.php(37): CodeIgniter\CodeIgniter->run()
#9 C:\xampp\htdocs\Enterprise_msi\system\Commands\Server\rewrite.php(43): require_once('C:\\xampp\\htdocs...')
#10 {main}
CRITICAL - 2023-05-07 00:28:24 --> Undefined variable: spp
#0 C:\xampp\htdocs\Enterprise_msi\app\Views\spp\idx4.php(87): CodeIgniter\Debug\Exceptions->errorHandler(8, 'Undefined varia...', 'C:\\xampp\\htdocs...', 87, Array)
#1 C:\xampp\htdocs\Enterprise_msi\system\View\View.php(210): include('C:\\xampp\\htdocs...')
#2 C:\xampp\htdocs\Enterprise_msi\system\View\View.php(213): CodeIgniter\View\View->CodeIgniter\View\{closure}()
#3 C:\xampp\htdocs\Enterprise_msi\system\Common.php(1089): CodeIgniter\View\View->render('spp/idx4', Array, true)
#4 C:\xampp\htdocs\Enterprise_msi\app\Controllers\Spp.php(70): view('spp/idx4', Array)
#5 C:\xampp\htdocs\Enterprise_msi\system\CodeIgniter.php(825): App\Controllers\Spp->index()
#6 C:\xampp\htdocs\Enterprise_msi\system\CodeIgniter.php(412): CodeIgniter\CodeIgniter->runController(Object(App\Controllers\Spp))
#7 C:\xampp\htdocs\Enterprise_msi\system\CodeIgniter.php(320): CodeIgniter\CodeIgniter->handleRequest(NULL, Object(Config\Cache), false)
#8 C:\xampp\htdocs\Enterprise_msi\public\index.php(37): CodeIgniter\CodeIgniter->run()
#9 C:\xampp\htdocs\Enterprise_msi\system\Commands\Server\rewrite.php(43): require_once('C:\\xampp\\htdocs...')
#10 {main}
ERROR - 2023-05-07 00:30:10 --> Unknown column 'pegawai' in 'from clause'
CRITICAL - 2023-05-07 00:30:10 --> Unknown column 'pegawai' in 'from clause'
#0 C:\xampp\htdocs\Enterprise_msi\system\Database\MySQLi\Connection.php(292): mysqli->query('SELECT COUNT(*)...', 0)
#1 C:\xampp\htdocs\Enterprise_msi\system\Database\BaseConnection.php(670): CodeIgniter\Database\MySQLi\Connection->execute('SELECT COUNT(*)...')
#2 C:\xampp\htdocs\Enterprise_msi\system\Database\BaseConnection.php(598): CodeIgniter\Database\BaseConnection->simpleQuery('SELECT COUNT(*)...')
#3 C:\xampp\htdocs\Enterprise_msi\system\Database\BaseBuilder.php(1539): CodeIgniter\Database\BaseConnection->query('SELECT COUNT(*)...', Array, false)
#4 C:\xampp\htdocs\Enterprise_msi\system\Model.php(509): CodeIgniter\Database\BaseBuilder->countAllResults(false)
#5 C:\xampp\htdocs\Enterprise_msi\system\BaseModel.php(1084): CodeIgniter\Model->countAllResults(false)
#6 C:\xampp\htdocs\Enterprise_msi\app\Controllers\Spp.php(59): CodeIgniter\BaseModel->paginate(5, 'spp')
#7 C:\xampp\htdocs\Enterprise_msi\system\CodeIgniter.php(825): App\Controllers\Spp->index()
#8 C:\xampp\htdocs\Enterprise_msi\system\CodeIgniter.php(412): CodeIgniter\CodeIgniter->runController(Object(App\Controllers\Spp))
#9 C:\xampp\htdocs\Enterprise_msi\system\CodeIgniter.php(320): CodeIgniter\CodeIgniter->handleRequest(NULL, Object(Config\Cache), false)
#10 C:\xampp\htdocs\Enterprise_msi\public\index.php(37): CodeIgniter\CodeIgniter->run()
#11 C:\xampp\htdocs\Enterprise_msi\system\Commands\Server\rewrite.php(43): require_once('C:\\xampp\\htdocs...')
#12 {main}
ERROR - 2023-05-07 00:30:42 --> Unknown column 'pegawai' in 'from clause'
CRITICAL - 2023-05-07 00:30:42 --> Unknown column 'pegawai' in 'from clause'
#0 C:\xampp\htdocs\Enterprise_msi\system\Database\MySQLi\Connection.php(292): mysqli->query('SELECT COUNT(*)...', 0)
#1 C:\xampp\htdocs\Enterprise_msi\system\Database\BaseConnection.php(670): CodeIgniter\Database\MySQLi\Connection->execute('SELECT COUNT(*)...')
#2 C:\xampp\htdocs\Enterprise_msi\system\Database\BaseConnection.php(598): CodeIgniter\Database\BaseConnection->simpleQuery('SELECT COUNT(*)...')
#3 C:\xampp\htdocs\Enterprise_msi\system\Database\BaseBuilder.php(1539): CodeIgniter\Database\BaseConnection->query('SELECT COUNT(*)...', Array, false)
#4 C:\xampp\htdocs\Enterprise_msi\system\Model.php(509): CodeIgniter\Database\BaseBuilder->countAllResults(false)
#5 C:\xampp\htdocs\Enterprise_msi\system\BaseModel.php(1084): CodeIgniter\Model->countAllResults(false)
#6 C:\xampp\htdocs\Enterprise_msi\app\Controllers\Spp.php(59): CodeIgniter\BaseModel->paginate(5, 'spp')
#7 C:\xampp\htdocs\Enterprise_msi\system\CodeIgniter.php(825): App\Controllers\Spp->index()
#8 C:\xampp\htdocs\Enterprise_msi\system\CodeIgniter.php(412): CodeIgniter\CodeIgniter->runController(Object(App\Controllers\Spp))
#9 C:\xampp\htdocs\Enterprise_msi\system\CodeIgniter.php(320): CodeIgniter\CodeIgniter->handleRequest(NULL, Object(Config\Cache), false)
#10 C:\xampp\htdocs\Enterprise_msi\public\index.php(37): CodeIgniter\CodeIgniter->run()
#11 C:\xampp\htdocs\Enterprise_msi\system\Commands\Server\rewrite.php(43): require_once('C:\\xampp\\htdocs...')
#12 {main}
CRITICAL - 2023-05-07 00:38:17 --> Array to string conversion
#0 C:\xampp\htdocs\Enterprise_msi\app\Controllers\Category.php(53): CodeIgniter\Debug\Exceptions->errorHandler(8, 'Array to string...', 'C:\\xampp\\htdocs...', 53, Array)
#1 C:\xampp\htdocs\Enterprise_msi\system\CodeIgniter.php(825): App\Controllers\Category->index()
#2 C:\xampp\htdocs\Enterprise_msi\system\CodeIgniter.php(412): CodeIgniter\CodeIgniter->runController(Object(App\Controllers\Category))
#3 C:\xampp\htdocs\Enterprise_msi\system\CodeIgniter.php(320): CodeIgniter\CodeIgniter->handleRequest(NULL, Object(Config\Cache), false)
#4 C:\xampp\htdocs\Enterprise_msi\public\index.php(37): CodeIgniter\CodeIgniter->run()
#5 C:\xampp\htdocs\Enterprise_msi\system\Commands\Server\rewrite.php(43): require_once('C:\\xampp\\htdocs...')
#6 {main}
CRITICAL - 2023-05-07 00:38:23 --> Array to string conversion
#0 C:\xampp\htdocs\Enterprise_msi\app\Controllers\Category.php(53): CodeIgniter\Debug\Exceptions->errorHandler(8, 'Array to string...', 'C:\\xampp\\htdocs...', 53, Array)
#1 C:\xampp\htdocs\Enterprise_msi\system\CodeIgniter.php(825): App\Controllers\Category->index()
#2 C:\xampp\htdocs\Enterprise_msi\system\CodeIgniter.php(412): CodeIgniter\CodeIgniter->runController(Object(App\Controllers\Category))
#3 C:\xampp\htdocs\Enterprise_msi\system\CodeIgniter.php(320): CodeIgniter\CodeIgniter->handleRequest(NULL, Object(Config\Cache), false)
#4 C:\xampp\htdocs\Enterprise_msi\public\index.php(37): CodeIgniter\CodeIgniter->run()
#5 C:\xampp\htdocs\Enterprise_msi\system\Commands\Server\rewrite.php(43): require_once('C:\\xampp\\htdocs...')
#6 {main}
CRITICAL - 2023-05-07 01:13:10 --> Undefined index: id
#0 C:\xampp\htdocs\Enterprise_msi\app\Views\sarpras\idx12.php(95): CodeIgniter\Debug\Exceptions->errorHandler(8, 'Undefined index...', 'C:\\xampp\\htdocs...', 95, Array)
#1 C:\xampp\htdocs\Enterprise_msi\system\View\View.php(210): include('C:\\xampp\\htdocs...')
#2 C:\xampp\htdocs\Enterprise_msi\system\View\View.php(213): CodeIgniter\View\View->CodeIgniter\View\{closure}()
#3 C:\xampp\htdocs\Enterprise_msi\system\Common.php(1089): CodeIgniter\View\View->render('sarpras/idx12', Array, true)
#4 C:\xampp\htdocs\Enterprise_msi\app\Controllers\Sarpras.php(62): view('sarpras/idx12', Array)
#5 C:\xampp\htdocs\Enterprise_msi\system\CodeIgniter.php(825): App\Controllers\Sarpras->index()
#6 C:\xampp\htdocs\Enterprise_msi\system\CodeIgniter.php(412): CodeIgniter\CodeIgniter->runController(Object(App\Controllers\Sarpras))
#7 C:\xampp\htdocs\Enterprise_msi\system\CodeIgniter.php(320): CodeIgniter\CodeIgniter->handleRequest(NULL, Object(Config\Cache), false)
#8 C:\xampp\htdocs\Enterprise_msi\public\index.php(37): CodeIgniter\CodeIgniter->run()
#9 C:\xampp\htdocs\Enterprise_msi\system\Commands\Server\rewrite.php(43): require_once('C:\\xampp\\htdocs...')
#10 {main}
CRITICAL - 2023-05-07 01:17:41 --> Undefined index: id
#0 C:\xampp\htdocs\Enterprise_msi\app\Views\sarpras\idx12.php(97): CodeIgniter\Debug\Exceptions->errorHandler(8, 'Undefined index...', 'C:\\xampp\\htdocs...', 97, Array)
#1 C:\xampp\htdocs\Enterprise_msi\system\View\View.php(210): include('C:\\xampp\\htdocs...')
#2 C:\xampp\htdocs\Enterprise_msi\system\View\View.php(213): CodeIgniter\View\View->CodeIgniter\View\{closure}()
#3 C:\xampp\htdocs\Enterprise_msi\system\Common.php(1089): CodeIgniter\View\View->render('sarpras/idx12', Array, true)
#4 C:\xampp\htdocs\Enterprise_msi\app\Controllers\Sarpras.php(62): view('sarpras/idx12', Array)
#5 C:\xampp\htdocs\Enterprise_msi\system\CodeIgniter.php(825): App\Controllers\Sarpras->index()
#6 C:\xampp\htdocs\Enterprise_msi\system\CodeIgniter.php(412): CodeIgniter\CodeIgniter->runController(Object(App\Controllers\Sarpras))
#7 C:\xampp\htdocs\Enterprise_msi\system\CodeIgniter.php(320): CodeIgniter\CodeIgniter->handleRequest(NULL, Object(Config\Cache), false)
#8 C:\xampp\htdocs\Enterprise_msi\public\index.php(37): CodeIgniter\CodeIgniter->run()
#9 C:\xampp\htdocs\Enterprise_msi\system\Commands\Server\rewrite.php(43): require_once('C:\\xampp\\htdocs...')
#10 {main}
CRITICAL - 2023-05-07 01:18:01 --> Undefined index: id
#0 C:\xampp\htdocs\Enterprise_msi\app\Views\sarpras\idx12.php(97): CodeIgniter\Debug\Exceptions->errorHandler(8, 'Undefined index...', 'C:\\xampp\\htdocs...', 97, Array)
#1 C:\xampp\htdocs\Enterprise_msi\system\View\View.php(210): include('C:\\xampp\\htdocs...')
#2 C:\xampp\htdocs\Enterprise_msi\system\View\View.php(213): CodeIgniter\View\View->CodeIgniter\View\{closure}()
#3 C:\xampp\htdocs\Enterprise_msi\system\Common.php(1089): CodeIgniter\View\View->render('sarpras/idx12', Array, true)
#4 C:\xampp\htdocs\Enterprise_msi\app\Controllers\Sarpras.php(62): view('sarpras/idx12', Array)
#5 C:\xampp\htdocs\Enterprise_msi\system\CodeIgniter.php(825): App\Controllers\Sarpras->index()
#6 C:\xampp\htdocs\Enterprise_msi\system\CodeIgniter.php(412): CodeIgniter\CodeIgniter->runController(Object(App\Controllers\Sarpras))
#7 C:\xampp\htdocs\Enterprise_msi\system\CodeIgniter.php(320): CodeIgniter\CodeIgniter->handleRequest(NULL, Object(Config\Cache), false)
#8 C:\xampp\htdocs\Enterprise_msi\public\index.php(37): CodeIgniter\CodeIgniter->run()
#9 C:\xampp\htdocs\Enterprise_msi\system\Commands\Server\rewrite.php(43): require_once('C:\\xampp\\htdocs...')
#10 {main}
ERROR - 2023-05-07 01:18:59 --> Unknown column 'id' in 'field list'
CRITICAL - 2023-05-07 01:18:59 --> Unknown column 'id' in 'field list'
#0 C:\xampp\htdocs\Enterprise_msi\system\Database\MySQLi\Connection.php(292): mysqli->query('INSERT INTO `sa...', 0)
#1 C:\xampp\htdocs\Enterprise_msi\system\Database\BaseConnection.php(670): CodeIgniter\Database\MySQLi\Connection->execute('INSERT INTO `sa...')
#2 C:\xampp\htdocs\Enterprise_msi\system\Database\BaseConnection.php(598): CodeIgniter\Database\BaseConnection->simpleQuery('INSERT INTO `sa...')
#3 C:\xampp\htdocs\Enterprise_msi\system\Database\BaseBuilder.php(1771): CodeIgniter\Database\BaseConnection->query('INSERT INTO `sa...', Array, false)
#4 C:\xampp\htdocs\Enterprise_msi\app\Models\Sarpras_model.php(25): CodeIgniter\Database\BaseBuilder->insert(Array)
#5 C:\xampp\htdocs\Enterprise_msi\app\Controllers\Sarpras.php(89): App\Models\Sarpras_model->insertCategory(Array)
#6 C:\xampp\htdocs\Enterprise_msi\system\CodeIgniter.php(825): App\Controllers\Sarpras->store12()
#7 C:\xampp\htdocs\Enterprise_msi\system\CodeIgniter.php(412): CodeIgniter\CodeIgniter->runController(Object(App\Controllers\Sarpras))
#8 C:\xampp\htdocs\Enterprise_msi\system\CodeIgniter.php(320): CodeIgniter\CodeIgniter->handleRequest(NULL, Object(Config\Cache), false)
#9 C:\xampp\htdocs\Enterprise_msi\public\index.php(37): CodeIgniter\CodeIgniter->run()
#10 C:\xampp\htdocs\Enterprise_msi\system\Commands\Server\rewrite.php(43): require_once('C:\\xampp\\htdocs...')
#11 {main}
CRITICAL - 2023-05-07 01:50:37 --> Invalid file: Pengeluaransarpras/idx15.php
#0 C:\xampp\htdocs\Enterprise_msi\system\View\View.php(198): CodeIgniter\Exceptions\FrameworkException::forInvalidFile('Pengeluaransarp...')
#1 C:\xampp\htdocs\Enterprise_msi\system\Common.php(1089): CodeIgniter\View\View->render('Pengeluaransarp...', Array, true)
#2 C:\xampp\htdocs\Enterprise_msi\app\Controllers\Pengeluaransarpras.php(72): view('Pengeluaransarp...', Array)
#3 C:\xampp\htdocs\Enterprise_msi\system\CodeIgniter.php(825): App\Controllers\Pengeluaransarpras->index()
#4 C:\xampp\htdocs\Enterprise_msi\system\CodeIgniter.php(412): CodeIgniter\CodeIgniter->runController(Object(App\Controllers\Pengeluaransarpras))
#5 C:\xampp\htdocs\Enterprise_msi\system\CodeIgniter.php(320): CodeIgniter\CodeIgniter->handleRequest(NULL, Object(Config\Cache), false)
#6 C:\xampp\htdocs\Enterprise_msi\public\index.php(37): CodeIgniter\CodeIgniter->run()
#7 C:\xampp\htdocs\Enterprise_msi\system\Commands\Server\rewrite.php(43): require_once('C:\\xampp\\htdocs...')
#8 {main}
CRITICAL - 2023-05-07 01:51:13 --> Invalid file: Pengeluaransarpras/idx15.php
#0 C:\xampp\htdocs\Enterprise_msi\system\View\View.php(198): CodeIgniter\Exceptions\FrameworkException::forInvalidFile('Pengeluaransarp...')
#1 C:\xampp\htdocs\Enterprise_msi\system\Common.php(1089): CodeIgniter\View\View->render('Pengeluaransarp...', Array, true)
#2 C:\xampp\htdocs\Enterprise_msi\app\Controllers\Pengeluaransarpras.php(72): view('Pengeluaransarp...', Array)
#3 C:\xampp\htdocs\Enterprise_msi\system\CodeIgniter.php(825): App\Controllers\Pengeluaransarpras->index()
#4 C:\xampp\htdocs\Enterprise_msi\system\CodeIgniter.php(412): CodeIgniter\CodeIgniter->runController(Object(App\Controllers\Pengeluaransarpras))
#5 C:\xampp\htdocs\Enterprise_msi\system\CodeIgniter.php(320): CodeIgniter\CodeIgniter->handleRequest(NULL, Object(Config\Cache), false)
#6 C:\xampp\htdocs\Enterprise_msi\public\index.php(37): CodeIgniter\CodeIgniter->run()
#7 C:\xampp\htdocs\Enterprise_msi\system\Commands\Server\rewrite.php(43): require_once('C:\\xampp\\htdocs...')
#8 {main}
CRITICAL - 2023-05-07 01:51:45 --> Invalid file: Pengeluaransarpras/idx15.php
#0 C:\xampp\htdocs\Enterprise_msi\system\View\View.php(198): CodeIgniter\Exceptions\FrameworkException::forInvalidFile('Pengeluaransarp...')
#1 C:\xampp\htdocs\Enterprise_msi\system\Common.php(1089): CodeIgniter\View\View->render('Pengeluaransarp...', Array, true)
#2 C:\xampp\htdocs\Enterprise_msi\app\Controllers\Pengeluaransarpras.php(72): view('Pengeluaransarp...', Array)
#3 C:\xampp\htdocs\Enterprise_msi\system\CodeIgniter.php(825): App\Controllers\Pengeluaransarpras->index()
#4 C:\xampp\htdocs\Enterprise_msi\system\CodeIgniter.php(412): CodeIgniter\CodeIgniter->runController(Object(App\Controllers\Pengeluaransarpras))
#5 C:\xampp\htdocs\Enterprise_msi\system\CodeIgniter.php(320): CodeIgniter\CodeIgniter->handleRequest(NULL, Object(Config\Cache), false)
#6 C:\xampp\htdocs\Enterprise_msi\public\index.php(37): CodeIgniter\CodeIgniter->run()
#7 C:\xampp\htdocs\Enterprise_msi\system\Commands\Server\rewrite.php(43): require_once('C:\\xampp\\htdocs...')
#8 {main}
CRITICAL - 2023-05-07 02:21:49 --> Undefined index: bukti_spp
#0 C:\xampp\htdocs\Enterprise_msi\app\Views\pengeluaransarpras\idx15.php(92): CodeIgniter\Debug\Exceptions->errorHandler(8, 'Undefined index...', 'C:\\xampp\\htdocs...', 92, Array)
#1 C:\xampp\htdocs\Enterprise_msi\system\View\View.php(210): include('C:\\xampp\\htdocs...')
#2 C:\xampp\htdocs\Enterprise_msi\system\View\View.php(213): CodeIgniter\View\View->CodeIgniter\View\{closure}()
#3 C:\xampp\htdocs\Enterprise_msi\system\Common.php(1089): CodeIgniter\View\View->render('pengeluaransarp...', Array, true)
#4 C:\xampp\htdocs\Enterprise_msi\app\Controllers\Pengeluaransarpras.php(72): view('pengeluaransarp...', Array)
#5 C:\xampp\htdocs\Enterprise_msi\system\CodeIgniter.php(825): App\Controllers\Pengeluaransarpras->index()
#6 C:\xampp\htdocs\Enterprise_msi\system\CodeIgniter.php(412): CodeIgniter\CodeIgniter->runController(Object(App\Controllers\Pengeluaransarpras))
#7 C:\xampp\htdocs\Enterprise_msi\system\CodeIgniter.php(320): CodeIgniter\CodeIgniter->handleRequest(NULL, Object(Config\Cache), false)
#8 C:\xampp\htdocs\Enterprise_msi\public\index.php(37): CodeIgniter\CodeIgniter->run()
#9 C:\xampp\htdocs\Enterprise_msi\system\Commands\Server\rewrite.php(43): require_once('C:\\xampp\\htdocs...')
#10 {main}
CRITICAL - 2023-05-07 02:24:40 --> Undefined index: id
#0 C:\xampp\htdocs\Enterprise_msi\app\Views\pengeluaransarpras\idx15.php(100): CodeIgniter\Debug\Exceptions->errorHandler(8, 'Undefined index...', 'C:\\xampp\\htdocs...', 100, Array)
#1 C:\xampp\htdocs\Enterprise_msi\system\View\View.php(210): include('C:\\xampp\\htdocs...')
#2 C:\xampp\htdocs\Enterprise_msi\system\View\View.php(213): CodeIgniter\View\View->CodeIgniter\View\{closure}()
#3 C:\xampp\htdocs\Enterprise_msi\system\Common.php(1089): CodeIgniter\View\View->render('pengeluaransarp...', Array, true)
#4 C:\xampp\htdocs\Enterprise_msi\app\Controllers\Pengeluaransarpras.php(72): view('pengeluaransarp...', Array)
#5 C:\xampp\htdocs\Enterprise_msi\system\CodeIgniter.php(825): App\Controllers\Pengeluaransarpras->index()
#6 C:\xampp\htdocs\Enterprise_msi\system\CodeIgniter.php(412): CodeIgniter\CodeIgniter->runController(Object(App\Controllers\Pengeluaransarpras))
#7 C:\xampp\htdocs\Enterprise_msi\system\CodeIgniter.php(320): CodeIgniter\CodeIgniter->handleRequest(NULL, Object(Config\Cache), false)
#8 C:\xampp\htdocs\Enterprise_msi\public\index.php(37): CodeIgniter\CodeIgniter->run()
#9 C:\xampp\htdocs\Enterprise_msi\system\Commands\Server\rewrite.php(43): require_once('C:\\xampp\\htdocs...')
#10 {main}
CRITICAL - 2023-05-07 02:36:46 --> Trying to access array offset on value of type null
#0 C:\xampp\htdocs\Enterprise_msi\app\Views\pengeluaransarpras\edit15.php(40): CodeIgniter\Debug\Exceptions->errorHandler(8, 'Trying to acces...', 'C:\\xampp\\htdocs...', 40, Array)
#1 C:\xampp\htdocs\Enterprise_msi\system\View\View.php(210): include('C:\\xampp\\htdocs...')
#2 C:\xampp\htdocs\Enterprise_msi\system\View\View.php(213): CodeIgniter\View\View->CodeIgniter\View\{closure}()
#3 C:\xampp\htdocs\Enterprise_msi\system\Common.php(1089): CodeIgniter\View\View->render('pengeluaransarp...', Array, true)
#4 C:\xampp\htdocs\Enterprise_msi\app\Controllers\Pengeluaransarpras.php(115): view('pengeluaransarp...', Array)
#5 C:\xampp\htdocs\Enterprise_msi\system\CodeIgniter.php(825): App\Controllers\Pengeluaransarpras->edit15('mwj')
#6 C:\xampp\htdocs\Enterprise_msi\system\CodeIgniter.php(412): CodeIgniter\CodeIgniter->runController(Object(App\Controllers\Pengeluaransarpras))
#7 C:\xampp\htdocs\Enterprise_msi\system\CodeIgniter.php(320): CodeIgniter\CodeIgniter->handleRequest(NULL, Object(Config\Cache), false)
#8 C:\xampp\htdocs\Enterprise_msi\public\index.php(37): CodeIgniter\CodeIgniter->run()
#9 C:\xampp\htdocs\Enterprise_msi\system\Commands\Server\rewrite.php(43): require_once('C:\\xampp\\htdocs...')
#10 {main}
CRITICAL - 2023-05-07 02:37:22 --> Trying to access array offset on value of type null
#0 C:\xampp\htdocs\Enterprise_msi\app\Views\pengeluaransarpras\edit15.php(40): CodeIgniter\Debug\Exceptions->errorHandler(8, 'Trying to acces...', 'C:\\xampp\\htdocs...', 40, Array)
#1 C:\xampp\htdocs\Enterprise_msi\system\View\View.php(210): include('C:\\xampp\\htdocs...')
#2 C:\xampp\htdocs\Enterprise_msi\system\View\View.php(213): CodeIgniter\View\View->CodeIgniter\View\{closure}()
#3 C:\xampp\htdocs\Enterprise_msi\system\Common.php(1089): CodeIgniter\View\View->render('pengeluaransarp...', Array, true)
#4 C:\xampp\htdocs\Enterprise_msi\app\Controllers\Pengeluaransarpras.php(115): view('pengeluaransarp...', Array)
#5 C:\xampp\htdocs\Enterprise_msi\system\CodeIgniter.php(825): App\Controllers\Pengeluaransarpras->edit15('mwj')
#6 C:\xampp\htdocs\Enterprise_msi\system\CodeIgniter.php(412): CodeIgniter\CodeIgniter->runController(Object(App\Controllers\Pengeluaransarpras))
#7 C:\xampp\htdocs\Enterprise_msi\system\CodeIgniter.php(320): CodeIgniter\CodeIgniter->handleRequest(NULL, Object(Config\Cache), false)
#8 C:\xampp\htdocs\Enterprise_msi\public\index.php(37): CodeIgniter\CodeIgniter->run()
#9 C:\xampp\htdocs\Enterprise_msi\system\Commands\Server\rewrite.php(43): require_once('C:\\xampp\\htdocs...')
#10 {main}
CRITICAL - 2023-05-07 02:37:43 --> Trying to access array offset on value of type null
#0 C:\xampp\htdocs\Enterprise_msi\app\Views\pengeluaransarpras\edit15.php(40): CodeIgniter\Debug\Exceptions->errorHandler(8, 'Trying to acces...', 'C:\\xampp\\htdocs...', 40, Array)
#1 C:\xampp\htdocs\Enterprise_msi\system\View\View.php(210): include('C:\\xampp\\htdocs...')
#2 C:\xampp\htdocs\Enterprise_msi\system\View\View.php(213): CodeIgniter\View\View->CodeIgniter\View\{closure}()
#3 C:\xampp\htdocs\Enterprise_msi\system\Common.php(1089): CodeIgniter\View\View->render('pengeluaransarp...', Array, true)
#4 C:\xampp\htdocs\Enterprise_msi\app\Controllers\Pengeluaransarpras.php(115): view('pengeluaransarp...', Array)
#5 C:\xampp\htdocs\Enterprise_msi\system\CodeIgniter.php(825): App\Controllers\Pengeluaransarpras->edit15('mwj')
#6 C:\xampp\htdocs\Enterprise_msi\system\CodeIgniter.php(412): CodeIgniter\CodeIgniter->runController(Object(App\Controllers\Pengeluaransarpras))
#7 C:\xampp\htdocs\Enterprise_msi\system\CodeIgniter.php(320): CodeIgniter\CodeIgniter->handleRequest(NULL, Object(Config\Cache), false)
#8 C:\xampp\htdocs\Enterprise_msi\public\index.php(37): CodeIgniter\CodeIgniter->run()
#9 C:\xampp\htdocs\Enterprise_msi\system\Commands\Server\rewrite.php(43): require_once('C:\\xampp\\htdocs...')
#10 {main}
CRITICAL - 2023-05-07 02:38:37 --> Trying to access array offset on value of type null
#0 C:\xampp\htdocs\Enterprise_msi\app\Views\pengeluaransarpras\edit15.php(40): CodeIgniter\Debug\Exceptions->errorHandler(8, 'Trying to acces...', 'C:\\xampp\\htdocs...', 40, Array)
#1 C:\xampp\htdocs\Enterprise_msi\system\View\View.php(210): include('C:\\xampp\\htdocs...')
#2 C:\xampp\htdocs\Enterprise_msi\system\View\View.php(213): CodeIgniter\View\View->CodeIgniter\View\{closure}()
#3 C:\xampp\htdocs\Enterprise_msi\system\Common.php(1089): CodeIgniter\View\View->render('pengeluaransarp...', Array, true)
#4 C:\xampp\htdocs\Enterprise_msi\app\Controllers\Pengeluaransarpras.php(115): view('pengeluaransarp...', Array)
#5 C:\xampp\htdocs\Enterprise_msi\system\CodeIgniter.php(825): App\Controllers\Pengeluaransarpras->edit15('mwj')
#6 C:\xampp\htdocs\Enterprise_msi\system\CodeIgniter.php(412): CodeIgniter\CodeIgniter->runController(Object(App\Controllers\Pengeluaransarpras))
#7 C:\xampp\htdocs\Enterprise_msi\system\CodeIgniter.php(320): CodeIgniter\CodeIgniter->handleRequest(NULL, Object(Config\Cache), false)
#8 C:\xampp\htdocs\Enterprise_msi\public\index.php(37): CodeIgniter\CodeIgniter->run()
#9 C:\xampp\htdocs\Enterprise_msi\system\Commands\Server\rewrite.php(43): require_once('C:\\xampp\\htdocs...')
#10 {main}
CRITICAL - 2023-05-07 02:38:41 --> Trying to access array offset on value of type null
#0 C:\xampp\htdocs\Enterprise_msi\app\Views\pengeluaransarpras\edit15.php(40): CodeIgniter\Debug\Exceptions->errorHandler(8, 'Trying to acces...', 'C:\\xampp\\htdocs...', 40, Array)
#1 C:\xampp\htdocs\Enterprise_msi\system\View\View.php(210): include('C:\\xampp\\htdocs...')
#2 C:\xampp\htdocs\Enterprise_msi\system\View\View.php(213): CodeIgniter\View\View->CodeIgniter\View\{closure}()
#3 C:\xampp\htdocs\Enterprise_msi\system\Common.php(1089): CodeIgniter\View\View->render('pengeluaransarp...', Array, true)
#4 C:\xampp\htdocs\Enterprise_msi\app\Controllers\Pengeluaransarpras.php(115): view('pengeluaransarp...', Array)
#5 C:\xampp\htdocs\Enterprise_msi\system\CodeIgniter.php(825): App\Controllers\Pengeluaransarpras->edit15('mwj')
#6 C:\xampp\htdocs\Enterprise_msi\system\CodeIgniter.php(412): CodeIgniter\CodeIgniter->runController(Object(App\Controllers\Pengeluaransarpras))
#7 C:\xampp\htdocs\Enterprise_msi\system\CodeIgniter.php(320): CodeIgniter\CodeIgniter->handleRequest(NULL, Object(Config\Cache), false)
#8 C:\xampp\htdocs\Enterprise_msi\public\index.php(37): CodeIgniter\CodeIgniter->run()
#9 C:\xampp\htdocs\Enterprise_msi\system\Commands\Server\rewrite.php(43): require_once('C:\\xampp\\htdocs...')
#10 {main}
CRITICAL - 2023-05-07 02:38:48 --> Trying to access array offset on value of type null
#0 C:\xampp\htdocs\Enterprise_msi\app\Views\pengeluaransarpras\edit15.php(40): CodeIgniter\Debug\Exceptions->errorHandler(8, 'Trying to acces...', 'C:\\xampp\\htdocs...', 40, Array)
#1 C:\xampp\htdocs\Enterprise_msi\system\View\View.php(210): include('C:\\xampp\\htdocs...')
#2 C:\xampp\htdocs\Enterprise_msi\system\View\View.php(213): CodeIgniter\View\View->CodeIgniter\View\{closure}()
#3 C:\xampp\htdocs\Enterprise_msi\system\Common.php(1089): CodeIgniter\View\View->render('pengeluaransarp...', Array, true)
#4 C:\xampp\htdocs\Enterprise_msi\app\Controllers\Pengeluaransarpras.php(115): view('pengeluaransarp...', Array)
#5 C:\xampp\htdocs\Enterprise_msi\system\CodeIgniter.php(825): App\Controllers\Pengeluaransarpras->edit15('mwj')
#6 C:\xampp\htdocs\Enterprise_msi\system\CodeIgniter.php(412): CodeIgniter\CodeIgniter->runController(Object(App\Controllers\Pengeluaransarpras))
#7 C:\xampp\htdocs\Enterprise_msi\system\CodeIgniter.php(320): CodeIgniter\CodeIgniter->handleRequest(NULL, Object(Config\Cache), false)
#8 C:\xampp\htdocs\Enterprise_msi\public\index.php(37): CodeIgniter\CodeIgniter->run()
#9 C:\xampp\htdocs\Enterprise_msi\system\Commands\Server\rewrite.php(43): require_once('C:\\xampp\\htdocs...')
#10 {main}
CRITICAL - 2023-05-07 02:39:35 --> Trying to access array offset on value of type null
#0 C:\xampp\htdocs\Enterprise_msi\app\Views\pengeluaransarpras\edit15.php(45): CodeIgniter\Debug\Exceptions->errorHandler(8, 'Trying to acces...', 'C:\\xampp\\htdocs...', 45, Array)
#1 C:\xampp\htdocs\Enterprise_msi\system\View\View.php(210): include('C:\\xampp\\htdocs...')
#2 C:\xampp\htdocs\Enterprise_msi\system\View\View.php(213): CodeIgniter\View\View->CodeIgniter\View\{closure}()
#3 C:\xampp\htdocs\Enterprise_msi\system\Common.php(1089): CodeIgniter\View\View->render('pengeluaransarp...', Array, true)
#4 C:\xampp\htdocs\Enterprise_msi\app\Controllers\Pengeluaransarpras.php(115): view('pengeluaransarp...', Array)
#5 C:\xampp\htdocs\Enterprise_msi\system\CodeIgniter.php(825): App\Controllers\Pengeluaransarpras->edit15('mwj')
#6 C:\xampp\htdocs\Enterprise_msi\system\CodeIgniter.php(412): CodeIgniter\CodeIgniter->runController(Object(App\Controllers\Pengeluaransarpras))
#7 C:\xampp\htdocs\Enterprise_msi\system\CodeIgniter.php(320): CodeIgniter\CodeIgniter->handleRequest(NULL, Object(Config\Cache), false)
#8 C:\xampp\htdocs\Enterprise_msi\public\index.php(37): CodeIgniter\CodeIgniter->run()
#9 C:\xampp\htdocs\Enterprise_msi\system\Commands\Server\rewrite.php(43): require_once('C:\\xampp\\htdocs...')
#10 {main}
CRITICAL - 2023-05-07 02:41:02 --> Trying to access array offset on value of type null
#0 C:\xampp\htdocs\Enterprise_msi\app\Views\pengeluaransarpras\edit15.php(41): CodeIgniter\Debug\Exceptions->errorHandler(8, 'Trying to acces...', 'C:\\xampp\\htdocs...', 41, Array)
#1 C:\xampp\htdocs\Enterprise_msi\system\View\View.php(210): include('C:\\xampp\\htdocs...')
#2 C:\xampp\htdocs\Enterprise_msi\system\View\View.php(213): CodeIgniter\View\View->CodeIgniter\View\{closure}()
#3 C:\xampp\htdocs\Enterprise_msi\system\Common.php(1089): CodeIgniter\View\View->render('pengeluaransarp...', Array, true)
#4 C:\xampp\htdocs\Enterprise_msi\app\Controllers\Pengeluaransarpras.php(115): view('pengeluaransarp...', Array)
#5 C:\xampp\htdocs\Enterprise_msi\system\CodeIgniter.php(825): App\Controllers\Pengeluaransarpras->edit15('mwj')
#6 C:\xampp\htdocs\Enterprise_msi\system\CodeIgniter.php(412): CodeIgniter\CodeIgniter->runController(Object(App\Controllers\Pengeluaransarpras))
#7 C:\xampp\htdocs\Enterprise_msi\system\CodeIgniter.php(320): CodeIgniter\CodeIgniter->handleRequest(NULL, Object(Config\Cache), false)
#8 C:\xampp\htdocs\Enterprise_msi\public\index.php(37): CodeIgniter\CodeIgniter->run()
#9 C:\xampp\htdocs\Enterprise_msi\system\Commands\Server\rewrite.php(43): require_once('C:\\xampp\\htdocs...')
#10 {main}
CRITICAL - 2023-05-07 02:44:25 --> Trying to access array offset on value of type null
#0 C:\xampp\htdocs\Enterprise_msi\app\Views\pengeluaransarpras\edit15.php(41): CodeIgniter\Debug\Exceptions->errorHandler(8, 'Trying to acces...', 'C:\\xampp\\htdocs...', 41, Array)
#1 C:\xampp\htdocs\Enterprise_msi\system\View\View.php(210): include('C:\\xampp\\htdocs...')
#2 C:\xampp\htdocs\Enterprise_msi\system\View\View.php(213): CodeIgniter\View\View->CodeIgniter\View\{closure}()
#3 C:\xampp\htdocs\Enterprise_msi\system\Common.php(1089): CodeIgniter\View\View->render('pengeluaransarp...', Array, true)
#4 C:\xampp\htdocs\Enterprise_msi\app\Controllers\Pengeluaransarpras.php(115): view('pengeluaransarp...', Array)
#5 C:\xampp\htdocs\Enterprise_msi\system\CodeIgniter.php(825): App\Controllers\Pengeluaransarpras->edit15('mwj')
#6 C:\xampp\htdocs\Enterprise_msi\system\CodeIgniter.php(412): CodeIgniter\CodeIgniter->runController(Object(App\Controllers\Pengeluaransarpras))
#7 C:\xampp\htdocs\Enterprise_msi\system\CodeIgniter.php(320): CodeIgniter\CodeIgniter->handleRequest(NULL, Object(Config\Cache), false)
#8 C:\xampp\htdocs\Enterprise_msi\public\index.php(37): CodeIgniter\CodeIgniter->run()
#9 C:\xampp\htdocs\Enterprise_msi\system\Commands\Server\rewrite.php(43): require_once('C:\\xampp\\htdocs...')
#10 {main}
CRITICAL - 2023-05-07 02:45:14 --> Trying to access array offset on value of type null
#0 C:\xampp\htdocs\Enterprise_msi\app\Views\pengeluaransarpras\edit15.php(46): CodeIgniter\Debug\Exceptions->errorHandler(8, 'Trying to acces...', 'C:\\xampp\\htdocs...', 46, Array)
#1 C:\xampp\htdocs\Enterprise_msi\system\View\View.php(210): include('C:\\xampp\\htdocs...')
#2 C:\xampp\htdocs\Enterprise_msi\system\View\View.php(213): CodeIgniter\View\View->CodeIgniter\View\{closure}()
#3 C:\xampp\htdocs\Enterprise_msi\system\Common.php(1089): CodeIgniter\View\View->render('pengeluaransarp...', Array, true)
#4 C:\xampp\htdocs\Enterprise_msi\app\Controllers\Pengeluaransarpras.php(115): view('pengeluaransarp...', Array)
#5 C:\xampp\htdocs\Enterprise_msi\system\CodeIgniter.php(825): App\Controllers\Pengeluaransarpras->edit15('mwj')
#6 C:\xampp\htdocs\Enterprise_msi\system\CodeIgniter.php(412): CodeIgniter\CodeIgniter->runController(Object(App\Controllers\Pengeluaransarpras))
#7 C:\xampp\htdocs\Enterprise_msi\system\CodeIgniter.php(320): CodeIgniter\CodeIgniter->handleRequest(NULL, Object(Config\Cache), false)
#8 C:\xampp\htdocs\Enterprise_msi\public\index.php(37): CodeIgniter\CodeIgniter->run()
#9 C:\xampp\htdocs\Enterprise_msi\system\Commands\Server\rewrite.php(43): require_once('C:\\xampp\\htdocs...')
#10 {main}
CRITICAL - 2023-05-07 02:45:36 --> Trying to access array offset on value of type null
#0 C:\xampp\htdocs\Enterprise_msi\app\Views\pengeluaransarpras\edit15.php(59): CodeIgniter\Debug\Exceptions->errorHandler(8, 'Trying to acces...', 'C:\\xampp\\htdocs...', 59, Array)
#1 C:\xampp\htdocs\Enterprise_msi\system\View\View.php(210): include('C:\\xampp\\htdocs...')
#2 C:\xampp\htdocs\Enterprise_msi\system\View\View.php(213): CodeIgniter\View\View->CodeIgniter\View\{closure}()
#3 C:\xampp\htdocs\Enterprise_msi\system\Common.php(1089): CodeIgniter\View\View->render('pengeluaransarp...', Array, true)
#4 C:\xampp\htdocs\Enterprise_msi\app\Controllers\Pengeluaransarpras.php(115): view('pengeluaransarp...', Array)
#5 C:\xampp\htdocs\Enterprise_msi\system\CodeIgniter.php(825): App\Controllers\Pengeluaransarpras->edit15('mwj')
#6 C:\xampp\htdocs\Enterprise_msi\system\CodeIgniter.php(412): CodeIgniter\CodeIgniter->runController(Object(App\Controllers\Pengeluaransarpras))
#7 C:\xampp\htdocs\Enterprise_msi\system\CodeIgniter.php(320): CodeIgniter\CodeIgniter->handleRequest(NULL, Object(Config\Cache), false)
#8 C:\xampp\htdocs\Enterprise_msi\public\index.php(37): CodeIgniter\CodeIgniter->run()
#9 C:\xampp\htdocs\Enterprise_msi\system\Commands\Server\rewrite.php(43): require_once('C:\\xampp\\htdocs...')
#10 {main}
CRITICAL - 2023-05-07 02:46:40 --> Trying to access array offset on value of type null
#0 C:\xampp\htdocs\Enterprise_msi\app\Views\pengeluaransarpras\edit15.php(41): CodeIgniter\Debug\Exceptions->errorHandler(8, 'Trying to acces...', 'C:\\xampp\\htdocs...', 41, Array)
#1 C:\xampp\htdocs\Enterprise_msi\system\View\View.php(210): include('C:\\xampp\\htdocs...')
#2 C:\xampp\htdocs\Enterprise_msi\system\View\View.php(213): CodeIgniter\View\View->CodeIgniter\View\{closure}()
#3 C:\xampp\htdocs\Enterprise_msi\system\Common.php(1089): CodeIgniter\View\View->render('pengeluaransarp...', Array, true)
#4 C:\xampp\htdocs\Enterprise_msi\app\Controllers\Pengeluaransarpras.php(115): view('pengeluaransarp...', Array)
#5 C:\xampp\htdocs\Enterprise_msi\system\CodeIgniter.php(825): App\Controllers\Pengeluaransarpras->edit15('mwj')
#6 C:\xampp\htdocs\Enterprise_msi\system\CodeIgniter.php(412): CodeIgniter\CodeIgniter->runController(Object(App\Controllers\Pengeluaransarpras))
#7 C:\xampp\htdocs\Enterprise_msi\system\CodeIgniter.php(320): CodeIgniter\CodeIgniter->handleRequest(NULL, Object(Config\Cache), false)
#8 C:\xampp\htdocs\Enterprise_msi\public\index.php(37): CodeIgniter\CodeIgniter->run()
#9 C:\xampp\htdocs\Enterprise_msi\system\Commands\Server\rewrite.php(43): require_once('C:\\xampp\\htdocs...')
#10 {main}
CRITICAL - 2023-05-07 02:55:30 --> Trying to access array offset on value of type null
#0 C:\xampp\htdocs\Enterprise_msi\app\Views\pengeluaransarpras\edit15.php(41): CodeIgniter\Debug\Exceptions->errorHandler(8, 'Trying to acces...', 'C:\\xampp\\htdocs...', 41, Array)
#1 C:\xampp\htdocs\Enterprise_msi\system\View\View.php(210): include('C:\\xampp\\htdocs...')
#2 C:\xampp\htdocs\Enterprise_msi\system\View\View.php(213): CodeIgniter\View\View->CodeIgniter\View\{closure}()
#3 C:\xampp\htdocs\Enterprise_msi\system\Common.php(1089): CodeIgniter\View\View->render('pengeluaransarp...', Array, true)
#4 C:\xampp\htdocs\Enterprise_msi\app\Controllers\Pengeluaransarpras.php(115): view('pengeluaransarp...', Array)
#5 C:\xampp\htdocs\Enterprise_msi\system\CodeIgniter.php(825): App\Controllers\Pengeluaransarpras->edit15('mwj')
#6 C:\xampp\htdocs\Enterprise_msi\system\CodeIgniter.php(412): CodeIgniter\CodeIgniter->runController(Object(App\Controllers\Pengeluaransarpras))
#7 C:\xampp\htdocs\Enterprise_msi\system\CodeIgniter.php(320): CodeIgniter\CodeIgniter->handleRequest(NULL, Object(Config\Cache), false)
#8 C:\xampp\htdocs\Enterprise_msi\public\index.php(37): CodeIgniter\CodeIgniter->run()
#9 C:\xampp\htdocs\Enterprise_msi\system\Commands\Server\rewrite.php(43): require_once('C:\\xampp\\htdocs...')
#10 {main}
CRITICAL - 2023-05-07 02:57:22 --> Undefined index: id
#0 C:\xampp\htdocs\Enterprise_msi\app\Views\pengeluaransarpras\edit15.php(41): CodeIgniter\Debug\Exceptions->errorHandler(8, 'Undefined index...', 'C:\\xampp\\htdocs...', 41, Array)
#1 C:\xampp\htdocs\Enterprise_msi\system\View\View.php(210): include('C:\\xampp\\htdocs...')
#2 C:\xampp\htdocs\Enterprise_msi\system\View\View.php(213): CodeIgniter\View\View->CodeIgniter\View\{closure}()
#3 C:\xampp\htdocs\Enterprise_msi\system\Common.php(1089): CodeIgniter\View\View->render('pengeluaransarp...', Array, true)
#4 C:\xampp\htdocs\Enterprise_msi\app\Controllers\Pengeluaransarpras.php(115): view('pengeluaransarp...', Array)
#5 C:\xampp\htdocs\Enterprise_msi\system\CodeIgniter.php(825): App\Controllers\Pengeluaransarpras->edit15('93K3')
#6 C:\xampp\htdocs\Enterprise_msi\system\CodeIgniter.php(412): CodeIgniter\CodeIgniter->runController(Object(App\Controllers\Pengeluaransarpras))
#7 C:\xampp\htdocs\Enterprise_msi\system\CodeIgniter.php(320): CodeIgniter\CodeIgniter->handleRequest(NULL, Object(Config\Cache), false)
#8 C:\xampp\htdocs\Enterprise_msi\public\index.php(37): CodeIgniter\CodeIgniter->run()
#9 C:\xampp\htdocs\Enterprise_msi\system\Commands\Server\rewrite.php(43): require_once('C:\\xampp\\htdocs...')
#10 {main}
CRITICAL - 2023-05-07 02:58:24 --> Undefined index: id
#0 C:\xampp\htdocs\Enterprise_msi\app\Views\pengeluaransarpras\edit15.php(41): CodeIgniter\Debug\Exceptions->errorHandler(8, 'Undefined index...', 'C:\\xampp\\htdocs...', 41, Array)
#1 C:\xampp\htdocs\Enterprise_msi\system\View\View.php(210): include('C:\\xampp\\htdocs...')
#2 C:\xampp\htdocs\Enterprise_msi\system\View\View.php(213): CodeIgniter\View\View->CodeIgniter\View\{closure}()
#3 C:\xampp\htdocs\Enterprise_msi\system\Common.php(1089): CodeIgniter\View\View->render('pengeluaransarp...', Array, true)
#4 C:\xampp\htdocs\Enterprise_msi\app\Controllers\Pengeluaransarpras.php(115): view('pengeluaransarp...', Array)
#5 C:\xampp\htdocs\Enterprise_msi\system\CodeIgniter.php(825): App\Controllers\Pengeluaransarpras->edit15('93K3')
#6 C:\xampp\htdocs\Enterprise_msi\system\CodeIgniter.php(412): CodeIgniter\CodeIgniter->runController(Object(App\Controllers\Pengeluaransarpras))
#7 C:\xampp\htdocs\Enterprise_msi\system\CodeIgniter.php(320): CodeIgniter\CodeIgniter->handleRequest(NULL, Object(Config\Cache), false)
#8 C:\xampp\htdocs\Enterprise_msi\public\index.php(37): CodeIgniter\CodeIgniter->run()
#9 C:\xampp\htdocs\Enterprise_msi\system\Commands\Server\rewrite.php(43): require_once('C:\\xampp\\htdocs...')
#10 {main}
CRITICAL - 2023-05-07 03:01:09 --> Undefined variable: spp
#0 C:\xampp\htdocs\Enterprise_msi\app\Views\pengeluaransarpras\edit15.php(80): CodeIgniter\Debug\Exceptions->errorHandler(8, 'Undefined varia...', 'C:\\xampp\\htdocs...', 80, Array)
#1 C:\xampp\htdocs\Enterprise_msi\system\View\View.php(210): include('C:\\xampp\\htdocs...')
#2 C:\xampp\htdocs\Enterprise_msi\system\View\View.php(213): CodeIgniter\View\View->CodeIgniter\View\{closure}()
#3 C:\xampp\htdocs\Enterprise_msi\system\Common.php(1089): CodeIgniter\View\View->render('pengeluaransarp...', Array, true)
#4 C:\xampp\htdocs\Enterprise_msi\app\Controllers\Pengeluaransarpras.php(115): view('pengeluaransarp...', Array)
#5 C:\xampp\htdocs\Enterprise_msi\system\CodeIgniter.php(825): App\Controllers\Pengeluaransarpras->edit15('93K3')
#6 C:\xampp\htdocs\Enterprise_msi\system\CodeIgniter.php(412): CodeIgniter\CodeIgniter->runController(Object(App\Controllers\Pengeluaransarpras))
#7 C:\xampp\htdocs\Enterprise_msi\system\CodeIgniter.php(320): CodeIgniter\CodeIgniter->handleRequest(NULL, Object(Config\Cache), false)
#8 C:\xampp\htdocs\Enterprise_msi\public\index.php(37): CodeIgniter\CodeIgniter->run()
#9 C:\xampp\htdocs\Enterprise_msi\system\Commands\Server\rewrite.php(43): require_once('C:\\xampp\\htdocs...')
#10 {main}
CRITICAL - 2023-05-07 03:03:08 --> Too few arguments to function App\Controllers\Pengeluaransarpras::edit15(), 0 passed in C:\xampp\htdocs\Enterprise_msi\system\CodeIgniter.php on line 825 and exactly 1 expected
#0 C:\xampp\htdocs\Enterprise_msi\system\CodeIgniter.php(825): App\Controllers\Pengeluaransarpras->edit15()
#1 C:\xampp\htdocs\Enterprise_msi\system\CodeIgniter.php(412): CodeIgniter\CodeIgniter->runController(Object(App\Controllers\Pengeluaransarpras))
#2 C:\xampp\htdocs\Enterprise_msi\system\CodeIgniter.php(320): CodeIgniter\CodeIgniter->handleRequest(NULL, Object(Config\Cache), false)
#3 C:\xampp\htdocs\Enterprise_msi\public\index.php(37): CodeIgniter\CodeIgniter->run()
#4 C:\xampp\htdocs\Enterprise_msi\system\Commands\Server\rewrite.php(43): require_once('C:\\xampp\\htdocs...')
#5 {main}
CRITICAL - 2023-05-07 03:05:02 --> Trying to access array offset on value of type null
#0 C:\xampp\htdocs\Enterprise_msi\app\Views\pengeluaransarpras\edit15.php(41): CodeIgniter\Debug\Exceptions->errorHandler(8, 'Trying to acces...', 'C:\\xampp\\htdocs...', 41, Array)
#1 C:\xampp\htdocs\Enterprise_msi\system\View\View.php(210): include('C:\\xampp\\htdocs...')
#2 C:\xampp\htdocs\Enterprise_msi\system\View\View.php(213): CodeIgniter\View\View->CodeIgniter\View\{closure}()
#3 C:\xampp\htdocs\Enterprise_msi\system\Common.php(1089): CodeIgniter\View\View->render('pengeluaransarp...', Array, true)
#4 C:\xampp\htdocs\Enterprise_msi\app\Controllers\Pengeluaransarpras.php(115): view('pengeluaransarp...', Array)
#5 C:\xampp\htdocs\Enterprise_msi\system\CodeIgniter.php(825): App\Controllers\Pengeluaransarpras->edit15('1')
#6 C:\xampp\htdocs\Enterprise_msi\system\CodeIgniter.php(412): CodeIgniter\CodeIgniter->runController(Object(App\Controllers\Pengeluaransarpras))
#7 C:\xampp\htdocs\Enterprise_msi\system\CodeIgniter.php(320): CodeIgniter\CodeIgniter->handleRequest(NULL, Object(Config\Cache), false)
#8 C:\xampp\htdocs\Enterprise_msi\public\index.php(37): CodeIgniter\CodeIgniter->run()
#9 C:\xampp\htdocs\Enterprise_msi\system\Commands\Server\rewrite.php(43): require_once('C:\\xampp\\htdocs...')
#10 {main}
CRITICAL - 2023-05-07 03:05:24 --> Trying to access array offset on value of type null
#0 C:\xampp\htdocs\Enterprise_msi\app\Views\pengeluaransarpras\edit15.php(41): CodeIgniter\Debug\Exceptions->errorHandler(8, 'Trying to acces...', 'C:\\xampp\\htdocs...', 41, Array)
#1 C:\xampp\htdocs\Enterprise_msi\system\View\View.php(210): include('C:\\xampp\\htdocs...')
#2 C:\xampp\htdocs\Enterprise_msi\system\View\View.php(213): CodeIgniter\View\View->CodeIgniter\View\{closure}()
#3 C:\xampp\htdocs\Enterprise_msi\system\Common.php(1089): CodeIgniter\View\View->render('pengeluaransarp...', Array, true)
#4 C:\xampp\htdocs\Enterprise_msi\app\Controllers\Pengeluaransarpras.php(115): view('pengeluaransarp...', Array)
#5 C:\xampp\htdocs\Enterprise_msi\system\CodeIgniter.php(825): App\Controllers\Pengeluaransarpras->edit15('1')
#6 C:\xampp\htdocs\Enterprise_msi\system\CodeIgniter.php(412): CodeIgniter\CodeIgniter->runController(Object(App\Controllers\Pengeluaransarpras))
#7 C:\xampp\htdocs\Enterprise_msi\system\CodeIgniter.php(320): CodeIgniter\CodeIgniter->handleRequest(NULL, Object(Config\Cache), false)
#8 C:\xampp\htdocs\Enterprise_msi\public\index.php(37): CodeIgniter\CodeIgniter->run()
#9 C:\xampp\htdocs\Enterprise_msi\system\Commands\Server\rewrite.php(43): require_once('C:\\xampp\\htdocs...')
#10 {main}
CRITICAL - 2023-05-07 03:06:47 --> Trying to access array offset on value of type null
#0 C:\xampp\htdocs\Enterprise_msi\app\Views\pengeluaransarpras\edit15.php(41): CodeIgniter\Debug\Exceptions->errorHandler(8, 'Trying to acces...', 'C:\\xampp\\htdocs...', 41, Array)
#1 C:\xampp\htdocs\Enterprise_msi\system\View\View.php(210): include('C:\\xampp\\htdocs...')
#2 C:\xampp\htdocs\Enterprise_msi\system\View\View.php(213): CodeIgniter\View\View->CodeIgniter\View\{closure}()
#3 C:\xampp\htdocs\Enterprise_msi\system\Common.php(1089): CodeIgniter\View\View->render('pengeluaransarp...', Array, true)
#4 C:\xampp\htdocs\Enterprise_msi\app\Controllers\Pengeluaransarpras.php(115): view('pengeluaransarp...', Array)
#5 C:\xampp\htdocs\Enterprise_msi\system\CodeIgniter.php(825): App\Controllers\Pengeluaransarpras->edit15('1')
#6 C:\xampp\htdocs\Enterprise_msi\system\CodeIgniter.php(412): CodeIgniter\CodeIgniter->runController(Object(App\Controllers\Pengeluaransarpras))
#7 C:\xampp\htdocs\Enterprise_msi\system\CodeIgniter.php(320): CodeIgniter\CodeIgniter->handleRequest(NULL, Object(Config\Cache), false)
#8 C:\xampp\htdocs\Enterprise_msi\public\index.php(37): CodeIgniter\CodeIgniter->run()
#9 C:\xampp\htdocs\Enterprise_msi\system\Commands\Server\rewrite.php(43): require_once('C:\\xampp\\htdocs...')
#10 {main}
CRITICAL - 2023-05-07 03:08:13 --> Trying to access array offset on value of type null
#0 C:\xampp\htdocs\Enterprise_msi\app\Views\pengeluaransarpras\edit15.php(41): CodeIgniter\Debug\Exceptions->errorHandler(8, 'Trying to acces...', 'C:\\xampp\\htdocs...', 41, Array)
#1 C:\xampp\htdocs\Enterprise_msi\system\View\View.php(210): include('C:\\xampp\\htdocs...')
#2 C:\xampp\htdocs\Enterprise_msi\system\View\View.php(213): CodeIgniter\View\View->CodeIgniter\View\{closure}()
#3 C:\xampp\htdocs\Enterprise_msi\system\Common.php(1089): CodeIgniter\View\View->render('pengeluaransarp...', Array, true)
#4 C:\xampp\htdocs\Enterprise_msi\app\Controllers\Pengeluaransarpras.php(115): view('pengeluaransarp...', Array)
#5 C:\xampp\htdocs\Enterprise_msi\system\CodeIgniter.php(825): App\Controllers\Pengeluaransarpras->edit15('1')
#6 C:\xampp\htdocs\Enterprise_msi\system\CodeIgniter.php(412): CodeIgniter\CodeIgniter->runController(Object(App\Controllers\Pengeluaransarpras))
#7 C:\xampp\htdocs\Enterprise_msi\system\CodeIgniter.php(320): CodeIgniter\CodeIgniter->handleRequest(NULL, Object(Config\Cache), false)
#8 C:\xampp\htdocs\Enterprise_msi\public\index.php(37): CodeIgniter\CodeIgniter->run()
#9 C:\xampp\htdocs\Enterprise_msi\system\Commands\Server\rewrite.php(43): require_once('C:\\xampp\\htdocs...')
#10 {main}
CRITICAL - 2023-05-07 03:13:30 --> Undefined index: judul_buku
#0 C:\xampp\htdocs\Enterprise_msi\app\Views\category\show.php(31): CodeIgniter\Debug\Exceptions->errorHandler(8, 'Undefined index...', 'C:\\xampp\\htdocs...', 31, Array)
#1 C:\xampp\htdocs\Enterprise_msi\system\View\View.php(210): include('C:\\xampp\\htdocs...')
#2 C:\xampp\htdocs\Enterprise_msi\system\View\View.php(213): CodeIgniter\View\View->CodeIgniter\View\{closure}()
#3 C:\xampp\htdocs\Enterprise_msi\system\Common.php(1089): CodeIgniter\View\View->render('category/show', Array, true)
#4 C:\xampp\htdocs\Enterprise_msi\app\Controllers\Datanilai.php(145): view('category/show', Array)
#5 C:\xampp\htdocs\Enterprise_msi\system\CodeIgniter.php(825): App\Controllers\Datanilai->show('88888')
#6 C:\xampp\htdocs\Enterprise_msi\system\CodeIgniter.php(412): CodeIgniter\CodeIgniter->runController(Object(App\Controllers\Datanilai))
#7 C:\xampp\htdocs\Enterprise_msi\system\CodeIgniter.php(320): CodeIgniter\CodeIgniter->handleRequest(NULL, Object(Config\Cache), false)
#8 C:\xampp\htdocs\Enterprise_msi\public\index.php(37): CodeIgniter\CodeIgniter->run()
#9 C:\xampp\htdocs\Enterprise_msi\system\Commands\Server\rewrite.php(43): require_once('C:\\xampp\\htdocs...')
#10 {main}
CRITICAL - 2023-05-07 03:14:10 --> Undefined index: judul_buku
#0 C:\xampp\htdocs\Enterprise_msi\app\Views\category\show.php(31): CodeIgniter\Debug\Exceptions->errorHandler(8, 'Undefined index...', 'C:\\xampp\\htdocs...', 31, Array)
#1 C:\xampp\htdocs\Enterprise_msi\system\View\View.php(210): include('C:\\xampp\\htdocs...')
#2 C:\xampp\htdocs\Enterprise_msi\system\View\View.php(213): CodeIgniter\View\View->CodeIgniter\View\{closure}()
#3 C:\xampp\htdocs\Enterprise_msi\system\Common.php(1089): CodeIgniter\View\View->render('category/show', Array, true)
#4 C:\xampp\htdocs\Enterprise_msi\app\Controllers\Datanilai.php(145): view('category/show', Array)
#5 C:\xampp\htdocs\Enterprise_msi\system\CodeIgniter.php(825): App\Controllers\Datanilai->show('88888')
#6 C:\xampp\htdocs\Enterprise_msi\system\CodeIgniter.php(412): CodeIgniter\CodeIgniter->runController(Object(App\Controllers\Datanilai))
#7 C:\xampp\htdocs\Enterprise_msi\system\CodeIgniter.php(320): CodeIgniter\CodeIgniter->handleRequest(NULL, Object(Config\Cache), false)
#8 C:\xampp\htdocs\Enterprise_msi\public\index.php(37): CodeIgniter\CodeIgniter->run()
#9 C:\xampp\htdocs\Enterprise_msi\system\Commands\Server\rewrite.php(43): require_once('C:\\xampp\\htdocs...')
#10 {main}
CRITICAL - 2023-05-07 03:49:23 --> Undefined variable: emis
#0 C:\xampp\htdocs\Enterprise_msi\app\Views\pembelajaran\edit11.php(40): CodeIgniter\Debug\Exceptions->errorHandler(8, 'Undefined varia...', 'C:\\xampp\\htdocs...', 40, Array)
#1 C:\xampp\htdocs\Enterprise_msi\system\View\View.php(210): include('C:\\xampp\\htdocs...')
#2 C:\xampp\htdocs\Enterprise_msi\system\View\View.php(213): CodeIgniter\View\View->CodeIgniter\View\{closure}()
#3 C:\xampp\htdocs\Enterprise_msi\system\Common.php(1089): CodeIgniter\View\View->render('pembelajaran/ed...', Array, true)
#4 C:\xampp\htdocs\Enterprise_msi\app\Controllers\Pembelajaran.php(101): view('pembelajaran/ed...', Array)
#5 C:\xampp\htdocs\Enterprise_msi\system\CodeIgniter.php(825): App\Controllers\Pembelajaran->edit11('2')
#6 C:\xampp\htdocs\Enterprise_msi\system\CodeIgniter.php(412): CodeIgniter\CodeIgniter->runController(Object(App\Controllers\Pembelajaran))
#7 C:\xampp\htdocs\Enterprise_msi\system\CodeIgniter.php(320): CodeIgniter\CodeIgniter->handleRequest(NULL, Object(Config\Cache), false)
#8 C:\xampp\htdocs\Enterprise_msi\public\index.php(37): CodeIgniter\CodeIgniter->run()
#9 C:\xampp\htdocs\Enterprise_msi\system\Commands\Server\rewrite.php(43): require_once('C:\\xampp\\htdocs...')
#10 {main}
