CRITICAL - 2023-06-17 02:39:34 --> Invalid file: manajemenajaran/idx21.php
#0 C:\xampp\UTS_Enterprise_msi - Copy\system\View\View.php(198): CodeIgniter\Exceptions\FrameworkException::forInvalidFile('manajemenajaran...')
#1 C:\xampp\UTS_Enterprise_msi - Copy\system\Common.php(1089): CodeIgniter\View\View->render('manajemenajaran...', Array, true)
#2 C:\xampp\UTS_Enterprise_msi - Copy\app\Controllers\Manajemenajaran.php(62): view('manajemenajaran...', Array)
#3 C:\xampp\UTS_Enterprise_msi - Copy\system\CodeIgniter.php(825): App\Controllers\Manajemenajaran->index()
#4 C:\xampp\UTS_Enterprise_msi - Copy\system\CodeIgniter.php(412): CodeIgniter\CodeIgniter->runController(Object(App\Controllers\Manajemenajaran))
#5 C:\xampp\UTS_Enterprise_msi - Copy\system\CodeIgniter.php(320): CodeIgniter\CodeIgniter->handleRequest(NULL, Object(Config\Cache), false)
#6 C:\xampp\UTS_Enterprise_msi - Copy\public\index.php(37): CodeIgniter\CodeIgniter->run()
#7 C:\xampp\UTS_Enterprise_msi - Copy\system\Commands\Server\rewrite.php(43): require_once('C:\\xampp\\UTS_En...')
#8 {main}
CRITICAL - 2023-06-17 02:39:42 --> Invalid file: manajemenajaran/idx21.php
#0 C:\xampp\UTS_Enterprise_msi - Copy\system\View\View.php(198): CodeIgniter\Exceptions\FrameworkException::forInvalidFile('manajemenajaran...')
#1 C:\xampp\UTS_Enterprise_msi - Copy\system\Common.php(1089): CodeIgniter\View\View->render('manajemenajaran...', Array, true)
#2 C:\xampp\UTS_Enterprise_msi - Copy\app\Controllers\Manajemenajaran.php(62): view('manajemenajaran...', Array)
#3 C:\xampp\UTS_Enterprise_msi - Copy\system\CodeIgniter.php(825): App\Controllers\Manajemenajaran->index()
#4 C:\xampp\UTS_Enterprise_msi - Copy\system\CodeIgniter.php(412): CodeIgniter\CodeIgniter->runController(Object(App\Controllers\Manajemenajaran))
#5 C:\xampp\UTS_Enterprise_msi - Copy\system\CodeIgniter.php(320): CodeIgniter\CodeIgniter->handleRequest(NULL, Object(Config\Cache), false)
#6 C:\xampp\UTS_Enterprise_msi - Copy\public\index.php(37): CodeIgniter\CodeIgniter->run()
#7 C:\xampp\UTS_Enterprise_msi - Copy\system\Commands\Server\rewrite.php(43): require_once('C:\\xampp\\UTS_En...')
#8 {main}
CRITICAL - 2023-06-17 02:40:32 --> Invalid file: manajemenajaran/idx21.php
#0 C:\xampp\UTS_Enterprise_msi - Copy\system\View\View.php(198): CodeIgniter\Exceptions\FrameworkException::forInvalidFile('manajemenajaran...')
#1 C:\xampp\UTS_Enterprise_msi - Copy\system\Common.php(1089): CodeIgniter\View\View->render('manajemenajaran...', Array, true)
#2 C:\xampp\UTS_Enterprise_msi - Copy\app\Controllers\Manajemenajaran.php(62): view('manajemenajaran...', Array)
#3 C:\xampp\UTS_Enterprise_msi - Copy\system\CodeIgniter.php(825): App\Controllers\Manajemenajaran->index()
#4 C:\xampp\UTS_Enterprise_msi - Copy\system\CodeIgniter.php(412): CodeIgniter\CodeIgniter->runController(Object(App\Controllers\Manajemenajaran))
#5 C:\xampp\UTS_Enterprise_msi - Copy\system\CodeIgniter.php(320): CodeIgniter\CodeIgniter->handleRequest(NULL, Object(Config\Cache), false)
#6 C:\xampp\UTS_Enterprise_msi - Copy\public\index.php(37): CodeIgniter\CodeIgniter->run()
#7 C:\xampp\UTS_Enterprise_msi - Copy\system\Commands\Server\rewrite.php(43): require_once('C:\\xampp\\UTS_En...')
#8 {main}
CRITICAL - 2023-06-17 02:41:14 --> Invalid file: manajemenajaran/idx21.php
#0 C:\xampp\UTS_Enterprise_msi - Copy\system\View\View.php(198): CodeIgniter\Exceptions\FrameworkException::forInvalidFile('manajemenajaran...')
#1 C:\xampp\UTS_Enterprise_msi - Copy\system\Common.php(1089): CodeIgniter\View\View->render('manajemenajaran...', Array, true)
#2 C:\xampp\UTS_Enterprise_msi - Copy\app\Controllers\Manajemenajaran.php(62): view('manajemenajaran...', Array)
#3 C:\xampp\UTS_Enterprise_msi - Copy\system\CodeIgniter.php(825): App\Controllers\Manajemenajaran->index()
#4 C:\xampp\UTS_Enterprise_msi - Copy\system\CodeIgniter.php(412): CodeIgniter\CodeIgniter->runController(Object(App\Controllers\Manajemenajaran))
#5 C:\xampp\UTS_Enterprise_msi - Copy\system\CodeIgniter.php(320): CodeIgniter\CodeIgniter->handleRequest(NULL, Object(Config\Cache), false)
#6 C:\xampp\UTS_Enterprise_msi - Copy\public\index.php(37): CodeIgniter\CodeIgniter->run()
#7 C:\xampp\UTS_Enterprise_msi - Copy\system\Commands\Server\rewrite.php(43): require_once('C:\\xampp\\UTS_En...')
#8 {main}
CRITICAL - 2023-06-17 02:41:14 --> Invalid file: manajemenajaran/idx21.php
#0 C:\xampp\UTS_Enterprise_msi - Copy\system\View\View.php(198): CodeIgniter\Exceptions\FrameworkException::forInvalidFile('manajemenajaran...')
#1 C:\xampp\UTS_Enterprise_msi - Copy\system\Common.php(1089): CodeIgniter\View\View->render('manajemenajaran...', Array, true)
#2 C:\xampp\UTS_Enterprise_msi - Copy\app\Controllers\Manajemenajaran.php(62): view('manajemenajaran...', Array)
#3 C:\xampp\UTS_Enterprise_msi - Copy\system\CodeIgniter.php(825): App\Controllers\Manajemenajaran->index()
#4 C:\xampp\UTS_Enterprise_msi - Copy\system\CodeIgniter.php(412): CodeIgniter\CodeIgniter->runController(Object(App\Controllers\Manajemenajaran))
#5 C:\xampp\UTS_Enterprise_msi - Copy\system\CodeIgniter.php(320): CodeIgniter\CodeIgniter->handleRequest(NULL, Object(Config\Cache), false)
#6 C:\xampp\UTS_Enterprise_msi - Copy\public\index.php(37): CodeIgniter\CodeIgniter->run()
#7 C:\xampp\UTS_Enterprise_msi - Copy\system\Commands\Server\rewrite.php(43): require_once('C:\\xampp\\UTS_En...')
#8 {main}
CRITICAL - 2023-06-17 02:42:03 --> Invalid file: manajemenajaran/idx21.php
#0 C:\xampp\UTS_Enterprise_msi - Copy\system\View\View.php(198): CodeIgniter\Exceptions\FrameworkException::forInvalidFile('manajemenajaran...')
#1 C:\xampp\UTS_Enterprise_msi - Copy\system\Common.php(1089): CodeIgniter\View\View->render('manajemenajaran...', Array, true)
#2 C:\xampp\UTS_Enterprise_msi - Copy\app\Controllers\Manajemenajaran.php(62): view('manajemenajaran...', Array)
#3 C:\xampp\UTS_Enterprise_msi - Copy\system\CodeIgniter.php(825): App\Controllers\Manajemenajaran->index()
#4 C:\xampp\UTS_Enterprise_msi - Copy\system\CodeIgniter.php(412): CodeIgniter\CodeIgniter->runController(Object(App\Controllers\Manajemenajaran))
#5 C:\xampp\UTS_Enterprise_msi - Copy\system\CodeIgniter.php(320): CodeIgniter\CodeIgniter->handleRequest(NULL, Object(Config\Cache), false)
#6 C:\xampp\UTS_Enterprise_msi - Copy\public\index.php(37): CodeIgniter\CodeIgniter->run()
#7 C:\xampp\UTS_Enterprise_msi - Copy\system\Commands\Server\rewrite.php(43): require_once('C:\\xampp\\UTS_En...')
#8 {main}
CRITICAL - 2023-06-17 02:42:04 --> Invalid file: manajemenajaran/idx21.php
#0 C:\xampp\UTS_Enterprise_msi - Copy\system\View\View.php(198): CodeIgniter\Exceptions\FrameworkException::forInvalidFile('manajemenajaran...')
#1 C:\xampp\UTS_Enterprise_msi - Copy\system\Common.php(1089): CodeIgniter\View\View->render('manajemenajaran...', Array, true)
#2 C:\xampp\UTS_Enterprise_msi - Copy\app\Controllers\Manajemenajaran.php(62): view('manajemenajaran...', Array)
#3 C:\xampp\UTS_Enterprise_msi - Copy\system\CodeIgniter.php(825): App\Controllers\Manajemenajaran->index()
#4 C:\xampp\UTS_Enterprise_msi - Copy\system\CodeIgniter.php(412): CodeIgniter\CodeIgniter->runController(Object(App\Controllers\Manajemenajaran))
#5 C:\xampp\UTS_Enterprise_msi - Copy\system\CodeIgniter.php(320): CodeIgniter\CodeIgniter->handleRequest(NULL, Object(Config\Cache), false)
#6 C:\xampp\UTS_Enterprise_msi - Copy\public\index.php(37): CodeIgniter\CodeIgniter->run()
#7 C:\xampp\UTS_Enterprise_msi - Copy\system\Commands\Server\rewrite.php(43): require_once('C:\\xampp\\UTS_En...')
#8 {main}
CRITICAL - 2023-06-17 02:44:55 --> Invalid file: manajemenajaran/idx21.php
#0 C:\xampp\UTS_Enterprise_msi - Copy\system\View\View.php(198): CodeIgniter\Exceptions\FrameworkException::forInvalidFile('manajemenajaran...')
#1 C:\xampp\UTS_Enterprise_msi - Copy\system\Common.php(1089): CodeIgniter\View\View->render('manajemenajaran...', Array, true)
#2 C:\xampp\UTS_Enterprise_msi - Copy\app\Controllers\Manajemenajaran.php(62): view('manajemenajaran...', Array)
#3 C:\xampp\UTS_Enterprise_msi - Copy\system\CodeIgniter.php(825): App\Controllers\Manajemenajaran->index()
#4 C:\xampp\UTS_Enterprise_msi - Copy\system\CodeIgniter.php(412): CodeIgniter\CodeIgniter->runController(Object(App\Controllers\Manajemenajaran))
#5 C:\xampp\UTS_Enterprise_msi - Copy\system\CodeIgniter.php(320): CodeIgniter\CodeIgniter->handleRequest(NULL, Object(Config\Cache), false)
#6 C:\xampp\UTS_Enterprise_msi - Copy\public\index.php(37): CodeIgniter\CodeIgniter->run()
#7 C:\xampp\UTS_Enterprise_msi - Copy\system\Commands\Server\rewrite.php(43): require_once('C:\\xampp\\UTS_En...')
#8 {main}
CRITICAL - 2023-06-17 02:46:35 --> Trying to access array offset on value of type null
#0 C:\xampp\UTS_Enterprise_msi - Copy\app\Views\manajemenajaran\edit21.php(43): CodeIgniter\Debug\Exceptions->errorHandler(2, 'Trying to acces...', 'C:\\xampp\\UTS_En...', 43)
#1 C:\xampp\UTS_Enterprise_msi - Copy\system\View\View.php(210): include('C:\\xampp\\UTS_En...')
#2 C:\xampp\UTS_Enterprise_msi - Copy\system\View\View.php(213): CodeIgniter\View\View->CodeIgniter\View\{closure}()
#3 C:\xampp\UTS_Enterprise_msi - Copy\system\Common.php(1089): CodeIgniter\View\View->render('manajemenajaran...', Array, true)
#4 C:\xampp\UTS_Enterprise_msi - Copy\app\Controllers\Manajemenajaran.php(99): view('manajemenajaran...', Array)
#5 C:\xampp\UTS_Enterprise_msi - Copy\system\CodeIgniter.php(825): App\Controllers\Manajemenajaran->edit21('2020', '2021')
#6 C:\xampp\UTS_Enterprise_msi - Copy\system\CodeIgniter.php(412): CodeIgniter\CodeIgniter->runController(Object(App\Controllers\Manajemenajaran))
#7 C:\xampp\UTS_Enterprise_msi - Copy\system\CodeIgniter.php(320): CodeIgniter\CodeIgniter->handleRequest(NULL, Object(Config\Cache), false)
#8 C:\xampp\UTS_Enterprise_msi - Copy\public\index.php(37): CodeIgniter\CodeIgniter->run()
#9 C:\xampp\UTS_Enterprise_msi - Copy\system\Commands\Server\rewrite.php(43): require_once('C:\\xampp\\UTS_En...')
#10 {main}
CRITICAL - 2023-06-17 02:47:32 --> Trying to access array offset on value of type null
#0 C:\xampp\UTS_Enterprise_msi - Copy\app\Views\manajemenajaran\edit21.php(43): CodeIgniter\Debug\Exceptions->errorHandler(2, 'Trying to acces...', 'C:\\xampp\\UTS_En...', 43)
#1 C:\xampp\UTS_Enterprise_msi - Copy\system\View\View.php(210): include('C:\\xampp\\UTS_En...')
#2 C:\xampp\UTS_Enterprise_msi - Copy\system\View\View.php(213): CodeIgniter\View\View->CodeIgniter\View\{closure}()
#3 C:\xampp\UTS_Enterprise_msi - Copy\system\Common.php(1089): CodeIgniter\View\View->render('manajemenajaran...', Array, true)
#4 C:\xampp\UTS_Enterprise_msi - Copy\app\Controllers\Manajemenajaran.php(99): view('manajemenajaran...', Array)
#5 C:\xampp\UTS_Enterprise_msi - Copy\system\CodeIgniter.php(825): App\Controllers\Manajemenajaran->edit21('2020', '2021')
#6 C:\xampp\UTS_Enterprise_msi - Copy\system\CodeIgniter.php(412): CodeIgniter\CodeIgniter->runController(Object(App\Controllers\Manajemenajaran))
#7 C:\xampp\UTS_Enterprise_msi - Copy\system\CodeIgniter.php(320): CodeIgniter\CodeIgniter->handleRequest(NULL, Object(Config\Cache), false)
#8 C:\xampp\UTS_Enterprise_msi - Copy\public\index.php(37): CodeIgniter\CodeIgniter->run()
#9 C:\xampp\UTS_Enterprise_msi - Copy\system\Commands\Server\rewrite.php(43): require_once('C:\\xampp\\UTS_En...')
#10 {main}
CRITICAL - 2023-06-17 02:47:32 --> Trying to access array offset on value of type null
#0 C:\xampp\UTS_Enterprise_msi - Copy\app\Views\manajemenajaran\edit21.php(43): CodeIgniter\Debug\Exceptions->errorHandler(2, 'Trying to acces...', 'C:\\xampp\\UTS_En...', 43)
#1 C:\xampp\UTS_Enterprise_msi - Copy\system\View\View.php(210): include('C:\\xampp\\UTS_En...')
#2 C:\xampp\UTS_Enterprise_msi - Copy\system\View\View.php(213): CodeIgniter\View\View->CodeIgniter\View\{closure}()
#3 C:\xampp\UTS_Enterprise_msi - Copy\system\Common.php(1089): CodeIgniter\View\View->render('manajemenajaran...', Array, true)
#4 C:\xampp\UTS_Enterprise_msi - Copy\app\Controllers\Manajemenajaran.php(99): view('manajemenajaran...', Array)
#5 C:\xampp\UTS_Enterprise_msi - Copy\system\CodeIgniter.php(825): App\Controllers\Manajemenajaran->edit21('2020', '2021')
#6 C:\xampp\UTS_Enterprise_msi - Copy\system\CodeIgniter.php(412): CodeIgniter\CodeIgniter->runController(Object(App\Controllers\Manajemenajaran))
#7 C:\xampp\UTS_Enterprise_msi - Copy\system\CodeIgniter.php(320): CodeIgniter\CodeIgniter->handleRequest(NULL, Object(Config\Cache), false)
#8 C:\xampp\UTS_Enterprise_msi - Copy\public\index.php(37): CodeIgniter\CodeIgniter->run()
#9 C:\xampp\UTS_Enterprise_msi - Copy\system\Commands\Server\rewrite.php(43): require_once('C:\\xampp\\UTS_En...')
#10 {main}
CRITICAL - 2023-06-17 02:52:00 --> Trying to access array offset on value of type null
#0 C:\xampp\UTS_Enterprise_msi - Copy\app\Views\manajemenajaran\edit21.php(40): CodeIgniter\Debug\Exceptions->errorHandler(2, 'Trying to acces...', 'C:\\xampp\\UTS_En...', 40)
#1 C:\xampp\UTS_Enterprise_msi - Copy\system\View\View.php(210): include('C:\\xampp\\UTS_En...')
#2 C:\xampp\UTS_Enterprise_msi - Copy\system\View\View.php(213): CodeIgniter\View\View->CodeIgniter\View\{closure}()
#3 C:\xampp\UTS_Enterprise_msi - Copy\system\Common.php(1089): CodeIgniter\View\View->render('manajemenajaran...', Array, true)
#4 C:\xampp\UTS_Enterprise_msi - Copy\app\Controllers\Manajemenajaran.php(99): view('manajemenajaran...', Array)
#5 C:\xampp\UTS_Enterprise_msi - Copy\system\CodeIgniter.php(825): App\Controllers\Manajemenajaran->edit21('2020', '2021')
#6 C:\xampp\UTS_Enterprise_msi - Copy\system\CodeIgniter.php(412): CodeIgniter\CodeIgniter->runController(Object(App\Controllers\Manajemenajaran))
#7 C:\xampp\UTS_Enterprise_msi - Copy\system\CodeIgniter.php(320): CodeIgniter\CodeIgniter->handleRequest(NULL, Object(Config\Cache), false)
#8 C:\xampp\UTS_Enterprise_msi - Copy\public\index.php(37): CodeIgniter\CodeIgniter->run()
#9 C:\xampp\UTS_Enterprise_msi - Copy\system\Commands\Server\rewrite.php(43): require_once('C:\\xampp\\UTS_En...')
#10 {main}
CRITICAL - 2023-06-17 02:55:06 --> Trying to access array offset on value of type null
#0 C:\xampp\UTS_Enterprise_msi - Copy\app\Views\manajemenajaran\edit21.php(42): CodeIgniter\Debug\Exceptions->errorHandler(2, 'Trying to acces...', 'C:\\xampp\\UTS_En...', 42)
#1 C:\xampp\UTS_Enterprise_msi - Copy\system\View\View.php(210): include('C:\\xampp\\UTS_En...')
#2 C:\xampp\UTS_Enterprise_msi - Copy\system\View\View.php(213): CodeIgniter\View\View->CodeIgniter\View\{closure}()
#3 C:\xampp\UTS_Enterprise_msi - Copy\system\Common.php(1089): CodeIgniter\View\View->render('manajemenajaran...', Array, true)
#4 C:\xampp\UTS_Enterprise_msi - Copy\app\Controllers\Manajemenajaran.php(99): view('manajemenajaran...', Array)
#5 C:\xampp\UTS_Enterprise_msi - Copy\system\CodeIgniter.php(825): App\Controllers\Manajemenajaran->edit21('2020', '2021')
#6 C:\xampp\UTS_Enterprise_msi - Copy\system\CodeIgniter.php(412): CodeIgniter\CodeIgniter->runController(Object(App\Controllers\Manajemenajaran))
#7 C:\xampp\UTS_Enterprise_msi - Copy\system\CodeIgniter.php(320): CodeIgniter\CodeIgniter->handleRequest(NULL, Object(Config\Cache), false)
#8 C:\xampp\UTS_Enterprise_msi - Copy\public\index.php(37): CodeIgniter\CodeIgniter->run()
#9 C:\xampp\UTS_Enterprise_msi - Copy\system\Commands\Server\rewrite.php(43): require_once('C:\\xampp\\UTS_En...')
#10 {main}
CRITICAL - 2023-06-17 02:58:09 --> Trying to access array offset on value of type null
#0 C:\xampp\UTS_Enterprise_msi - Copy\app\Views\manajemenajaran\edit21.php(42): CodeIgniter\Debug\Exceptions->errorHandler(2, 'Trying to acces...', 'C:\\xampp\\UTS_En...', 42)
#1 C:\xampp\UTS_Enterprise_msi - Copy\system\View\View.php(210): include('C:\\xampp\\UTS_En...')
#2 C:\xampp\UTS_Enterprise_msi - Copy\system\View\View.php(213): CodeIgniter\View\View->CodeIgniter\View\{closure}()
#3 C:\xampp\UTS_Enterprise_msi - Copy\system\Common.php(1089): CodeIgniter\View\View->render('manajemenajaran...', Array, true)
#4 C:\xampp\UTS_Enterprise_msi - Copy\app\Controllers\Manajemenajaran.php(99): view('manajemenajaran...', Array)
#5 C:\xampp\UTS_Enterprise_msi - Copy\system\CodeIgniter.php(825): App\Controllers\Manajemenajaran->edit21('2020', '2021')
#6 C:\xampp\UTS_Enterprise_msi - Copy\system\CodeIgniter.php(412): CodeIgniter\CodeIgniter->runController(Object(App\Controllers\Manajemenajaran))
#7 C:\xampp\UTS_Enterprise_msi - Copy\system\CodeIgniter.php(320): CodeIgniter\CodeIgniter->handleRequest(NULL, Object(Config\Cache), false)
#8 C:\xampp\UTS_Enterprise_msi - Copy\public\index.php(37): CodeIgniter\CodeIgniter->run()
#9 C:\xampp\UTS_Enterprise_msi - Copy\system\Commands\Server\rewrite.php(43): require_once('C:\\xampp\\UTS_En...')
#10 {main}
CRITICAL - 2023-06-17 02:58:10 --> Trying to access array offset on value of type null
#0 C:\xampp\UTS_Enterprise_msi - Copy\app\Views\manajemenajaran\edit21.php(42): CodeIgniter\Debug\Exceptions->errorHandler(2, 'Trying to acces...', 'C:\\xampp\\UTS_En...', 42)
#1 C:\xampp\UTS_Enterprise_msi - Copy\system\View\View.php(210): include('C:\\xampp\\UTS_En...')
#2 C:\xampp\UTS_Enterprise_msi - Copy\system\View\View.php(213): CodeIgniter\View\View->CodeIgniter\View\{closure}()
#3 C:\xampp\UTS_Enterprise_msi - Copy\system\Common.php(1089): CodeIgniter\View\View->render('manajemenajaran...', Array, true)
#4 C:\xampp\UTS_Enterprise_msi - Copy\app\Controllers\Manajemenajaran.php(99): view('manajemenajaran...', Array)
#5 C:\xampp\UTS_Enterprise_msi - Copy\system\CodeIgniter.php(825): App\Controllers\Manajemenajaran->edit21('2020', '2021')
#6 C:\xampp\UTS_Enterprise_msi - Copy\system\CodeIgniter.php(412): CodeIgniter\CodeIgniter->runController(Object(App\Controllers\Manajemenajaran))
#7 C:\xampp\UTS_Enterprise_msi - Copy\system\CodeIgniter.php(320): CodeIgniter\CodeIgniter->handleRequest(NULL, Object(Config\Cache), false)
#8 C:\xampp\UTS_Enterprise_msi - Copy\public\index.php(37): CodeIgniter\CodeIgniter->run()
#9 C:\xampp\UTS_Enterprise_msi - Copy\system\Commands\Server\rewrite.php(43): require_once('C:\\xampp\\UTS_En...')
#10 {main}
CRITICAL - 2023-06-17 03:02:41 --> Trying to access array offset on value of type null
#0 C:\xampp\UTS_Enterprise_msi - Copy\app\Views\manajemenajaran\edit21.php(42): CodeIgniter\Debug\Exceptions->errorHandler(2, 'Trying to acces...', 'C:\\xampp\\UTS_En...', 42)
#1 C:\xampp\UTS_Enterprise_msi - Copy\system\View\View.php(210): include('C:\\xampp\\UTS_En...')
#2 C:\xampp\UTS_Enterprise_msi - Copy\system\View\View.php(213): CodeIgniter\View\View->CodeIgniter\View\{closure}()
#3 C:\xampp\UTS_Enterprise_msi - Copy\system\Common.php(1089): CodeIgniter\View\View->render('manajemenajaran...', Array, true)
#4 C:\xampp\UTS_Enterprise_msi - Copy\app\Controllers\Manajemenajaran.php(99): view('manajemenajaran...', Array)
#5 C:\xampp\UTS_Enterprise_msi - Copy\system\CodeIgniter.php(825): App\Controllers\Manajemenajaran->edit21('2020', '2021')
#6 C:\xampp\UTS_Enterprise_msi - Copy\system\CodeIgniter.php(412): CodeIgniter\CodeIgniter->runController(Object(App\Controllers\Manajemenajaran))
#7 C:\xampp\UTS_Enterprise_msi - Copy\system\CodeIgniter.php(320): CodeIgniter\CodeIgniter->handleRequest(NULL, Object(Config\Cache), false)
#8 C:\xampp\UTS_Enterprise_msi - Copy\public\index.php(37): CodeIgniter\CodeIgniter->run()
#9 C:\xampp\UTS_Enterprise_msi - Copy\system\Commands\Server\rewrite.php(43): require_once('C:\\xampp\\UTS_En...')
#10 {main}
CRITICAL - 2023-06-17 07:28:24 --> Trying to access array offset on value of type null
#0 C:\xampp\UTS_Enterprise_msi - Copy\app\Views\manajemenajaran\edit21.php(42): CodeIgniter\Debug\Exceptions->errorHandler(2, 'Trying to acces...', 'C:\\xampp\\UTS_En...', 42)
#1 C:\xampp\UTS_Enterprise_msi - Copy\system\View\View.php(210): include('C:\\xampp\\UTS_En...')
#2 C:\xampp\UTS_Enterprise_msi - Copy\system\View\View.php(213): CodeIgniter\View\View->CodeIgniter\View\{closure}()
#3 C:\xampp\UTS_Enterprise_msi - Copy\system\Common.php(1089): CodeIgniter\View\View->render('manajemenajaran...', Array, true)
#4 C:\xampp\UTS_Enterprise_msi - Copy\app\Controllers\Manajemenajaran.php(99): view('manajemenajaran...', Array)
#5 C:\xampp\UTS_Enterprise_msi - Copy\system\CodeIgniter.php(825): App\Controllers\Manajemenajaran->edit21('2020', '2021')
#6 C:\xampp\UTS_Enterprise_msi - Copy\system\CodeIgniter.php(412): CodeIgniter\CodeIgniter->runController(Object(App\Controllers\Manajemenajaran))
#7 C:\xampp\UTS_Enterprise_msi - Copy\system\CodeIgniter.php(320): CodeIgniter\CodeIgniter->handleRequest(NULL, Object(Config\Cache), false)
#8 C:\xampp\UTS_Enterprise_msi - Copy\public\index.php(37): CodeIgniter\CodeIgniter->run()
#9 C:\xampp\UTS_Enterprise_msi - Copy\system\Commands\Server\rewrite.php(43): require_once('C:\\xampp\\UTS_En...')
#10 {main}
CRITICAL - 2023-06-17 07:33:46 --> Call to undefined method App\Models\Manajemenajaran_model::deleteManajemenajaran
#0 C:\xampp\UTS_Enterprise_msi - Copy\app\Controllers\Manajemenajaran.php(132): CodeIgniter\Model->__call('deleteManajemen...', Array)
#1 C:\xampp\UTS_Enterprise_msi - Copy\system\CodeIgniter.php(825): App\Controllers\Manajemenajaran->delete21('2020', '2021')
#2 C:\xampp\UTS_Enterprise_msi - Copy\system\CodeIgniter.php(412): CodeIgniter\CodeIgniter->runController(Object(App\Controllers\Manajemenajaran))
#3 C:\xampp\UTS_Enterprise_msi - Copy\system\CodeIgniter.php(320): CodeIgniter\CodeIgniter->handleRequest(NULL, Object(Config\Cache), false)
#4 C:\xampp\UTS_Enterprise_msi - Copy\public\index.php(37): CodeIgniter\CodeIgniter->run()
#5 C:\xampp\UTS_Enterprise_msi - Copy\system\Commands\Server\rewrite.php(43): require_once('C:\\xampp\\UTS_En...')
#6 {main}
CRITICAL - 2023-06-17 08:12:34 --> Undefined array key "laki-laki"
#0 C:\xampp\UTS_Enterprise_msi - Copy\app\Views\manajemenkelas\idx22.php(90): CodeIgniter\Debug\Exceptions->errorHandler(2, 'Undefined array...', 'C:\\xampp\\UTS_En...', 90)
#1 C:\xampp\UTS_Enterprise_msi - Copy\system\View\View.php(210): include('C:\\xampp\\UTS_En...')
#2 C:\xampp\UTS_Enterprise_msi - Copy\system\View\View.php(213): CodeIgniter\View\View->CodeIgniter\View\{closure}()
#3 C:\xampp\UTS_Enterprise_msi - Copy\system\Common.php(1089): CodeIgniter\View\View->render('manajemenkelas/...', Array, true)
#4 C:\xampp\UTS_Enterprise_msi - Copy\app\Controllers\Manajemenkelas.php(62): view('manajemenkelas/...', Array)
#5 C:\xampp\UTS_Enterprise_msi - Copy\system\CodeIgniter.php(825): App\Controllers\Manajemenkelas->index()
#6 C:\xampp\UTS_Enterprise_msi - Copy\system\CodeIgniter.php(412): CodeIgniter\CodeIgniter->runController(Object(App\Controllers\Manajemenkelas))
#7 C:\xampp\UTS_Enterprise_msi - Copy\system\CodeIgniter.php(320): CodeIgniter\CodeIgniter->handleRequest(NULL, Object(Config\Cache), false)
#8 C:\xampp\UTS_Enterprise_msi - Copy\public\index.php(37): CodeIgniter\CodeIgniter->run()
#9 C:\xampp\UTS_Enterprise_msi - Copy\system\Commands\Server\rewrite.php(43): require_once('C:\\xampp\\UTS_En...')
#10 {main}
ERROR - 2023-06-17 08:13:05 --> Duplicate entry '2' for key 'PRIMARY'
CRITICAL - 2023-06-17 08:13:05 --> Duplicate entry '2' for key 'PRIMARY'
#0 C:\xampp\UTS_Enterprise_msi - Copy\system\Database\MySQLi\Connection.php(292): mysqli->query('INSERT INTO `ma...', 0)
#1 C:\xampp\UTS_Enterprise_msi - Copy\system\Database\BaseConnection.php(670): CodeIgniter\Database\MySQLi\Connection->execute('INSERT INTO `ma...')
#2 C:\xampp\UTS_Enterprise_msi - Copy\system\Database\BaseConnection.php(598): CodeIgniter\Database\BaseConnection->simpleQuery('INSERT INTO `ma...')
#3 C:\xampp\UTS_Enterprise_msi - Copy\system\Database\BaseBuilder.php(1771): CodeIgniter\Database\BaseConnection->query('INSERT INTO `ma...', Array, false)
#4 C:\xampp\UTS_Enterprise_msi - Copy\app\Models\Manajemenkelas_model.php(21): CodeIgniter\Database\BaseBuilder->insert(Array)
#5 C:\xampp\UTS_Enterprise_msi - Copy\app\Controllers\Manajemenkelas.php(89): App\Models\Manajemenkelas_model->insertCategory(Array)
#6 C:\xampp\UTS_Enterprise_msi - Copy\system\CodeIgniter.php(825): App\Controllers\Manajemenkelas->store22()
#7 C:\xampp\UTS_Enterprise_msi - Copy\system\CodeIgniter.php(412): CodeIgniter\CodeIgniter->runController(Object(App\Controllers\Manajemenkelas))
#8 C:\xampp\UTS_Enterprise_msi - Copy\system\CodeIgniter.php(320): CodeIgniter\CodeIgniter->handleRequest(NULL, Object(Config\Cache), false)
#9 C:\xampp\UTS_Enterprise_msi - Copy\public\index.php(37): CodeIgniter\CodeIgniter->run()
#10 C:\xampp\UTS_Enterprise_msi - Copy\system\Commands\Server\rewrite.php(43): require_once('C:\\xampp\\UTS_En...')
#11 {main}
CRITICAL - 2023-06-17 08:36:51 --> Invalid file: amnajemenkelas/edit22.php
#0 C:\xampp\UTS_Enterprise_msi - Copy\system\View\View.php(198): CodeIgniter\Exceptions\FrameworkException::forInvalidFile('amnajemenkelas/...')
#1 C:\xampp\UTS_Enterprise_msi - Copy\system\Common.php(1089): CodeIgniter\View\View->render('amnajemenkelas/...', Array, true)
#2 C:\xampp\UTS_Enterprise_msi - Copy\app\Controllers\Manajemenkelas.php(104): view('amnajemenkelas/...', Array)
#3 C:\xampp\UTS_Enterprise_msi - Copy\system\CodeIgniter.php(825): App\Controllers\Manajemenkelas->edit22('2')
#4 C:\xampp\UTS_Enterprise_msi - Copy\system\CodeIgniter.php(412): CodeIgniter\CodeIgniter->runController(Object(App\Controllers\Manajemenkelas))
#5 C:\xampp\UTS_Enterprise_msi - Copy\system\CodeIgniter.php(320): CodeIgniter\CodeIgniter->handleRequest(NULL, Object(Config\Cache), false)
#6 C:\xampp\UTS_Enterprise_msi - Copy\public\index.php(37): CodeIgniter\CodeIgniter->run()
#7 C:\xampp\UTS_Enterprise_msi - Copy\system\Commands\Server\rewrite.php(43): require_once('C:\\xampp\\UTS_En...')
#8 {main}
ERROR - 2023-06-17 17:40:26 --> Unknown column 'manajemenkelas' in 'where clause'
CRITICAL - 2023-06-17 17:40:26 --> Unknown column 'manajemenkelas' in 'where clause'
#0 C:\xampp\UTS_Enterprise_msi - Copy\system\Database\MySQLi\Connection.php(292): mysqli->query('UPDATE `manajem...', 0)
#1 C:\xampp\UTS_Enterprise_msi - Copy\system\Database\BaseConnection.php(670): CodeIgniter\Database\MySQLi\Connection->execute('UPDATE `manajem...')
#2 C:\xampp\UTS_Enterprise_msi - Copy\system\Database\BaseConnection.php(598): CodeIgniter\Database\BaseConnection->simpleQuery('UPDATE `manajem...')
#3 C:\xampp\UTS_Enterprise_msi - Copy\system\Database\BaseBuilder.php(1913): CodeIgniter\Database\BaseConnection->query('UPDATE `manajem...', Array, false)
#4 C:\xampp\UTS_Enterprise_msi - Copy\app\Models\Manajemenkelas_model.php(27): CodeIgniter\Database\BaseBuilder->update(Array, Array)
#5 C:\xampp\UTS_Enterprise_msi - Copy\app\Controllers\Manajemenkelas.php(130): App\Models\Manajemenkelas_model->updateCategory(Array, '2')
#6 C:\xampp\UTS_Enterprise_msi - Copy\system\CodeIgniter.php(825): App\Controllers\Manajemenkelas->update22()
#7 C:\xampp\UTS_Enterprise_msi - Copy\system\CodeIgniter.php(412): CodeIgniter\CodeIgniter->runController(Object(App\Controllers\Manajemenkelas))
#8 C:\xampp\UTS_Enterprise_msi - Copy\system\CodeIgniter.php(320): CodeIgniter\CodeIgniter->handleRequest(NULL, Object(Config\Cache), false)
#9 C:\xampp\UTS_Enterprise_msi - Copy\public\index.php(37): CodeIgniter\CodeIgniter->run()
#10 C:\xampp\UTS_Enterprise_msi - Copy\system\Commands\Server\rewrite.php(43): require_once('C:\\xampp\\UTS_En...')
#11 {main}
CRITICAL - 2023-06-17 17:56:56 --> Trying to access array offset on value of type null
#0 C:\xampp\UTS_Enterprise_msi - Copy\app\Views\manajemenajaran\edit21.php(42): CodeIgniter\Debug\Exceptions->errorHandler(2, 'Trying to acces...', 'C:\\xampp\\UTS_En...', 42)
#1 C:\xampp\UTS_Enterprise_msi - Copy\system\View\View.php(210): include('C:\\xampp\\UTS_En...')
#2 C:\xampp\UTS_Enterprise_msi - Copy\system\View\View.php(213): CodeIgniter\View\View->CodeIgniter\View\{closure}()
#3 C:\xampp\UTS_Enterprise_msi - Copy\system\Common.php(1089): CodeIgniter\View\View->render('manajemenajaran...', Array, true)
#4 C:\xampp\UTS_Enterprise_msi - Copy\app\Controllers\Manajemenajaran.php(99): view('manajemenajaran...', Array)
#5 C:\xampp\UTS_Enterprise_msi - Copy\system\CodeIgniter.php(825): App\Controllers\Manajemenajaran->edit21('2020', '2021')
#6 C:\xampp\UTS_Enterprise_msi - Copy\system\CodeIgniter.php(412): CodeIgniter\CodeIgniter->runController(Object(App\Controllers\Manajemenajaran))
#7 C:\xampp\UTS_Enterprise_msi - Copy\system\CodeIgniter.php(320): CodeIgniter\CodeIgniter->handleRequest(NULL, Object(Config\Cache), false)
#8 C:\xampp\UTS_Enterprise_msi - Copy\public\index.php(37): CodeIgniter\CodeIgniter->run()
#9 C:\xampp\UTS_Enterprise_msi - Copy\system\Commands\Server\rewrite.php(43): require_once('C:\\xampp\\UTS_En...')
#10 {main}
CRITICAL - 2023-06-17 17:58:22 --> Undefined variable $manajementahun_ajaran
#0 C:\xampp\UTS_Enterprise_msi - Copy\app\Views\manajemenajaran\edit21.php(42): CodeIgniter\Debug\Exceptions->errorHandler(2, 'Undefined varia...', 'C:\\xampp\\UTS_En...', 42)
#1 C:\xampp\UTS_Enterprise_msi - Copy\system\View\View.php(210): include('C:\\xampp\\UTS_En...')
#2 C:\xampp\UTS_Enterprise_msi - Copy\system\View\View.php(213): CodeIgniter\View\View->CodeIgniter\View\{closure}()
#3 C:\xampp\UTS_Enterprise_msi - Copy\system\Common.php(1089): CodeIgniter\View\View->render('manajemenajaran...', Array, true)
#4 C:\xampp\UTS_Enterprise_msi - Copy\app\Controllers\Manajemenajaran.php(99): view('manajemenajaran...', Array)
#5 C:\xampp\UTS_Enterprise_msi - Copy\system\CodeIgniter.php(825): App\Controllers\Manajemenajaran->edit21('2020', '2021')
#6 C:\xampp\UTS_Enterprise_msi - Copy\system\CodeIgniter.php(412): CodeIgniter\CodeIgniter->runController(Object(App\Controllers\Manajemenajaran))
#7 C:\xampp\UTS_Enterprise_msi - Copy\system\CodeIgniter.php(320): CodeIgniter\CodeIgniter->handleRequest(NULL, Object(Config\Cache), false)
#8 C:\xampp\UTS_Enterprise_msi - Copy\public\index.php(37): CodeIgniter\CodeIgniter->run()
#9 C:\xampp\UTS_Enterprise_msi - Copy\system\Commands\Server\rewrite.php(43): require_once('C:\\xampp\\UTS_En...')
#10 {main}
CRITICAL - 2023-06-17 17:58:23 --> Undefined variable $manajementahun_ajaran
#0 C:\xampp\UTS_Enterprise_msi - Copy\app\Views\manajemenajaran\edit21.php(42): CodeIgniter\Debug\Exceptions->errorHandler(2, 'Undefined varia...', 'C:\\xampp\\UTS_En...', 42)
#1 C:\xampp\UTS_Enterprise_msi - Copy\system\View\View.php(210): include('C:\\xampp\\UTS_En...')
#2 C:\xampp\UTS_Enterprise_msi - Copy\system\View\View.php(213): CodeIgniter\View\View->CodeIgniter\View\{closure}()
#3 C:\xampp\UTS_Enterprise_msi - Copy\system\Common.php(1089): CodeIgniter\View\View->render('manajemenajaran...', Array, true)
#4 C:\xampp\UTS_Enterprise_msi - Copy\app\Controllers\Manajemenajaran.php(99): view('manajemenajaran...', Array)
#5 C:\xampp\UTS_Enterprise_msi - Copy\system\CodeIgniter.php(825): App\Controllers\Manajemenajaran->edit21('2020', '2021')
#6 C:\xampp\UTS_Enterprise_msi - Copy\system\CodeIgniter.php(412): CodeIgniter\CodeIgniter->runController(Object(App\Controllers\Manajemenajaran))
#7 C:\xampp\UTS_Enterprise_msi - Copy\system\CodeIgniter.php(320): CodeIgniter\CodeIgniter->handleRequest(NULL, Object(Config\Cache), false)
#8 C:\xampp\UTS_Enterprise_msi - Copy\public\index.php(37): CodeIgniter\CodeIgniter->run()
#9 C:\xampp\UTS_Enterprise_msi - Copy\system\Commands\Server\rewrite.php(43): require_once('C:\\xampp\\UTS_En...')
#10 {main}
CRITICAL - 2023-06-17 17:58:24 --> Undefined variable $manajementahun_ajaran
#0 C:\xampp\UTS_Enterprise_msi - Copy\app\Views\manajemenajaran\edit21.php(42): CodeIgniter\Debug\Exceptions->errorHandler(2, 'Undefined varia...', 'C:\\xampp\\UTS_En...', 42)
#1 C:\xampp\UTS_Enterprise_msi - Copy\system\View\View.php(210): include('C:\\xampp\\UTS_En...')
#2 C:\xampp\UTS_Enterprise_msi - Copy\system\View\View.php(213): CodeIgniter\View\View->CodeIgniter\View\{closure}()
#3 C:\xampp\UTS_Enterprise_msi - Copy\system\Common.php(1089): CodeIgniter\View\View->render('manajemenajaran...', Array, true)
#4 C:\xampp\UTS_Enterprise_msi - Copy\app\Controllers\Manajemenajaran.php(99): view('manajemenajaran...', Array)
#5 C:\xampp\UTS_Enterprise_msi - Copy\system\CodeIgniter.php(825): App\Controllers\Manajemenajaran->edit21('2020', '2021')
#6 C:\xampp\UTS_Enterprise_msi - Copy\system\CodeIgniter.php(412): CodeIgniter\CodeIgniter->runController(Object(App\Controllers\Manajemenajaran))
#7 C:\xampp\UTS_Enterprise_msi - Copy\system\CodeIgniter.php(320): CodeIgniter\CodeIgniter->handleRequest(NULL, Object(Config\Cache), false)
#8 C:\xampp\UTS_Enterprise_msi - Copy\public\index.php(37): CodeIgniter\CodeIgniter->run()
#9 C:\xampp\UTS_Enterprise_msi - Copy\system\Commands\Server\rewrite.php(43): require_once('C:\\xampp\\UTS_En...')
#10 {main}
CRITICAL - 2023-06-17 17:58:42 --> Trying to access array offset on value of type null
#0 C:\xampp\UTS_Enterprise_msi - Copy\app\Views\manajemenajaran\edit21.php(42): CodeIgniter\Debug\Exceptions->errorHandler(2, 'Trying to acces...', 'C:\\xampp\\UTS_En...', 42)
#1 C:\xampp\UTS_Enterprise_msi - Copy\system\View\View.php(210): include('C:\\xampp\\UTS_En...')
#2 C:\xampp\UTS_Enterprise_msi - Copy\system\View\View.php(213): CodeIgniter\View\View->CodeIgniter\View\{closure}()
#3 C:\xampp\UTS_Enterprise_msi - Copy\system\Common.php(1089): CodeIgniter\View\View->render('manajemenajaran...', Array, true)
#4 C:\xampp\UTS_Enterprise_msi - Copy\app\Controllers\Manajemenajaran.php(99): view('manajemenajaran...', Array)
#5 C:\xampp\UTS_Enterprise_msi - Copy\system\CodeIgniter.php(825): App\Controllers\Manajemenajaran->edit21('2020', '2021')
#6 C:\xampp\UTS_Enterprise_msi - Copy\system\CodeIgniter.php(412): CodeIgniter\CodeIgniter->runController(Object(App\Controllers\Manajemenajaran))
#7 C:\xampp\UTS_Enterprise_msi - Copy\system\CodeIgniter.php(320): CodeIgniter\CodeIgniter->handleRequest(NULL, Object(Config\Cache), false)
#8 C:\xampp\UTS_Enterprise_msi - Copy\public\index.php(37): CodeIgniter\CodeIgniter->run()
#9 C:\xampp\UTS_Enterprise_msi - Copy\system\Commands\Server\rewrite.php(43): require_once('C:\\xampp\\UTS_En...')
#10 {main}
CRITICAL - 2023-06-17 18:03:33 --> Trying to access array offset on value of type null
#0 C:\xampp\UTS_Enterprise_msi - Copy\app\Views\manajemenajaran\edit21.php(42): CodeIgniter\Debug\Exceptions->errorHandler(2, 'Trying to acces...', 'C:\\xampp\\UTS_En...', 42)
#1 C:\xampp\UTS_Enterprise_msi - Copy\system\View\View.php(210): include('C:\\xampp\\UTS_En...')
#2 C:\xampp\UTS_Enterprise_msi - Copy\system\View\View.php(213): CodeIgniter\View\View->CodeIgniter\View\{closure}()
#3 C:\xampp\UTS_Enterprise_msi - Copy\system\Common.php(1089): CodeIgniter\View\View->render('manajemenajaran...', Array, true)
#4 C:\xampp\UTS_Enterprise_msi - Copy\app\Controllers\Manajemenajaran.php(99): view('manajemenajaran...', Array)
#5 C:\xampp\UTS_Enterprise_msi - Copy\system\CodeIgniter.php(825): App\Controllers\Manajemenajaran->edit21('2020', '2021')
#6 C:\xampp\UTS_Enterprise_msi - Copy\system\CodeIgniter.php(412): CodeIgniter\CodeIgniter->runController(Object(App\Controllers\Manajemenajaran))
#7 C:\xampp\UTS_Enterprise_msi - Copy\system\CodeIgniter.php(320): CodeIgniter\CodeIgniter->handleRequest(NULL, Object(Config\Cache), false)
#8 C:\xampp\UTS_Enterprise_msi - Copy\public\index.php(37): CodeIgniter\CodeIgniter->run()
#9 C:\xampp\UTS_Enterprise_msi - Copy\system\Commands\Server\rewrite.php(43): require_once('C:\\xampp\\UTS_En...')
#10 {main}
CRITICAL - 2023-06-17 18:03:34 --> Trying to access array offset on value of type null
#0 C:\xampp\UTS_Enterprise_msi - Copy\app\Views\manajemenajaran\edit21.php(42): CodeIgniter\Debug\Exceptions->errorHandler(2, 'Trying to acces...', 'C:\\xampp\\UTS_En...', 42)
#1 C:\xampp\UTS_Enterprise_msi - Copy\system\View\View.php(210): include('C:\\xampp\\UTS_En...')
#2 C:\xampp\UTS_Enterprise_msi - Copy\system\View\View.php(213): CodeIgniter\View\View->CodeIgniter\View\{closure}()
#3 C:\xampp\UTS_Enterprise_msi - Copy\system\Common.php(1089): CodeIgniter\View\View->render('manajemenajaran...', Array, true)
#4 C:\xampp\UTS_Enterprise_msi - Copy\app\Controllers\Manajemenajaran.php(99): view('manajemenajaran...', Array)
#5 C:\xampp\UTS_Enterprise_msi - Copy\system\CodeIgniter.php(825): App\Controllers\Manajemenajaran->edit21('2020', '2021')
#6 C:\xampp\UTS_Enterprise_msi - Copy\system\CodeIgniter.php(412): CodeIgniter\CodeIgniter->runController(Object(App\Controllers\Manajemenajaran))
#7 C:\xampp\UTS_Enterprise_msi - Copy\system\CodeIgniter.php(320): CodeIgniter\CodeIgniter->handleRequest(NULL, Object(Config\Cache), false)
#8 C:\xampp\UTS_Enterprise_msi - Copy\public\index.php(37): CodeIgniter\CodeIgniter->run()
#9 C:\xampp\UTS_Enterprise_msi - Copy\system\Commands\Server\rewrite.php(43): require_once('C:\\xampp\\UTS_En...')
#10 {main}
CRITICAL - 2023-06-17 18:03:39 --> Trying to access array offset on value of type null
#0 C:\xampp\UTS_Enterprise_msi - Copy\app\Views\manajemenajaran\edit21.php(42): CodeIgniter\Debug\Exceptions->errorHandler(2, 'Trying to acces...', 'C:\\xampp\\UTS_En...', 42)
#1 C:\xampp\UTS_Enterprise_msi - Copy\system\View\View.php(210): include('C:\\xampp\\UTS_En...')
#2 C:\xampp\UTS_Enterprise_msi - Copy\system\View\View.php(213): CodeIgniter\View\View->CodeIgniter\View\{closure}()
#3 C:\xampp\UTS_Enterprise_msi - Copy\system\Common.php(1089): CodeIgniter\View\View->render('manajemenajaran...', Array, true)
#4 C:\xampp\UTS_Enterprise_msi - Copy\app\Controllers\Manajemenajaran.php(99): view('manajemenajaran...', Array)
#5 C:\xampp\UTS_Enterprise_msi - Copy\system\CodeIgniter.php(825): App\Controllers\Manajemenajaran->edit21('2020', '2021')
#6 C:\xampp\UTS_Enterprise_msi - Copy\system\CodeIgniter.php(412): CodeIgniter\CodeIgniter->runController(Object(App\Controllers\Manajemenajaran))
#7 C:\xampp\UTS_Enterprise_msi - Copy\system\CodeIgniter.php(320): CodeIgniter\CodeIgniter->handleRequest(NULL, Object(Config\Cache), false)
#8 C:\xampp\UTS_Enterprise_msi - Copy\public\index.php(37): CodeIgniter\CodeIgniter->run()
#9 C:\xampp\UTS_Enterprise_msi - Copy\system\Commands\Server\rewrite.php(43): require_once('C:\\xampp\\UTS_En...')
#10 {main}
CRITICAL - 2023-06-17 18:05:36 --> Trying to access array offset on value of type null
#0 C:\xampp\UTS_Enterprise_msi - Copy\app\Views\manajemenajaran\edit21.php(42): CodeIgniter\Debug\Exceptions->errorHandler(2, 'Trying to acces...', 'C:\\xampp\\UTS_En...', 42)
#1 C:\xampp\UTS_Enterprise_msi - Copy\system\View\View.php(210): include('C:\\xampp\\UTS_En...')
#2 C:\xampp\UTS_Enterprise_msi - Copy\system\View\View.php(213): CodeIgniter\View\View->CodeIgniter\View\{closure}()
#3 C:\xampp\UTS_Enterprise_msi - Copy\system\Common.php(1089): CodeIgniter\View\View->render('manajemenajaran...', Array, true)
#4 C:\xampp\UTS_Enterprise_msi - Copy\app\Controllers\Manajemenajaran.php(99): view('manajemenajaran...', Array)
#5 C:\xampp\UTS_Enterprise_msi - Copy\system\CodeIgniter.php(825): App\Controllers\Manajemenajaran->edit21('2020', '2021')
#6 C:\xampp\UTS_Enterprise_msi - Copy\system\CodeIgniter.php(412): CodeIgniter\CodeIgniter->runController(Object(App\Controllers\Manajemenajaran))
#7 C:\xampp\UTS_Enterprise_msi - Copy\system\CodeIgniter.php(320): CodeIgniter\CodeIgniter->handleRequest(NULL, Object(Config\Cache), false)
#8 C:\xampp\UTS_Enterprise_msi - Copy\public\index.php(37): CodeIgniter\CodeIgniter->run()
#9 C:\xampp\UTS_Enterprise_msi - Copy\system\Commands\Server\rewrite.php(43): require_once('C:\\xampp\\UTS_En...')
#10 {main}
CRITICAL - 2023-06-17 18:08:59 --> Trying to access array offset on value of type null
#0 C:\xampp\UTS_Enterprise_msi - Copy\app\Views\manajemenajaran\edit21.php(42): CodeIgniter\Debug\Exceptions->errorHandler(2, 'Trying to acces...', 'C:\\xampp\\UTS_En...', 42)
#1 C:\xampp\UTS_Enterprise_msi - Copy\system\View\View.php(210): include('C:\\xampp\\UTS_En...')
#2 C:\xampp\UTS_Enterprise_msi - Copy\system\View\View.php(213): CodeIgniter\View\View->CodeIgniter\View\{closure}()
#3 C:\xampp\UTS_Enterprise_msi - Copy\system\Common.php(1089): CodeIgniter\View\View->render('manajemenajaran...', Array, true)
#4 C:\xampp\UTS_Enterprise_msi - Copy\app\Controllers\Manajemenajaran.php(99): view('manajemenajaran...', Array)
#5 C:\xampp\UTS_Enterprise_msi - Copy\system\CodeIgniter.php(825): App\Controllers\Manajemenajaran->edit21('2020', '2021')
#6 C:\xampp\UTS_Enterprise_msi - Copy\system\CodeIgniter.php(412): CodeIgniter\CodeIgniter->runController(Object(App\Controllers\Manajemenajaran))
#7 C:\xampp\UTS_Enterprise_msi - Copy\system\CodeIgniter.php(320): CodeIgniter\CodeIgniter->handleRequest(NULL, Object(Config\Cache), false)
#8 C:\xampp\UTS_Enterprise_msi - Copy\public\index.php(37): CodeIgniter\CodeIgniter->run()
#9 C:\xampp\UTS_Enterprise_msi - Copy\system\Commands\Server\rewrite.php(43): require_once('C:\\xampp\\UTS_En...')
#10 {main}
CRITICAL - 2023-06-17 18:09:00 --> Trying to access array offset on value of type null
#0 C:\xampp\UTS_Enterprise_msi - Copy\app\Views\manajemenajaran\edit21.php(42): CodeIgniter\Debug\Exceptions->errorHandler(2, 'Trying to acces...', 'C:\\xampp\\UTS_En...', 42)
#1 C:\xampp\UTS_Enterprise_msi - Copy\system\View\View.php(210): include('C:\\xampp\\UTS_En...')
#2 C:\xampp\UTS_Enterprise_msi - Copy\system\View\View.php(213): CodeIgniter\View\View->CodeIgniter\View\{closure}()
#3 C:\xampp\UTS_Enterprise_msi - Copy\system\Common.php(1089): CodeIgniter\View\View->render('manajemenajaran...', Array, true)
#4 C:\xampp\UTS_Enterprise_msi - Copy\app\Controllers\Manajemenajaran.php(99): view('manajemenajaran...', Array)
#5 C:\xampp\UTS_Enterprise_msi - Copy\system\CodeIgniter.php(825): App\Controllers\Manajemenajaran->edit21('2020', '2021')
#6 C:\xampp\UTS_Enterprise_msi - Copy\system\CodeIgniter.php(412): CodeIgniter\CodeIgniter->runController(Object(App\Controllers\Manajemenajaran))
#7 C:\xampp\UTS_Enterprise_msi - Copy\system\CodeIgniter.php(320): CodeIgniter\CodeIgniter->handleRequest(NULL, Object(Config\Cache), false)
#8 C:\xampp\UTS_Enterprise_msi - Copy\public\index.php(37): CodeIgniter\CodeIgniter->run()
#9 C:\xampp\UTS_Enterprise_msi - Copy\system\Commands\Server\rewrite.php(43): require_once('C:\\xampp\\UTS_En...')
#10 {main}
CRITICAL - 2023-06-17 18:09:01 --> Trying to access array offset on value of type null
#0 C:\xampp\UTS_Enterprise_msi - Copy\app\Views\manajemenajaran\edit21.php(42): CodeIgniter\Debug\Exceptions->errorHandler(2, 'Trying to acces...', 'C:\\xampp\\UTS_En...', 42)
#1 C:\xampp\UTS_Enterprise_msi - Copy\system\View\View.php(210): include('C:\\xampp\\UTS_En...')
#2 C:\xampp\UTS_Enterprise_msi - Copy\system\View\View.php(213): CodeIgniter\View\View->CodeIgniter\View\{closure}()
#3 C:\xampp\UTS_Enterprise_msi - Copy\system\Common.php(1089): CodeIgniter\View\View->render('manajemenajaran...', Array, true)
#4 C:\xampp\UTS_Enterprise_msi - Copy\app\Controllers\Manajemenajaran.php(99): view('manajemenajaran...', Array)
#5 C:\xampp\UTS_Enterprise_msi - Copy\system\CodeIgniter.php(825): App\Controllers\Manajemenajaran->edit21('2020', '2021')
#6 C:\xampp\UTS_Enterprise_msi - Copy\system\CodeIgniter.php(412): CodeIgniter\CodeIgniter->runController(Object(App\Controllers\Manajemenajaran))
#7 C:\xampp\UTS_Enterprise_msi - Copy\system\CodeIgniter.php(320): CodeIgniter\CodeIgniter->handleRequest(NULL, Object(Config\Cache), false)
#8 C:\xampp\UTS_Enterprise_msi - Copy\public\index.php(37): CodeIgniter\CodeIgniter->run()
#9 C:\xampp\UTS_Enterprise_msi - Copy\system\Commands\Server\rewrite.php(43): require_once('C:\\xampp\\UTS_En...')
#10 {main}
CRITICAL - 2023-06-17 18:09:12 --> Trying to access array offset on value of type null
#0 C:\xampp\UTS_Enterprise_msi - Copy\app\Views\manajemenajaran\edit21.php(44): CodeIgniter\Debug\Exceptions->errorHandler(2, 'Trying to acces...', 'C:\\xampp\\UTS_En...', 44)
#1 C:\xampp\UTS_Enterprise_msi - Copy\system\View\View.php(210): include('C:\\xampp\\UTS_En...')
#2 C:\xampp\UTS_Enterprise_msi - Copy\system\View\View.php(213): CodeIgniter\View\View->CodeIgniter\View\{closure}()
#3 C:\xampp\UTS_Enterprise_msi - Copy\system\Common.php(1089): CodeIgniter\View\View->render('manajemenajaran...', Array, true)
#4 C:\xampp\UTS_Enterprise_msi - Copy\app\Controllers\Manajemenajaran.php(99): view('manajemenajaran...', Array)
#5 C:\xampp\UTS_Enterprise_msi - Copy\system\CodeIgniter.php(825): App\Controllers\Manajemenajaran->edit21('2020', '2021')
#6 C:\xampp\UTS_Enterprise_msi - Copy\system\CodeIgniter.php(412): CodeIgniter\CodeIgniter->runController(Object(App\Controllers\Manajemenajaran))
#7 C:\xampp\UTS_Enterprise_msi - Copy\system\CodeIgniter.php(320): CodeIgniter\CodeIgniter->handleRequest(NULL, Object(Config\Cache), false)
#8 C:\xampp\UTS_Enterprise_msi - Copy\public\index.php(37): CodeIgniter\CodeIgniter->run()
#9 C:\xampp\UTS_Enterprise_msi - Copy\system\Commands\Server\rewrite.php(43): require_once('C:\\xampp\\UTS_En...')
#10 {main}
CRITICAL - 2023-06-17 18:09:16 --> Trying to access array offset on value of type null
#0 C:\xampp\UTS_Enterprise_msi - Copy\app\Views\manajemenajaran\edit21.php(44): CodeIgniter\Debug\Exceptions->errorHandler(2, 'Trying to acces...', 'C:\\xampp\\UTS_En...', 44)
#1 C:\xampp\UTS_Enterprise_msi - Copy\system\View\View.php(210): include('C:\\xampp\\UTS_En...')
#2 C:\xampp\UTS_Enterprise_msi - Copy\system\View\View.php(213): CodeIgniter\View\View->CodeIgniter\View\{closure}()
#3 C:\xampp\UTS_Enterprise_msi - Copy\system\Common.php(1089): CodeIgniter\View\View->render('manajemenajaran...', Array, true)
#4 C:\xampp\UTS_Enterprise_msi - Copy\app\Controllers\Manajemenajaran.php(99): view('manajemenajaran...', Array)
#5 C:\xampp\UTS_Enterprise_msi - Copy\system\CodeIgniter.php(825): App\Controllers\Manajemenajaran->edit21('2020', '2021')
#6 C:\xampp\UTS_Enterprise_msi - Copy\system\CodeIgniter.php(412): CodeIgniter\CodeIgniter->runController(Object(App\Controllers\Manajemenajaran))
#7 C:\xampp\UTS_Enterprise_msi - Copy\system\CodeIgniter.php(320): CodeIgniter\CodeIgniter->handleRequest(NULL, Object(Config\Cache), false)
#8 C:\xampp\UTS_Enterprise_msi - Copy\public\index.php(37): CodeIgniter\CodeIgniter->run()
#9 C:\xampp\UTS_Enterprise_msi - Copy\system\Commands\Server\rewrite.php(43): require_once('C:\\xampp\\UTS_En...')
#10 {main}
CRITICAL - 2023-06-17 18:09:58 --> Trying to access array offset on value of type null
#0 C:\xampp\UTS_Enterprise_msi - Copy\app\Views\manajemenajaran\edit21.php(44): CodeIgniter\Debug\Exceptions->errorHandler(2, 'Trying to acces...', 'C:\\xampp\\UTS_En...', 44)
#1 C:\xampp\UTS_Enterprise_msi - Copy\system\View\View.php(210): include('C:\\xampp\\UTS_En...')
#2 C:\xampp\UTS_Enterprise_msi - Copy\system\View\View.php(213): CodeIgniter\View\View->CodeIgniter\View\{closure}()
#3 C:\xampp\UTS_Enterprise_msi - Copy\system\Common.php(1089): CodeIgniter\View\View->render('manajemenajaran...', Array, true)
#4 C:\xampp\UTS_Enterprise_msi - Copy\app\Controllers\Manajemenajaran.php(99): view('manajemenajaran...', Array)
#5 C:\xampp\UTS_Enterprise_msi - Copy\system\CodeIgniter.php(825): App\Controllers\Manajemenajaran->edit21('2020', '2021')
#6 C:\xampp\UTS_Enterprise_msi - Copy\system\CodeIgniter.php(412): CodeIgniter\CodeIgniter->runController(Object(App\Controllers\Manajemenajaran))
#7 C:\xampp\UTS_Enterprise_msi - Copy\system\CodeIgniter.php(320): CodeIgniter\CodeIgniter->handleRequest(NULL, Object(Config\Cache), false)
#8 C:\xampp\UTS_Enterprise_msi - Copy\public\index.php(37): CodeIgniter\CodeIgniter->run()
#9 C:\xampp\UTS_Enterprise_msi - Copy\system\Commands\Server\rewrite.php(43): require_once('C:\\xampp\\UTS_En...')
#10 {main}
CRITICAL - 2023-06-17 18:09:58 --> Trying to access array offset on value of type null
#0 C:\xampp\UTS_Enterprise_msi - Copy\app\Views\manajemenajaran\edit21.php(44): CodeIgniter\Debug\Exceptions->errorHandler(2, 'Trying to acces...', 'C:\\xampp\\UTS_En...', 44)
#1 C:\xampp\UTS_Enterprise_msi - Copy\system\View\View.php(210): include('C:\\xampp\\UTS_En...')
#2 C:\xampp\UTS_Enterprise_msi - Copy\system\View\View.php(213): CodeIgniter\View\View->CodeIgniter\View\{closure}()
#3 C:\xampp\UTS_Enterprise_msi - Copy\system\Common.php(1089): CodeIgniter\View\View->render('manajemenajaran...', Array, true)
#4 C:\xampp\UTS_Enterprise_msi - Copy\app\Controllers\Manajemenajaran.php(99): view('manajemenajaran...', Array)
#5 C:\xampp\UTS_Enterprise_msi - Copy\system\CodeIgniter.php(825): App\Controllers\Manajemenajaran->edit21('2020', '2021')
#6 C:\xampp\UTS_Enterprise_msi - Copy\system\CodeIgniter.php(412): CodeIgniter\CodeIgniter->runController(Object(App\Controllers\Manajemenajaran))
#7 C:\xampp\UTS_Enterprise_msi - Copy\system\CodeIgniter.php(320): CodeIgniter\CodeIgniter->handleRequest(NULL, Object(Config\Cache), false)
#8 C:\xampp\UTS_Enterprise_msi - Copy\public\index.php(37): CodeIgniter\CodeIgniter->run()
#9 C:\xampp\UTS_Enterprise_msi - Copy\system\Commands\Server\rewrite.php(43): require_once('C:\\xampp\\UTS_En...')
#10 {main}
CRITICAL - 2023-06-17 18:10:04 --> Trying to access array offset on value of type null
#0 C:\xampp\UTS_Enterprise_msi - Copy\app\Views\manajemenajaran\edit21.php(44): CodeIgniter\Debug\Exceptions->errorHandler(2, 'Trying to acces...', 'C:\\xampp\\UTS_En...', 44)
#1 C:\xampp\UTS_Enterprise_msi - Copy\system\View\View.php(210): include('C:\\xampp\\UTS_En...')
#2 C:\xampp\UTS_Enterprise_msi - Copy\system\View\View.php(213): CodeIgniter\View\View->CodeIgniter\View\{closure}()
#3 C:\xampp\UTS_Enterprise_msi - Copy\system\Common.php(1089): CodeIgniter\View\View->render('manajemenajaran...', Array, true)
#4 C:\xampp\UTS_Enterprise_msi - Copy\app\Controllers\Manajemenajaran.php(99): view('manajemenajaran...', Array)
#5 C:\xampp\UTS_Enterprise_msi - Copy\system\CodeIgniter.php(825): App\Controllers\Manajemenajaran->edit21('2020', '2021')
#6 C:\xampp\UTS_Enterprise_msi - Copy\system\CodeIgniter.php(412): CodeIgniter\CodeIgniter->runController(Object(App\Controllers\Manajemenajaran))
#7 C:\xampp\UTS_Enterprise_msi - Copy\system\CodeIgniter.php(320): CodeIgniter\CodeIgniter->handleRequest(NULL, Object(Config\Cache), false)
#8 C:\xampp\UTS_Enterprise_msi - Copy\public\index.php(37): CodeIgniter\CodeIgniter->run()
#9 C:\xampp\UTS_Enterprise_msi - Copy\system\Commands\Server\rewrite.php(43): require_once('C:\\xampp\\UTS_En...')
#10 {main}
CRITICAL - 2023-06-17 18:16:50 --> Trying to access array offset on value of type null
#0 C:\xampp\UTS_Enterprise_msi - Copy\app\Views\manajemenajaran\edit21.php(43): CodeIgniter\Debug\Exceptions->errorHandler(2, 'Trying to acces...', 'C:\\xampp\\UTS_En...', 43)
#1 C:\xampp\UTS_Enterprise_msi - Copy\system\View\View.php(210): include('C:\\xampp\\UTS_En...')
#2 C:\xampp\UTS_Enterprise_msi - Copy\system\View\View.php(213): CodeIgniter\View\View->CodeIgniter\View\{closure}()
#3 C:\xampp\UTS_Enterprise_msi - Copy\system\Common.php(1089): CodeIgniter\View\View->render('manajemenajaran...', Array, true)
#4 C:\xampp\UTS_Enterprise_msi - Copy\app\Controllers\Manajemenajaran.php(99): view('manajemenajaran...', Array)
#5 C:\xampp\UTS_Enterprise_msi - Copy\system\CodeIgniter.php(825): App\Controllers\Manajemenajaran->edit21('2020', '2021')
#6 C:\xampp\UTS_Enterprise_msi - Copy\system\CodeIgniter.php(412): CodeIgniter\CodeIgniter->runController(Object(App\Controllers\Manajemenajaran))
#7 C:\xampp\UTS_Enterprise_msi - Copy\system\CodeIgniter.php(320): CodeIgniter\CodeIgniter->handleRequest(NULL, Object(Config\Cache), false)
#8 C:\xampp\UTS_Enterprise_msi - Copy\public\index.php(37): CodeIgniter\CodeIgniter->run()
#9 C:\xampp\UTS_Enterprise_msi - Copy\system\Commands\Server\rewrite.php(43): require_once('C:\\xampp\\UTS_En...')
#10 {main}
CRITICAL - 2023-06-17 18:26:15 --> Trying to access array offset on value of type null
#0 C:\xampp\UTS_Enterprise_msi - Copy\app\Views\manajemenajaran\edit21.php(43): CodeIgniter\Debug\Exceptions->errorHandler(2, 'Trying to acces...', 'C:\\xampp\\UTS_En...', 43)
#1 C:\xampp\UTS_Enterprise_msi - Copy\system\View\View.php(210): include('C:\\xampp\\UTS_En...')
#2 C:\xampp\UTS_Enterprise_msi - Copy\system\View\View.php(213): CodeIgniter\View\View->CodeIgniter\View\{closure}()
#3 C:\xampp\UTS_Enterprise_msi - Copy\system\Common.php(1089): CodeIgniter\View\View->render('manajemenajaran...', Array, true)
#4 C:\xampp\UTS_Enterprise_msi - Copy\app\Controllers\Manajemenajaran.php(99): view('manajemenajaran...', Array)
#5 C:\xampp\UTS_Enterprise_msi - Copy\system\CodeIgniter.php(825): App\Controllers\Manajemenajaran->edit21('2020', '2021')
#6 C:\xampp\UTS_Enterprise_msi - Copy\system\CodeIgniter.php(412): CodeIgniter\CodeIgniter->runController(Object(App\Controllers\Manajemenajaran))
#7 C:\xampp\UTS_Enterprise_msi - Copy\system\CodeIgniter.php(320): CodeIgniter\CodeIgniter->handleRequest(NULL, Object(Config\Cache), false)
#8 C:\xampp\UTS_Enterprise_msi - Copy\public\index.php(37): CodeIgniter\CodeIgniter->run()
#9 C:\xampp\UTS_Enterprise_msi - Copy\system\Commands\Server\rewrite.php(43): require_once('C:\\xampp\\UTS_En...')
#10 {main}
CRITICAL - 2023-06-17 18:26:16 --> Trying to access array offset on value of type null
#0 C:\xampp\UTS_Enterprise_msi - Copy\app\Views\manajemenajaran\edit21.php(43): CodeIgniter\Debug\Exceptions->errorHandler(2, 'Trying to acces...', 'C:\\xampp\\UTS_En...', 43)
#1 C:\xampp\UTS_Enterprise_msi - Copy\system\View\View.php(210): include('C:\\xampp\\UTS_En...')
#2 C:\xampp\UTS_Enterprise_msi - Copy\system\View\View.php(213): CodeIgniter\View\View->CodeIgniter\View\{closure}()
#3 C:\xampp\UTS_Enterprise_msi - Copy\system\Common.php(1089): CodeIgniter\View\View->render('manajemenajaran...', Array, true)
#4 C:\xampp\UTS_Enterprise_msi - Copy\app\Controllers\Manajemenajaran.php(99): view('manajemenajaran...', Array)
#5 C:\xampp\UTS_Enterprise_msi - Copy\system\CodeIgniter.php(825): App\Controllers\Manajemenajaran->edit21('2020', '2021')
#6 C:\xampp\UTS_Enterprise_msi - Copy\system\CodeIgniter.php(412): CodeIgniter\CodeIgniter->runController(Object(App\Controllers\Manajemenajaran))
#7 C:\xampp\UTS_Enterprise_msi - Copy\system\CodeIgniter.php(320): CodeIgniter\CodeIgniter->handleRequest(NULL, Object(Config\Cache), false)
#8 C:\xampp\UTS_Enterprise_msi - Copy\public\index.php(37): CodeIgniter\CodeIgniter->run()
#9 C:\xampp\UTS_Enterprise_msi - Copy\system\Commands\Server\rewrite.php(43): require_once('C:\\xampp\\UTS_En...')
#10 {main}
CRITICAL - 2023-06-17 18:26:17 --> Trying to access array offset on value of type null
#0 C:\xampp\UTS_Enterprise_msi - Copy\app\Views\manajemenajaran\edit21.php(43): CodeIgniter\Debug\Exceptions->errorHandler(2, 'Trying to acces...', 'C:\\xampp\\UTS_En...', 43)
#1 C:\xampp\UTS_Enterprise_msi - Copy\system\View\View.php(210): include('C:\\xampp\\UTS_En...')
#2 C:\xampp\UTS_Enterprise_msi - Copy\system\View\View.php(213): CodeIgniter\View\View->CodeIgniter\View\{closure}()
#3 C:\xampp\UTS_Enterprise_msi - Copy\system\Common.php(1089): CodeIgniter\View\View->render('manajemenajaran...', Array, true)
#4 C:\xampp\UTS_Enterprise_msi - Copy\app\Controllers\Manajemenajaran.php(99): view('manajemenajaran...', Array)
#5 C:\xampp\UTS_Enterprise_msi - Copy\system\CodeIgniter.php(825): App\Controllers\Manajemenajaran->edit21('2020', '2021')
#6 C:\xampp\UTS_Enterprise_msi - Copy\system\CodeIgniter.php(412): CodeIgniter\CodeIgniter->runController(Object(App\Controllers\Manajemenajaran))
#7 C:\xampp\UTS_Enterprise_msi - Copy\system\CodeIgniter.php(320): CodeIgniter\CodeIgniter->handleRequest(NULL, Object(Config\Cache), false)
#8 C:\xampp\UTS_Enterprise_msi - Copy\public\index.php(37): CodeIgniter\CodeIgniter->run()
#9 C:\xampp\UTS_Enterprise_msi - Copy\system\Commands\Server\rewrite.php(43): require_once('C:\\xampp\\UTS_En...')
#10 {main}
CRITICAL - 2023-06-17 18:26:17 --> Trying to access array offset on value of type null
#0 C:\xampp\UTS_Enterprise_msi - Copy\app\Views\manajemenajaran\edit21.php(43): CodeIgniter\Debug\Exceptions->errorHandler(2, 'Trying to acces...', 'C:\\xampp\\UTS_En...', 43)
#1 C:\xampp\UTS_Enterprise_msi - Copy\system\View\View.php(210): include('C:\\xampp\\UTS_En...')
#2 C:\xampp\UTS_Enterprise_msi - Copy\system\View\View.php(213): CodeIgniter\View\View->CodeIgniter\View\{closure}()
#3 C:\xampp\UTS_Enterprise_msi - Copy\system\Common.php(1089): CodeIgniter\View\View->render('manajemenajaran...', Array, true)
#4 C:\xampp\UTS_Enterprise_msi - Copy\app\Controllers\Manajemenajaran.php(99): view('manajemenajaran...', Array)
#5 C:\xampp\UTS_Enterprise_msi - Copy\system\CodeIgniter.php(825): App\Controllers\Manajemenajaran->edit21('2020', '2021')
#6 C:\xampp\UTS_Enterprise_msi - Copy\system\CodeIgniter.php(412): CodeIgniter\CodeIgniter->runController(Object(App\Controllers\Manajemenajaran))
#7 C:\xampp\UTS_Enterprise_msi - Copy\system\CodeIgniter.php(320): CodeIgniter\CodeIgniter->handleRequest(NULL, Object(Config\Cache), false)
#8 C:\xampp\UTS_Enterprise_msi - Copy\public\index.php(37): CodeIgniter\CodeIgniter->run()
#9 C:\xampp\UTS_Enterprise_msi - Copy\system\Commands\Server\rewrite.php(43): require_once('C:\\xampp\\UTS_En...')
#10 {main}
CRITICAL - 2023-06-17 18:30:43 --> Trying to access array offset on value of type null
#0 C:\xampp\UTS_Enterprise_msi - Copy\app\Views\manajemenajaran\edit21.php(43): CodeIgniter\Debug\Exceptions->errorHandler(2, 'Trying to acces...', 'C:\\xampp\\UTS_En...', 43)
#1 C:\xampp\UTS_Enterprise_msi - Copy\system\View\View.php(210): include('C:\\xampp\\UTS_En...')
#2 C:\xampp\UTS_Enterprise_msi - Copy\system\View\View.php(213): CodeIgniter\View\View->CodeIgniter\View\{closure}()
#3 C:\xampp\UTS_Enterprise_msi - Copy\system\Common.php(1089): CodeIgniter\View\View->render('manajemenajaran...', Array, true)
#4 C:\xampp\UTS_Enterprise_msi - Copy\app\Controllers\Manajemenajaran.php(99): view('manajemenajaran...', Array)
#5 C:\xampp\UTS_Enterprise_msi - Copy\system\CodeIgniter.php(825): App\Controllers\Manajemenajaran->edit21('2020', '2021')
#6 C:\xampp\UTS_Enterprise_msi - Copy\system\CodeIgniter.php(412): CodeIgniter\CodeIgniter->runController(Object(App\Controllers\Manajemenajaran))
#7 C:\xampp\UTS_Enterprise_msi - Copy\system\CodeIgniter.php(320): CodeIgniter\CodeIgniter->handleRequest(NULL, Object(Config\Cache), false)
#8 C:\xampp\UTS_Enterprise_msi - Copy\public\index.php(37): CodeIgniter\CodeIgniter->run()
#9 C:\xampp\UTS_Enterprise_msi - Copy\system\Commands\Server\rewrite.php(43): require_once('C:\\xampp\\UTS_En...')
#10 {main}
CRITICAL - 2023-06-17 18:30:44 --> Trying to access array offset on value of type null
#0 C:\xampp\UTS_Enterprise_msi - Copy\app\Views\manajemenajaran\edit21.php(43): CodeIgniter\Debug\Exceptions->errorHandler(2, 'Trying to acces...', 'C:\\xampp\\UTS_En...', 43)
#1 C:\xampp\UTS_Enterprise_msi - Copy\system\View\View.php(210): include('C:\\xampp\\UTS_En...')
#2 C:\xampp\UTS_Enterprise_msi - Copy\system\View\View.php(213): CodeIgniter\View\View->CodeIgniter\View\{closure}()
#3 C:\xampp\UTS_Enterprise_msi - Copy\system\Common.php(1089): CodeIgniter\View\View->render('manajemenajaran...', Array, true)
#4 C:\xampp\UTS_Enterprise_msi - Copy\app\Controllers\Manajemenajaran.php(99): view('manajemenajaran...', Array)
#5 C:\xampp\UTS_Enterprise_msi - Copy\system\CodeIgniter.php(825): App\Controllers\Manajemenajaran->edit21('2020', '2021')
#6 C:\xampp\UTS_Enterprise_msi - Copy\system\CodeIgniter.php(412): CodeIgniter\CodeIgniter->runController(Object(App\Controllers\Manajemenajaran))
#7 C:\xampp\UTS_Enterprise_msi - Copy\system\CodeIgniter.php(320): CodeIgniter\CodeIgniter->handleRequest(NULL, Object(Config\Cache), false)
#8 C:\xampp\UTS_Enterprise_msi - Copy\public\index.php(37): CodeIgniter\CodeIgniter->run()
#9 C:\xampp\UTS_Enterprise_msi - Copy\system\Commands\Server\rewrite.php(43): require_once('C:\\xampp\\UTS_En...')
#10 {main}
CRITICAL - 2023-06-17 18:32:01 --> Trying to access array offset on value of type null
#0 C:\xampp\UTS_Enterprise_msi - Copy\app\Views\manajemenajaran\edit21.php(43): CodeIgniter\Debug\Exceptions->errorHandler(2, 'Trying to acces...', 'C:\\xampp\\UTS_En...', 43)
#1 C:\xampp\UTS_Enterprise_msi - Copy\system\View\View.php(210): include('C:\\xampp\\UTS_En...')
#2 C:\xampp\UTS_Enterprise_msi - Copy\system\View\View.php(213): CodeIgniter\View\View->CodeIgniter\View\{closure}()
#3 C:\xampp\UTS_Enterprise_msi - Copy\system\Common.php(1089): CodeIgniter\View\View->render('manajemenajaran...', Array, true)
#4 C:\xampp\UTS_Enterprise_msi - Copy\app\Controllers\Manajemenajaran.php(99): view('manajemenajaran...', Array)
#5 C:\xampp\UTS_Enterprise_msi - Copy\system\CodeIgniter.php(825): App\Controllers\Manajemenajaran->edit21('2020', '2021')
#6 C:\xampp\UTS_Enterprise_msi - Copy\system\CodeIgniter.php(412): CodeIgniter\CodeIgniter->runController(Object(App\Controllers\Manajemenajaran))
#7 C:\xampp\UTS_Enterprise_msi - Copy\system\CodeIgniter.php(320): CodeIgniter\CodeIgniter->handleRequest(NULL, Object(Config\Cache), false)
#8 C:\xampp\UTS_Enterprise_msi - Copy\public\index.php(37): CodeIgniter\CodeIgniter->run()
#9 C:\xampp\UTS_Enterprise_msi - Copy\system\Commands\Server\rewrite.php(43): require_once('C:\\xampp\\UTS_En...')
#10 {main}
CRITICAL - 2023-06-17 18:32:02 --> Trying to access array offset on value of type null
#0 C:\xampp\UTS_Enterprise_msi - Copy\app\Views\manajemenajaran\edit21.php(43): CodeIgniter\Debug\Exceptions->errorHandler(2, 'Trying to acces...', 'C:\\xampp\\UTS_En...', 43)
#1 C:\xampp\UTS_Enterprise_msi - Copy\system\View\View.php(210): include('C:\\xampp\\UTS_En...')
#2 C:\xampp\UTS_Enterprise_msi - Copy\system\View\View.php(213): CodeIgniter\View\View->CodeIgniter\View\{closure}()
#3 C:\xampp\UTS_Enterprise_msi - Copy\system\Common.php(1089): CodeIgniter\View\View->render('manajemenajaran...', Array, true)
#4 C:\xampp\UTS_Enterprise_msi - Copy\app\Controllers\Manajemenajaran.php(99): view('manajemenajaran...', Array)
#5 C:\xampp\UTS_Enterprise_msi - Copy\system\CodeIgniter.php(825): App\Controllers\Manajemenajaran->edit21('2020', '2021')
#6 C:\xampp\UTS_Enterprise_msi - Copy\system\CodeIgniter.php(412): CodeIgniter\CodeIgniter->runController(Object(App\Controllers\Manajemenajaran))
#7 C:\xampp\UTS_Enterprise_msi - Copy\system\CodeIgniter.php(320): CodeIgniter\CodeIgniter->handleRequest(NULL, Object(Config\Cache), false)
#8 C:\xampp\UTS_Enterprise_msi - Copy\public\index.php(37): CodeIgniter\CodeIgniter->run()
#9 C:\xampp\UTS_Enterprise_msi - Copy\system\Commands\Server\rewrite.php(43): require_once('C:\\xampp\\UTS_En...')
#10 {main}
CRITICAL - 2023-06-17 18:38:54 --> Invalid file: manajemenajara/idx21.php
#0 C:\xampp\UTS_Enterprise_msi - Copy\system\View\View.php(198): CodeIgniter\Exceptions\FrameworkException::forInvalidFile('manajemenajara/...')
#1 C:\xampp\UTS_Enterprise_msi - Copy\system\Common.php(1089): CodeIgniter\View\View->render('manajemenajara/...', Array, true)
#2 C:\xampp\UTS_Enterprise_msi - Copy\app\Controllers\Manajemenajaran.php(62): view('manajemenajara/...', Array)
#3 C:\xampp\UTS_Enterprise_msi - Copy\system\CodeIgniter.php(825): App\Controllers\Manajemenajaran->index()
#4 C:\xampp\UTS_Enterprise_msi - Copy\system\CodeIgniter.php(412): CodeIgniter\CodeIgniter->runController(Object(App\Controllers\Manajemenajaran))
#5 C:\xampp\UTS_Enterprise_msi - Copy\system\CodeIgniter.php(320): CodeIgniter\CodeIgniter->handleRequest(NULL, Object(Config\Cache), false)
#6 C:\xampp\UTS_Enterprise_msi - Copy\public\index.php(37): CodeIgniter\CodeIgniter->run()
#7 C:\xampp\UTS_Enterprise_msi - Copy\system\Commands\Server\rewrite.php(43): require_once('C:\\xampp\\UTS_En...')
#8 {main}
CRITICAL - 2023-06-17 18:39:12 --> Invalid file: manajemenajara/idx21.php
#0 C:\xampp\UTS_Enterprise_msi - Copy\system\View\View.php(198): CodeIgniter\Exceptions\FrameworkException::forInvalidFile('manajemenajara/...')
#1 C:\xampp\UTS_Enterprise_msi - Copy\system\Common.php(1089): CodeIgniter\View\View->render('manajemenajara/...', Array, true)
#2 C:\xampp\UTS_Enterprise_msi - Copy\app\Controllers\Manajemenajaran.php(62): view('manajemenajara/...', Array)
#3 C:\xampp\UTS_Enterprise_msi - Copy\system\CodeIgniter.php(825): App\Controllers\Manajemenajaran->index()
#4 C:\xampp\UTS_Enterprise_msi - Copy\system\CodeIgniter.php(412): CodeIgniter\CodeIgniter->runController(Object(App\Controllers\Manajemenajaran))
#5 C:\xampp\UTS_Enterprise_msi - Copy\system\CodeIgniter.php(320): CodeIgniter\CodeIgniter->handleRequest(NULL, Object(Config\Cache), false)
#6 C:\xampp\UTS_Enterprise_msi - Copy\public\index.php(37): CodeIgniter\CodeIgniter->run()
#7 C:\xampp\UTS_Enterprise_msi - Copy\system\Commands\Server\rewrite.php(43): require_once('C:\\xampp\\UTS_En...')
#8 {main}
CRITICAL - 2023-06-17 18:40:13 --> Trying to access array offset on value of type null
#0 C:\xampp\UTS_Enterprise_msi - Copy\app\Views\manajemenajaran\edit21.php(43): CodeIgniter\Debug\Exceptions->errorHandler(2, 'Trying to acces...', 'C:\\xampp\\UTS_En...', 43)
#1 C:\xampp\UTS_Enterprise_msi - Copy\system\View\View.php(210): include('C:\\xampp\\UTS_En...')
#2 C:\xampp\UTS_Enterprise_msi - Copy\system\View\View.php(213): CodeIgniter\View\View->CodeIgniter\View\{closure}()
#3 C:\xampp\UTS_Enterprise_msi - Copy\system\Common.php(1089): CodeIgniter\View\View->render('manajemenajaran...', Array, true)
#4 C:\xampp\UTS_Enterprise_msi - Copy\app\Controllers\Manajemenajaran.php(99): view('manajemenajaran...', Array)
#5 C:\xampp\UTS_Enterprise_msi - Copy\system\CodeIgniter.php(825): App\Controllers\Manajemenajaran->edit21('2020', '2021')
#6 C:\xampp\UTS_Enterprise_msi - Copy\system\CodeIgniter.php(412): CodeIgniter\CodeIgniter->runController(Object(App\Controllers\Manajemenajaran))
#7 C:\xampp\UTS_Enterprise_msi - Copy\system\CodeIgniter.php(320): CodeIgniter\CodeIgniter->handleRequest(NULL, Object(Config\Cache), false)
#8 C:\xampp\UTS_Enterprise_msi - Copy\public\index.php(37): CodeIgniter\CodeIgniter->run()
#9 C:\xampp\UTS_Enterprise_msi - Copy\system\Commands\Server\rewrite.php(43): require_once('C:\\xampp\\UTS_En...')
#10 {main}
