ERROR - 2022-10-31 23:35:19 --> Error connecting to the database: No connection could be made because the target machine actively refused it
CRITICAL - 2022-10-31 23:35:19 --> Unable to connect to the database.
Main connection [MySQLi]: No connection could be made because the target machine actively refused it
#0 C:\xampp\htdocs\ci4_app\system\Database\BaseConnection.php(577): CodeIgniter\Database\BaseConnection->initialize()
#1 C:\xampp\htdocs\ci4_app\system\Database\BaseBuilder.php(1771): CodeIgniter\Database\BaseConnection->query('INSERT INTO `tb...', Array, false)
#2 C:\xampp\htdocs\ci4_app\system\Model.php(239): CodeIgniter\Database\BaseBuilder->insert()
#3 C:\xampp\htdocs\ci4_app\system\BaseModel.php(738): CodeIgniter\Model->doInsert(Array)
#4 C:\xampp\htdocs\ci4_app\system\Model.php(625): CodeIgniter\BaseModel->insert(Array, true)
#5 C:\xampp\htdocs\ci4_app\app\Controllers\Product.php(19): CodeIgniter\Model->insert(Array)
#6 C:\xampp\htdocs\ci4_app\system\CodeIgniter.php(825): App\Controllers\product->insertdata()
#7 C:\xampp\htdocs\ci4_app\system\CodeIgniter.php(412): CodeIgniter\CodeIgniter->runController(Object(App\Controllers\product))
#8 C:\xampp\htdocs\ci4_app\system\CodeIgniter.php(320): CodeIgniter\CodeIgniter->handleRequest(NULL, Object(Config\Cache), false)
#9 C:\xampp\htdocs\ci4_app\public\index.php(37): CodeIgniter\CodeIgniter->run()
#10 C:\xampp\htdocs\ci4_app\system\Commands\Server\rewrite.php(43): require_once('C:\\xampp\\htdocs...')
#11 {main}
ERROR - 2022-10-31 23:37:31 --> Error connecting to the database: No connection could be made because the target machine actively refused it
CRITICAL - 2022-10-31 23:37:31 --> Unable to connect to the database.
Main connection [MySQLi]: No connection could be made because the target machine actively refused it
#0 C:\xampp\htdocs\ci4_app\system\Database\BaseConnection.php(577): CodeIgniter\Database\BaseConnection->initialize()
#1 C:\xampp\htdocs\ci4_app\system\Database\BaseBuilder.php(1771): CodeIgniter\Database\BaseConnection->query('INSERT INTO `tb...', Array, false)
#2 C:\xampp\htdocs\ci4_app\system\Model.php(239): CodeIgniter\Database\BaseBuilder->insert()
#3 C:\xampp\htdocs\ci4_app\system\BaseModel.php(738): CodeIgniter\Model->doInsert(Array)
#4 C:\xampp\htdocs\ci4_app\system\Model.php(625): CodeIgniter\BaseModel->insert(Array, true)
#5 C:\xampp\htdocs\ci4_app\app\Controllers\Product.php(19): CodeIgniter\Model->insert(Array)
#6 C:\xampp\htdocs\ci4_app\system\CodeIgniter.php(825): App\Controllers\product->insertdata()
#7 C:\xampp\htdocs\ci4_app\system\CodeIgniter.php(412): CodeIgniter\CodeIgniter->runController(Object(App\Controllers\product))
#8 C:\xampp\htdocs\ci4_app\system\CodeIgniter.php(320): CodeIgniter\CodeIgniter->handleRequest(NULL, Object(Config\Cache), false)
#9 C:\xampp\htdocs\ci4_app\public\index.php(37): CodeIgniter\CodeIgniter->run()
#10 C:\xampp\htdocs\ci4_app\system\Commands\Server\rewrite.php(43): require_once('C:\\xampp\\htdocs...')
#11 {main}
