CRITICAL - 2023-07-05 20:50:06 --> Too few arguments to function App\Controllers\Manajemenajaran1::edit23(), 1 passed in E:\KULIAH\SEMESTER 4\SISTEM ENTERPRISE\Enterprise\UTS_Enterprise_msi - Copy\system\CodeIgniter.php on line 825 and exactly 2 expected
#0 E:\KULIAH\SEMESTER 4\SISTEM ENTERPRISE\Enterprise\UTS_Enterprise_msi - Copy\system\CodeIgniter.php(825): App\Controllers\Manajemenajaran1->edit23('2023')
#1 E:\KULIAH\SEMESTER 4\SISTEM ENTERPRISE\Enterprise\UTS_Enterprise_msi - Copy\system\CodeIgniter.php(412): CodeIgniter\CodeIgniter->runController(Object(App\Controllers\Manajemenajaran1))
#2 E:\KULIAH\SEMESTER 4\SISTEM ENTERPRISE\Enterprise\UTS_Enterprise_msi - Copy\system\CodeIgniter.php(320): CodeIgniter\CodeIgniter->handleRequest(NULL, Object(Config\Cache), false)
#3 E:\KULIAH\SEMESTER 4\SISTEM ENTERPRISE\Enterprise\UTS_Enterprise_msi - Copy\public\index.php(37): CodeIgniter\CodeIgniter->run()
#4 E:\KULIAH\SEMESTER 4\SISTEM ENTERPRISE\Enterprise\UTS_Enterprise_msi - Copy\system\Commands\Server\rewrite.php(43): require_once('E:\\KULIAH\\SEMES...')
#5 {main}
ERROR - 2023-07-05 20:50:45 --> Duplicate entry '2' for key 'PRIMARY'
CRITICAL - 2023-07-05 20:50:45 --> Duplicate entry '2' for key 'PRIMARY'
#0 E:\KULIAH\SEMESTER 4\SISTEM ENTERPRISE\Enterprise\UTS_Enterprise_msi - Copy\system\Database\MySQLi\Connection.php(292): mysqli->query('INSERT INTO `ma...', 0)
#1 E:\KULIAH\SEMESTER 4\SISTEM ENTERPRISE\Enterprise\UTS_Enterprise_msi - Copy\system\Database\BaseConnection.php(670): CodeIgniter\Database\MySQLi\Connection->execute('INSERT INTO `ma...')
#2 E:\KULIAH\SEMESTER 4\SISTEM ENTERPRISE\Enterprise\UTS_Enterprise_msi - Copy\system\Database\BaseConnection.php(598): CodeIgniter\Database\BaseConnection->simpleQuery('INSERT INTO `ma...')
#3 E:\KULIAH\SEMESTER 4\SISTEM ENTERPRISE\Enterprise\UTS_Enterprise_msi - Copy\system\Database\BaseBuilder.php(1771): CodeIgniter\Database\BaseConnection->query('INSERT INTO `ma...', Array, false)
#4 E:\KULIAH\SEMESTER 4\SISTEM ENTERPRISE\Enterprise\UTS_Enterprise_msi - Copy\app\Models\Manajemenkelas_model.php(25): CodeIgniter\Database\BaseBuilder->insert(Array)
#5 E:\KULIAH\SEMESTER 4\SISTEM ENTERPRISE\Enterprise\UTS_Enterprise_msi - Copy\app\Controllers\Manajemenkelas.php(89): App\Models\Manajemenkelas_model->insertCategory(Array)
#6 E:\KULIAH\SEMESTER 4\SISTEM ENTERPRISE\Enterprise\UTS_Enterprise_msi - Copy\system\CodeIgniter.php(825): App\Controllers\Manajemenkelas->store22()
#7 E:\KULIAH\SEMESTER 4\SISTEM ENTERPRISE\Enterprise\UTS_Enterprise_msi - Copy\system\CodeIgniter.php(412): CodeIgniter\CodeIgniter->runController(Object(App\Controllers\Manajemenkelas))
#8 E:\KULIAH\SEMESTER 4\SISTEM ENTERPRISE\Enterprise\UTS_Enterprise_msi - Copy\system\CodeIgniter.php(320): CodeIgniter\CodeIgniter->handleRequest(NULL, Object(Config\Cache), false)
#9 E:\KULIAH\SEMESTER 4\SISTEM ENTERPRISE\Enterprise\UTS_Enterprise_msi - Copy\public\index.php(37): CodeIgniter\CodeIgniter->run()
#10 E:\KULIAH\SEMESTER 4\SISTEM ENTERPRISE\Enterprise\UTS_Enterprise_msi - Copy\system\Commands\Server\rewrite.php(43): require_once('E:\\KULIAH\\SEMES...')
#11 {main}
ERROR - 2023-07-05 20:50:53 --> Cannot add or update a child row: a foreign key constraint fails (`db_msi_sugihwaras_rev`.`manajemen_kelas`, CONSTRAINT `manajemen_kelas_ibfk_1` FOREIGN KEY (`tahun_ajaran`) REFERENCES `manajemen_ajaran` (`tahun_ajaran`))
CRITICAL - 2023-07-05 20:50:53 --> Cannot add or update a child row: a foreign key constraint fails (`db_msi_sugihwaras_rev`.`manajemen_kelas`, CONSTRAINT `manajemen_kelas_ibfk_1` FOREIGN KEY (`tahun_ajaran`) REFERENCES `manajemen_ajaran` (`tahun_ajaran`))
#0 E:\KULIAH\SEMESTER 4\SISTEM ENTERPRISE\Enterprise\UTS_Enterprise_msi - Copy\system\Database\MySQLi\Connection.php(292): mysqli->query('INSERT INTO `ma...', 0)
#1 E:\KULIAH\SEMESTER 4\SISTEM ENTERPRISE\Enterprise\UTS_Enterprise_msi - Copy\system\Database\BaseConnection.php(670): CodeIgniter\Database\MySQLi\Connection->execute('INSERT INTO `ma...')
#2 E:\KULIAH\SEMESTER 4\SISTEM ENTERPRISE\Enterprise\UTS_Enterprise_msi - Copy\system\Database\BaseConnection.php(598): CodeIgniter\Database\BaseConnection->simpleQuery('INSERT INTO `ma...')
#3 E:\KULIAH\SEMESTER 4\SISTEM ENTERPRISE\Enterprise\UTS_Enterprise_msi - Copy\system\Database\BaseBuilder.php(1771): CodeIgniter\Database\BaseConnection->query('INSERT INTO `ma...', Array, false)
#4 E:\KULIAH\SEMESTER 4\SISTEM ENTERPRISE\Enterprise\UTS_Enterprise_msi - Copy\app\Models\Manajemenkelas_model.php(25): CodeIgniter\Database\BaseBuilder->insert(Array)
#5 E:\KULIAH\SEMESTER 4\SISTEM ENTERPRISE\Enterprise\UTS_Enterprise_msi - Copy\app\Controllers\Manajemenkelas.php(89): App\Models\Manajemenkelas_model->insertCategory(Array)
#6 E:\KULIAH\SEMESTER 4\SISTEM ENTERPRISE\Enterprise\UTS_Enterprise_msi - Copy\system\CodeIgniter.php(825): App\Controllers\Manajemenkelas->store22()
#7 E:\KULIAH\SEMESTER 4\SISTEM ENTERPRISE\Enterprise\UTS_Enterprise_msi - Copy\system\CodeIgniter.php(412): CodeIgniter\CodeIgniter->runController(Object(App\Controllers\Manajemenkelas))
#8 E:\KULIAH\SEMESTER 4\SISTEM ENTERPRISE\Enterprise\UTS_Enterprise_msi - Copy\system\CodeIgniter.php(320): CodeIgniter\CodeIgniter->handleRequest(NULL, Object(Config\Cache), false)
#9 E:\KULIAH\SEMESTER 4\SISTEM ENTERPRISE\Enterprise\UTS_Enterprise_msi - Copy\public\index.php(37): CodeIgniter\CodeIgniter->run()
#10 E:\KULIAH\SEMESTER 4\SISTEM ENTERPRISE\Enterprise\UTS_Enterprise_msi - Copy\system\Commands\Server\rewrite.php(43): require_once('E:\\KULIAH\\SEMES...')
#11 {main}
ERROR - 2023-07-05 20:51:06 --> Cannot add or update a child row: a foreign key constraint fails (`db_msi_sugihwaras_rev`.`manajemen_kelas`, CONSTRAINT `manajemen_kelas_ibfk_1` FOREIGN KEY (`tahun_ajaran`) REFERENCES `manajemen_ajaran` (`tahun_ajaran`))
CRITICAL - 2023-07-05 20:51:06 --> Cannot add or update a child row: a foreign key constraint fails (`db_msi_sugihwaras_rev`.`manajemen_kelas`, CONSTRAINT `manajemen_kelas_ibfk_1` FOREIGN KEY (`tahun_ajaran`) REFERENCES `manajemen_ajaran` (`tahun_ajaran`))
#0 E:\KULIAH\SEMESTER 4\SISTEM ENTERPRISE\Enterprise\UTS_Enterprise_msi - Copy\system\Database\MySQLi\Connection.php(292): mysqli->query('INSERT INTO `ma...', 0)
#1 E:\KULIAH\SEMESTER 4\SISTEM ENTERPRISE\Enterprise\UTS_Enterprise_msi - Copy\system\Database\BaseConnection.php(670): CodeIgniter\Database\MySQLi\Connection->execute('INSERT INTO `ma...')
#2 E:\KULIAH\SEMESTER 4\SISTEM ENTERPRISE\Enterprise\UTS_Enterprise_msi - Copy\system\Database\BaseConnection.php(598): CodeIgniter\Database\BaseConnection->simpleQuery('INSERT INTO `ma...')
#3 E:\KULIAH\SEMESTER 4\SISTEM ENTERPRISE\Enterprise\UTS_Enterprise_msi - Copy\system\Database\BaseBuilder.php(1771): CodeIgniter\Database\BaseConnection->query('INSERT INTO `ma...', Array, false)
#4 E:\KULIAH\SEMESTER 4\SISTEM ENTERPRISE\Enterprise\UTS_Enterprise_msi - Copy\app\Models\Manajemenkelas_model.php(25): CodeIgniter\Database\BaseBuilder->insert(Array)
#5 E:\KULIAH\SEMESTER 4\SISTEM ENTERPRISE\Enterprise\UTS_Enterprise_msi - Copy\app\Controllers\Manajemenkelas.php(89): App\Models\Manajemenkelas_model->insertCategory(Array)
#6 E:\KULIAH\SEMESTER 4\SISTEM ENTERPRISE\Enterprise\UTS_Enterprise_msi - Copy\system\CodeIgniter.php(825): App\Controllers\Manajemenkelas->store22()
#7 E:\KULIAH\SEMESTER 4\SISTEM ENTERPRISE\Enterprise\UTS_Enterprise_msi - Copy\system\CodeIgniter.php(412): CodeIgniter\CodeIgniter->runController(Object(App\Controllers\Manajemenkelas))
#8 E:\KULIAH\SEMESTER 4\SISTEM ENTERPRISE\Enterprise\UTS_Enterprise_msi - Copy\system\CodeIgniter.php(320): CodeIgniter\CodeIgniter->handleRequest(NULL, Object(Config\Cache), false)
#9 E:\KULIAH\SEMESTER 4\SISTEM ENTERPRISE\Enterprise\UTS_Enterprise_msi - Copy\public\index.php(37): CodeIgniter\CodeIgniter->run()
#10 E:\KULIAH\SEMESTER 4\SISTEM ENTERPRISE\Enterprise\UTS_Enterprise_msi - Copy\system\Commands\Server\rewrite.php(43): require_once('E:\\KULIAH\\SEMES...')
#11 {main}
CRITICAL - 2023-07-05 21:02:48 --> Too few arguments to function App\Controllers\Pengumuman::edit24(), 0 passed in E:\KULIAH\SEMESTER 4\SISTEM ENTERPRISE\Enterprise\UTS_Enterprise_msi - Copy\system\CodeIgniter.php on line 825 and exactly 1 expected
#0 E:\KULIAH\SEMESTER 4\SISTEM ENTERPRISE\Enterprise\UTS_Enterprise_msi - Copy\system\CodeIgniter.php(825): App\Controllers\Pengumuman->edit24()
#1 E:\KULIAH\SEMESTER 4\SISTEM ENTERPRISE\Enterprise\UTS_Enterprise_msi - Copy\system\CodeIgniter.php(412): CodeIgniter\CodeIgniter->runController(Object(App\Controllers\Pengumuman))
#2 E:\KULIAH\SEMESTER 4\SISTEM ENTERPRISE\Enterprise\UTS_Enterprise_msi - Copy\system\CodeIgniter.php(320): CodeIgniter\CodeIgniter->handleRequest(NULL, Object(Config\Cache), false)
#3 E:\KULIAH\SEMESTER 4\SISTEM ENTERPRISE\Enterprise\UTS_Enterprise_msi - Copy\public\index.php(37): CodeIgniter\CodeIgniter->run()
#4 E:\KULIAH\SEMESTER 4\SISTEM ENTERPRISE\Enterprise\UTS_Enterprise_msi - Copy\system\Commands\Server\rewrite.php(43): require_once('E:\\KULIAH\\SEMES...')
#5 {main}
CRITICAL - 2023-07-05 21:03:09 --> Too few arguments to function App\Controllers\Pengumuman::edit24(), 0 passed in E:\KULIAH\SEMESTER 4\SISTEM ENTERPRISE\Enterprise\UTS_Enterprise_msi - Copy\system\CodeIgniter.php on line 825 and exactly 1 expected
#0 E:\KULIAH\SEMESTER 4\SISTEM ENTERPRISE\Enterprise\UTS_Enterprise_msi - Copy\system\CodeIgniter.php(825): App\Controllers\Pengumuman->edit24()
#1 E:\KULIAH\SEMESTER 4\SISTEM ENTERPRISE\Enterprise\UTS_Enterprise_msi - Copy\system\CodeIgniter.php(412): CodeIgniter\CodeIgniter->runController(Object(App\Controllers\Pengumuman))
#2 E:\KULIAH\SEMESTER 4\SISTEM ENTERPRISE\Enterprise\UTS_Enterprise_msi - Copy\system\CodeIgniter.php(320): CodeIgniter\CodeIgniter->handleRequest(NULL, Object(Config\Cache), false)
#3 E:\KULIAH\SEMESTER 4\SISTEM ENTERPRISE\Enterprise\UTS_Enterprise_msi - Copy\public\index.php(37): CodeIgniter\CodeIgniter->run()
#4 E:\KULIAH\SEMESTER 4\SISTEM ENTERPRISE\Enterprise\UTS_Enterprise_msi - Copy\system\Commands\Server\rewrite.php(43): require_once('E:\\KULIAH\\SEMES...')
#5 {main}
CRITICAL - 2023-07-05 21:05:10 --> The original file is not a valid file.
#0 E:\KULIAH\SEMESTER 4\SISTEM ENTERPRISE\Enterprise\UTS_Enterprise_msi - Copy\system\HTTP\Files\UploadedFile.php(137): CodeIgniter\HTTP\Exceptions\HTTPException::forInvalidFile()
#1 E:\KULIAH\SEMESTER 4\SISTEM ENTERPRISE\Enterprise\UTS_Enterprise_msi - Copy\app\Controllers\Dataguru.php(149): CodeIgniter\HTTP\Files\UploadedFile->move('E:\\KULIAH\\SEMES...', '')
#2 E:\KULIAH\SEMESTER 4\SISTEM ENTERPRISE\Enterprise\UTS_Enterprise_msi - Copy\system\CodeIgniter.php(825): App\Controllers\Dataguru->update3()
#3 E:\KULIAH\SEMESTER 4\SISTEM ENTERPRISE\Enterprise\UTS_Enterprise_msi - Copy\system\CodeIgniter.php(412): CodeIgniter\CodeIgniter->runController(Object(App\Controllers\Dataguru))
#4 E:\KULIAH\SEMESTER 4\SISTEM ENTERPRISE\Enterprise\UTS_Enterprise_msi - Copy\system\CodeIgniter.php(320): CodeIgniter\CodeIgniter->handleRequest(NULL, Object(Config\Cache), false)
#5 E:\KULIAH\SEMESTER 4\SISTEM ENTERPRISE\Enterprise\UTS_Enterprise_msi - Copy\public\index.php(37): CodeIgniter\CodeIgniter->run()
#6 E:\KULIAH\SEMESTER 4\SISTEM ENTERPRISE\Enterprise\UTS_Enterprise_msi - Copy\system\Commands\Server\rewrite.php(43): require_once('E:\\KULIAH\\SEMES...')
#7 {main}
CRITICAL - 2023-07-05 21:50:42 --> Undefined array key "id"
#0 E:\KULIAH\SEMESTER 4\SISTEM ENTERPRISE\Enterprise\UTS_Enterprise_msi - Copy\app\Views\pengeluaransarpras\idx15.php(97): CodeIgniter\Debug\Exceptions->errorHandler(2, 'Undefined array...', 'E:\\KULIAH\\SEMES...', 97)
#1 E:\KULIAH\SEMESTER 4\SISTEM ENTERPRISE\Enterprise\UTS_Enterprise_msi - Copy\system\View\View.php(210): include('E:\\KULIAH\\SEMES...')
#2 E:\KULIAH\SEMESTER 4\SISTEM ENTERPRISE\Enterprise\UTS_Enterprise_msi - Copy\system\View\View.php(213): CodeIgniter\View\View->CodeIgniter\View\{closure}()
#3 E:\KULIAH\SEMESTER 4\SISTEM ENTERPRISE\Enterprise\UTS_Enterprise_msi - Copy\system\Common.php(1089): CodeIgniter\View\View->render('pengeluaransarp...', Array, true)
#4 E:\KULIAH\SEMESTER 4\SISTEM ENTERPRISE\Enterprise\UTS_Enterprise_msi - Copy\app\Controllers\Pengeluaransarpras.php(72): view('pengeluaransarp...', Array)
#5 E:\KULIAH\SEMESTER 4\SISTEM ENTERPRISE\Enterprise\UTS_Enterprise_msi - Copy\system\CodeIgniter.php(825): App\Controllers\Pengeluaransarpras->index()
#6 E:\KULIAH\SEMESTER 4\SISTEM ENTERPRISE\Enterprise\UTS_Enterprise_msi - Copy\system\CodeIgniter.php(412): CodeIgniter\CodeIgniter->runController(Object(App\Controllers\Pengeluaransarpras))
#7 E:\KULIAH\SEMESTER 4\SISTEM ENTERPRISE\Enterprise\UTS_Enterprise_msi - Copy\system\CodeIgniter.php(320): CodeIgniter\CodeIgniter->handleRequest(NULL, Object(Config\Cache), false)
#8 E:\KULIAH\SEMESTER 4\SISTEM ENTERPRISE\Enterprise\UTS_Enterprise_msi - Copy\public\index.php(37): CodeIgniter\CodeIgniter->run()
#9 E:\KULIAH\SEMESTER 4\SISTEM ENTERPRISE\Enterprise\UTS_Enterprise_msi - Copy\system\Commands\Server\rewrite.php(43): require_once('E:\\KULIAH\\SEMES...')
#10 {main}
CRITICAL - 2023-07-05 22:27:46 --> Invalid file: pengembaliansarpras/create13.php
#0 E:\KULIAH\SEMESTER 4\SISTEM ENTERPRISE\Enterprise\UTS_Enterprise_msi - Copy\system\View\View.php(198): CodeIgniter\Exceptions\FrameworkException::forInvalidFile('pengembaliansar...')
#1 E:\KULIAH\SEMESTER 4\SISTEM ENTERPRISE\Enterprise\UTS_Enterprise_msi - Copy\system\Common.php(1089): CodeIgniter\View\View->render('pengembaliansar...', Array, true)
#2 E:\KULIAH\SEMESTER 4\SISTEM ENTERPRISE\Enterprise\UTS_Enterprise_msi - Copy\app\Controllers\pengembaliansarpras.php(83): view('pengembaliansar...', Array)
#3 E:\KULIAH\SEMESTER 4\SISTEM ENTERPRISE\Enterprise\UTS_Enterprise_msi - Copy\system\CodeIgniter.php(825): App\Controllers\Pengembaliansarpras->create25()
#4 E:\KULIAH\SEMESTER 4\SISTEM ENTERPRISE\Enterprise\UTS_Enterprise_msi - Copy\system\CodeIgniter.php(412): CodeIgniter\CodeIgniter->runController(Object(App\Controllers\Pengembaliansarpras))
#5 E:\KULIAH\SEMESTER 4\SISTEM ENTERPRISE\Enterprise\UTS_Enterprise_msi - Copy\system\CodeIgniter.php(320): CodeIgniter\CodeIgniter->handleRequest(NULL, Object(Config\Cache), false)
#6 E:\KULIAH\SEMESTER 4\SISTEM ENTERPRISE\Enterprise\UTS_Enterprise_msi - Copy\public\index.php(37): CodeIgniter\CodeIgniter->run()
#7 E:\KULIAH\SEMESTER 4\SISTEM ENTERPRISE\Enterprise\UTS_Enterprise_msi - Copy\system\Commands\Server\rewrite.php(43): require_once('E:\\KULIAH\\SEMES...')
#8 {main}
CRITICAL - 2023-07-05 22:29:16 --> Invalid file: pengembaliansarpras/create13.php
#0 E:\KULIAH\SEMESTER 4\SISTEM ENTERPRISE\Enterprise\UTS_Enterprise_msi - Copy\system\View\View.php(198): CodeIgniter\Exceptions\FrameworkException::forInvalidFile('pengembaliansar...')
#1 E:\KULIAH\SEMESTER 4\SISTEM ENTERPRISE\Enterprise\UTS_Enterprise_msi - Copy\system\Common.php(1089): CodeIgniter\View\View->render('pengembaliansar...', Array, true)
#2 E:\KULIAH\SEMESTER 4\SISTEM ENTERPRISE\Enterprise\UTS_Enterprise_msi - Copy\app\Controllers\pengembaliansarpras.php(83): view('pengembaliansar...', Array)
#3 E:\KULIAH\SEMESTER 4\SISTEM ENTERPRISE\Enterprise\UTS_Enterprise_msi - Copy\system\CodeIgniter.php(825): App\Controllers\Pengembaliansarpras->create25()
#4 E:\KULIAH\SEMESTER 4\SISTEM ENTERPRISE\Enterprise\UTS_Enterprise_msi - Copy\system\CodeIgniter.php(412): CodeIgniter\CodeIgniter->runController(Object(App\Controllers\Pengembaliansarpras))
#5 E:\KULIAH\SEMESTER 4\SISTEM ENTERPRISE\Enterprise\UTS_Enterprise_msi - Copy\system\CodeIgniter.php(320): CodeIgniter\CodeIgniter->handleRequest(NULL, Object(Config\Cache), false)
#6 E:\KULIAH\SEMESTER 4\SISTEM ENTERPRISE\Enterprise\UTS_Enterprise_msi - Copy\public\index.php(37): CodeIgniter\CodeIgniter->run()
#7 E:\KULIAH\SEMESTER 4\SISTEM ENTERPRISE\Enterprise\UTS_Enterprise_msi - Copy\system\Commands\Server\rewrite.php(43): require_once('E:\\KULIAH\\SEMES...')
#8 {main}
CRITICAL - 2023-07-05 22:30:55 --> pengembaliansarpras is not a validation rules group.
#0 E:\KULIAH\SEMESTER 4\SISTEM ENTERPRISE\Enterprise\UTS_Enterprise_msi - Copy\system\Validation\Validation.php(543): CodeIgniter\Validation\Exceptions\ValidationException::forGroupNotFound('pengembaliansar...')
#1 E:\KULIAH\SEMESTER 4\SISTEM ENTERPRISE\Enterprise\UTS_Enterprise_msi - Copy\system\Validation\Validation.php(116): CodeIgniter\Validation\Validation->loadRuleGroup('pengembaliansar...')
#2 E:\KULIAH\SEMESTER 4\SISTEM ENTERPRISE\Enterprise\UTS_Enterprise_msi - Copy\app\Controllers\Pengembaliansarpras.php(95): CodeIgniter\Validation\Validation->run(Array, 'pengembaliansar...')
#3 E:\KULIAH\SEMESTER 4\SISTEM ENTERPRISE\Enterprise\UTS_Enterprise_msi - Copy\system\CodeIgniter.php(825): App\Controllers\Pengembaliansarpras->store25()
#4 E:\KULIAH\SEMESTER 4\SISTEM ENTERPRISE\Enterprise\UTS_Enterprise_msi - Copy\system\CodeIgniter.php(412): CodeIgniter\CodeIgniter->runController(Object(App\Controllers\Pengembaliansarpras))
#5 E:\KULIAH\SEMESTER 4\SISTEM ENTERPRISE\Enterprise\UTS_Enterprise_msi - Copy\system\CodeIgniter.php(320): CodeIgniter\CodeIgniter->handleRequest(NULL, Object(Config\Cache), false)
#6 E:\KULIAH\SEMESTER 4\SISTEM ENTERPRISE\Enterprise\UTS_Enterprise_msi - Copy\public\index.php(37): CodeIgniter\CodeIgniter->run()
#7 E:\KULIAH\SEMESTER 4\SISTEM ENTERPRISE\Enterprise\UTS_Enterprise_msi - Copy\system\Commands\Server\rewrite.php(43): require_once('E:\\KULIAH\\SEMES...')
#8 {main}
CRITICAL - 2023-07-05 22:32:29 --> Invalid file: pengembaliansarpras/edit13.php
#0 E:\KULIAH\SEMESTER 4\SISTEM ENTERPRISE\Enterprise\UTS_Enterprise_msi - Copy\system\View\View.php(198): CodeIgniter\Exceptions\FrameworkException::forInvalidFile('pengembaliansar...')
#1 E:\KULIAH\SEMESTER 4\SISTEM ENTERPRISE\Enterprise\UTS_Enterprise_msi - Copy\system\Common.php(1089): CodeIgniter\View\View->render('pengembaliansar...', Array, true)
#2 E:\KULIAH\SEMESTER 4\SISTEM ENTERPRISE\Enterprise\UTS_Enterprise_msi - Copy\app\Controllers\Pengembaliansarpras.php(114): view('pengembaliansar...', Array)
#3 E:\KULIAH\SEMESTER 4\SISTEM ENTERPRISE\Enterprise\UTS_Enterprise_msi - Copy\system\CodeIgniter.php(825): App\Controllers\Pengembaliansarpras->edit25('1')
#4 E:\KULIAH\SEMESTER 4\SISTEM ENTERPRISE\Enterprise\UTS_Enterprise_msi - Copy\system\CodeIgniter.php(412): CodeIgniter\CodeIgniter->runController(Object(App\Controllers\Pengembaliansarpras))
#5 E:\KULIAH\SEMESTER 4\SISTEM ENTERPRISE\Enterprise\UTS_Enterprise_msi - Copy\system\CodeIgniter.php(320): CodeIgniter\CodeIgniter->handleRequest(NULL, Object(Config\Cache), false)
#6 E:\KULIAH\SEMESTER 4\SISTEM ENTERPRISE\Enterprise\UTS_Enterprise_msi - Copy\public\index.php(37): CodeIgniter\CodeIgniter->run()
#7 E:\KULIAH\SEMESTER 4\SISTEM ENTERPRISE\Enterprise\UTS_Enterprise_msi - Copy\system\Commands\Server\rewrite.php(43): require_once('E:\\KULIAH\\SEMES...')
#8 {main}
CRITICAL - 2023-07-05 22:33:28 --> Undefined variable $peminjaman
#0 E:\KULIAH\SEMESTER 4\SISTEM ENTERPRISE\Enterprise\UTS_Enterprise_msi - Copy\app\Views\pengembaliansarpras\edit25.php(40): CodeIgniter\Debug\Exceptions->errorHandler(2, 'Undefined varia...', 'E:\\KULIAH\\SEMES...', 40)
#1 E:\KULIAH\SEMESTER 4\SISTEM ENTERPRISE\Enterprise\UTS_Enterprise_msi - Copy\system\View\View.php(210): include('E:\\KULIAH\\SEMES...')
#2 E:\KULIAH\SEMESTER 4\SISTEM ENTERPRISE\Enterprise\UTS_Enterprise_msi - Copy\system\View\View.php(213): CodeIgniter\View\View->CodeIgniter\View\{closure}()
#3 E:\KULIAH\SEMESTER 4\SISTEM ENTERPRISE\Enterprise\UTS_Enterprise_msi - Copy\system\Common.php(1089): CodeIgniter\View\View->render('pengembaliansar...', Array, true)
#4 E:\KULIAH\SEMESTER 4\SISTEM ENTERPRISE\Enterprise\UTS_Enterprise_msi - Copy\app\Controllers\Pengembaliansarpras.php(114): view('pengembaliansar...', Array)
#5 E:\KULIAH\SEMESTER 4\SISTEM ENTERPRISE\Enterprise\UTS_Enterprise_msi - Copy\system\CodeIgniter.php(825): App\Controllers\Pengembaliansarpras->edit25('1')
#6 E:\KULIAH\SEMESTER 4\SISTEM ENTERPRISE\Enterprise\UTS_Enterprise_msi - Copy\system\CodeIgniter.php(412): CodeIgniter\CodeIgniter->runController(Object(App\Controllers\Pengembaliansarpras))
#7 E:\KULIAH\SEMESTER 4\SISTEM ENTERPRISE\Enterprise\UTS_Enterprise_msi - Copy\system\CodeIgniter.php(320): CodeIgniter\CodeIgniter->handleRequest(NULL, Object(Config\Cache), false)
#8 E:\KULIAH\SEMESTER 4\SISTEM ENTERPRISE\Enterprise\UTS_Enterprise_msi - Copy\public\index.php(37): CodeIgniter\CodeIgniter->run()
#9 E:\KULIAH\SEMESTER 4\SISTEM ENTERPRISE\Enterprise\UTS_Enterprise_msi - Copy\system\Commands\Server\rewrite.php(43): require_once('E:\\KULIAH\\SEMES...')
#10 {main}
CRITICAL - 2023-07-05 22:34:33 --> Undefined variable $peminjaman
#0 E:\KULIAH\SEMESTER 4\SISTEM ENTERPRISE\Enterprise\UTS_Enterprise_msi - Copy\app\Views\pengembaliansarpras\edit25.php(40): CodeIgniter\Debug\Exceptions->errorHandler(2, 'Undefined varia...', 'E:\\KULIAH\\SEMES...', 40)
#1 E:\KULIAH\SEMESTER 4\SISTEM ENTERPRISE\Enterprise\UTS_Enterprise_msi - Copy\system\View\View.php(210): include('E:\\KULIAH\\SEMES...')
#2 E:\KULIAH\SEMESTER 4\SISTEM ENTERPRISE\Enterprise\UTS_Enterprise_msi - Copy\system\View\View.php(213): CodeIgniter\View\View->CodeIgniter\View\{closure}()
#3 E:\KULIAH\SEMESTER 4\SISTEM ENTERPRISE\Enterprise\UTS_Enterprise_msi - Copy\system\Common.php(1089): CodeIgniter\View\View->render('pengembaliansar...', Array, true)
#4 E:\KULIAH\SEMESTER 4\SISTEM ENTERPRISE\Enterprise\UTS_Enterprise_msi - Copy\app\Controllers\Pengembaliansarpras.php(114): view('pengembaliansar...', Array)
#5 E:\KULIAH\SEMESTER 4\SISTEM ENTERPRISE\Enterprise\UTS_Enterprise_msi - Copy\system\CodeIgniter.php(825): App\Controllers\Pengembaliansarpras->edit25('1')
#6 E:\KULIAH\SEMESTER 4\SISTEM ENTERPRISE\Enterprise\UTS_Enterprise_msi - Copy\system\CodeIgniter.php(412): CodeIgniter\CodeIgniter->runController(Object(App\Controllers\Pengembaliansarpras))
#7 E:\KULIAH\SEMESTER 4\SISTEM ENTERPRISE\Enterprise\UTS_Enterprise_msi - Copy\system\CodeIgniter.php(320): CodeIgniter\CodeIgniter->handleRequest(NULL, Object(Config\Cache), false)
#8 E:\KULIAH\SEMESTER 4\SISTEM ENTERPRISE\Enterprise\UTS_Enterprise_msi - Copy\public\index.php(37): CodeIgniter\CodeIgniter->run()
#9 E:\KULIAH\SEMESTER 4\SISTEM ENTERPRISE\Enterprise\UTS_Enterprise_msi - Copy\system\Commands\Server\rewrite.php(43): require_once('E:\\KULIAH\\SEMES...')
#10 {main}
CRITICAL - 2023-07-05 22:35:57 --> Call to undefined method App\Models\Pengembaliansarpras_model::deletePengembaliansarpras
#0 E:\KULIAH\SEMESTER 4\SISTEM ENTERPRISE\Enterprise\UTS_Enterprise_msi - Copy\app\Controllers\Pengembaliansarpras.php(149): CodeIgniter\Model->__call('deletePengembal...', Array)
#1 E:\KULIAH\SEMESTER 4\SISTEM ENTERPRISE\Enterprise\UTS_Enterprise_msi - Copy\system\CodeIgniter.php(825): App\Controllers\Pengembaliansarpras->delete25('1')
#2 E:\KULIAH\SEMESTER 4\SISTEM ENTERPRISE\Enterprise\UTS_Enterprise_msi - Copy\system\CodeIgniter.php(412): CodeIgniter\CodeIgniter->runController(Object(App\Controllers\Pengembaliansarpras))
#3 E:\KULIAH\SEMESTER 4\SISTEM ENTERPRISE\Enterprise\UTS_Enterprise_msi - Copy\system\CodeIgniter.php(320): CodeIgniter\CodeIgniter->handleRequest(NULL, Object(Config\Cache), false)
#4 E:\KULIAH\SEMESTER 4\SISTEM ENTERPRISE\Enterprise\UTS_Enterprise_msi - Copy\public\index.php(37): CodeIgniter\CodeIgniter->run()
#5 E:\KULIAH\SEMESTER 4\SISTEM ENTERPRISE\Enterprise\UTS_Enterprise_msi - Copy\system\Commands\Server\rewrite.php(43): require_once('E:\\KULIAH\\SEMES...')
#6 {main}
CRITICAL - 2023-07-05 22:36:08 --> Call to undefined method App\Models\Pengembaliansarpras_model::deletePengembaliansarpras
#0 E:\KULIAH\SEMESTER 4\SISTEM ENTERPRISE\Enterprise\UTS_Enterprise_msi - Copy\app\Controllers\Pengembaliansarpras.php(149): CodeIgniter\Model->__call('deletePengembal...', Array)
#1 E:\KULIAH\SEMESTER 4\SISTEM ENTERPRISE\Enterprise\UTS_Enterprise_msi - Copy\system\CodeIgniter.php(825): App\Controllers\Pengembaliansarpras->delete25('1')
#2 E:\KULIAH\SEMESTER 4\SISTEM ENTERPRISE\Enterprise\UTS_Enterprise_msi - Copy\system\CodeIgniter.php(412): CodeIgniter\CodeIgniter->runController(Object(App\Controllers\Pengembaliansarpras))
#3 E:\KULIAH\SEMESTER 4\SISTEM ENTERPRISE\Enterprise\UTS_Enterprise_msi - Copy\system\CodeIgniter.php(320): CodeIgniter\CodeIgniter->handleRequest(NULL, Object(Config\Cache), false)
#4 E:\KULIAH\SEMESTER 4\SISTEM ENTERPRISE\Enterprise\UTS_Enterprise_msi - Copy\public\index.php(37): CodeIgniter\CodeIgniter->run()
#5 E:\KULIAH\SEMESTER 4\SISTEM ENTERPRISE\Enterprise\UTS_Enterprise_msi - Copy\system\Commands\Server\rewrite.php(43): require_once('E:\\KULIAH\\SEMES...')
#6 {main}
CRITICAL - 2023-07-05 23:12:48 --> Undefined variable $tahun_ajaran
#0 E:\KULIAH\SEMESTER 4\SISTEM ENTERPRISE\Enterprise\UTS_Enterprise_msi - Copy\app\Views\manajemenkelas\create22.php(48): CodeIgniter\Debug\Exceptions->errorHandler(2, 'Undefined varia...', 'E:\\KULIAH\\SEMES...', 48)
#1 E:\KULIAH\SEMESTER 4\SISTEM ENTERPRISE\Enterprise\UTS_Enterprise_msi - Copy\system\View\View.php(210): include('E:\\KULIAH\\SEMES...')
#2 E:\KULIAH\SEMESTER 4\SISTEM ENTERPRISE\Enterprise\UTS_Enterprise_msi - Copy\system\View\View.php(213): CodeIgniter\View\View->CodeIgniter\View\{closure}()
#3 E:\KULIAH\SEMESTER 4\SISTEM ENTERPRISE\Enterprise\UTS_Enterprise_msi - Copy\system\Common.php(1089): CodeIgniter\View\View->render('manajemenkelas/...', Array, true)
#4 E:\KULIAH\SEMESTER 4\SISTEM ENTERPRISE\Enterprise\UTS_Enterprise_msi - Copy\app\Controllers\Manajemenkelas.php(69): view('manajemenkelas/...')
#5 E:\KULIAH\SEMESTER 4\SISTEM ENTERPRISE\Enterprise\UTS_Enterprise_msi - Copy\system\CodeIgniter.php(825): App\Controllers\Manajemenkelas->create22()
#6 E:\KULIAH\SEMESTER 4\SISTEM ENTERPRISE\Enterprise\UTS_Enterprise_msi - Copy\system\CodeIgniter.php(412): CodeIgniter\CodeIgniter->runController(Object(App\Controllers\Manajemenkelas))
#7 E:\KULIAH\SEMESTER 4\SISTEM ENTERPRISE\Enterprise\UTS_Enterprise_msi - Copy\system\CodeIgniter.php(320): CodeIgniter\CodeIgniter->handleRequest(NULL, Object(Config\Cache), false)
#8 E:\KULIAH\SEMESTER 4\SISTEM ENTERPRISE\Enterprise\UTS_Enterprise_msi - Copy\public\index.php(37): CodeIgniter\CodeIgniter->run()
#9 E:\KULIAH\SEMESTER 4\SISTEM ENTERPRISE\Enterprise\UTS_Enterprise_msi - Copy\system\Commands\Server\rewrite.php(43): require_once('E:\\KULIAH\\SEMES...')
#10 {main}
CRITICAL - 2023-07-05 23:14:15 --> Undefined variable $tahun_ajaran
#0 E:\KULIAH\SEMESTER 4\SISTEM ENTERPRISE\Enterprise\UTS_Enterprise_msi - Copy\app\Views\manajemenkelas\create22.php(48): CodeIgniter\Debug\Exceptions->errorHandler(2, 'Undefined varia...', 'E:\\KULIAH\\SEMES...', 48)
#1 E:\KULIAH\SEMESTER 4\SISTEM ENTERPRISE\Enterprise\UTS_Enterprise_msi - Copy\system\View\View.php(210): include('E:\\KULIAH\\SEMES...')
#2 E:\KULIAH\SEMESTER 4\SISTEM ENTERPRISE\Enterprise\UTS_Enterprise_msi - Copy\system\View\View.php(213): CodeIgniter\View\View->CodeIgniter\View\{closure}()
#3 E:\KULIAH\SEMESTER 4\SISTEM ENTERPRISE\Enterprise\UTS_Enterprise_msi - Copy\system\Common.php(1089): CodeIgniter\View\View->render('manajemenkelas/...', Array, true)
#4 E:\KULIAH\SEMESTER 4\SISTEM ENTERPRISE\Enterprise\UTS_Enterprise_msi - Copy\app\Controllers\Manajemenkelas.php(69): view('manajemenkelas/...')
#5 E:\KULIAH\SEMESTER 4\SISTEM ENTERPRISE\Enterprise\UTS_Enterprise_msi - Copy\system\CodeIgniter.php(825): App\Controllers\Manajemenkelas->create22()
#6 E:\KULIAH\SEMESTER 4\SISTEM ENTERPRISE\Enterprise\UTS_Enterprise_msi - Copy\system\CodeIgniter.php(412): CodeIgniter\CodeIgniter->runController(Object(App\Controllers\Manajemenkelas))
#7 E:\KULIAH\SEMESTER 4\SISTEM ENTERPRISE\Enterprise\UTS_Enterprise_msi - Copy\system\CodeIgniter.php(320): CodeIgniter\CodeIgniter->handleRequest(NULL, Object(Config\Cache), false)
#8 E:\KULIAH\SEMESTER 4\SISTEM ENTERPRISE\Enterprise\UTS_Enterprise_msi - Copy\public\index.php(37): CodeIgniter\CodeIgniter->run()
#9 E:\KULIAH\SEMESTER 4\SISTEM ENTERPRISE\Enterprise\UTS_Enterprise_msi - Copy\system\Commands\Server\rewrite.php(43): require_once('E:\\KULIAH\\SEMES...')
#10 {main}
CRITICAL - 2023-07-05 23:14:22 --> Undefined variable $tahun_ajaran
#0 E:\KULIAH\SEMESTER 4\SISTEM ENTERPRISE\Enterprise\UTS_Enterprise_msi - Copy\app\Views\manajemenkelas\create22.php(48): CodeIgniter\Debug\Exceptions->errorHandler(2, 'Undefined varia...', 'E:\\KULIAH\\SEMES...', 48)
#1 E:\KULIAH\SEMESTER 4\SISTEM ENTERPRISE\Enterprise\UTS_Enterprise_msi - Copy\system\View\View.php(210): include('E:\\KULIAH\\SEMES...')
#2 E:\KULIAH\SEMESTER 4\SISTEM ENTERPRISE\Enterprise\UTS_Enterprise_msi - Copy\system\View\View.php(213): CodeIgniter\View\View->CodeIgniter\View\{closure}()
#3 E:\KULIAH\SEMESTER 4\SISTEM ENTERPRISE\Enterprise\UTS_Enterprise_msi - Copy\system\Common.php(1089): CodeIgniter\View\View->render('manajemenkelas/...', Array, true)
#4 E:\KULIAH\SEMESTER 4\SISTEM ENTERPRISE\Enterprise\UTS_Enterprise_msi - Copy\app\Controllers\Manajemenkelas.php(69): view('manajemenkelas/...')
#5 E:\KULIAH\SEMESTER 4\SISTEM ENTERPRISE\Enterprise\UTS_Enterprise_msi - Copy\system\CodeIgniter.php(825): App\Controllers\Manajemenkelas->create22()
#6 E:\KULIAH\SEMESTER 4\SISTEM ENTERPRISE\Enterprise\UTS_Enterprise_msi - Copy\system\CodeIgniter.php(412): CodeIgniter\CodeIgniter->runController(Object(App\Controllers\Manajemenkelas))
#7 E:\KULIAH\SEMESTER 4\SISTEM ENTERPRISE\Enterprise\UTS_Enterprise_msi - Copy\system\CodeIgniter.php(320): CodeIgniter\CodeIgniter->handleRequest(NULL, Object(Config\Cache), false)
#8 E:\KULIAH\SEMESTER 4\SISTEM ENTERPRISE\Enterprise\UTS_Enterprise_msi - Copy\public\index.php(37): CodeIgniter\CodeIgniter->run()
#9 E:\KULIAH\SEMESTER 4\SISTEM ENTERPRISE\Enterprise\UTS_Enterprise_msi - Copy\system\Commands\Server\rewrite.php(43): require_once('E:\\KULIAH\\SEMES...')
#10 {main}
