CRITICAL - 2023-01-22 01:39:25 --> Too few arguments to function CodeIgniter\Database\BaseBuilder::join(), 1 passed in C:\xampp\htdocs\ci4_medis\system\Model.php on line 728 and at least 2 expected
#0 C:\xampp\htdocs\ci4_medis\system\Model.php(728): CodeIgniter\Database\BaseBuilder->join('obat0014')
#1 C:\xampp\htdocs\ci4_medis\app\Controllers\Category.php(44): CodeIgniter\Model->__call('join', Array)
#2 C:\xampp\htdocs\ci4_medis\system\CodeIgniter.php(825): App\Controllers\Category->index()
#3 C:\xampp\htdocs\ci4_medis\system\CodeIgniter.php(412): CodeIgniter\CodeIgniter->runController(Object(App\Controllers\Category))
#4 C:\xampp\htdocs\ci4_medis\system\CodeIgniter.php(320): CodeIgniter\CodeIgniter->handleRequest(NULL, Object(Config\Cache), false)
#5 C:\xampp\htdocs\ci4_medis\public\index.php(37): CodeIgniter\CodeIgniter->run()
#6 C:\xampp\htdocs\ci4_medis\system\Commands\Server\rewrite.php(43): require_once('C:\\xampp\\htdocs...')
#7 {main}
CRITICAL - 2023-01-22 01:39:58 --> Call to undefined function form_label()
#0 C:\xampp\htdocs\ci4_medis\system\View\View.php(210): include()
#1 C:\xampp\htdocs\ci4_medis\system\View\View.php(213): CodeIgniter\View\View->CodeIgniter\View\{closure}()
#2 C:\xampp\htdocs\ci4_medis\system\Common.php(1089): CodeIgniter\View\View->render('category/index', Array, true)
#3 C:\xampp\htdocs\ci4_medis\app\Controllers\Category.php(55): view('category/index', Array)
#4 C:\xampp\htdocs\ci4_medis\system\CodeIgniter.php(825): App\Controllers\Category->index()
#5 C:\xampp\htdocs\ci4_medis\system\CodeIgniter.php(412): CodeIgniter\CodeIgniter->runController(Object(App\Controllers\Category))
#6 C:\xampp\htdocs\ci4_medis\system\CodeIgniter.php(320): CodeIgniter\CodeIgniter->handleRequest(NULL, Object(Config\Cache), false)
#7 C:\xampp\htdocs\ci4_medis\public\index.php(37): CodeIgniter\CodeIgniter->run()
#8 C:\xampp\htdocs\ci4_medis\system\Commands\Server\rewrite.php(43): require_once('C:\\xampp\\htdocs...')
#9 {main}
CRITICAL - 2023-01-22 01:40:31 --> Call to undefined function form_input()
#0 C:\xampp\htdocs\ci4_medis\system\View\View.php(210): include()
#1 C:\xampp\htdocs\ci4_medis\system\View\View.php(213): CodeIgniter\View\View->CodeIgniter\View\{closure}()
#2 C:\xampp\htdocs\ci4_medis\system\Common.php(1089): CodeIgniter\View\View->render('category/index', Array, true)
#3 C:\xampp\htdocs\ci4_medis\app\Controllers\Category.php(55): view('category/index', Array)
#4 C:\xampp\htdocs\ci4_medis\system\CodeIgniter.php(825): App\Controllers\Category->index()
#5 C:\xampp\htdocs\ci4_medis\system\CodeIgniter.php(412): CodeIgniter\CodeIgniter->runController(Object(App\Controllers\Category))
#6 C:\xampp\htdocs\ci4_medis\system\CodeIgniter.php(320): CodeIgniter\CodeIgniter->handleRequest(NULL, Object(Config\Cache), false)
#7 C:\xampp\htdocs\ci4_medis\public\index.php(37): CodeIgniter\CodeIgniter->run()
#8 C:\xampp\htdocs\ci4_medis\system\Commands\Server\rewrite.php(43): require_once('C:\\xampp\\htdocs...')
#9 {main}
CRITICAL - 2023-01-22 01:41:48 --> Call to undefined function form_input()
#0 C:\xampp\htdocs\ci4_medis\system\View\View.php(210): include()
#1 C:\xampp\htdocs\ci4_medis\system\View\View.php(213): CodeIgniter\View\View->CodeIgniter\View\{closure}()
#2 C:\xampp\htdocs\ci4_medis\system\Common.php(1089): CodeIgniter\View\View->render('category/index', Array, true)
#3 C:\xampp\htdocs\ci4_medis\app\Controllers\Category.php(55): view('category/index', Array)
#4 C:\xampp\htdocs\ci4_medis\system\CodeIgniter.php(825): App\Controllers\Category->index()
#5 C:\xampp\htdocs\ci4_medis\system\CodeIgniter.php(412): CodeIgniter\CodeIgniter->runController(Object(App\Controllers\Category))
#6 C:\xampp\htdocs\ci4_medis\system\CodeIgniter.php(320): CodeIgniter\CodeIgniter->handleRequest(NULL, Object(Config\Cache), false)
#7 C:\xampp\htdocs\ci4_medis\public\index.php(37): CodeIgniter\CodeIgniter->run()
#8 C:\xampp\htdocs\ci4_medis\system\Commands\Server\rewrite.php(43): require_once('C:\\xampp\\htdocs...')
#9 {main}
CRITICAL - 2023-01-22 01:41:53 --> Call to undefined function form_input()
#0 C:\xampp\htdocs\ci4_medis\system\View\View.php(210): include()
#1 C:\xampp\htdocs\ci4_medis\system\View\View.php(213): CodeIgniter\View\View->CodeIgniter\View\{closure}()
#2 C:\xampp\htdocs\ci4_medis\system\Common.php(1089): CodeIgniter\View\View->render('category/index', Array, true)
#3 C:\xampp\htdocs\ci4_medis\app\Controllers\Category.php(55): view('category/index', Array)
#4 C:\xampp\htdocs\ci4_medis\system\CodeIgniter.php(825): App\Controllers\Category->index()
#5 C:\xampp\htdocs\ci4_medis\system\CodeIgniter.php(412): CodeIgniter\CodeIgniter->runController(Object(App\Controllers\Category))
#6 C:\xampp\htdocs\ci4_medis\system\CodeIgniter.php(320): CodeIgniter\CodeIgniter->handleRequest(NULL, Object(Config\Cache), false)
#7 C:\xampp\htdocs\ci4_medis\public\index.php(37): CodeIgniter\CodeIgniter->run()
#8 C:\xampp\htdocs\ci4_medis\system\Commands\Server\rewrite.php(43): require_once('C:\\xampp\\htdocs...')
#9 {main}
CRITICAL - 2023-01-22 01:42:51 --> Call to undefined function form_input()
#0 C:\xampp\htdocs\ci4_medis\system\View\View.php(210): include()
#1 C:\xampp\htdocs\ci4_medis\system\View\View.php(213): CodeIgniter\View\View->CodeIgniter\View\{closure}()
#2 C:\xampp\htdocs\ci4_medis\system\Common.php(1089): CodeIgniter\View\View->render('category/index', Array, true)
#3 C:\xampp\htdocs\ci4_medis\app\Controllers\Category.php(55): view('category/index', Array)
#4 C:\xampp\htdocs\ci4_medis\system\CodeIgniter.php(825): App\Controllers\Category->index()
#5 C:\xampp\htdocs\ci4_medis\system\CodeIgniter.php(412): CodeIgniter\CodeIgniter->runController(Object(App\Controllers\Category))
#6 C:\xampp\htdocs\ci4_medis\system\CodeIgniter.php(320): CodeIgniter\CodeIgniter->handleRequest(NULL, Object(Config\Cache), false)
#7 C:\xampp\htdocs\ci4_medis\public\index.php(37): CodeIgniter\CodeIgniter->run()
#8 C:\xampp\htdocs\ci4_medis\system\Commands\Server\rewrite.php(43): require_once('C:\\xampp\\htdocs...')
#9 {main}
CRITICAL - 2023-01-22 01:42:52 --> Call to undefined function form_input()
#0 C:\xampp\htdocs\ci4_medis\system\View\View.php(210): include()
#1 C:\xampp\htdocs\ci4_medis\system\View\View.php(213): CodeIgniter\View\View->CodeIgniter\View\{closure}()
#2 C:\xampp\htdocs\ci4_medis\system\Common.php(1089): CodeIgniter\View\View->render('category/index', Array, true)
#3 C:\xampp\htdocs\ci4_medis\app\Controllers\Category.php(55): view('category/index', Array)
#4 C:\xampp\htdocs\ci4_medis\system\CodeIgniter.php(825): App\Controllers\Category->index()
#5 C:\xampp\htdocs\ci4_medis\system\CodeIgniter.php(412): CodeIgniter\CodeIgniter->runController(Object(App\Controllers\Category))
#6 C:\xampp\htdocs\ci4_medis\system\CodeIgniter.php(320): CodeIgniter\CodeIgniter->handleRequest(NULL, Object(Config\Cache), false)
#7 C:\xampp\htdocs\ci4_medis\public\index.php(37): CodeIgniter\CodeIgniter->run()
#8 C:\xampp\htdocs\ci4_medis\system\Commands\Server\rewrite.php(43): require_once('C:\\xampp\\htdocs...')
#9 {main}
CRITICAL - 2023-01-22 01:43:04 --> Call to undefined function form_label()
#0 C:\xampp\htdocs\ci4_medis\system\View\View.php(210): include()
#1 C:\xampp\htdocs\ci4_medis\system\View\View.php(213): CodeIgniter\View\View->CodeIgniter\View\{closure}()
#2 C:\xampp\htdocs\ci4_medis\system\Common.php(1089): CodeIgniter\View\View->render('category/index', Array, true)
#3 C:\xampp\htdocs\ci4_medis\app\Controllers\Category.php(55): view('category/index', Array)
#4 C:\xampp\htdocs\ci4_medis\system\CodeIgniter.php(825): App\Controllers\Category->index()
#5 C:\xampp\htdocs\ci4_medis\system\CodeIgniter.php(412): CodeIgniter\CodeIgniter->runController(Object(App\Controllers\Category))
#6 C:\xampp\htdocs\ci4_medis\system\CodeIgniter.php(320): CodeIgniter\CodeIgniter->handleRequest(NULL, Object(Config\Cache), false)
#7 C:\xampp\htdocs\ci4_medis\public\index.php(37): CodeIgniter\CodeIgniter->run()
#8 C:\xampp\htdocs\ci4_medis\system\Commands\Server\rewrite.php(43): require_once('C:\\xampp\\htdocs...')
#9 {main}
CRITICAL - 2023-01-22 01:44:08 --> Call to undefined function form_label()
#0 C:\xampp\htdocs\ci4_medis\system\View\View.php(210): include()
#1 C:\xampp\htdocs\ci4_medis\system\View\View.php(213): CodeIgniter\View\View->CodeIgniter\View\{closure}()
#2 C:\xampp\htdocs\ci4_medis\system\Common.php(1089): CodeIgniter\View\View->render('category/index', Array, true)
#3 C:\xampp\htdocs\ci4_medis\app\Controllers\Category.php(55): view('category/index', Array)
#4 C:\xampp\htdocs\ci4_medis\system\CodeIgniter.php(825): App\Controllers\Category->index()
#5 C:\xampp\htdocs\ci4_medis\system\CodeIgniter.php(412): CodeIgniter\CodeIgniter->runController(Object(App\Controllers\Category))
#6 C:\xampp\htdocs\ci4_medis\system\CodeIgniter.php(320): CodeIgniter\CodeIgniter->handleRequest(NULL, Object(Config\Cache), false)
#7 C:\xampp\htdocs\ci4_medis\public\index.php(37): CodeIgniter\CodeIgniter->run()
#8 C:\xampp\htdocs\ci4_medis\system\Commands\Server\rewrite.php(43): require_once('C:\\xampp\\htdocs...')
#9 {main}
CRITICAL - 2023-01-22 01:44:10 --> Call to undefined function form_label()
#0 C:\xampp\htdocs\ci4_medis\system\View\View.php(210): include()
#1 C:\xampp\htdocs\ci4_medis\system\View\View.php(213): CodeIgniter\View\View->CodeIgniter\View\{closure}()
#2 C:\xampp\htdocs\ci4_medis\system\Common.php(1089): CodeIgniter\View\View->render('category/index', Array, true)
#3 C:\xampp\htdocs\ci4_medis\app\Controllers\Category.php(55): view('category/index', Array)
#4 C:\xampp\htdocs\ci4_medis\system\CodeIgniter.php(825): App\Controllers\Category->index()
#5 C:\xampp\htdocs\ci4_medis\system\CodeIgniter.php(412): CodeIgniter\CodeIgniter->runController(Object(App\Controllers\Category))
#6 C:\xampp\htdocs\ci4_medis\system\CodeIgniter.php(320): CodeIgniter\CodeIgniter->handleRequest(NULL, Object(Config\Cache), false)
#7 C:\xampp\htdocs\ci4_medis\public\index.php(37): CodeIgniter\CodeIgniter->run()
#8 C:\xampp\htdocs\ci4_medis\system\Commands\Server\rewrite.php(43): require_once('C:\\xampp\\htdocs...')
#9 {main}
CRITICAL - 2023-01-22 01:45:48 --> Call to undefined function form_label()
#0 C:\xampp\htdocs\ci4_medis\system\View\View.php(210): include()
#1 C:\xampp\htdocs\ci4_medis\system\View\View.php(213): CodeIgniter\View\View->CodeIgniter\View\{closure}()
#2 C:\xampp\htdocs\ci4_medis\system\Common.php(1089): CodeIgniter\View\View->render('category/index', Array, true)
#3 C:\xampp\htdocs\ci4_medis\app\Controllers\Category.php(55): view('category/index', Array)
#4 C:\xampp\htdocs\ci4_medis\system\CodeIgniter.php(825): App\Controllers\Category->index()
#5 C:\xampp\htdocs\ci4_medis\system\CodeIgniter.php(412): CodeIgniter\CodeIgniter->runController(Object(App\Controllers\Category))
#6 C:\xampp\htdocs\ci4_medis\system\CodeIgniter.php(320): CodeIgniter\CodeIgniter->handleRequest(NULL, Object(Config\Cache), false)
#7 C:\xampp\htdocs\ci4_medis\public\index.php(37): CodeIgniter\CodeIgniter->run()
#8 C:\xampp\htdocs\ci4_medis\system\Commands\Server\rewrite.php(43): require_once('C:\\xampp\\htdocs...')
#9 {main}
CRITICAL - 2023-01-22 01:45:51 --> Call to undefined function form_label()
#0 C:\xampp\htdocs\ci4_medis\system\View\View.php(210): include()
#1 C:\xampp\htdocs\ci4_medis\system\View\View.php(213): CodeIgniter\View\View->CodeIgniter\View\{closure}()
#2 C:\xampp\htdocs\ci4_medis\system\Common.php(1089): CodeIgniter\View\View->render('category/index', Array, true)
#3 C:\xampp\htdocs\ci4_medis\app\Controllers\Category.php(55): view('category/index', Array)
#4 C:\xampp\htdocs\ci4_medis\system\CodeIgniter.php(825): App\Controllers\Category->index()
#5 C:\xampp\htdocs\ci4_medis\system\CodeIgniter.php(412): CodeIgniter\CodeIgniter->runController(Object(App\Controllers\Category))
#6 C:\xampp\htdocs\ci4_medis\system\CodeIgniter.php(320): CodeIgniter\CodeIgniter->handleRequest(NULL, Object(Config\Cache), false)
#7 C:\xampp\htdocs\ci4_medis\public\index.php(37): CodeIgniter\CodeIgniter->run()
#8 C:\xampp\htdocs\ci4_medis\system\Commands\Server\rewrite.php(43): require_once('C:\\xampp\\htdocs...')
#9 {main}
CRITICAL - 2023-01-22 01:45:52 --> Call to undefined function form_label()
#0 C:\xampp\htdocs\ci4_medis\system\View\View.php(210): include()
#1 C:\xampp\htdocs\ci4_medis\system\View\View.php(213): CodeIgniter\View\View->CodeIgniter\View\{closure}()
#2 C:\xampp\htdocs\ci4_medis\system\Common.php(1089): CodeIgniter\View\View->render('category/index', Array, true)
#3 C:\xampp\htdocs\ci4_medis\app\Controllers\Category.php(55): view('category/index', Array)
#4 C:\xampp\htdocs\ci4_medis\system\CodeIgniter.php(825): App\Controllers\Category->index()
#5 C:\xampp\htdocs\ci4_medis\system\CodeIgniter.php(412): CodeIgniter\CodeIgniter->runController(Object(App\Controllers\Category))
#6 C:\xampp\htdocs\ci4_medis\system\CodeIgniter.php(320): CodeIgniter\CodeIgniter->handleRequest(NULL, Object(Config\Cache), false)
#7 C:\xampp\htdocs\ci4_medis\public\index.php(37): CodeIgniter\CodeIgniter->run()
#8 C:\xampp\htdocs\ci4_medis\system\Commands\Server\rewrite.php(43): require_once('C:\\xampp\\htdocs...')
#9 {main}
CRITICAL - 2023-01-22 01:45:52 --> Call to undefined function form_label()
#0 C:\xampp\htdocs\ci4_medis\system\View\View.php(210): include()
#1 C:\xampp\htdocs\ci4_medis\system\View\View.php(213): CodeIgniter\View\View->CodeIgniter\View\{closure}()
#2 C:\xampp\htdocs\ci4_medis\system\Common.php(1089): CodeIgniter\View\View->render('category/index', Array, true)
#3 C:\xampp\htdocs\ci4_medis\app\Controllers\Category.php(55): view('category/index', Array)
#4 C:\xampp\htdocs\ci4_medis\system\CodeIgniter.php(825): App\Controllers\Category->index()
#5 C:\xampp\htdocs\ci4_medis\system\CodeIgniter.php(412): CodeIgniter\CodeIgniter->runController(Object(App\Controllers\Category))
#6 C:\xampp\htdocs\ci4_medis\system\CodeIgniter.php(320): CodeIgniter\CodeIgniter->handleRequest(NULL, Object(Config\Cache), false)
#7 C:\xampp\htdocs\ci4_medis\public\index.php(37): CodeIgniter\CodeIgniter->run()
#8 C:\xampp\htdocs\ci4_medis\system\Commands\Server\rewrite.php(43): require_once('C:\\xampp\\htdocs...')
#9 {main}
CRITICAL - 2023-01-22 01:48:43 --> Call to undefined function form_label()
#0 C:\xampp\htdocs\ci4_medis\system\View\View.php(210): include()
#1 C:\xampp\htdocs\ci4_medis\system\View\View.php(213): CodeIgniter\View\View->CodeIgniter\View\{closure}()
#2 C:\xampp\htdocs\ci4_medis\system\Common.php(1089): CodeIgniter\View\View->render('category/index', Array, true)
#3 C:\xampp\htdocs\ci4_medis\app\Controllers\Category.php(55): view('category/index', Array)
#4 C:\xampp\htdocs\ci4_medis\system\CodeIgniter.php(825): App\Controllers\Category->index()
#5 C:\xampp\htdocs\ci4_medis\system\CodeIgniter.php(412): CodeIgniter\CodeIgniter->runController(Object(App\Controllers\Category))
#6 C:\xampp\htdocs\ci4_medis\system\CodeIgniter.php(320): CodeIgniter\CodeIgniter->handleRequest(NULL, Object(Config\Cache), false)
#7 C:\xampp\htdocs\ci4_medis\public\index.php(37): CodeIgniter\CodeIgniter->run()
#8 C:\xampp\htdocs\ci4_medis\system\Commands\Server\rewrite.php(43): require_once('C:\\xampp\\htdocs...')
#9 {main}
CRITICAL - 2023-01-22 01:48:44 --> Call to undefined function form_label()
#0 C:\xampp\htdocs\ci4_medis\system\View\View.php(210): include()
#1 C:\xampp\htdocs\ci4_medis\system\View\View.php(213): CodeIgniter\View\View->CodeIgniter\View\{closure}()
#2 C:\xampp\htdocs\ci4_medis\system\Common.php(1089): CodeIgniter\View\View->render('category/index', Array, true)
#3 C:\xampp\htdocs\ci4_medis\app\Controllers\Category.php(55): view('category/index', Array)
#4 C:\xampp\htdocs\ci4_medis\system\CodeIgniter.php(825): App\Controllers\Category->index()
#5 C:\xampp\htdocs\ci4_medis\system\CodeIgniter.php(412): CodeIgniter\CodeIgniter->runController(Object(App\Controllers\Category))
#6 C:\xampp\htdocs\ci4_medis\system\CodeIgniter.php(320): CodeIgniter\CodeIgniter->handleRequest(NULL, Object(Config\Cache), false)
#7 C:\xampp\htdocs\ci4_medis\public\index.php(37): CodeIgniter\CodeIgniter->run()
#8 C:\xampp\htdocs\ci4_medis\system\Commands\Server\rewrite.php(43): require_once('C:\\xampp\\htdocs...')
#9 {main}
CRITICAL - 2023-01-22 01:48:45 --> Call to undefined function form_label()
#0 C:\xampp\htdocs\ci4_medis\system\View\View.php(210): include()
#1 C:\xampp\htdocs\ci4_medis\system\View\View.php(213): CodeIgniter\View\View->CodeIgniter\View\{closure}()
#2 C:\xampp\htdocs\ci4_medis\system\Common.php(1089): CodeIgniter\View\View->render('category/index', Array, true)
#3 C:\xampp\htdocs\ci4_medis\app\Controllers\Category.php(55): view('category/index', Array)
#4 C:\xampp\htdocs\ci4_medis\system\CodeIgniter.php(825): App\Controllers\Category->index()
#5 C:\xampp\htdocs\ci4_medis\system\CodeIgniter.php(412): CodeIgniter\CodeIgniter->runController(Object(App\Controllers\Category))
#6 C:\xampp\htdocs\ci4_medis\system\CodeIgniter.php(320): CodeIgniter\CodeIgniter->handleRequest(NULL, Object(Config\Cache), false)
#7 C:\xampp\htdocs\ci4_medis\public\index.php(37): CodeIgniter\CodeIgniter->run()
#8 C:\xampp\htdocs\ci4_medis\system\Commands\Server\rewrite.php(43): require_once('C:\\xampp\\htdocs...')
#9 {main}
CRITICAL - 2023-01-22 01:48:45 --> Call to undefined function form_label()
#0 C:\xampp\htdocs\ci4_medis\system\View\View.php(210): include()
#1 C:\xampp\htdocs\ci4_medis\system\View\View.php(213): CodeIgniter\View\View->CodeIgniter\View\{closure}()
#2 C:\xampp\htdocs\ci4_medis\system\Common.php(1089): CodeIgniter\View\View->render('category/index', Array, true)
#3 C:\xampp\htdocs\ci4_medis\app\Controllers\Category.php(55): view('category/index', Array)
#4 C:\xampp\htdocs\ci4_medis\system\CodeIgniter.php(825): App\Controllers\Category->index()
#5 C:\xampp\htdocs\ci4_medis\system\CodeIgniter.php(412): CodeIgniter\CodeIgniter->runController(Object(App\Controllers\Category))
#6 C:\xampp\htdocs\ci4_medis\system\CodeIgniter.php(320): CodeIgniter\CodeIgniter->handleRequest(NULL, Object(Config\Cache), false)
#7 C:\xampp\htdocs\ci4_medis\public\index.php(37): CodeIgniter\CodeIgniter->run()
#8 C:\xampp\htdocs\ci4_medis\system\Commands\Server\rewrite.php(43): require_once('C:\\xampp\\htdocs...')
#9 {main}
CRITICAL - 2023-01-22 01:48:46 --> Call to undefined function form_label()
#0 C:\xampp\htdocs\ci4_medis\system\View\View.php(210): include()
#1 C:\xampp\htdocs\ci4_medis\system\View\View.php(213): CodeIgniter\View\View->CodeIgniter\View\{closure}()
#2 C:\xampp\htdocs\ci4_medis\system\Common.php(1089): CodeIgniter\View\View->render('category/index', Array, true)
#3 C:\xampp\htdocs\ci4_medis\app\Controllers\Category.php(55): view('category/index', Array)
#4 C:\xampp\htdocs\ci4_medis\system\CodeIgniter.php(825): App\Controllers\Category->index()
#5 C:\xampp\htdocs\ci4_medis\system\CodeIgniter.php(412): CodeIgniter\CodeIgniter->runController(Object(App\Controllers\Category))
#6 C:\xampp\htdocs\ci4_medis\system\CodeIgniter.php(320): CodeIgniter\CodeIgniter->handleRequest(NULL, Object(Config\Cache), false)
#7 C:\xampp\htdocs\ci4_medis\public\index.php(37): CodeIgniter\CodeIgniter->run()
#8 C:\xampp\htdocs\ci4_medis\system\Commands\Server\rewrite.php(43): require_once('C:\\xampp\\htdocs...')
#9 {main}
CRITICAL - 2023-01-22 01:48:47 --> Call to undefined function form_label()
#0 C:\xampp\htdocs\ci4_medis\system\View\View.php(210): include()
#1 C:\xampp\htdocs\ci4_medis\system\View\View.php(213): CodeIgniter\View\View->CodeIgniter\View\{closure}()
#2 C:\xampp\htdocs\ci4_medis\system\Common.php(1089): CodeIgniter\View\View->render('category/index', Array, true)
#3 C:\xampp\htdocs\ci4_medis\app\Controllers\Category.php(55): view('category/index', Array)
#4 C:\xampp\htdocs\ci4_medis\system\CodeIgniter.php(825): App\Controllers\Category->index()
#5 C:\xampp\htdocs\ci4_medis\system\CodeIgniter.php(412): CodeIgniter\CodeIgniter->runController(Object(App\Controllers\Category))
#6 C:\xampp\htdocs\ci4_medis\system\CodeIgniter.php(320): CodeIgniter\CodeIgniter->handleRequest(NULL, Object(Config\Cache), false)
#7 C:\xampp\htdocs\ci4_medis\public\index.php(37): CodeIgniter\CodeIgniter->run()
#8 C:\xampp\htdocs\ci4_medis\system\Commands\Server\rewrite.php(43): require_once('C:\\xampp\\htdocs...')
#9 {main}
CRITICAL - 2023-01-22 01:48:48 --> Call to undefined function form_label()
#0 C:\xampp\htdocs\ci4_medis\system\View\View.php(210): include()
#1 C:\xampp\htdocs\ci4_medis\system\View\View.php(213): CodeIgniter\View\View->CodeIgniter\View\{closure}()
#2 C:\xampp\htdocs\ci4_medis\system\Common.php(1089): CodeIgniter\View\View->render('category/index', Array, true)
#3 C:\xampp\htdocs\ci4_medis\app\Controllers\Category.php(55): view('category/index', Array)
#4 C:\xampp\htdocs\ci4_medis\system\CodeIgniter.php(825): App\Controllers\Category->index()
#5 C:\xampp\htdocs\ci4_medis\system\CodeIgniter.php(412): CodeIgniter\CodeIgniter->runController(Object(App\Controllers\Category))
#6 C:\xampp\htdocs\ci4_medis\system\CodeIgniter.php(320): CodeIgniter\CodeIgniter->handleRequest(NULL, Object(Config\Cache), false)
#7 C:\xampp\htdocs\ci4_medis\public\index.php(37): CodeIgniter\CodeIgniter->run()
#8 C:\xampp\htdocs\ci4_medis\system\Commands\Server\rewrite.php(43): require_once('C:\\xampp\\htdocs...')
#9 {main}
CRITICAL - 2023-01-22 01:48:48 --> Call to undefined function form_label()
#0 C:\xampp\htdocs\ci4_medis\system\View\View.php(210): include()
#1 C:\xampp\htdocs\ci4_medis\system\View\View.php(213): CodeIgniter\View\View->CodeIgniter\View\{closure}()
#2 C:\xampp\htdocs\ci4_medis\system\Common.php(1089): CodeIgniter\View\View->render('category/index', Array, true)
#3 C:\xampp\htdocs\ci4_medis\app\Controllers\Category.php(55): view('category/index', Array)
#4 C:\xampp\htdocs\ci4_medis\system\CodeIgniter.php(825): App\Controllers\Category->index()
#5 C:\xampp\htdocs\ci4_medis\system\CodeIgniter.php(412): CodeIgniter\CodeIgniter->runController(Object(App\Controllers\Category))
#6 C:\xampp\htdocs\ci4_medis\system\CodeIgniter.php(320): CodeIgniter\CodeIgniter->handleRequest(NULL, Object(Config\Cache), false)
#7 C:\xampp\htdocs\ci4_medis\public\index.php(37): CodeIgniter\CodeIgniter->run()
#8 C:\xampp\htdocs\ci4_medis\system\Commands\Server\rewrite.php(43): require_once('C:\\xampp\\htdocs...')
#9 {main}
CRITICAL - 2023-01-22 01:48:49 --> Call to undefined function form_label()
#0 C:\xampp\htdocs\ci4_medis\system\View\View.php(210): include()
#1 C:\xampp\htdocs\ci4_medis\system\View\View.php(213): CodeIgniter\View\View->CodeIgniter\View\{closure}()
#2 C:\xampp\htdocs\ci4_medis\system\Common.php(1089): CodeIgniter\View\View->render('category/index', Array, true)
#3 C:\xampp\htdocs\ci4_medis\app\Controllers\Category.php(55): view('category/index', Array)
#4 C:\xampp\htdocs\ci4_medis\system\CodeIgniter.php(825): App\Controllers\Category->index()
#5 C:\xampp\htdocs\ci4_medis\system\CodeIgniter.php(412): CodeIgniter\CodeIgniter->runController(Object(App\Controllers\Category))
#6 C:\xampp\htdocs\ci4_medis\system\CodeIgniter.php(320): CodeIgniter\CodeIgniter->handleRequest(NULL, Object(Config\Cache), false)
#7 C:\xampp\htdocs\ci4_medis\public\index.php(37): CodeIgniter\CodeIgniter->run()
#8 C:\xampp\htdocs\ci4_medis\system\Commands\Server\rewrite.php(43): require_once('C:\\xampp\\htdocs...')
#9 {main}
CRITICAL - 2023-01-22 01:48:50 --> Call to undefined function form_label()
#0 C:\xampp\htdocs\ci4_medis\system\View\View.php(210): include()
#1 C:\xampp\htdocs\ci4_medis\system\View\View.php(213): CodeIgniter\View\View->CodeIgniter\View\{closure}()
#2 C:\xampp\htdocs\ci4_medis\system\Common.php(1089): CodeIgniter\View\View->render('category/index', Array, true)
#3 C:\xampp\htdocs\ci4_medis\app\Controllers\Category.php(55): view('category/index', Array)
#4 C:\xampp\htdocs\ci4_medis\system\CodeIgniter.php(825): App\Controllers\Category->index()
#5 C:\xampp\htdocs\ci4_medis\system\CodeIgniter.php(412): CodeIgniter\CodeIgniter->runController(Object(App\Controllers\Category))
#6 C:\xampp\htdocs\ci4_medis\system\CodeIgniter.php(320): CodeIgniter\CodeIgniter->handleRequest(NULL, Object(Config\Cache), false)
#7 C:\xampp\htdocs\ci4_medis\public\index.php(37): CodeIgniter\CodeIgniter->run()
#8 C:\xampp\htdocs\ci4_medis\system\Commands\Server\rewrite.php(43): require_once('C:\\xampp\\htdocs...')
#9 {main}
CRITICAL - 2023-01-22 01:49:33 --> Call to undefined function form_label()
#0 C:\xampp\htdocs\ci4_medis\system\View\View.php(210): include()
#1 C:\xampp\htdocs\ci4_medis\system\View\View.php(213): CodeIgniter\View\View->CodeIgniter\View\{closure}()
#2 C:\xampp\htdocs\ci4_medis\system\Common.php(1089): CodeIgniter\View\View->render('category/index', Array, true)
#3 C:\xampp\htdocs\ci4_medis\app\Controllers\Category.php(55): view('category/index', Array)
#4 C:\xampp\htdocs\ci4_medis\system\CodeIgniter.php(825): App\Controllers\Category->index()
#5 C:\xampp\htdocs\ci4_medis\system\CodeIgniter.php(412): CodeIgniter\CodeIgniter->runController(Object(App\Controllers\Category))
#6 C:\xampp\htdocs\ci4_medis\system\CodeIgniter.php(320): CodeIgniter\CodeIgniter->handleRequest(NULL, Object(Config\Cache), false)
#7 C:\xampp\htdocs\ci4_medis\public\index.php(37): CodeIgniter\CodeIgniter->run()
#8 C:\xampp\htdocs\ci4_medis\system\Commands\Server\rewrite.php(43): require_once('C:\\xampp\\htdocs...')
#9 {main}
CRITICAL - 2023-01-22 01:49:53 --> Call to undefined function form_label()
#0 C:\xampp\htdocs\ci4_medis\system\View\View.php(210): include()
#1 C:\xampp\htdocs\ci4_medis\system\View\View.php(213): CodeIgniter\View\View->CodeIgniter\View\{closure}()
#2 C:\xampp\htdocs\ci4_medis\system\Common.php(1089): CodeIgniter\View\View->render('category/index', Array, true)
#3 C:\xampp\htdocs\ci4_medis\app\Controllers\Category.php(55): view('category/index', Array)
#4 C:\xampp\htdocs\ci4_medis\system\CodeIgniter.php(825): App\Controllers\Category->index()
#5 C:\xampp\htdocs\ci4_medis\system\CodeIgniter.php(412): CodeIgniter\CodeIgniter->runController(Object(App\Controllers\Category))
#6 C:\xampp\htdocs\ci4_medis\system\CodeIgniter.php(320): CodeIgniter\CodeIgniter->handleRequest(NULL, Object(Config\Cache), false)
#7 C:\xampp\htdocs\ci4_medis\public\index.php(37): CodeIgniter\CodeIgniter->run()
#8 C:\xampp\htdocs\ci4_medis\system\Commands\Server\rewrite.php(43): require_once('C:\\xampp\\htdocs...')
#9 {main}
CRITICAL - 2023-01-22 01:49:54 --> Call to undefined function form_label()
#0 C:\xampp\htdocs\ci4_medis\system\View\View.php(210): include()
#1 C:\xampp\htdocs\ci4_medis\system\View\View.php(213): CodeIgniter\View\View->CodeIgniter\View\{closure}()
#2 C:\xampp\htdocs\ci4_medis\system\Common.php(1089): CodeIgniter\View\View->render('category/index', Array, true)
#3 C:\xampp\htdocs\ci4_medis\app\Controllers\Category.php(55): view('category/index', Array)
#4 C:\xampp\htdocs\ci4_medis\system\CodeIgniter.php(825): App\Controllers\Category->index()
#5 C:\xampp\htdocs\ci4_medis\system\CodeIgniter.php(412): CodeIgniter\CodeIgniter->runController(Object(App\Controllers\Category))
#6 C:\xampp\htdocs\ci4_medis\system\CodeIgniter.php(320): CodeIgniter\CodeIgniter->handleRequest(NULL, Object(Config\Cache), false)
#7 C:\xampp\htdocs\ci4_medis\public\index.php(37): CodeIgniter\CodeIgniter->run()
#8 C:\xampp\htdocs\ci4_medis\system\Commands\Server\rewrite.php(43): require_once('C:\\xampp\\htdocs...')
#9 {main}
CRITICAL - 2023-01-22 01:49:55 --> Call to undefined function form_label()
#0 C:\xampp\htdocs\ci4_medis\system\View\View.php(210): include()
#1 C:\xampp\htdocs\ci4_medis\system\View\View.php(213): CodeIgniter\View\View->CodeIgniter\View\{closure}()
#2 C:\xampp\htdocs\ci4_medis\system\Common.php(1089): CodeIgniter\View\View->render('category/index', Array, true)
#3 C:\xampp\htdocs\ci4_medis\app\Controllers\Category.php(55): view('category/index', Array)
#4 C:\xampp\htdocs\ci4_medis\system\CodeIgniter.php(825): App\Controllers\Category->index()
#5 C:\xampp\htdocs\ci4_medis\system\CodeIgniter.php(412): CodeIgniter\CodeIgniter->runController(Object(App\Controllers\Category))
#6 C:\xampp\htdocs\ci4_medis\system\CodeIgniter.php(320): CodeIgniter\CodeIgniter->handleRequest(NULL, Object(Config\Cache), false)
#7 C:\xampp\htdocs\ci4_medis\public\index.php(37): CodeIgniter\CodeIgniter->run()
#8 C:\xampp\htdocs\ci4_medis\system\Commands\Server\rewrite.php(43): require_once('C:\\xampp\\htdocs...')
#9 {main}
CRITICAL - 2023-01-22 01:50:55 --> Call to undefined function form_label()
#0 C:\xampp\htdocs\ci4_medis\system\View\View.php(210): include()
#1 C:\xampp\htdocs\ci4_medis\system\View\View.php(213): CodeIgniter\View\View->CodeIgniter\View\{closure}()
#2 C:\xampp\htdocs\ci4_medis\system\Common.php(1089): CodeIgniter\View\View->render('category/index', Array, true)
#3 C:\xampp\htdocs\ci4_medis\app\Controllers\Category.php(55): view('category/index', Array)
#4 C:\xampp\htdocs\ci4_medis\system\CodeIgniter.php(825): App\Controllers\Category->index()
#5 C:\xampp\htdocs\ci4_medis\system\CodeIgniter.php(412): CodeIgniter\CodeIgniter->runController(Object(App\Controllers\Category))
#6 C:\xampp\htdocs\ci4_medis\system\CodeIgniter.php(320): CodeIgniter\CodeIgniter->handleRequest(NULL, Object(Config\Cache), false)
#7 C:\xampp\htdocs\ci4_medis\public\index.php(37): CodeIgniter\CodeIgniter->run()
#8 C:\xampp\htdocs\ci4_medis\system\Commands\Server\rewrite.php(43): require_once('C:\\xampp\\htdocs...')
#9 {main}
CRITICAL - 2023-01-22 01:50:56 --> Call to undefined function form_label()
#0 C:\xampp\htdocs\ci4_medis\system\View\View.php(210): include()
#1 C:\xampp\htdocs\ci4_medis\system\View\View.php(213): CodeIgniter\View\View->CodeIgniter\View\{closure}()
#2 C:\xampp\htdocs\ci4_medis\system\Common.php(1089): CodeIgniter\View\View->render('category/index', Array, true)
#3 C:\xampp\htdocs\ci4_medis\app\Controllers\Category.php(55): view('category/index', Array)
#4 C:\xampp\htdocs\ci4_medis\system\CodeIgniter.php(825): App\Controllers\Category->index()
#5 C:\xampp\htdocs\ci4_medis\system\CodeIgniter.php(412): CodeIgniter\CodeIgniter->runController(Object(App\Controllers\Category))
#6 C:\xampp\htdocs\ci4_medis\system\CodeIgniter.php(320): CodeIgniter\CodeIgniter->handleRequest(NULL, Object(Config\Cache), false)
#7 C:\xampp\htdocs\ci4_medis\public\index.php(37): CodeIgniter\CodeIgniter->run()
#8 C:\xampp\htdocs\ci4_medis\system\Commands\Server\rewrite.php(43): require_once('C:\\xampp\\htdocs...')
#9 {main}
CRITICAL - 2023-01-22 01:50:56 --> Call to undefined function form_label()
#0 C:\xampp\htdocs\ci4_medis\system\View\View.php(210): include()
#1 C:\xampp\htdocs\ci4_medis\system\View\View.php(213): CodeIgniter\View\View->CodeIgniter\View\{closure}()
#2 C:\xampp\htdocs\ci4_medis\system\Common.php(1089): CodeIgniter\View\View->render('category/index', Array, true)
#3 C:\xampp\htdocs\ci4_medis\app\Controllers\Category.php(55): view('category/index', Array)
#4 C:\xampp\htdocs\ci4_medis\system\CodeIgniter.php(825): App\Controllers\Category->index()
#5 C:\xampp\htdocs\ci4_medis\system\CodeIgniter.php(412): CodeIgniter\CodeIgniter->runController(Object(App\Controllers\Category))
#6 C:\xampp\htdocs\ci4_medis\system\CodeIgniter.php(320): CodeIgniter\CodeIgniter->handleRequest(NULL, Object(Config\Cache), false)
#7 C:\xampp\htdocs\ci4_medis\public\index.php(37): CodeIgniter\CodeIgniter->run()
#8 C:\xampp\htdocs\ci4_medis\system\Commands\Server\rewrite.php(43): require_once('C:\\xampp\\htdocs...')
#9 {main}
CRITICAL - 2023-01-22 01:50:57 --> Call to undefined function form_label()
#0 C:\xampp\htdocs\ci4_medis\system\View\View.php(210): include()
#1 C:\xampp\htdocs\ci4_medis\system\View\View.php(213): CodeIgniter\View\View->CodeIgniter\View\{closure}()
#2 C:\xampp\htdocs\ci4_medis\system\Common.php(1089): CodeIgniter\View\View->render('category/index', Array, true)
#3 C:\xampp\htdocs\ci4_medis\app\Controllers\Category.php(55): view('category/index', Array)
#4 C:\xampp\htdocs\ci4_medis\system\CodeIgniter.php(825): App\Controllers\Category->index()
#5 C:\xampp\htdocs\ci4_medis\system\CodeIgniter.php(412): CodeIgniter\CodeIgniter->runController(Object(App\Controllers\Category))
#6 C:\xampp\htdocs\ci4_medis\system\CodeIgniter.php(320): CodeIgniter\CodeIgniter->handleRequest(NULL, Object(Config\Cache), false)
#7 C:\xampp\htdocs\ci4_medis\public\index.php(37): CodeIgniter\CodeIgniter->run()
#8 C:\xampp\htdocs\ci4_medis\system\Commands\Server\rewrite.php(43): require_once('C:\\xampp\\htdocs...')
#9 {main}
CRITICAL - 2023-01-22 01:50:57 --> Call to undefined function form_label()
#0 C:\xampp\htdocs\ci4_medis\system\View\View.php(210): include()
#1 C:\xampp\htdocs\ci4_medis\system\View\View.php(213): CodeIgniter\View\View->CodeIgniter\View\{closure}()
#2 C:\xampp\htdocs\ci4_medis\system\Common.php(1089): CodeIgniter\View\View->render('category/index', Array, true)
#3 C:\xampp\htdocs\ci4_medis\app\Controllers\Category.php(55): view('category/index', Array)
#4 C:\xampp\htdocs\ci4_medis\system\CodeIgniter.php(825): App\Controllers\Category->index()
#5 C:\xampp\htdocs\ci4_medis\system\CodeIgniter.php(412): CodeIgniter\CodeIgniter->runController(Object(App\Controllers\Category))
#6 C:\xampp\htdocs\ci4_medis\system\CodeIgniter.php(320): CodeIgniter\CodeIgniter->handleRequest(NULL, Object(Config\Cache), false)
#7 C:\xampp\htdocs\ci4_medis\public\index.php(37): CodeIgniter\CodeIgniter->run()
#8 C:\xampp\htdocs\ci4_medis\system\Commands\Server\rewrite.php(43): require_once('C:\\xampp\\htdocs...')
#9 {main}
CRITICAL - 2023-01-22 01:50:57 --> Call to undefined function form_label()
#0 C:\xampp\htdocs\ci4_medis\system\View\View.php(210): include()
#1 C:\xampp\htdocs\ci4_medis\system\View\View.php(213): CodeIgniter\View\View->CodeIgniter\View\{closure}()
#2 C:\xampp\htdocs\ci4_medis\system\Common.php(1089): CodeIgniter\View\View->render('category/index', Array, true)
#3 C:\xampp\htdocs\ci4_medis\app\Controllers\Category.php(55): view('category/index', Array)
#4 C:\xampp\htdocs\ci4_medis\system\CodeIgniter.php(825): App\Controllers\Category->index()
#5 C:\xampp\htdocs\ci4_medis\system\CodeIgniter.php(412): CodeIgniter\CodeIgniter->runController(Object(App\Controllers\Category))
#6 C:\xampp\htdocs\ci4_medis\system\CodeIgniter.php(320): CodeIgniter\CodeIgniter->handleRequest(NULL, Object(Config\Cache), false)
#7 C:\xampp\htdocs\ci4_medis\public\index.php(37): CodeIgniter\CodeIgniter->run()
#8 C:\xampp\htdocs\ci4_medis\system\Commands\Server\rewrite.php(43): require_once('C:\\xampp\\htdocs...')
#9 {main}
CRITICAL - 2023-01-22 01:50:57 --> Call to undefined function form_label()
#0 C:\xampp\htdocs\ci4_medis\system\View\View.php(210): include()
#1 C:\xampp\htdocs\ci4_medis\system\View\View.php(213): CodeIgniter\View\View->CodeIgniter\View\{closure}()
#2 C:\xampp\htdocs\ci4_medis\system\Common.php(1089): CodeIgniter\View\View->render('category/index', Array, true)
#3 C:\xampp\htdocs\ci4_medis\app\Controllers\Category.php(55): view('category/index', Array)
#4 C:\xampp\htdocs\ci4_medis\system\CodeIgniter.php(825): App\Controllers\Category->index()
#5 C:\xampp\htdocs\ci4_medis\system\CodeIgniter.php(412): CodeIgniter\CodeIgniter->runController(Object(App\Controllers\Category))
#6 C:\xampp\htdocs\ci4_medis\system\CodeIgniter.php(320): CodeIgniter\CodeIgniter->handleRequest(NULL, Object(Config\Cache), false)
#7 C:\xampp\htdocs\ci4_medis\public\index.php(37): CodeIgniter\CodeIgniter->run()
#8 C:\xampp\htdocs\ci4_medis\system\Commands\Server\rewrite.php(43): require_once('C:\\xampp\\htdocs...')
#9 {main}
CRITICAL - 2023-01-22 01:50:58 --> Call to undefined function form_label()
#0 C:\xampp\htdocs\ci4_medis\system\View\View.php(210): include()
#1 C:\xampp\htdocs\ci4_medis\system\View\View.php(213): CodeIgniter\View\View->CodeIgniter\View\{closure}()
#2 C:\xampp\htdocs\ci4_medis\system\Common.php(1089): CodeIgniter\View\View->render('category/index', Array, true)
#3 C:\xampp\htdocs\ci4_medis\app\Controllers\Category.php(55): view('category/index', Array)
#4 C:\xampp\htdocs\ci4_medis\system\CodeIgniter.php(825): App\Controllers\Category->index()
#5 C:\xampp\htdocs\ci4_medis\system\CodeIgniter.php(412): CodeIgniter\CodeIgniter->runController(Object(App\Controllers\Category))
#6 C:\xampp\htdocs\ci4_medis\system\CodeIgniter.php(320): CodeIgniter\CodeIgniter->handleRequest(NULL, Object(Config\Cache), false)
#7 C:\xampp\htdocs\ci4_medis\public\index.php(37): CodeIgniter\CodeIgniter->run()
#8 C:\xampp\htdocs\ci4_medis\system\Commands\Server\rewrite.php(43): require_once('C:\\xampp\\htdocs...')
#9 {main}
CRITICAL - 2023-01-22 01:50:58 --> Call to undefined function form_label()
#0 C:\xampp\htdocs\ci4_medis\system\View\View.php(210): include()
#1 C:\xampp\htdocs\ci4_medis\system\View\View.php(213): CodeIgniter\View\View->CodeIgniter\View\{closure}()
#2 C:\xampp\htdocs\ci4_medis\system\Common.php(1089): CodeIgniter\View\View->render('category/index', Array, true)
#3 C:\xampp\htdocs\ci4_medis\app\Controllers\Category.php(55): view('category/index', Array)
#4 C:\xampp\htdocs\ci4_medis\system\CodeIgniter.php(825): App\Controllers\Category->index()
#5 C:\xampp\htdocs\ci4_medis\system\CodeIgniter.php(412): CodeIgniter\CodeIgniter->runController(Object(App\Controllers\Category))
#6 C:\xampp\htdocs\ci4_medis\system\CodeIgniter.php(320): CodeIgniter\CodeIgniter->handleRequest(NULL, Object(Config\Cache), false)
#7 C:\xampp\htdocs\ci4_medis\public\index.php(37): CodeIgniter\CodeIgniter->run()
#8 C:\xampp\htdocs\ci4_medis\system\Commands\Server\rewrite.php(43): require_once('C:\\xampp\\htdocs...')
#9 {main}
CRITICAL - 2023-01-22 01:50:59 --> Call to undefined function form_label()
#0 C:\xampp\htdocs\ci4_medis\system\View\View.php(210): include()
#1 C:\xampp\htdocs\ci4_medis\system\View\View.php(213): CodeIgniter\View\View->CodeIgniter\View\{closure}()
#2 C:\xampp\htdocs\ci4_medis\system\Common.php(1089): CodeIgniter\View\View->render('category/index', Array, true)
#3 C:\xampp\htdocs\ci4_medis\app\Controllers\Category.php(55): view('category/index', Array)
#4 C:\xampp\htdocs\ci4_medis\system\CodeIgniter.php(825): App\Controllers\Category->index()
#5 C:\xampp\htdocs\ci4_medis\system\CodeIgniter.php(412): CodeIgniter\CodeIgniter->runController(Object(App\Controllers\Category))
#6 C:\xampp\htdocs\ci4_medis\system\CodeIgniter.php(320): CodeIgniter\CodeIgniter->handleRequest(NULL, Object(Config\Cache), false)
#7 C:\xampp\htdocs\ci4_medis\public\index.php(37): CodeIgniter\CodeIgniter->run()
#8 C:\xampp\htdocs\ci4_medis\system\Commands\Server\rewrite.php(43): require_once('C:\\xampp\\htdocs...')
#9 {main}
CRITICAL - 2023-01-22 01:50:59 --> Call to undefined function form_label()
#0 C:\xampp\htdocs\ci4_medis\system\View\View.php(210): include()
#1 C:\xampp\htdocs\ci4_medis\system\View\View.php(213): CodeIgniter\View\View->CodeIgniter\View\{closure}()
#2 C:\xampp\htdocs\ci4_medis\system\Common.php(1089): CodeIgniter\View\View->render('category/index', Array, true)
#3 C:\xampp\htdocs\ci4_medis\app\Controllers\Category.php(55): view('category/index', Array)
#4 C:\xampp\htdocs\ci4_medis\system\CodeIgniter.php(825): App\Controllers\Category->index()
#5 C:\xampp\htdocs\ci4_medis\system\CodeIgniter.php(412): CodeIgniter\CodeIgniter->runController(Object(App\Controllers\Category))
#6 C:\xampp\htdocs\ci4_medis\system\CodeIgniter.php(320): CodeIgniter\CodeIgniter->handleRequest(NULL, Object(Config\Cache), false)
#7 C:\xampp\htdocs\ci4_medis\public\index.php(37): CodeIgniter\CodeIgniter->run()
#8 C:\xampp\htdocs\ci4_medis\system\Commands\Server\rewrite.php(43): require_once('C:\\xampp\\htdocs...')
#9 {main}
CRITICAL - 2023-01-22 01:50:59 --> Call to undefined function form_label()
#0 C:\xampp\htdocs\ci4_medis\system\View\View.php(210): include()
#1 C:\xampp\htdocs\ci4_medis\system\View\View.php(213): CodeIgniter\View\View->CodeIgniter\View\{closure}()
#2 C:\xampp\htdocs\ci4_medis\system\Common.php(1089): CodeIgniter\View\View->render('category/index', Array, true)
#3 C:\xampp\htdocs\ci4_medis\app\Controllers\Category.php(55): view('category/index', Array)
#4 C:\xampp\htdocs\ci4_medis\system\CodeIgniter.php(825): App\Controllers\Category->index()
#5 C:\xampp\htdocs\ci4_medis\system\CodeIgniter.php(412): CodeIgniter\CodeIgniter->runController(Object(App\Controllers\Category))
#6 C:\xampp\htdocs\ci4_medis\system\CodeIgniter.php(320): CodeIgniter\CodeIgniter->handleRequest(NULL, Object(Config\Cache), false)
#7 C:\xampp\htdocs\ci4_medis\public\index.php(37): CodeIgniter\CodeIgniter->run()
#8 C:\xampp\htdocs\ci4_medis\system\Commands\Server\rewrite.php(43): require_once('C:\\xampp\\htdocs...')
#9 {main}
CRITICAL - 2023-01-22 01:51:00 --> Call to undefined function form_label()
#0 C:\xampp\htdocs\ci4_medis\system\View\View.php(210): include()
#1 C:\xampp\htdocs\ci4_medis\system\View\View.php(213): CodeIgniter\View\View->CodeIgniter\View\{closure}()
#2 C:\xampp\htdocs\ci4_medis\system\Common.php(1089): CodeIgniter\View\View->render('category/index', Array, true)
#3 C:\xampp\htdocs\ci4_medis\app\Controllers\Category.php(55): view('category/index', Array)
#4 C:\xampp\htdocs\ci4_medis\system\CodeIgniter.php(825): App\Controllers\Category->index()
#5 C:\xampp\htdocs\ci4_medis\system\CodeIgniter.php(412): CodeIgniter\CodeIgniter->runController(Object(App\Controllers\Category))
#6 C:\xampp\htdocs\ci4_medis\system\CodeIgniter.php(320): CodeIgniter\CodeIgniter->handleRequest(NULL, Object(Config\Cache), false)
#7 C:\xampp\htdocs\ci4_medis\public\index.php(37): CodeIgniter\CodeIgniter->run()
#8 C:\xampp\htdocs\ci4_medis\system\Commands\Server\rewrite.php(43): require_once('C:\\xampp\\htdocs...')
#9 {main}
CRITICAL - 2023-01-22 01:51:00 --> Call to undefined function form_label()
#0 C:\xampp\htdocs\ci4_medis\system\View\View.php(210): include()
#1 C:\xampp\htdocs\ci4_medis\system\View\View.php(213): CodeIgniter\View\View->CodeIgniter\View\{closure}()
#2 C:\xampp\htdocs\ci4_medis\system\Common.php(1089): CodeIgniter\View\View->render('category/index', Array, true)
#3 C:\xampp\htdocs\ci4_medis\app\Controllers\Category.php(55): view('category/index', Array)
#4 C:\xampp\htdocs\ci4_medis\system\CodeIgniter.php(825): App\Controllers\Category->index()
#5 C:\xampp\htdocs\ci4_medis\system\CodeIgniter.php(412): CodeIgniter\CodeIgniter->runController(Object(App\Controllers\Category))
#6 C:\xampp\htdocs\ci4_medis\system\CodeIgniter.php(320): CodeIgniter\CodeIgniter->handleRequest(NULL, Object(Config\Cache), false)
#7 C:\xampp\htdocs\ci4_medis\public\index.php(37): CodeIgniter\CodeIgniter->run()
#8 C:\xampp\htdocs\ci4_medis\system\Commands\Server\rewrite.php(43): require_once('C:\\xampp\\htdocs...')
#9 {main}
CRITICAL - 2023-01-22 01:51:00 --> Call to undefined function form_label()
#0 C:\xampp\htdocs\ci4_medis\system\View\View.php(210): include()
#1 C:\xampp\htdocs\ci4_medis\system\View\View.php(213): CodeIgniter\View\View->CodeIgniter\View\{closure}()
#2 C:\xampp\htdocs\ci4_medis\system\Common.php(1089): CodeIgniter\View\View->render('category/index', Array, true)
#3 C:\xampp\htdocs\ci4_medis\app\Controllers\Category.php(55): view('category/index', Array)
#4 C:\xampp\htdocs\ci4_medis\system\CodeIgniter.php(825): App\Controllers\Category->index()
#5 C:\xampp\htdocs\ci4_medis\system\CodeIgniter.php(412): CodeIgniter\CodeIgniter->runController(Object(App\Controllers\Category))
#6 C:\xampp\htdocs\ci4_medis\system\CodeIgniter.php(320): CodeIgniter\CodeIgniter->handleRequest(NULL, Object(Config\Cache), false)
#7 C:\xampp\htdocs\ci4_medis\public\index.php(37): CodeIgniter\CodeIgniter->run()
#8 C:\xampp\htdocs\ci4_medis\system\Commands\Server\rewrite.php(43): require_once('C:\\xampp\\htdocs...')
#9 {main}
CRITICAL - 2023-01-22 01:51:01 --> Call to undefined function form_label()
#0 C:\xampp\htdocs\ci4_medis\system\View\View.php(210): include()
#1 C:\xampp\htdocs\ci4_medis\system\View\View.php(213): CodeIgniter\View\View->CodeIgniter\View\{closure}()
#2 C:\xampp\htdocs\ci4_medis\system\Common.php(1089): CodeIgniter\View\View->render('category/index', Array, true)
#3 C:\xampp\htdocs\ci4_medis\app\Controllers\Category.php(55): view('category/index', Array)
#4 C:\xampp\htdocs\ci4_medis\system\CodeIgniter.php(825): App\Controllers\Category->index()
#5 C:\xampp\htdocs\ci4_medis\system\CodeIgniter.php(412): CodeIgniter\CodeIgniter->runController(Object(App\Controllers\Category))
#6 C:\xampp\htdocs\ci4_medis\system\CodeIgniter.php(320): CodeIgniter\CodeIgniter->handleRequest(NULL, Object(Config\Cache), false)
#7 C:\xampp\htdocs\ci4_medis\public\index.php(37): CodeIgniter\CodeIgniter->run()
#8 C:\xampp\htdocs\ci4_medis\system\Commands\Server\rewrite.php(43): require_once('C:\\xampp\\htdocs...')
#9 {main}
CRITICAL - 2023-01-22 01:51:01 --> Call to undefined function form_label()
#0 C:\xampp\htdocs\ci4_medis\system\View\View.php(210): include()
#1 C:\xampp\htdocs\ci4_medis\system\View\View.php(213): CodeIgniter\View\View->CodeIgniter\View\{closure}()
#2 C:\xampp\htdocs\ci4_medis\system\Common.php(1089): CodeIgniter\View\View->render('category/index', Array, true)
#3 C:\xampp\htdocs\ci4_medis\app\Controllers\Category.php(55): view('category/index', Array)
#4 C:\xampp\htdocs\ci4_medis\system\CodeIgniter.php(825): App\Controllers\Category->index()
#5 C:\xampp\htdocs\ci4_medis\system\CodeIgniter.php(412): CodeIgniter\CodeIgniter->runController(Object(App\Controllers\Category))
#6 C:\xampp\htdocs\ci4_medis\system\CodeIgniter.php(320): CodeIgniter\CodeIgniter->handleRequest(NULL, Object(Config\Cache), false)
#7 C:\xampp\htdocs\ci4_medis\public\index.php(37): CodeIgniter\CodeIgniter->run()
#8 C:\xampp\htdocs\ci4_medis\system\Commands\Server\rewrite.php(43): require_once('C:\\xampp\\htdocs...')
#9 {main}
CRITICAL - 2023-01-22 01:51:01 --> Call to undefined function form_label()
#0 C:\xampp\htdocs\ci4_medis\system\View\View.php(210): include()
#1 C:\xampp\htdocs\ci4_medis\system\View\View.php(213): CodeIgniter\View\View->CodeIgniter\View\{closure}()
#2 C:\xampp\htdocs\ci4_medis\system\Common.php(1089): CodeIgniter\View\View->render('category/index', Array, true)
#3 C:\xampp\htdocs\ci4_medis\app\Controllers\Category.php(55): view('category/index', Array)
#4 C:\xampp\htdocs\ci4_medis\system\CodeIgniter.php(825): App\Controllers\Category->index()
#5 C:\xampp\htdocs\ci4_medis\system\CodeIgniter.php(412): CodeIgniter\CodeIgniter->runController(Object(App\Controllers\Category))
#6 C:\xampp\htdocs\ci4_medis\system\CodeIgniter.php(320): CodeIgniter\CodeIgniter->handleRequest(NULL, Object(Config\Cache), false)
#7 C:\xampp\htdocs\ci4_medis\public\index.php(37): CodeIgniter\CodeIgniter->run()
#8 C:\xampp\htdocs\ci4_medis\system\Commands\Server\rewrite.php(43): require_once('C:\\xampp\\htdocs...')
#9 {main}
CRITICAL - 2023-01-22 01:51:51 --> Call to undefined function form_label()
#0 C:\xampp\htdocs\ci4_medis\system\View\View.php(210): include()
#1 C:\xampp\htdocs\ci4_medis\system\View\View.php(213): CodeIgniter\View\View->CodeIgniter\View\{closure}()
#2 C:\xampp\htdocs\ci4_medis\system\Common.php(1089): CodeIgniter\View\View->render('category/index', Array, true)
#3 C:\xampp\htdocs\ci4_medis\app\Controllers\Category.php(55): view('category/index', Array)
#4 C:\xampp\htdocs\ci4_medis\system\CodeIgniter.php(825): App\Controllers\Category->index()
#5 C:\xampp\htdocs\ci4_medis\system\CodeIgniter.php(412): CodeIgniter\CodeIgniter->runController(Object(App\Controllers\Category))
#6 C:\xampp\htdocs\ci4_medis\system\CodeIgniter.php(320): CodeIgniter\CodeIgniter->handleRequest(NULL, Object(Config\Cache), false)
#7 C:\xampp\htdocs\ci4_medis\public\index.php(37): CodeIgniter\CodeIgniter->run()
#8 C:\xampp\htdocs\ci4_medis\system\Commands\Server\rewrite.php(43): require_once('C:\\xampp\\htdocs...')
#9 {main}
CRITICAL - 2023-01-22 01:51:52 --> Call to undefined function form_label()
#0 C:\xampp\htdocs\ci4_medis\system\View\View.php(210): include()
#1 C:\xampp\htdocs\ci4_medis\system\View\View.php(213): CodeIgniter\View\View->CodeIgniter\View\{closure}()
#2 C:\xampp\htdocs\ci4_medis\system\Common.php(1089): CodeIgniter\View\View->render('category/index', Array, true)
#3 C:\xampp\htdocs\ci4_medis\app\Controllers\Category.php(55): view('category/index', Array)
#4 C:\xampp\htdocs\ci4_medis\system\CodeIgniter.php(825): App\Controllers\Category->index()
#5 C:\xampp\htdocs\ci4_medis\system\CodeIgniter.php(412): CodeIgniter\CodeIgniter->runController(Object(App\Controllers\Category))
#6 C:\xampp\htdocs\ci4_medis\system\CodeIgniter.php(320): CodeIgniter\CodeIgniter->handleRequest(NULL, Object(Config\Cache), false)
#7 C:\xampp\htdocs\ci4_medis\public\index.php(37): CodeIgniter\CodeIgniter->run()
#8 C:\xampp\htdocs\ci4_medis\system\Commands\Server\rewrite.php(43): require_once('C:\\xampp\\htdocs...')
#9 {main}
CRITICAL - 2023-01-22 01:51:53 --> Call to undefined function form_label()
#0 C:\xampp\htdocs\ci4_medis\system\View\View.php(210): include()
#1 C:\xampp\htdocs\ci4_medis\system\View\View.php(213): CodeIgniter\View\View->CodeIgniter\View\{closure}()
#2 C:\xampp\htdocs\ci4_medis\system\Common.php(1089): CodeIgniter\View\View->render('category/index', Array, true)
#3 C:\xampp\htdocs\ci4_medis\app\Controllers\Category.php(55): view('category/index', Array)
#4 C:\xampp\htdocs\ci4_medis\system\CodeIgniter.php(825): App\Controllers\Category->index()
#5 C:\xampp\htdocs\ci4_medis\system\CodeIgniter.php(412): CodeIgniter\CodeIgniter->runController(Object(App\Controllers\Category))
#6 C:\xampp\htdocs\ci4_medis\system\CodeIgniter.php(320): CodeIgniter\CodeIgniter->handleRequest(NULL, Object(Config\Cache), false)
#7 C:\xampp\htdocs\ci4_medis\public\index.php(37): CodeIgniter\CodeIgniter->run()
#8 C:\xampp\htdocs\ci4_medis\system\Commands\Server\rewrite.php(43): require_once('C:\\xampp\\htdocs...')
#9 {main}
CRITICAL - 2023-01-22 01:51:54 --> Call to undefined function form_label()
#0 C:\xampp\htdocs\ci4_medis\system\View\View.php(210): include()
#1 C:\xampp\htdocs\ci4_medis\system\View\View.php(213): CodeIgniter\View\View->CodeIgniter\View\{closure}()
#2 C:\xampp\htdocs\ci4_medis\system\Common.php(1089): CodeIgniter\View\View->render('category/index', Array, true)
#3 C:\xampp\htdocs\ci4_medis\app\Controllers\Category.php(55): view('category/index', Array)
#4 C:\xampp\htdocs\ci4_medis\system\CodeIgniter.php(825): App\Controllers\Category->index()
#5 C:\xampp\htdocs\ci4_medis\system\CodeIgniter.php(412): CodeIgniter\CodeIgniter->runController(Object(App\Controllers\Category))
#6 C:\xampp\htdocs\ci4_medis\system\CodeIgniter.php(320): CodeIgniter\CodeIgniter->handleRequest(NULL, Object(Config\Cache), false)
#7 C:\xampp\htdocs\ci4_medis\public\index.php(37): CodeIgniter\CodeIgniter->run()
#8 C:\xampp\htdocs\ci4_medis\system\Commands\Server\rewrite.php(43): require_once('C:\\xampp\\htdocs...')
#9 {main}
CRITICAL - 2023-01-22 01:51:54 --> Call to undefined function form_label()
#0 C:\xampp\htdocs\ci4_medis\system\View\View.php(210): include()
#1 C:\xampp\htdocs\ci4_medis\system\View\View.php(213): CodeIgniter\View\View->CodeIgniter\View\{closure}()
#2 C:\xampp\htdocs\ci4_medis\system\Common.php(1089): CodeIgniter\View\View->render('category/index', Array, true)
#3 C:\xampp\htdocs\ci4_medis\app\Controllers\Category.php(55): view('category/index', Array)
#4 C:\xampp\htdocs\ci4_medis\system\CodeIgniter.php(825): App\Controllers\Category->index()
#5 C:\xampp\htdocs\ci4_medis\system\CodeIgniter.php(412): CodeIgniter\CodeIgniter->runController(Object(App\Controllers\Category))
#6 C:\xampp\htdocs\ci4_medis\system\CodeIgniter.php(320): CodeIgniter\CodeIgniter->handleRequest(NULL, Object(Config\Cache), false)
#7 C:\xampp\htdocs\ci4_medis\public\index.php(37): CodeIgniter\CodeIgniter->run()
#8 C:\xampp\htdocs\ci4_medis\system\Commands\Server\rewrite.php(43): require_once('C:\\xampp\\htdocs...')
#9 {main}
CRITICAL - 2023-01-22 01:52:01 --> Call to undefined function form_label()
#0 C:\xampp\htdocs\ci4_medis\system\View\View.php(210): include()
#1 C:\xampp\htdocs\ci4_medis\system\View\View.php(213): CodeIgniter\View\View->CodeIgniter\View\{closure}()
#2 C:\xampp\htdocs\ci4_medis\system\Common.php(1089): CodeIgniter\View\View->render('category/index', Array, true)
#3 C:\xampp\htdocs\ci4_medis\app\Controllers\Category.php(55): view('category/index', Array)
#4 C:\xampp\htdocs\ci4_medis\system\CodeIgniter.php(825): App\Controllers\Category->index()
#5 C:\xampp\htdocs\ci4_medis\system\CodeIgniter.php(412): CodeIgniter\CodeIgniter->runController(Object(App\Controllers\Category))
#6 C:\xampp\htdocs\ci4_medis\system\CodeIgniter.php(320): CodeIgniter\CodeIgniter->handleRequest(NULL, Object(Config\Cache), false)
#7 C:\xampp\htdocs\ci4_medis\public\index.php(37): CodeIgniter\CodeIgniter->run()
#8 C:\xampp\htdocs\ci4_medis\system\Commands\Server\rewrite.php(43): require_once('C:\\xampp\\htdocs...')
#9 {main}
CRITICAL - 2023-01-22 01:52:03 --> Call to undefined function form_label()
#0 C:\xampp\htdocs\ci4_medis\system\View\View.php(210): include()
#1 C:\xampp\htdocs\ci4_medis\system\View\View.php(213): CodeIgniter\View\View->CodeIgniter\View\{closure}()
#2 C:\xampp\htdocs\ci4_medis\system\Common.php(1089): CodeIgniter\View\View->render('category/index', Array, true)
#3 C:\xampp\htdocs\ci4_medis\app\Controllers\Category.php(55): view('category/index', Array)
#4 C:\xampp\htdocs\ci4_medis\system\CodeIgniter.php(825): App\Controllers\Category->index()
#5 C:\xampp\htdocs\ci4_medis\system\CodeIgniter.php(412): CodeIgniter\CodeIgniter->runController(Object(App\Controllers\Category))
#6 C:\xampp\htdocs\ci4_medis\system\CodeIgniter.php(320): CodeIgniter\CodeIgniter->handleRequest(NULL, Object(Config\Cache), false)
#7 C:\xampp\htdocs\ci4_medis\public\index.php(37): CodeIgniter\CodeIgniter->run()
#8 C:\xampp\htdocs\ci4_medis\system\Commands\Server\rewrite.php(43): require_once('C:\\xampp\\htdocs...')
#9 {main}
CRITICAL - 2023-01-22 01:55:03 --> Undefined variable $categories
#0 C:\xampp\htdocs\ci4_medis\app\Views\category\index.php(55): CodeIgniter\Debug\Exceptions->errorHandler(2, 'Undefined varia...', 'C:\\xampp\\htdocs...', 55)
#1 C:\xampp\htdocs\ci4_medis\system\View\View.php(210): include('C:\\xampp\\htdocs...')
#2 C:\xampp\htdocs\ci4_medis\system\View\View.php(213): CodeIgniter\View\View->CodeIgniter\View\{closure}()
#3 C:\xampp\htdocs\ci4_medis\system\Common.php(1089): CodeIgniter\View\View->render('category/index', Array, true)
#4 C:\xampp\htdocs\ci4_medis\app\Controllers\Category.php(61): view('category/index', Array)
#5 C:\xampp\htdocs\ci4_medis\system\CodeIgniter.php(825): App\Controllers\Category->index()
#6 C:\xampp\htdocs\ci4_medis\system\CodeIgniter.php(412): CodeIgniter\CodeIgniter->runController(Object(App\Controllers\Category))
#7 C:\xampp\htdocs\ci4_medis\system\CodeIgniter.php(320): CodeIgniter\CodeIgniter->handleRequest(NULL, Object(Config\Cache), false)
#8 C:\xampp\htdocs\ci4_medis\public\index.php(37): CodeIgniter\CodeIgniter->run()
#9 C:\xampp\htdocs\ci4_medis\system\Commands\Server\rewrite.php(43): require_once('C:\\xampp\\htdocs...')
#10 {main}
CRITICAL - 2023-01-22 01:55:04 --> Undefined variable $categories
#0 C:\xampp\htdocs\ci4_medis\app\Views\category\index.php(55): CodeIgniter\Debug\Exceptions->errorHandler(2, 'Undefined varia...', 'C:\\xampp\\htdocs...', 55)
#1 C:\xampp\htdocs\ci4_medis\system\View\View.php(210): include('C:\\xampp\\htdocs...')
#2 C:\xampp\htdocs\ci4_medis\system\View\View.php(213): CodeIgniter\View\View->CodeIgniter\View\{closure}()
#3 C:\xampp\htdocs\ci4_medis\system\Common.php(1089): CodeIgniter\View\View->render('category/index', Array, true)
#4 C:\xampp\htdocs\ci4_medis\app\Controllers\Category.php(61): view('category/index', Array)
#5 C:\xampp\htdocs\ci4_medis\system\CodeIgniter.php(825): App\Controllers\Category->index()
#6 C:\xampp\htdocs\ci4_medis\system\CodeIgniter.php(412): CodeIgniter\CodeIgniter->runController(Object(App\Controllers\Category))
#7 C:\xampp\htdocs\ci4_medis\system\CodeIgniter.php(320): CodeIgniter\CodeIgniter->handleRequest(NULL, Object(Config\Cache), false)
#8 C:\xampp\htdocs\ci4_medis\public\index.php(37): CodeIgniter\CodeIgniter->run()
#9 C:\xampp\htdocs\ci4_medis\system\Commands\Server\rewrite.php(43): require_once('C:\\xampp\\htdocs...')
#10 {main}
CRITICAL - 2023-01-22 01:57:28 --> Undefined variable $category
#0 C:\xampp\htdocs\ci4_medis\app\Views\category\index.php(55): CodeIgniter\Debug\Exceptions->errorHandler(2, 'Undefined varia...', 'C:\\xampp\\htdocs...', 55)
#1 C:\xampp\htdocs\ci4_medis\system\View\View.php(210): include('C:\\xampp\\htdocs...')
#2 C:\xampp\htdocs\ci4_medis\system\View\View.php(213): CodeIgniter\View\View->CodeIgniter\View\{closure}()
#3 C:\xampp\htdocs\ci4_medis\system\Common.php(1089): CodeIgniter\View\View->render('category/index', Array, true)
#4 C:\xampp\htdocs\ci4_medis\app\Controllers\Category.php(61): view('category/index', Array)
#5 C:\xampp\htdocs\ci4_medis\system\CodeIgniter.php(825): App\Controllers\Category->index()
#6 C:\xampp\htdocs\ci4_medis\system\CodeIgniter.php(412): CodeIgniter\CodeIgniter->runController(Object(App\Controllers\Category))
#7 C:\xampp\htdocs\ci4_medis\system\CodeIgniter.php(320): CodeIgniter\CodeIgniter->handleRequest(NULL, Object(Config\Cache), false)
#8 C:\xampp\htdocs\ci4_medis\public\index.php(37): CodeIgniter\CodeIgniter->run()
#9 C:\xampp\htdocs\ci4_medis\system\Commands\Server\rewrite.php(43): require_once('C:\\xampp\\htdocs...')
#10 {main}
CRITICAL - 2023-01-22 01:57:56 --> Undefined variable $category
#0 C:\xampp\htdocs\ci4_medis\app\Controllers\Category.php(27): CodeIgniter\Debug\Exceptions->errorHandler(2, 'Undefined varia...', 'C:\\xampp\\htdocs...', 27)
#1 C:\xampp\htdocs\ci4_medis\system\CodeIgniter.php(825): App\Controllers\Category->index()
#2 C:\xampp\htdocs\ci4_medis\system\CodeIgniter.php(412): CodeIgniter\CodeIgniter->runController(Object(App\Controllers\Category))
#3 C:\xampp\htdocs\ci4_medis\system\CodeIgniter.php(320): CodeIgniter\CodeIgniter->handleRequest(NULL, Object(Config\Cache), false)
#4 C:\xampp\htdocs\ci4_medis\public\index.php(37): CodeIgniter\CodeIgniter->run()
#5 C:\xampp\htdocs\ci4_medis\system\Commands\Server\rewrite.php(43): require_once('C:\\xampp\\htdocs...')
#6 {main}
CRITICAL - 2023-01-22 01:57:58 --> Undefined variable $category
#0 C:\xampp\htdocs\ci4_medis\app\Controllers\Category.php(27): CodeIgniter\Debug\Exceptions->errorHandler(2, 'Undefined varia...', 'C:\\xampp\\htdocs...', 27)
#1 C:\xampp\htdocs\ci4_medis\system\CodeIgniter.php(825): App\Controllers\Category->index()
#2 C:\xampp\htdocs\ci4_medis\system\CodeIgniter.php(412): CodeIgniter\CodeIgniter->runController(Object(App\Controllers\Category))
#3 C:\xampp\htdocs\ci4_medis\system\CodeIgniter.php(320): CodeIgniter\CodeIgniter->handleRequest(NULL, Object(Config\Cache), false)
#4 C:\xampp\htdocs\ci4_medis\public\index.php(37): CodeIgniter\CodeIgniter->run()
#5 C:\xampp\htdocs\ci4_medis\system\Commands\Server\rewrite.php(43): require_once('C:\\xampp\\htdocs...')
#6 {main}
CRITICAL - 2023-01-22 01:58:21 --> Undefined variable $category
#0 C:\xampp\htdocs\ci4_medis\app\Views\category\index.php(55): CodeIgniter\Debug\Exceptions->errorHandler(2, 'Undefined varia...', 'C:\\xampp\\htdocs...', 55)
#1 C:\xampp\htdocs\ci4_medis\system\View\View.php(210): include('C:\\xampp\\htdocs...')
#2 C:\xampp\htdocs\ci4_medis\system\View\View.php(213): CodeIgniter\View\View->CodeIgniter\View\{closure}()
#3 C:\xampp\htdocs\ci4_medis\system\Common.php(1089): CodeIgniter\View\View->render('category/index', Array, true)
#4 C:\xampp\htdocs\ci4_medis\app\Controllers\Category.php(61): view('category/index', Array)
#5 C:\xampp\htdocs\ci4_medis\system\CodeIgniter.php(825): App\Controllers\Category->index()
#6 C:\xampp\htdocs\ci4_medis\system\CodeIgniter.php(412): CodeIgniter\CodeIgniter->runController(Object(App\Controllers\Category))
#7 C:\xampp\htdocs\ci4_medis\system\CodeIgniter.php(320): CodeIgniter\CodeIgniter->handleRequest(NULL, Object(Config\Cache), false)
#8 C:\xampp\htdocs\ci4_medis\public\index.php(37): CodeIgniter\CodeIgniter->run()
#9 C:\xampp\htdocs\ci4_medis\system\Commands\Server\rewrite.php(43): require_once('C:\\xampp\\htdocs...')
#10 {main}
CRITICAL - 2023-01-22 01:58:47 --> Undefined variable $category
#0 C:\xampp\htdocs\ci4_medis\app\Views\category\index.php(55): CodeIgniter\Debug\Exceptions->errorHandler(2, 'Undefined varia...', 'C:\\xampp\\htdocs...', 55)
#1 C:\xampp\htdocs\ci4_medis\system\View\View.php(210): include('C:\\xampp\\htdocs...')
#2 C:\xampp\htdocs\ci4_medis\system\View\View.php(213): CodeIgniter\View\View->CodeIgniter\View\{closure}()
#3 C:\xampp\htdocs\ci4_medis\system\Common.php(1089): CodeIgniter\View\View->render('category/index', Array, true)
#4 C:\xampp\htdocs\ci4_medis\app\Controllers\Category.php(61): view('category/index', Array)
#5 C:\xampp\htdocs\ci4_medis\system\CodeIgniter.php(825): App\Controllers\Category->index()
#6 C:\xampp\htdocs\ci4_medis\system\CodeIgniter.php(412): CodeIgniter\CodeIgniter->runController(Object(App\Controllers\Category))
#7 C:\xampp\htdocs\ci4_medis\system\CodeIgniter.php(320): CodeIgniter\CodeIgniter->handleRequest(NULL, Object(Config\Cache), false)
#8 C:\xampp\htdocs\ci4_medis\public\index.php(37): CodeIgniter\CodeIgniter->run()
#9 C:\xampp\htdocs\ci4_medis\system\Commands\Server\rewrite.php(43): require_once('C:\\xampp\\htdocs...')
#10 {main}
CRITICAL - 2023-01-22 01:59:17 --> Undefined variable $category
#0 C:\xampp\htdocs\ci4_medis\app\Views\category\index.php(55): CodeIgniter\Debug\Exceptions->errorHandler(2, 'Undefined varia...', 'C:\\xampp\\htdocs...', 55)
#1 C:\xampp\htdocs\ci4_medis\system\View\View.php(210): include('C:\\xampp\\htdocs...')
#2 C:\xampp\htdocs\ci4_medis\system\View\View.php(213): CodeIgniter\View\View->CodeIgniter\View\{closure}()
#3 C:\xampp\htdocs\ci4_medis\system\Common.php(1089): CodeIgniter\View\View->render('category/index', Array, true)
#4 C:\xampp\htdocs\ci4_medis\app\Controllers\Category.php(61): view('category/index', Array)
#5 C:\xampp\htdocs\ci4_medis\system\CodeIgniter.php(825): App\Controllers\Category->index()
#6 C:\xampp\htdocs\ci4_medis\system\CodeIgniter.php(412): CodeIgniter\CodeIgniter->runController(Object(App\Controllers\Category))
#7 C:\xampp\htdocs\ci4_medis\system\CodeIgniter.php(320): CodeIgniter\CodeIgniter->handleRequest(NULL, Object(Config\Cache), false)
#8 C:\xampp\htdocs\ci4_medis\public\index.php(37): CodeIgniter\CodeIgniter->run()
#9 C:\xampp\htdocs\ci4_medis\system\Commands\Server\rewrite.php(43): require_once('C:\\xampp\\htdocs...')
#10 {main}
CRITICAL - 2023-01-22 02:02:47 --> Undefined variable $category
#0 C:\xampp\htdocs\ci4_medis\app\Views\category\index.php(55): CodeIgniter\Debug\Exceptions->errorHandler(2, 'Undefined varia...', 'C:\\xampp\\htdocs...', 55)
#1 C:\xampp\htdocs\ci4_medis\system\View\View.php(210): include('C:\\xampp\\htdocs...')
#2 C:\xampp\htdocs\ci4_medis\system\View\View.php(213): CodeIgniter\View\View->CodeIgniter\View\{closure}()
#3 C:\xampp\htdocs\ci4_medis\system\Common.php(1089): CodeIgniter\View\View->render('category/index', Array, true)
#4 C:\xampp\htdocs\ci4_medis\app\Controllers\Category.php(61): view('category/index', Array)
#5 C:\xampp\htdocs\ci4_medis\system\CodeIgniter.php(825): App\Controllers\Category->index()
#6 C:\xampp\htdocs\ci4_medis\system\CodeIgniter.php(412): CodeIgniter\CodeIgniter->runController(Object(App\Controllers\Category))
#7 C:\xampp\htdocs\ci4_medis\system\CodeIgniter.php(320): CodeIgniter\CodeIgniter->handleRequest(NULL, Object(Config\Cache), false)
#8 C:\xampp\htdocs\ci4_medis\public\index.php(37): CodeIgniter\CodeIgniter->run()
#9 C:\xampp\htdocs\ci4_medis\system\Commands\Server\rewrite.php(43): require_once('C:\\xampp\\htdocs...')
#10 {main}
CRITICAL - 2023-01-22 02:03:19 --> Undefined variable $category
#0 C:\xampp\htdocs\ci4_medis\app\Views\category\index.php(55): CodeIgniter\Debug\Exceptions->errorHandler(2, 'Undefined varia...', 'C:\\xampp\\htdocs...', 55)
#1 C:\xampp\htdocs\ci4_medis\system\View\View.php(210): include('C:\\xampp\\htdocs...')
#2 C:\xampp\htdocs\ci4_medis\system\View\View.php(213): CodeIgniter\View\View->CodeIgniter\View\{closure}()
#3 C:\xampp\htdocs\ci4_medis\system\Common.php(1089): CodeIgniter\View\View->render('category/index', Array, true)
#4 C:\xampp\htdocs\ci4_medis\app\Controllers\Category.php(61): view('category/index', Array)
#5 C:\xampp\htdocs\ci4_medis\system\CodeIgniter.php(825): App\Controllers\Category->index()
#6 C:\xampp\htdocs\ci4_medis\system\CodeIgniter.php(412): CodeIgniter\CodeIgniter->runController(Object(App\Controllers\Category))
#7 C:\xampp\htdocs\ci4_medis\system\CodeIgniter.php(320): CodeIgniter\CodeIgniter->handleRequest(NULL, Object(Config\Cache), false)
#8 C:\xampp\htdocs\ci4_medis\public\index.php(37): CodeIgniter\CodeIgniter->run()
#9 C:\xampp\htdocs\ci4_medis\system\Commands\Server\rewrite.php(43): require_once('C:\\xampp\\htdocs...')
#10 {main}
CRITICAL - 2023-01-22 02:03:20 --> Undefined variable $category
#0 C:\xampp\htdocs\ci4_medis\app\Views\category\index.php(55): CodeIgniter\Debug\Exceptions->errorHandler(2, 'Undefined varia...', 'C:\\xampp\\htdocs...', 55)
#1 C:\xampp\htdocs\ci4_medis\system\View\View.php(210): include('C:\\xampp\\htdocs...')
#2 C:\xampp\htdocs\ci4_medis\system\View\View.php(213): CodeIgniter\View\View->CodeIgniter\View\{closure}()
#3 C:\xampp\htdocs\ci4_medis\system\Common.php(1089): CodeIgniter\View\View->render('category/index', Array, true)
#4 C:\xampp\htdocs\ci4_medis\app\Controllers\Category.php(61): view('category/index', Array)
#5 C:\xampp\htdocs\ci4_medis\system\CodeIgniter.php(825): App\Controllers\Category->index()
#6 C:\xampp\htdocs\ci4_medis\system\CodeIgniter.php(412): CodeIgniter\CodeIgniter->runController(Object(App\Controllers\Category))
#7 C:\xampp\htdocs\ci4_medis\system\CodeIgniter.php(320): CodeIgniter\CodeIgniter->handleRequest(NULL, Object(Config\Cache), false)
#8 C:\xampp\htdocs\ci4_medis\public\index.php(37): CodeIgniter\CodeIgniter->run()
#9 C:\xampp\htdocs\ci4_medis\system\Commands\Server\rewrite.php(43): require_once('C:\\xampp\\htdocs...')
#10 {main}
CRITICAL - 2023-01-22 02:03:21 --> Undefined variable $category
#0 C:\xampp\htdocs\ci4_medis\app\Views\category\index.php(55): CodeIgniter\Debug\Exceptions->errorHandler(2, 'Undefined varia...', 'C:\\xampp\\htdocs...', 55)
#1 C:\xampp\htdocs\ci4_medis\system\View\View.php(210): include('C:\\xampp\\htdocs...')
#2 C:\xampp\htdocs\ci4_medis\system\View\View.php(213): CodeIgniter\View\View->CodeIgniter\View\{closure}()
#3 C:\xampp\htdocs\ci4_medis\system\Common.php(1089): CodeIgniter\View\View->render('category/index', Array, true)
#4 C:\xampp\htdocs\ci4_medis\app\Controllers\Category.php(61): view('category/index', Array)
#5 C:\xampp\htdocs\ci4_medis\system\CodeIgniter.php(825): App\Controllers\Category->index()
#6 C:\xampp\htdocs\ci4_medis\system\CodeIgniter.php(412): CodeIgniter\CodeIgniter->runController(Object(App\Controllers\Category))
#7 C:\xampp\htdocs\ci4_medis\system\CodeIgniter.php(320): CodeIgniter\CodeIgniter->handleRequest(NULL, Object(Config\Cache), false)
#8 C:\xampp\htdocs\ci4_medis\public\index.php(37): CodeIgniter\CodeIgniter->run()
#9 C:\xampp\htdocs\ci4_medis\system\Commands\Server\rewrite.php(43): require_once('C:\\xampp\\htdocs...')
#10 {main}
CRITICAL - 2023-01-22 02:03:21 --> Undefined variable $category
#0 C:\xampp\htdocs\ci4_medis\app\Views\category\index.php(55): CodeIgniter\Debug\Exceptions->errorHandler(2, 'Undefined varia...', 'C:\\xampp\\htdocs...', 55)
#1 C:\xampp\htdocs\ci4_medis\system\View\View.php(210): include('C:\\xampp\\htdocs...')
#2 C:\xampp\htdocs\ci4_medis\system\View\View.php(213): CodeIgniter\View\View->CodeIgniter\View\{closure}()
#3 C:\xampp\htdocs\ci4_medis\system\Common.php(1089): CodeIgniter\View\View->render('category/index', Array, true)
#4 C:\xampp\htdocs\ci4_medis\app\Controllers\Category.php(61): view('category/index', Array)
#5 C:\xampp\htdocs\ci4_medis\system\CodeIgniter.php(825): App\Controllers\Category->index()
#6 C:\xampp\htdocs\ci4_medis\system\CodeIgniter.php(412): CodeIgniter\CodeIgniter->runController(Object(App\Controllers\Category))
#7 C:\xampp\htdocs\ci4_medis\system\CodeIgniter.php(320): CodeIgniter\CodeIgniter->handleRequest(NULL, Object(Config\Cache), false)
#8 C:\xampp\htdocs\ci4_medis\public\index.php(37): CodeIgniter\CodeIgniter->run()
#9 C:\xampp\htdocs\ci4_medis\system\Commands\Server\rewrite.php(43): require_once('C:\\xampp\\htdocs...')
#10 {main}
CRITICAL - 2023-01-22 02:03:22 --> Undefined variable $category
#0 C:\xampp\htdocs\ci4_medis\app\Views\category\index.php(55): CodeIgniter\Debug\Exceptions->errorHandler(2, 'Undefined varia...', 'C:\\xampp\\htdocs...', 55)
#1 C:\xampp\htdocs\ci4_medis\system\View\View.php(210): include('C:\\xampp\\htdocs...')
#2 C:\xampp\htdocs\ci4_medis\system\View\View.php(213): CodeIgniter\View\View->CodeIgniter\View\{closure}()
#3 C:\xampp\htdocs\ci4_medis\system\Common.php(1089): CodeIgniter\View\View->render('category/index', Array, true)
#4 C:\xampp\htdocs\ci4_medis\app\Controllers\Category.php(61): view('category/index', Array)
#5 C:\xampp\htdocs\ci4_medis\system\CodeIgniter.php(825): App\Controllers\Category->index()
#6 C:\xampp\htdocs\ci4_medis\system\CodeIgniter.php(412): CodeIgniter\CodeIgniter->runController(Object(App\Controllers\Category))
#7 C:\xampp\htdocs\ci4_medis\system\CodeIgniter.php(320): CodeIgniter\CodeIgniter->handleRequest(NULL, Object(Config\Cache), false)
#8 C:\xampp\htdocs\ci4_medis\public\index.php(37): CodeIgniter\CodeIgniter->run()
#9 C:\xampp\htdocs\ci4_medis\system\Commands\Server\rewrite.php(43): require_once('C:\\xampp\\htdocs...')
#10 {main}
CRITICAL - 2023-01-22 02:03:38 --> Undefined variable $category
#0 C:\xampp\htdocs\ci4_medis\app\Views\category\index.php(55): CodeIgniter\Debug\Exceptions->errorHandler(2, 'Undefined varia...', 'C:\\xampp\\htdocs...', 55)
#1 C:\xampp\htdocs\ci4_medis\system\View\View.php(210): include('C:\\xampp\\htdocs...')
#2 C:\xampp\htdocs\ci4_medis\system\View\View.php(213): CodeIgniter\View\View->CodeIgniter\View\{closure}()
#3 C:\xampp\htdocs\ci4_medis\system\Common.php(1089): CodeIgniter\View\View->render('category/index', Array, true)
#4 C:\xampp\htdocs\ci4_medis\app\Controllers\Category.php(61): view('category/index', Array)
#5 C:\xampp\htdocs\ci4_medis\system\CodeIgniter.php(825): App\Controllers\Category->index()
#6 C:\xampp\htdocs\ci4_medis\system\CodeIgniter.php(412): CodeIgniter\CodeIgniter->runController(Object(App\Controllers\Category))
#7 C:\xampp\htdocs\ci4_medis\system\CodeIgniter.php(320): CodeIgniter\CodeIgniter->handleRequest(NULL, Object(Config\Cache), false)
#8 C:\xampp\htdocs\ci4_medis\public\index.php(37): CodeIgniter\CodeIgniter->run()
#9 C:\xampp\htdocs\ci4_medis\system\Commands\Server\rewrite.php(43): require_once('C:\\xampp\\htdocs...')
#10 {main}
CRITICAL - 2023-01-22 02:03:39 --> Undefined variable $category
#0 C:\xampp\htdocs\ci4_medis\app\Views\category\index.php(55): CodeIgniter\Debug\Exceptions->errorHandler(2, 'Undefined varia...', 'C:\\xampp\\htdocs...', 55)
#1 C:\xampp\htdocs\ci4_medis\system\View\View.php(210): include('C:\\xampp\\htdocs...')
#2 C:\xampp\htdocs\ci4_medis\system\View\View.php(213): CodeIgniter\View\View->CodeIgniter\View\{closure}()
#3 C:\xampp\htdocs\ci4_medis\system\Common.php(1089): CodeIgniter\View\View->render('category/index', Array, true)
#4 C:\xampp\htdocs\ci4_medis\app\Controllers\Category.php(61): view('category/index', Array)
#5 C:\xampp\htdocs\ci4_medis\system\CodeIgniter.php(825): App\Controllers\Category->index()
#6 C:\xampp\htdocs\ci4_medis\system\CodeIgniter.php(412): CodeIgniter\CodeIgniter->runController(Object(App\Controllers\Category))
#7 C:\xampp\htdocs\ci4_medis\system\CodeIgniter.php(320): CodeIgniter\CodeIgniter->handleRequest(NULL, Object(Config\Cache), false)
#8 C:\xampp\htdocs\ci4_medis\public\index.php(37): CodeIgniter\CodeIgniter->run()
#9 C:\xampp\htdocs\ci4_medis\system\Commands\Server\rewrite.php(43): require_once('C:\\xampp\\htdocs...')
#10 {main}
CRITICAL - 2023-01-22 02:03:40 --> Undefined variable $category
#0 C:\xampp\htdocs\ci4_medis\app\Views\category\index.php(55): CodeIgniter\Debug\Exceptions->errorHandler(2, 'Undefined varia...', 'C:\\xampp\\htdocs...', 55)
#1 C:\xampp\htdocs\ci4_medis\system\View\View.php(210): include('C:\\xampp\\htdocs...')
#2 C:\xampp\htdocs\ci4_medis\system\View\View.php(213): CodeIgniter\View\View->CodeIgniter\View\{closure}()
#3 C:\xampp\htdocs\ci4_medis\system\Common.php(1089): CodeIgniter\View\View->render('category/index', Array, true)
#4 C:\xampp\htdocs\ci4_medis\app\Controllers\Category.php(61): view('category/index', Array)
#5 C:\xampp\htdocs\ci4_medis\system\CodeIgniter.php(825): App\Controllers\Category->index()
#6 C:\xampp\htdocs\ci4_medis\system\CodeIgniter.php(412): CodeIgniter\CodeIgniter->runController(Object(App\Controllers\Category))
#7 C:\xampp\htdocs\ci4_medis\system\CodeIgniter.php(320): CodeIgniter\CodeIgniter->handleRequest(NULL, Object(Config\Cache), false)
#8 C:\xampp\htdocs\ci4_medis\public\index.php(37): CodeIgniter\CodeIgniter->run()
#9 C:\xampp\htdocs\ci4_medis\system\Commands\Server\rewrite.php(43): require_once('C:\\xampp\\htdocs...')
#10 {main}
CRITICAL - 2023-01-22 02:03:51 --> Undefined variable $category
#0 C:\xampp\htdocs\ci4_medis\app\Views\category\index.php(55): CodeIgniter\Debug\Exceptions->errorHandler(2, 'Undefined varia...', 'C:\\xampp\\htdocs...', 55)
#1 C:\xampp\htdocs\ci4_medis\system\View\View.php(210): include('C:\\xampp\\htdocs...')
#2 C:\xampp\htdocs\ci4_medis\system\View\View.php(213): CodeIgniter\View\View->CodeIgniter\View\{closure}()
#3 C:\xampp\htdocs\ci4_medis\system\Common.php(1089): CodeIgniter\View\View->render('category/index', Array, true)
#4 C:\xampp\htdocs\ci4_medis\app\Controllers\Category.php(61): view('category/index', Array)
#5 C:\xampp\htdocs\ci4_medis\system\CodeIgniter.php(825): App\Controllers\Category->index()
#6 C:\xampp\htdocs\ci4_medis\system\CodeIgniter.php(412): CodeIgniter\CodeIgniter->runController(Object(App\Controllers\Category))
#7 C:\xampp\htdocs\ci4_medis\system\CodeIgniter.php(320): CodeIgniter\CodeIgniter->handleRequest(NULL, Object(Config\Cache), false)
#8 C:\xampp\htdocs\ci4_medis\public\index.php(37): CodeIgniter\CodeIgniter->run()
#9 C:\xampp\htdocs\ci4_medis\system\Commands\Server\rewrite.php(43): require_once('C:\\xampp\\htdocs...')
#10 {main}
CRITICAL - 2023-01-22 02:07:40 --> Undefined property: App\Controllers\Product::$category_model
#0 C:\xampp\htdocs\ci4_medis\app\Controllers\Product.php(26): CodeIgniter\Debug\Exceptions->errorHandler(2, 'Undefined prope...', 'C:\\xampp\\htdocs...', 26)
#1 C:\xampp\htdocs\ci4_medis\system\CodeIgniter.php(825): App\Controllers\Product->index()
#2 C:\xampp\htdocs\ci4_medis\system\CodeIgniter.php(412): CodeIgniter\CodeIgniter->runController(Object(App\Controllers\Product))
#3 C:\xampp\htdocs\ci4_medis\system\CodeIgniter.php(320): CodeIgniter\CodeIgniter->handleRequest(NULL, Object(Config\Cache), false)
#4 C:\xampp\htdocs\ci4_medis\public\index.php(37): CodeIgniter\CodeIgniter->run()
#5 C:\xampp\htdocs\ci4_medis\system\Commands\Server\rewrite.php(43): require_once('C:\\xampp\\htdocs...')
#6 {main}
CRITICAL - 2023-01-22 02:12:17 --> Undefined property: App\Controllers\Category::$category_model
#0 C:\xampp\htdocs\ci4_medis\app\Controllers\Category.php(30): CodeIgniter\Debug\Exceptions->errorHandler(2, 'Undefined prope...', 'C:\\xampp\\htdocs...', 30)
#1 C:\xampp\htdocs\ci4_medis\system\CodeIgniter.php(825): App\Controllers\Category->index()
#2 C:\xampp\htdocs\ci4_medis\system\CodeIgniter.php(412): CodeIgniter\CodeIgniter->runController(Object(App\Controllers\Category))
#3 C:\xampp\htdocs\ci4_medis\system\CodeIgniter.php(320): CodeIgniter\CodeIgniter->handleRequest(NULL, Object(Config\Cache), false)
#4 C:\xampp\htdocs\ci4_medis\public\index.php(37): CodeIgniter\CodeIgniter->run()
#5 C:\xampp\htdocs\ci4_medis\system\Commands\Server\rewrite.php(43): require_once('C:\\xampp\\htdocs...')
#6 {main}
CRITICAL - 2023-01-22 02:14:06 --> Array to string conversion
#0 C:\xampp\htdocs\ci4_medis\system\Helpers\form_helper.php(718): CodeIgniter\Debug\Exceptions->errorHandler(2, 'Array to string...', 'C:\\xampp\\htdocs...', 718)
#1 C:\xampp\htdocs\ci4_medis\system\Helpers\form_helper.php(308): parse_form_attributes(Array, Array)
#2 C:\xampp\htdocs\ci4_medis\app\Views\category\index.php(55): form_dropdown(Array, Array, Array)
#3 C:\xampp\htdocs\ci4_medis\system\View\View.php(210): include('C:\\xampp\\htdocs...')
#4 C:\xampp\htdocs\ci4_medis\system\View\View.php(213): CodeIgniter\View\View->CodeIgniter\View\{closure}()
#5 C:\xampp\htdocs\ci4_medis\system\Common.php(1089): CodeIgniter\View\View->render('category/index', Array, true)
#6 C:\xampp\htdocs\ci4_medis\app\Controllers\Category.php(61): view('category/index', Array)
#7 C:\xampp\htdocs\ci4_medis\system\CodeIgniter.php(825): App\Controllers\Category->index()
#8 C:\xampp\htdocs\ci4_medis\system\CodeIgniter.php(412): CodeIgniter\CodeIgniter->runController(Object(App\Controllers\Category))
#9 C:\xampp\htdocs\ci4_medis\system\CodeIgniter.php(320): CodeIgniter\CodeIgniter->handleRequest(NULL, Object(Config\Cache), false)
#10 C:\xampp\htdocs\ci4_medis\public\index.php(37): CodeIgniter\CodeIgniter->run()
#11 C:\xampp\htdocs\ci4_medis\system\Commands\Server\rewrite.php(43): require_once('C:\\xampp\\htdocs...')
#12 {main}
CRITICAL - 2023-01-22 02:23:45 --> Undefined variable $category
#0 C:\xampp\htdocs\ci4_medis\app\Views\category\index.php(55): CodeIgniter\Debug\Exceptions->errorHandler(2, 'Undefined varia...', 'C:\\xampp\\htdocs...', 55)
#1 C:\xampp\htdocs\ci4_medis\system\View\View.php(210): include('C:\\xampp\\htdocs...')
#2 C:\xampp\htdocs\ci4_medis\system\View\View.php(213): CodeIgniter\View\View->CodeIgniter\View\{closure}()
#3 C:\xampp\htdocs\ci4_medis\system\Common.php(1089): CodeIgniter\View\View->render('category/index', Array, true)
#4 C:\xampp\htdocs\ci4_medis\app\Controllers\Category.php(61): view('category/index', Array)
#5 C:\xampp\htdocs\ci4_medis\system\CodeIgniter.php(825): App\Controllers\Category->index()
#6 C:\xampp\htdocs\ci4_medis\system\CodeIgniter.php(412): CodeIgniter\CodeIgniter->runController(Object(App\Controllers\Category))
#7 C:\xampp\htdocs\ci4_medis\system\CodeIgniter.php(320): CodeIgniter\CodeIgniter->handleRequest(NULL, Object(Config\Cache), false)
#8 C:\xampp\htdocs\ci4_medis\public\index.php(37): CodeIgniter\CodeIgniter->run()
#9 C:\xampp\htdocs\ci4_medis\system\Commands\Server\rewrite.php(43): require_once('C:\\xampp\\htdocs...')
#10 {main}
CRITICAL - 2023-01-22 02:58:08 --> Undefined variable $keyword
#0 C:\xampp\htdocs\ci4_medis\app\Views\category\index.php(60): CodeIgniter\Debug\Exceptions->errorHandler(2, 'Undefined varia...', 'C:\\xampp\\htdocs...', 60)
#1 C:\xampp\htdocs\ci4_medis\system\View\View.php(210): include('C:\\xampp\\htdocs...')
#2 C:\xampp\htdocs\ci4_medis\system\View\View.php(213): CodeIgniter\View\View->CodeIgniter\View\{closure}()
#3 C:\xampp\htdocs\ci4_medis\system\Common.php(1089): CodeIgniter\View\View->render('category/index', Array, true)
#4 C:\xampp\htdocs\ci4_medis\app\Controllers\Category.php(37): view('category/index', Array)
#5 C:\xampp\htdocs\ci4_medis\system\CodeIgniter.php(825): App\Controllers\Category->index()
#6 C:\xampp\htdocs\ci4_medis\system\CodeIgniter.php(412): CodeIgniter\CodeIgniter->runController(Object(App\Controllers\Category))
#7 C:\xampp\htdocs\ci4_medis\system\CodeIgniter.php(320): CodeIgniter\CodeIgniter->handleRequest(NULL, Object(Config\Cache), false)
#8 C:\xampp\htdocs\ci4_medis\public\index.php(37): CodeIgniter\CodeIgniter->run()
#9 C:\xampp\htdocs\ci4_medis\system\Commands\Server\rewrite.php(43): require_once('C:\\xampp\\htdocs...')
#10 {main}
CRITICAL - 2023-01-22 02:59:51 --> Undefined variable $keyword
#0 C:\xampp\htdocs\ci4_medis\app\Views\category\index.php(60): CodeIgniter\Debug\Exceptions->errorHandler(2, 'Undefined varia...', 'C:\\xampp\\htdocs...', 60)
#1 C:\xampp\htdocs\ci4_medis\system\View\View.php(210): include('C:\\xampp\\htdocs...')
#2 C:\xampp\htdocs\ci4_medis\system\View\View.php(213): CodeIgniter\View\View->CodeIgniter\View\{closure}()
#3 C:\xampp\htdocs\ci4_medis\system\Common.php(1089): CodeIgniter\View\View->render('category/index', Array, true)
#4 C:\xampp\htdocs\ci4_medis\app\Controllers\Category.php(42): view('category/index', Array)
#5 C:\xampp\htdocs\ci4_medis\system\CodeIgniter.php(825): App\Controllers\Category->index()
#6 C:\xampp\htdocs\ci4_medis\system\CodeIgniter.php(412): CodeIgniter\CodeIgniter->runController(Object(App\Controllers\Category))
#7 C:\xampp\htdocs\ci4_medis\system\CodeIgniter.php(320): CodeIgniter\CodeIgniter->handleRequest(NULL, Object(Config\Cache), false)
#8 C:\xampp\htdocs\ci4_medis\public\index.php(37): CodeIgniter\CodeIgniter->run()
#9 C:\xampp\htdocs\ci4_medis\system\Commands\Server\rewrite.php(43): require_once('C:\\xampp\\htdocs...')
#10 {main}
CRITICAL - 2023-01-22 02:59:53 --> Undefined variable $keyword
#0 C:\xampp\htdocs\ci4_medis\app\Views\category\index.php(60): CodeIgniter\Debug\Exceptions->errorHandler(2, 'Undefined varia...', 'C:\\xampp\\htdocs...', 60)
#1 C:\xampp\htdocs\ci4_medis\system\View\View.php(210): include('C:\\xampp\\htdocs...')
#2 C:\xampp\htdocs\ci4_medis\system\View\View.php(213): CodeIgniter\View\View->CodeIgniter\View\{closure}()
#3 C:\xampp\htdocs\ci4_medis\system\Common.php(1089): CodeIgniter\View\View->render('category/index', Array, true)
#4 C:\xampp\htdocs\ci4_medis\app\Controllers\Category.php(42): view('category/index', Array)
#5 C:\xampp\htdocs\ci4_medis\system\CodeIgniter.php(825): App\Controllers\Category->index()
#6 C:\xampp\htdocs\ci4_medis\system\CodeIgniter.php(412): CodeIgniter\CodeIgniter->runController(Object(App\Controllers\Category))
#7 C:\xampp\htdocs\ci4_medis\system\CodeIgniter.php(320): CodeIgniter\CodeIgniter->handleRequest(NULL, Object(Config\Cache), false)
#8 C:\xampp\htdocs\ci4_medis\public\index.php(37): CodeIgniter\CodeIgniter->run()
#9 C:\xampp\htdocs\ci4_medis\system\Commands\Server\rewrite.php(43): require_once('C:\\xampp\\htdocs...')
#10 {main}
CRITICAL - 2023-01-22 03:02:50 --> Undefined property: App\Controllers\Category::$category_model
#0 C:\xampp\htdocs\ci4_medis\app\Controllers\Category.php(30): CodeIgniter\Debug\Exceptions->errorHandler(2, 'Undefined prope...', 'C:\\xampp\\htdocs...', 30)
#1 C:\xampp\htdocs\ci4_medis\system\CodeIgniter.php(825): App\Controllers\Category->index()
#2 C:\xampp\htdocs\ci4_medis\system\CodeIgniter.php(412): CodeIgniter\CodeIgniter->runController(Object(App\Controllers\Category))
#3 C:\xampp\htdocs\ci4_medis\system\CodeIgniter.php(320): CodeIgniter\CodeIgniter->handleRequest(NULL, Object(Config\Cache), false)
#4 C:\xampp\htdocs\ci4_medis\public\index.php(37): CodeIgniter\CodeIgniter->run()
#5 C:\xampp\htdocs\ci4_medis\system\Commands\Server\rewrite.php(43): require_once('C:\\xampp\\htdocs...')
#6 {main}
ERROR - 2023-01-22 03:03:27 --> Unknown column 'category_status' in 'where clause'
CRITICAL - 2023-01-22 03:03:27 --> Unknown column 'category_status' in 'where clause'
#0 C:\xampp\htdocs\ci4_medis\system\Database\MySQLi\Connection.php(292): mysqli->query('SELECT *\nFROM `...', 0)
#1 C:\xampp\htdocs\ci4_medis\system\Database\BaseConnection.php(670): CodeIgniter\Database\MySQLi\Connection->execute('SELECT *\nFROM `...')
#2 C:\xampp\htdocs\ci4_medis\system\Database\BaseConnection.php(598): CodeIgniter\Database\BaseConnection->simpleQuery('SELECT *\nFROM `...')
#3 C:\xampp\htdocs\ci4_medis\system\Database\BaseBuilder.php(1455): CodeIgniter\Database\BaseConnection->query('SELECT *\nFROM `...', Array, false)
#4 C:\xampp\htdocs\ci4_medis\system\Model.php(183): CodeIgniter\Database\BaseBuilder->get()
#5 C:\xampp\htdocs\ci4_medis\system\BaseModel.php(584): CodeIgniter\Model->doFindAll(0, 0)
#6 C:\xampp\htdocs\ci4_medis\app\Controllers\Category.php(30): CodeIgniter\BaseModel->findAll()
#7 C:\xampp\htdocs\ci4_medis\system\CodeIgniter.php(825): App\Controllers\Category->index()
#8 C:\xampp\htdocs\ci4_medis\system\CodeIgniter.php(412): CodeIgniter\CodeIgniter->runController(Object(App\Controllers\Category))
#9 C:\xampp\htdocs\ci4_medis\system\CodeIgniter.php(320): CodeIgniter\CodeIgniter->handleRequest(NULL, Object(Config\Cache), false)
#10 C:\xampp\htdocs\ci4_medis\public\index.php(37): CodeIgniter\CodeIgniter->run()
#11 C:\xampp\htdocs\ci4_medis\system\Commands\Server\rewrite.php(43): require_once('C:\\xampp\\htdocs...')
#12 {main}
CRITICAL - 2023-01-22 03:04:35 --> Undefined variable $obat0014
#0 C:\xampp\htdocs\ci4_medis\app\Controllers\Category.php(31): CodeIgniter\Debug\Exceptions->errorHandler(2, 'Undefined varia...', 'C:\\xampp\\htdocs...', 31)
#1 C:\xampp\htdocs\ci4_medis\system\CodeIgniter.php(825): App\Controllers\Category->index()
#2 C:\xampp\htdocs\ci4_medis\system\CodeIgniter.php(412): CodeIgniter\CodeIgniter->runController(Object(App\Controllers\Category))
#3 C:\xampp\htdocs\ci4_medis\system\CodeIgniter.php(320): CodeIgniter\CodeIgniter->handleRequest(NULL, Object(Config\Cache), false)
#4 C:\xampp\htdocs\ci4_medis\public\index.php(37): CodeIgniter\CodeIgniter->run()
#5 C:\xampp\htdocs\ci4_medis\system\Commands\Server\rewrite.php(43): require_once('C:\\xampp\\htdocs...')
#6 {main}
CRITICAL - 2023-01-22 03:04:36 --> Undefined variable $obat0014
#0 C:\xampp\htdocs\ci4_medis\app\Controllers\Category.php(31): CodeIgniter\Debug\Exceptions->errorHandler(2, 'Undefined varia...', 'C:\\xampp\\htdocs...', 31)
#1 C:\xampp\htdocs\ci4_medis\system\CodeIgniter.php(825): App\Controllers\Category->index()
#2 C:\xampp\htdocs\ci4_medis\system\CodeIgniter.php(412): CodeIgniter\CodeIgniter->runController(Object(App\Controllers\Category))
#3 C:\xampp\htdocs\ci4_medis\system\CodeIgniter.php(320): CodeIgniter\CodeIgniter->handleRequest(NULL, Object(Config\Cache), false)
#4 C:\xampp\htdocs\ci4_medis\public\index.php(37): CodeIgniter\CodeIgniter->run()
#5 C:\xampp\htdocs\ci4_medis\system\Commands\Server\rewrite.php(43): require_once('C:\\xampp\\htdocs...')
#6 {main}
ERROR - 2023-01-22 03:05:50 --> Unknown column 'obat0014.nama' in 'where clause'
CRITICAL - 2023-01-22 03:05:50 --> Unknown column 'obat0014.nama' in 'where clause'
#0 C:\xampp\htdocs\ci4_medis\system\Database\MySQLi\Connection.php(292): mysqli->query('SELECT COUNT(*)...', 0)
#1 C:\xampp\htdocs\ci4_medis\system\Database\BaseConnection.php(670): CodeIgniter\Database\MySQLi\Connection->execute('SELECT COUNT(*)...')
#2 C:\xampp\htdocs\ci4_medis\system\Database\BaseConnection.php(598): CodeIgniter\Database\BaseConnection->simpleQuery('SELECT COUNT(*)...')
#3 C:\xampp\htdocs\ci4_medis\system\Database\BaseBuilder.php(1539): CodeIgniter\Database\BaseConnection->query('SELECT COUNT(*)...', Array, false)
#4 C:\xampp\htdocs\ci4_medis\system\Model.php(509): CodeIgniter\Database\BaseBuilder->countAllResults(false)
#5 C:\xampp\htdocs\ci4_medis\system\BaseModel.php(1084): CodeIgniter\Model->countAllResults(false)
#6 C:\xampp\htdocs\ci4_medis\app\Controllers\Category.php(51): CodeIgniter\BaseModel->paginate(6, 'category')
#7 C:\xampp\htdocs\ci4_medis\system\CodeIgniter.php(825): App\Controllers\Category->index()
#8 C:\xampp\htdocs\ci4_medis\system\CodeIgniter.php(412): CodeIgniter\CodeIgniter->runController(Object(App\Controllers\Category))
#9 C:\xampp\htdocs\ci4_medis\system\CodeIgniter.php(320): CodeIgniter\CodeIgniter->handleRequest(NULL, Object(Config\Cache), false)
#10 C:\xampp\htdocs\ci4_medis\public\index.php(37): CodeIgniter\CodeIgniter->run()
#11 C:\xampp\htdocs\ci4_medis\system\Commands\Server\rewrite.php(43): require_once('C:\\xampp\\htdocs...')
#12 {main}
ERROR - 2023-01-22 03:06:24 --> Unknown column 'nama' in 'where clause'
CRITICAL - 2023-01-22 03:06:24 --> Unknown column 'nama' in 'where clause'
#0 C:\xampp\htdocs\ci4_medis\system\Database\MySQLi\Connection.php(292): mysqli->query('SELECT COUNT(*)...', 0)
#1 C:\xampp\htdocs\ci4_medis\system\Database\BaseConnection.php(670): CodeIgniter\Database\MySQLi\Connection->execute('SELECT COUNT(*)...')
#2 C:\xampp\htdocs\ci4_medis\system\Database\BaseConnection.php(598): CodeIgniter\Database\BaseConnection->simpleQuery('SELECT COUNT(*)...')
#3 C:\xampp\htdocs\ci4_medis\system\Database\BaseBuilder.php(1539): CodeIgniter\Database\BaseConnection->query('SELECT COUNT(*)...', Array, false)
#4 C:\xampp\htdocs\ci4_medis\system\Model.php(509): CodeIgniter\Database\BaseBuilder->countAllResults(false)
#5 C:\xampp\htdocs\ci4_medis\system\BaseModel.php(1084): CodeIgniter\Model->countAllResults(false)
#6 C:\xampp\htdocs\ci4_medis\app\Controllers\Category.php(51): CodeIgniter\BaseModel->paginate(6, 'category')
#7 C:\xampp\htdocs\ci4_medis\system\CodeIgniter.php(825): App\Controllers\Category->index()
#8 C:\xampp\htdocs\ci4_medis\system\CodeIgniter.php(412): CodeIgniter\CodeIgniter->runController(Object(App\Controllers\Category))
#9 C:\xampp\htdocs\ci4_medis\system\CodeIgniter.php(320): CodeIgniter\CodeIgniter->handleRequest(NULL, Object(Config\Cache), false)
#10 C:\xampp\htdocs\ci4_medis\public\index.php(37): CodeIgniter\CodeIgniter->run()
#11 C:\xampp\htdocs\ci4_medis\system\Commands\Server\rewrite.php(43): require_once('C:\\xampp\\htdocs...')
#12 {main}
ERROR - 2023-01-22 03:06:35 --> Unknown column 'nama' in 'where clause'
CRITICAL - 2023-01-22 03:06:35 --> Unknown column 'nama' in 'where clause'
#0 C:\xampp\htdocs\ci4_medis\system\Database\MySQLi\Connection.php(292): mysqli->query('SELECT COUNT(*)...', 0)
#1 C:\xampp\htdocs\ci4_medis\system\Database\BaseConnection.php(670): CodeIgniter\Database\MySQLi\Connection->execute('SELECT COUNT(*)...')
#2 C:\xampp\htdocs\ci4_medis\system\Database\BaseConnection.php(598): CodeIgniter\Database\BaseConnection->simpleQuery('SELECT COUNT(*)...')
#3 C:\xampp\htdocs\ci4_medis\system\Database\BaseBuilder.php(1539): CodeIgniter\Database\BaseConnection->query('SELECT COUNT(*)...', Array, false)
#4 C:\xampp\htdocs\ci4_medis\system\Model.php(509): CodeIgniter\Database\BaseBuilder->countAllResults(false)
#5 C:\xampp\htdocs\ci4_medis\system\BaseModel.php(1084): CodeIgniter\Model->countAllResults(false)
#6 C:\xampp\htdocs\ci4_medis\app\Controllers\Category.php(51): CodeIgniter\BaseModel->paginate(6, 'category')
#7 C:\xampp\htdocs\ci4_medis\system\CodeIgniter.php(825): App\Controllers\Category->index()
#8 C:\xampp\htdocs\ci4_medis\system\CodeIgniter.php(412): CodeIgniter\CodeIgniter->runController(Object(App\Controllers\Category))
#9 C:\xampp\htdocs\ci4_medis\system\CodeIgniter.php(320): CodeIgniter\CodeIgniter->handleRequest(NULL, Object(Config\Cache), false)
#10 C:\xampp\htdocs\ci4_medis\public\index.php(37): CodeIgniter\CodeIgniter->run()
#11 C:\xampp\htdocs\ci4_medis\system\Commands\Server\rewrite.php(43): require_once('C:\\xampp\\htdocs...')
#12 {main}
