ERROR - 2023-06-09 07:38:07 --> MySQL server has gone away
CRITICAL - 2023-06-09 07:38:07 --> MySQL server has gone away
#0 C:\xampp\UTS_Enterprise_msi\system\Database\MySQLi\Connection.php(292): mysqli->query('SELECT COUNT(*)...', 0)
#1 C:\xampp\UTS_Enterprise_msi\system\Database\BaseConnection.php(670): CodeIgniter\Database\MySQLi\Connection->execute('SELECT COUNT(*)...')
#2 C:\xampp\UTS_Enterprise_msi\system\Database\BaseConnection.php(598): CodeIgniter\Database\BaseConnection->simpleQuery('SELECT COUNT(*)...')
#3 C:\xampp\UTS_Enterprise_msi\system\Database\BaseBuilder.php(1484): CodeIgniter\Database\BaseConnection->query('SELECT COUNT(*)...', NULL, false)
#4 C:\xampp\UTS_Enterprise_msi\system\Model.php(728): CodeIgniter\Database\BaseBuilder->countAll()
#5 C:\xampp\UTS_Enterprise_msi\app\Models\Auth_model.php(30): CodeIgniter\Model->__call('countAll', Array)
#6 C:\xampp\UTS_Enterprise_msi\app\Controllers\Auth.php(82): App\Models\Auth_model->cek_login('aabbcc')
#7 C:\xampp\UTS_Enterprise_msi\system\CodeIgniter.php(825): App\Controllers\Auth->proses_login()
#8 C:\xampp\UTS_Enterprise_msi\system\CodeIgniter.php(412): CodeIgniter\CodeIgniter->runController(Object(App\Controllers\Auth))
#9 C:\xampp\UTS_Enterprise_msi\system\CodeIgniter.php(320): CodeIgniter\CodeIgniter->handleRequest(NULL, Object(Config\Cache), false)
#10 C:\xampp\UTS_Enterprise_msi\public\index.php(37): CodeIgniter\CodeIgniter->run()
#11 C:\xampp\UTS_Enterprise_msi\system\Commands\Server\rewrite.php(43): require_once('C:\\xampp\\UTS_En...')
#12 {main}
ERROR - 2023-06-09 07:38:21 --> Error connecting to the database: No connection could be made because the target machine actively refused it
CRITICAL - 2023-06-09 07:38:21 --> Unable to connect to the database.
Main connection [MySQLi]: No connection could be made because the target machine actively refused it
#0 C:\xampp\UTS_Enterprise_msi\system\Database\BaseConnection.php(577): CodeIgniter\Database\BaseConnection->initialize()
#1 C:\xampp\UTS_Enterprise_msi\system\Database\BaseBuilder.php(1484): CodeIgniter\Database\BaseConnection->query('SELECT COUNT(*)...', NULL, false)
#2 C:\xampp\UTS_Enterprise_msi\system\Model.php(728): CodeIgniter\Database\BaseBuilder->countAll()
#3 C:\xampp\UTS_Enterprise_msi\app\Models\Auth_model.php(30): CodeIgniter\Model->__call('countAll', Array)
#4 C:\xampp\UTS_Enterprise_msi\app\Controllers\Auth.php(82): App\Models\Auth_model->cek_login('aabbcc')
#5 C:\xampp\UTS_Enterprise_msi\system\CodeIgniter.php(825): App\Controllers\Auth->proses_login()
#6 C:\xampp\UTS_Enterprise_msi\system\CodeIgniter.php(412): CodeIgniter\CodeIgniter->runController(Object(App\Controllers\Auth))
#7 C:\xampp\UTS_Enterprise_msi\system\CodeIgniter.php(320): CodeIgniter\CodeIgniter->handleRequest(NULL, Object(Config\Cache), false)
#8 C:\xampp\UTS_Enterprise_msi\public\index.php(37): CodeIgniter\CodeIgniter->run()
#9 C:\xampp\UTS_Enterprise_msi\system\Commands\Server\rewrite.php(43): require_once('C:\\xampp\\UTS_En...')
#10 {main}
CRITICAL - 2023-06-09 08:29:51 --> Invalid file: penjadwalan/idx16.php
#0 C:\xampp\UTS_Enterprise_msi\system\View\View.php(198): CodeIgniter\Exceptions\FrameworkException::forInvalidFile('penjadwalan/idx...')
#1 C:\xampp\UTS_Enterprise_msi\system\Common.php(1089): CodeIgniter\View\View->render('penjadwalan/idx...', Array, true)
#2 C:\xampp\UTS_Enterprise_msi\app\Controllers\Penjadwalan.php(33): view('penjadwalan/idx...', Array)
#3 C:\xampp\UTS_Enterprise_msi\system\CodeIgniter.php(825): App\Controllers\Penjadwalan->index()
#4 C:\xampp\UTS_Enterprise_msi\system\CodeIgniter.php(412): CodeIgniter\CodeIgniter->runController(Object(App\Controllers\Penjadwalan))
#5 C:\xampp\UTS_Enterprise_msi\system\CodeIgniter.php(320): CodeIgniter\CodeIgniter->handleRequest(NULL, Object(Config\Cache), false)
#6 C:\xampp\UTS_Enterprise_msi\public\index.php(37): CodeIgniter\CodeIgniter->run()
#7 C:\xampp\UTS_Enterprise_msi\system\Commands\Server\rewrite.php(43): require_once('C:\\xampp\\UTS_En...')
#8 {main}
CRITICAL - 2023-06-09 08:29:59 --> Invalid file: penjadwalan/idx16.php
#0 C:\xampp\UTS_Enterprise_msi\system\View\View.php(198): CodeIgniter\Exceptions\FrameworkException::forInvalidFile('penjadwalan/idx...')
#1 C:\xampp\UTS_Enterprise_msi\system\Common.php(1089): CodeIgniter\View\View->render('penjadwalan/idx...', Array, true)
#2 C:\xampp\UTS_Enterprise_msi\app\Controllers\Penjadwalan.php(33): view('penjadwalan/idx...', Array)
#3 C:\xampp\UTS_Enterprise_msi\system\CodeIgniter.php(825): App\Controllers\Penjadwalan->index()
#4 C:\xampp\UTS_Enterprise_msi\system\CodeIgniter.php(412): CodeIgniter\CodeIgniter->runController(Object(App\Controllers\Penjadwalan))
#5 C:\xampp\UTS_Enterprise_msi\system\CodeIgniter.php(320): CodeIgniter\CodeIgniter->handleRequest(NULL, Object(Config\Cache), false)
#6 C:\xampp\UTS_Enterprise_msi\public\index.php(37): CodeIgniter\CodeIgniter->run()
#7 C:\xampp\UTS_Enterprise_msi\system\Commands\Server\rewrite.php(43): require_once('C:\\xampp\\UTS_En...')
#8 {main}
CRITICAL - 2023-06-09 23:44:27 --> Maximum execution time of 60 seconds exceeded
#0 [internal function]: CodeIgniter\Debug\Exceptions->shutdownHandler()
#1 {main}
CRITICAL - 2023-06-09 23:53:09 --> Undefined variable $j
#0 C:\xampp\UTS_Enterprise_msi\app\Views\penjadwalan\view.php(74): CodeIgniter\Debug\Exceptions->errorHandler(2, 'Undefined varia...', 'C:\\xampp\\UTS_En...', 74)
#1 C:\xampp\UTS_Enterprise_msi\system\View\View.php(210): include('C:\\xampp\\UTS_En...')
#2 C:\xampp\UTS_Enterprise_msi\system\View\View.php(213): CodeIgniter\View\View->CodeIgniter\View\{closure}()
#3 C:\xampp\UTS_Enterprise_msi\system\Common.php(1089): CodeIgniter\View\View->render('penjadwalan/vie...', Array, true)
#4 C:\xampp\UTS_Enterprise_msi\app\Controllers\Penjadwalan.php(60): view('penjadwalan/vie...', Array)
#5 C:\xampp\UTS_Enterprise_msi\system\CodeIgniter.php(825): App\Controllers\Penjadwalan->view()
#6 C:\xampp\UTS_Enterprise_msi\system\CodeIgniter.php(412): CodeIgniter\CodeIgniter->runController(Object(App\Controllers\Penjadwalan))
#7 C:\xampp\UTS_Enterprise_msi\system\CodeIgniter.php(320): CodeIgniter\CodeIgniter->handleRequest(NULL, Object(Config\Cache), false)
#8 C:\xampp\UTS_Enterprise_msi\public\index.php(37): CodeIgniter\CodeIgniter->run()
#9 C:\xampp\UTS_Enterprise_msi\system\Commands\Server\rewrite.php(43): require_once('C:\\xampp\\UTS_En...')
#10 {main}
