CRITICAL - 2023-06-19 09:38:18 --> Trying to access array offset on value of type null
#0 C:\xampp\UTS_Enterprise_msi - Copy\app\Views\manajemenajaran\edit21.php(43): CodeIgniter\Debug\Exceptions->errorHandler(2, 'Trying to acces...', 'C:\\xampp\\UTS_En...', 43)
#1 C:\xampp\UTS_Enterprise_msi - Copy\system\View\View.php(210): include('C:\\xampp\\UTS_En...')
#2 C:\xampp\UTS_Enterprise_msi - Copy\system\View\View.php(213): CodeIgniter\View\View->CodeIgniter\View\{closure}()
#3 C:\xampp\UTS_Enterprise_msi - Copy\system\Common.php(1089): CodeIgniter\View\View->render('manajemenajaran...', Array, true)
#4 C:\xampp\UTS_Enterprise_msi - Copy\app\Controllers\Manajemenajaran.php(99): view('manajemenajaran...', Array)
#5 C:\xampp\UTS_Enterprise_msi - Copy\system\CodeIgniter.php(825): App\Controllers\Manajemenajaran->edit21('2020', '2021')
#6 C:\xampp\UTS_Enterprise_msi - Copy\system\CodeIgniter.php(412): CodeIgniter\CodeIgniter->runController(Object(App\Controllers\Manajemenajaran))
#7 C:\xampp\UTS_Enterprise_msi - Copy\system\CodeIgniter.php(320): CodeIgniter\CodeIgniter->handleRequest(NULL, Object(Config\Cache), false)
#8 C:\xampp\UTS_Enterprise_msi - Copy\public\index.php(37): CodeIgniter\CodeIgniter->run()
#9 C:\xampp\UTS_Enterprise_msi - Copy\system\Commands\Server\rewrite.php(43): require_once('C:\\xampp\\UTS_En...')
#10 {main}
CRITICAL - 2023-06-19 09:45:59 --> Trying to access array offset on value of type null
#0 C:\xampp\UTS_Enterprise_msi - Copy\app\Views\manajemenajaran\edit21.php(45): CodeIgniter\Debug\Exceptions->errorHandler(2, 'Trying to acces...', 'C:\\xampp\\UTS_En...', 45)
#1 C:\xampp\UTS_Enterprise_msi - Copy\system\View\View.php(210): include('C:\\xampp\\UTS_En...')
#2 C:\xampp\UTS_Enterprise_msi - Copy\system\View\View.php(213): CodeIgniter\View\View->CodeIgniter\View\{closure}()
#3 C:\xampp\UTS_Enterprise_msi - Copy\system\Common.php(1089): CodeIgniter\View\View->render('manajemenajaran...', Array, true)
#4 C:\xampp\UTS_Enterprise_msi - Copy\app\Controllers\Manajemenajaran.php(99): view('manajemenajaran...', Array)
#5 C:\xampp\UTS_Enterprise_msi - Copy\system\CodeIgniter.php(825): App\Controllers\Manajemenajaran->edit21('2020', '2021')
#6 C:\xampp\UTS_Enterprise_msi - Copy\system\CodeIgniter.php(412): CodeIgniter\CodeIgniter->runController(Object(App\Controllers\Manajemenajaran))
#7 C:\xampp\UTS_Enterprise_msi - Copy\system\CodeIgniter.php(320): CodeIgniter\CodeIgniter->handleRequest(NULL, Object(Config\Cache), false)
#8 C:\xampp\UTS_Enterprise_msi - Copy\public\index.php(37): CodeIgniter\CodeIgniter->run()
#9 C:\xampp\UTS_Enterprise_msi - Copy\system\Commands\Server\rewrite.php(43): require_once('C:\\xampp\\UTS_En...')
#10 {main}
CRITICAL - 2023-06-19 09:46:17 --> Trying to access array offset on value of type null
#0 C:\xampp\UTS_Enterprise_msi - Copy\app\Views\manajemenajaran\edit21.php(47): CodeIgniter\Debug\Exceptions->errorHandler(2, 'Trying to acces...', 'C:\\xampp\\UTS_En...', 47)
#1 C:\xampp\UTS_Enterprise_msi - Copy\system\View\View.php(210): include('C:\\xampp\\UTS_En...')
#2 C:\xampp\UTS_Enterprise_msi - Copy\system\View\View.php(213): CodeIgniter\View\View->CodeIgniter\View\{closure}()
#3 C:\xampp\UTS_Enterprise_msi - Copy\system\Common.php(1089): CodeIgniter\View\View->render('manajemenajaran...', Array, true)
#4 C:\xampp\UTS_Enterprise_msi - Copy\app\Controllers\Manajemenajaran.php(99): view('manajemenajaran...', Array)
#5 C:\xampp\UTS_Enterprise_msi - Copy\system\CodeIgniter.php(825): App\Controllers\Manajemenajaran->edit21('2020', '2021')
#6 C:\xampp\UTS_Enterprise_msi - Copy\system\CodeIgniter.php(412): CodeIgniter\CodeIgniter->runController(Object(App\Controllers\Manajemenajaran))
#7 C:\xampp\UTS_Enterprise_msi - Copy\system\CodeIgniter.php(320): CodeIgniter\CodeIgniter->handleRequest(NULL, Object(Config\Cache), false)
#8 C:\xampp\UTS_Enterprise_msi - Copy\public\index.php(37): CodeIgniter\CodeIgniter->run()
#9 C:\xampp\UTS_Enterprise_msi - Copy\system\Commands\Server\rewrite.php(43): require_once('C:\\xampp\\UTS_En...')
#10 {main}
CRITICAL - 2023-06-19 09:51:29 --> Trying to access array offset on value of type null
#0 C:\xampp\UTS_Enterprise_msi - Copy\app\Views\manajemenajaran\edit21.php(45): CodeIgniter\Debug\Exceptions->errorHandler(2, 'Trying to acces...', 'C:\\xampp\\UTS_En...', 45)
#1 C:\xampp\UTS_Enterprise_msi - Copy\system\View\View.php(210): include('C:\\xampp\\UTS_En...')
#2 C:\xampp\UTS_Enterprise_msi - Copy\system\View\View.php(213): CodeIgniter\View\View->CodeIgniter\View\{closure}()
#3 C:\xampp\UTS_Enterprise_msi - Copy\system\Common.php(1089): CodeIgniter\View\View->render('manajemenajaran...', Array, true)
#4 C:\xampp\UTS_Enterprise_msi - Copy\app\Controllers\Manajemenajaran.php(99): view('manajemenajaran...', Array)
#5 C:\xampp\UTS_Enterprise_msi - Copy\system\CodeIgniter.php(825): App\Controllers\Manajemenajaran->edit21('2020', '2021')
#6 C:\xampp\UTS_Enterprise_msi - Copy\system\CodeIgniter.php(412): CodeIgniter\CodeIgniter->runController(Object(App\Controllers\Manajemenajaran))
#7 C:\xampp\UTS_Enterprise_msi - Copy\system\CodeIgniter.php(320): CodeIgniter\CodeIgniter->handleRequest(NULL, Object(Config\Cache), false)
#8 C:\xampp\UTS_Enterprise_msi - Copy\public\index.php(37): CodeIgniter\CodeIgniter->run()
#9 C:\xampp\UTS_Enterprise_msi - Copy\system\Commands\Server\rewrite.php(43): require_once('C:\\xampp\\UTS_En...')
#10 {main}
CRITICAL - 2023-06-19 09:52:35 --> Trying to access array offset on value of type null
#0 C:\xampp\UTS_Enterprise_msi - Copy\app\Views\manajemenajaran\edit21.php(53): CodeIgniter\Debug\Exceptions->errorHandler(2, 'Trying to acces...', 'C:\\xampp\\UTS_En...', 53)
#1 C:\xampp\UTS_Enterprise_msi - Copy\system\View\View.php(210): include('C:\\xampp\\UTS_En...')
#2 C:\xampp\UTS_Enterprise_msi - Copy\system\View\View.php(213): CodeIgniter\View\View->CodeIgniter\View\{closure}()
#3 C:\xampp\UTS_Enterprise_msi - Copy\system\Common.php(1089): CodeIgniter\View\View->render('manajemenajaran...', Array, true)
#4 C:\xampp\UTS_Enterprise_msi - Copy\app\Controllers\Manajemenajaran.php(99): view('manajemenajaran...', Array)
#5 C:\xampp\UTS_Enterprise_msi - Copy\system\CodeIgniter.php(825): App\Controllers\Manajemenajaran->edit21('2020', '2021')
#6 C:\xampp\UTS_Enterprise_msi - Copy\system\CodeIgniter.php(412): CodeIgniter\CodeIgniter->runController(Object(App\Controllers\Manajemenajaran))
#7 C:\xampp\UTS_Enterprise_msi - Copy\system\CodeIgniter.php(320): CodeIgniter\CodeIgniter->handleRequest(NULL, Object(Config\Cache), false)
#8 C:\xampp\UTS_Enterprise_msi - Copy\public\index.php(37): CodeIgniter\CodeIgniter->run()
#9 C:\xampp\UTS_Enterprise_msi - Copy\system\Commands\Server\rewrite.php(43): require_once('C:\\xampp\\UTS_En...')
#10 {main}
CRITICAL - 2023-06-19 09:54:24 --> Too few arguments to function App\Controllers\Manajemenajaran::edit21(), 0 passed in C:\xampp\UTS_Enterprise_msi - Copy\system\CodeIgniter.php on line 825 and exactly 1 expected
#0 C:\xampp\UTS_Enterprise_msi - Copy\system\CodeIgniter.php(825): App\Controllers\Manajemenajaran->edit21()
#1 C:\xampp\UTS_Enterprise_msi - Copy\system\CodeIgniter.php(412): CodeIgniter\CodeIgniter->runController(Object(App\Controllers\Manajemenajaran))
#2 C:\xampp\UTS_Enterprise_msi - Copy\system\CodeIgniter.php(320): CodeIgniter\CodeIgniter->handleRequest(NULL, Object(Config\Cache), false)
#3 C:\xampp\UTS_Enterprise_msi - Copy\public\index.php(37): CodeIgniter\CodeIgniter->run()
#4 C:\xampp\UTS_Enterprise_msi - Copy\system\Commands\Server\rewrite.php(43): require_once('C:\\xampp\\UTS_En...')
#5 {main}
CRITICAL - 2023-06-19 09:56:20 --> Trying to access array offset on value of type null
#0 C:\xampp\UTS_Enterprise_msi - Copy\app\Views\manajemenajaran\edit21.php(43): CodeIgniter\Debug\Exceptions->errorHandler(2, 'Trying to acces...', 'C:\\xampp\\UTS_En...', 43)
#1 C:\xampp\UTS_Enterprise_msi - Copy\system\View\View.php(210): include('C:\\xampp\\UTS_En...')
#2 C:\xampp\UTS_Enterprise_msi - Copy\system\View\View.php(213): CodeIgniter\View\View->CodeIgniter\View\{closure}()
#3 C:\xampp\UTS_Enterprise_msi - Copy\system\Common.php(1089): CodeIgniter\View\View->render('manajemenajaran...', Array, true)
#4 C:\xampp\UTS_Enterprise_msi - Copy\app\Controllers\Manajemenajaran.php(99): view('manajemenajaran...', Array)
#5 C:\xampp\UTS_Enterprise_msi - Copy\system\CodeIgniter.php(825): App\Controllers\Manajemenajaran->edit21('2020', '2021')
#6 C:\xampp\UTS_Enterprise_msi - Copy\system\CodeIgniter.php(412): CodeIgniter\CodeIgniter->runController(Object(App\Controllers\Manajemenajaran))
#7 C:\xampp\UTS_Enterprise_msi - Copy\system\CodeIgniter.php(320): CodeIgniter\CodeIgniter->handleRequest(NULL, Object(Config\Cache), false)
#8 C:\xampp\UTS_Enterprise_msi - Copy\public\index.php(37): CodeIgniter\CodeIgniter->run()
#9 C:\xampp\UTS_Enterprise_msi - Copy\system\Commands\Server\rewrite.php(43): require_once('C:\\xampp\\UTS_En...')
#10 {main}
CRITICAL - 2023-06-19 09:56:24 --> Trying to access array offset on value of type null
#0 C:\xampp\UTS_Enterprise_msi - Copy\app\Views\manajemenajaran\edit21.php(43): CodeIgniter\Debug\Exceptions->errorHandler(2, 'Trying to acces...', 'C:\\xampp\\UTS_En...', 43)
#1 C:\xampp\UTS_Enterprise_msi - Copy\system\View\View.php(210): include('C:\\xampp\\UTS_En...')
#2 C:\xampp\UTS_Enterprise_msi - Copy\system\View\View.php(213): CodeIgniter\View\View->CodeIgniter\View\{closure}()
#3 C:\xampp\UTS_Enterprise_msi - Copy\system\Common.php(1089): CodeIgniter\View\View->render('manajemenajaran...', Array, true)
#4 C:\xampp\UTS_Enterprise_msi - Copy\app\Controllers\Manajemenajaran.php(99): view('manajemenajaran...', Array)
#5 C:\xampp\UTS_Enterprise_msi - Copy\system\CodeIgniter.php(825): App\Controllers\Manajemenajaran->edit21('2020', '2021')
#6 C:\xampp\UTS_Enterprise_msi - Copy\system\CodeIgniter.php(412): CodeIgniter\CodeIgniter->runController(Object(App\Controllers\Manajemenajaran))
#7 C:\xampp\UTS_Enterprise_msi - Copy\system\CodeIgniter.php(320): CodeIgniter\CodeIgniter->handleRequest(NULL, Object(Config\Cache), false)
#8 C:\xampp\UTS_Enterprise_msi - Copy\public\index.php(37): CodeIgniter\CodeIgniter->run()
#9 C:\xampp\UTS_Enterprise_msi - Copy\system\Commands\Server\rewrite.php(43): require_once('C:\\xampp\\UTS_En...')
#10 {main}
CRITICAL - 2023-06-19 09:57:29 --> Trying to access array offset on value of type null
#0 C:\xampp\UTS_Enterprise_msi - Copy\app\Views\manajemenajaran\edit21.php(43): CodeIgniter\Debug\Exceptions->errorHandler(2, 'Trying to acces...', 'C:\\xampp\\UTS_En...', 43)
#1 C:\xampp\UTS_Enterprise_msi - Copy\system\View\View.php(210): include('C:\\xampp\\UTS_En...')
#2 C:\xampp\UTS_Enterprise_msi - Copy\system\View\View.php(213): CodeIgniter\View\View->CodeIgniter\View\{closure}()
#3 C:\xampp\UTS_Enterprise_msi - Copy\system\Common.php(1089): CodeIgniter\View\View->render('manajemenajaran...', Array, true)
#4 C:\xampp\UTS_Enterprise_msi - Copy\app\Controllers\Manajemenajaran.php(99): view('manajemenajaran...', Array)
#5 C:\xampp\UTS_Enterprise_msi - Copy\system\CodeIgniter.php(825): App\Controllers\Manajemenajaran->edit21('2020', '2021')
#6 C:\xampp\UTS_Enterprise_msi - Copy\system\CodeIgniter.php(412): CodeIgniter\CodeIgniter->runController(Object(App\Controllers\Manajemenajaran))
#7 C:\xampp\UTS_Enterprise_msi - Copy\system\CodeIgniter.php(320): CodeIgniter\CodeIgniter->handleRequest(NULL, Object(Config\Cache), false)
#8 C:\xampp\UTS_Enterprise_msi - Copy\public\index.php(37): CodeIgniter\CodeIgniter->run()
#9 C:\xampp\UTS_Enterprise_msi - Copy\system\Commands\Server\rewrite.php(43): require_once('C:\\xampp\\UTS_En...')
#10 {main}
CRITICAL - 2023-06-19 09:57:30 --> Trying to access array offset on value of type null
#0 C:\xampp\UTS_Enterprise_msi - Copy\app\Views\manajemenajaran\edit21.php(43): CodeIgniter\Debug\Exceptions->errorHandler(2, 'Trying to acces...', 'C:\\xampp\\UTS_En...', 43)
#1 C:\xampp\UTS_Enterprise_msi - Copy\system\View\View.php(210): include('C:\\xampp\\UTS_En...')
#2 C:\xampp\UTS_Enterprise_msi - Copy\system\View\View.php(213): CodeIgniter\View\View->CodeIgniter\View\{closure}()
#3 C:\xampp\UTS_Enterprise_msi - Copy\system\Common.php(1089): CodeIgniter\View\View->render('manajemenajaran...', Array, true)
#4 C:\xampp\UTS_Enterprise_msi - Copy\app\Controllers\Manajemenajaran.php(99): view('manajemenajaran...', Array)
#5 C:\xampp\UTS_Enterprise_msi - Copy\system\CodeIgniter.php(825): App\Controllers\Manajemenajaran->edit21('2020', '2021')
#6 C:\xampp\UTS_Enterprise_msi - Copy\system\CodeIgniter.php(412): CodeIgniter\CodeIgniter->runController(Object(App\Controllers\Manajemenajaran))
#7 C:\xampp\UTS_Enterprise_msi - Copy\system\CodeIgniter.php(320): CodeIgniter\CodeIgniter->handleRequest(NULL, Object(Config\Cache), false)
#8 C:\xampp\UTS_Enterprise_msi - Copy\public\index.php(37): CodeIgniter\CodeIgniter->run()
#9 C:\xampp\UTS_Enterprise_msi - Copy\system\Commands\Server\rewrite.php(43): require_once('C:\\xampp\\UTS_En...')
#10 {main}
CRITICAL - 2023-06-19 10:02:01 --> Trying to access array offset on value of type null
#0 C:\xampp\UTS_Enterprise_msi - Copy\app\Views\manajemenajaran\edit21.php(43): CodeIgniter\Debug\Exceptions->errorHandler(2, 'Trying to acces...', 'C:\\xampp\\UTS_En...', 43)
#1 C:\xampp\UTS_Enterprise_msi - Copy\system\View\View.php(210): include('C:\\xampp\\UTS_En...')
#2 C:\xampp\UTS_Enterprise_msi - Copy\system\View\View.php(213): CodeIgniter\View\View->CodeIgniter\View\{closure}()
#3 C:\xampp\UTS_Enterprise_msi - Copy\system\Common.php(1089): CodeIgniter\View\View->render('manajemenajaran...', Array, true)
#4 C:\xampp\UTS_Enterprise_msi - Copy\app\Controllers\Manajemenajaran.php(99): view('manajemenajaran...', Array)
#5 C:\xampp\UTS_Enterprise_msi - Copy\system\CodeIgniter.php(825): App\Controllers\Manajemenajaran->edit21('2020', '2021')
#6 C:\xampp\UTS_Enterprise_msi - Copy\system\CodeIgniter.php(412): CodeIgniter\CodeIgniter->runController(Object(App\Controllers\Manajemenajaran))
#7 C:\xampp\UTS_Enterprise_msi - Copy\system\CodeIgniter.php(320): CodeIgniter\CodeIgniter->handleRequest(NULL, Object(Config\Cache), false)
#8 C:\xampp\UTS_Enterprise_msi - Copy\public\index.php(37): CodeIgniter\CodeIgniter->run()
#9 C:\xampp\UTS_Enterprise_msi - Copy\system\Commands\Server\rewrite.php(43): require_once('C:\\xampp\\UTS_En...')
#10 {main}
CRITICAL - 2023-06-19 10:02:02 --> Trying to access array offset on value of type null
#0 C:\xampp\UTS_Enterprise_msi - Copy\app\Views\manajemenajaran\edit21.php(43): CodeIgniter\Debug\Exceptions->errorHandler(2, 'Trying to acces...', 'C:\\xampp\\UTS_En...', 43)
#1 C:\xampp\UTS_Enterprise_msi - Copy\system\View\View.php(210): include('C:\\xampp\\UTS_En...')
#2 C:\xampp\UTS_Enterprise_msi - Copy\system\View\View.php(213): CodeIgniter\View\View->CodeIgniter\View\{closure}()
#3 C:\xampp\UTS_Enterprise_msi - Copy\system\Common.php(1089): CodeIgniter\View\View->render('manajemenajaran...', Array, true)
#4 C:\xampp\UTS_Enterprise_msi - Copy\app\Controllers\Manajemenajaran.php(99): view('manajemenajaran...', Array)
#5 C:\xampp\UTS_Enterprise_msi - Copy\system\CodeIgniter.php(825): App\Controllers\Manajemenajaran->edit21('2020', '2021')
#6 C:\xampp\UTS_Enterprise_msi - Copy\system\CodeIgniter.php(412): CodeIgniter\CodeIgniter->runController(Object(App\Controllers\Manajemenajaran))
#7 C:\xampp\UTS_Enterprise_msi - Copy\system\CodeIgniter.php(320): CodeIgniter\CodeIgniter->handleRequest(NULL, Object(Config\Cache), false)
#8 C:\xampp\UTS_Enterprise_msi - Copy\public\index.php(37): CodeIgniter\CodeIgniter->run()
#9 C:\xampp\UTS_Enterprise_msi - Copy\system\Commands\Server\rewrite.php(43): require_once('C:\\xampp\\UTS_En...')
#10 {main}
CRITICAL - 2023-06-19 10:02:02 --> Trying to access array offset on value of type null
#0 C:\xampp\UTS_Enterprise_msi - Copy\app\Views\manajemenajaran\edit21.php(43): CodeIgniter\Debug\Exceptions->errorHandler(2, 'Trying to acces...', 'C:\\xampp\\UTS_En...', 43)
#1 C:\xampp\UTS_Enterprise_msi - Copy\system\View\View.php(210): include('C:\\xampp\\UTS_En...')
#2 C:\xampp\UTS_Enterprise_msi - Copy\system\View\View.php(213): CodeIgniter\View\View->CodeIgniter\View\{closure}()
#3 C:\xampp\UTS_Enterprise_msi - Copy\system\Common.php(1089): CodeIgniter\View\View->render('manajemenajaran...', Array, true)
#4 C:\xampp\UTS_Enterprise_msi - Copy\app\Controllers\Manajemenajaran.php(99): view('manajemenajaran...', Array)
#5 C:\xampp\UTS_Enterprise_msi - Copy\system\CodeIgniter.php(825): App\Controllers\Manajemenajaran->edit21('2020', '2021')
#6 C:\xampp\UTS_Enterprise_msi - Copy\system\CodeIgniter.php(412): CodeIgniter\CodeIgniter->runController(Object(App\Controllers\Manajemenajaran))
#7 C:\xampp\UTS_Enterprise_msi - Copy\system\CodeIgniter.php(320): CodeIgniter\CodeIgniter->handleRequest(NULL, Object(Config\Cache), false)
#8 C:\xampp\UTS_Enterprise_msi - Copy\public\index.php(37): CodeIgniter\CodeIgniter->run()
#9 C:\xampp\UTS_Enterprise_msi - Copy\system\Commands\Server\rewrite.php(43): require_once('C:\\xampp\\UTS_En...')
#10 {main}
CRITICAL - 2023-06-19 10:02:03 --> Trying to access array offset on value of type null
#0 C:\xampp\UTS_Enterprise_msi - Copy\app\Views\manajemenajaran\edit21.php(43): CodeIgniter\Debug\Exceptions->errorHandler(2, 'Trying to acces...', 'C:\\xampp\\UTS_En...', 43)
#1 C:\xampp\UTS_Enterprise_msi - Copy\system\View\View.php(210): include('C:\\xampp\\UTS_En...')
#2 C:\xampp\UTS_Enterprise_msi - Copy\system\View\View.php(213): CodeIgniter\View\View->CodeIgniter\View\{closure}()
#3 C:\xampp\UTS_Enterprise_msi - Copy\system\Common.php(1089): CodeIgniter\View\View->render('manajemenajaran...', Array, true)
#4 C:\xampp\UTS_Enterprise_msi - Copy\app\Controllers\Manajemenajaran.php(99): view('manajemenajaran...', Array)
#5 C:\xampp\UTS_Enterprise_msi - Copy\system\CodeIgniter.php(825): App\Controllers\Manajemenajaran->edit21('2020', '2021')
#6 C:\xampp\UTS_Enterprise_msi - Copy\system\CodeIgniter.php(412): CodeIgniter\CodeIgniter->runController(Object(App\Controllers\Manajemenajaran))
#7 C:\xampp\UTS_Enterprise_msi - Copy\system\CodeIgniter.php(320): CodeIgniter\CodeIgniter->handleRequest(NULL, Object(Config\Cache), false)
#8 C:\xampp\UTS_Enterprise_msi - Copy\public\index.php(37): CodeIgniter\CodeIgniter->run()
#9 C:\xampp\UTS_Enterprise_msi - Copy\system\Commands\Server\rewrite.php(43): require_once('C:\\xampp\\UTS_En...')
#10 {main}
CRITICAL - 2023-06-19 10:03:27 --> Trying to access array offset on value of type null
#0 C:\xampp\UTS_Enterprise_msi - Copy\app\Views\manajemenajaran\edit21.php(43): CodeIgniter\Debug\Exceptions->errorHandler(2, 'Trying to acces...', 'C:\\xampp\\UTS_En...', 43)
#1 C:\xampp\UTS_Enterprise_msi - Copy\system\View\View.php(210): include('C:\\xampp\\UTS_En...')
#2 C:\xampp\UTS_Enterprise_msi - Copy\system\View\View.php(213): CodeIgniter\View\View->CodeIgniter\View\{closure}()
#3 C:\xampp\UTS_Enterprise_msi - Copy\system\Common.php(1089): CodeIgniter\View\View->render('manajemenajaran...', Array, true)
#4 C:\xampp\UTS_Enterprise_msi - Copy\app\Controllers\Manajemenajaran.php(99): view('manajemenajaran...', Array)
#5 C:\xampp\UTS_Enterprise_msi - Copy\system\CodeIgniter.php(825): App\Controllers\Manajemenajaran->edit21('2020', '2021')
#6 C:\xampp\UTS_Enterprise_msi - Copy\system\CodeIgniter.php(412): CodeIgniter\CodeIgniter->runController(Object(App\Controllers\Manajemenajaran))
#7 C:\xampp\UTS_Enterprise_msi - Copy\system\CodeIgniter.php(320): CodeIgniter\CodeIgniter->handleRequest(NULL, Object(Config\Cache), false)
#8 C:\xampp\UTS_Enterprise_msi - Copy\public\index.php(37): CodeIgniter\CodeIgniter->run()
#9 C:\xampp\UTS_Enterprise_msi - Copy\system\Commands\Server\rewrite.php(43): require_once('C:\\xampp\\UTS_En...')
#10 {main}
CRITICAL - 2023-06-19 10:04:15 --> Trying to access array offset on value of type null
#0 C:\xampp\UTS_Enterprise_msi - Copy\app\Views\manajemenajaran\edit21.php(43): CodeIgniter\Debug\Exceptions->errorHandler(2, 'Trying to acces...', 'C:\\xampp\\UTS_En...', 43)
#1 C:\xampp\UTS_Enterprise_msi - Copy\system\View\View.php(210): include('C:\\xampp\\UTS_En...')
#2 C:\xampp\UTS_Enterprise_msi - Copy\system\View\View.php(213): CodeIgniter\View\View->CodeIgniter\View\{closure}()
#3 C:\xampp\UTS_Enterprise_msi - Copy\system\Common.php(1089): CodeIgniter\View\View->render('manajemenajaran...', Array, true)
#4 C:\xampp\UTS_Enterprise_msi - Copy\app\Controllers\Manajemenajaran.php(99): view('manajemenajaran...', Array)
#5 C:\xampp\UTS_Enterprise_msi - Copy\system\CodeIgniter.php(825): App\Controllers\Manajemenajaran->edit21('2020', '2021')
#6 C:\xampp\UTS_Enterprise_msi - Copy\system\CodeIgniter.php(412): CodeIgniter\CodeIgniter->runController(Object(App\Controllers\Manajemenajaran))
#7 C:\xampp\UTS_Enterprise_msi - Copy\system\CodeIgniter.php(320): CodeIgniter\CodeIgniter->handleRequest(NULL, Object(Config\Cache), false)
#8 C:\xampp\UTS_Enterprise_msi - Copy\public\index.php(37): CodeIgniter\CodeIgniter->run()
#9 C:\xampp\UTS_Enterprise_msi - Copy\system\Commands\Server\rewrite.php(43): require_once('C:\\xampp\\UTS_En...')
#10 {main}
CRITICAL - 2023-06-19 22:30:12 --> Trying to access array offset on value of type null
#0 C:\xampp\UTS_Enterprise_msi - Copy\app\Views\manajemenajaran\edit21.php(43): CodeIgniter\Debug\Exceptions->errorHandler(2, 'Trying to acces...', 'C:\\xampp\\UTS_En...', 43)
#1 C:\xampp\UTS_Enterprise_msi - Copy\system\View\View.php(210): include('C:\\xampp\\UTS_En...')
#2 C:\xampp\UTS_Enterprise_msi - Copy\system\View\View.php(213): CodeIgniter\View\View->CodeIgniter\View\{closure}()
#3 C:\xampp\UTS_Enterprise_msi - Copy\system\Common.php(1089): CodeIgniter\View\View->render('manajemenajaran...', Array, true)
#4 C:\xampp\UTS_Enterprise_msi - Copy\app\Controllers\Manajemenajaran.php(99): view('manajemenajaran...', Array)
#5 C:\xampp\UTS_Enterprise_msi - Copy\system\CodeIgniter.php(825): App\Controllers\Manajemenajaran->edit21('2020', '2021')
#6 C:\xampp\UTS_Enterprise_msi - Copy\system\CodeIgniter.php(412): CodeIgniter\CodeIgniter->runController(Object(App\Controllers\Manajemenajaran))
#7 C:\xampp\UTS_Enterprise_msi - Copy\system\CodeIgniter.php(320): CodeIgniter\CodeIgniter->handleRequest(NULL, Object(Config\Cache), false)
#8 C:\xampp\UTS_Enterprise_msi - Copy\public\index.php(37): CodeIgniter\CodeIgniter->run()
#9 C:\xampp\UTS_Enterprise_msi - Copy\system\Commands\Server\rewrite.php(43): require_once('C:\\xampp\\UTS_En...')
#10 {main}
CRITICAL - 2023-06-19 22:32:57 --> Trying to access array offset on value of type null
#0 C:\xampp\UTS_Enterprise_msi - Copy\app\Views\manajemenajaran\edit21.php(43): CodeIgniter\Debug\Exceptions->errorHandler(2, 'Trying to acces...', 'C:\\xampp\\UTS_En...', 43)
#1 C:\xampp\UTS_Enterprise_msi - Copy\system\View\View.php(210): include('C:\\xampp\\UTS_En...')
#2 C:\xampp\UTS_Enterprise_msi - Copy\system\View\View.php(213): CodeIgniter\View\View->CodeIgniter\View\{closure}()
#3 C:\xampp\UTS_Enterprise_msi - Copy\system\Common.php(1089): CodeIgniter\View\View->render('manajemenajaran...', Array, true)
#4 C:\xampp\UTS_Enterprise_msi - Copy\app\Controllers\Manajemenajaran.php(99): view('manajemenajaran...', Array)
#5 C:\xampp\UTS_Enterprise_msi - Copy\system\CodeIgniter.php(825): App\Controllers\Manajemenajaran->edit21('2020', '2021')
#6 C:\xampp\UTS_Enterprise_msi - Copy\system\CodeIgniter.php(412): CodeIgniter\CodeIgniter->runController(Object(App\Controllers\Manajemenajaran))
#7 C:\xampp\UTS_Enterprise_msi - Copy\system\CodeIgniter.php(320): CodeIgniter\CodeIgniter->handleRequest(NULL, Object(Config\Cache), false)
#8 C:\xampp\UTS_Enterprise_msi - Copy\public\index.php(37): CodeIgniter\CodeIgniter->run()
#9 C:\xampp\UTS_Enterprise_msi - Copy\system\Commands\Server\rewrite.php(43): require_once('C:\\xampp\\UTS_En...')
#10 {main}
CRITICAL - 2023-06-19 22:34:42 --> Trying to access array offset on value of type null
#0 C:\xampp\UTS_Enterprise_msi - Copy\app\Views\manajemenajaran\edit21.php(43): CodeIgniter\Debug\Exceptions->errorHandler(2, 'Trying to acces...', 'C:\\xampp\\UTS_En...', 43)
#1 C:\xampp\UTS_Enterprise_msi - Copy\system\View\View.php(210): include('C:\\xampp\\UTS_En...')
#2 C:\xampp\UTS_Enterprise_msi - Copy\system\View\View.php(213): CodeIgniter\View\View->CodeIgniter\View\{closure}()
#3 C:\xampp\UTS_Enterprise_msi - Copy\system\Common.php(1089): CodeIgniter\View\View->render('manajemenajaran...', Array, true)
#4 C:\xampp\UTS_Enterprise_msi - Copy\app\Controllers\Manajemenajaran.php(99): view('manajemenajaran...', Array)
#5 C:\xampp\UTS_Enterprise_msi - Copy\system\CodeIgniter.php(825): App\Controllers\Manajemenajaran->edit21('2020', '2021')
#6 C:\xampp\UTS_Enterprise_msi - Copy\system\CodeIgniter.php(412): CodeIgniter\CodeIgniter->runController(Object(App\Controllers\Manajemenajaran))
#7 C:\xampp\UTS_Enterprise_msi - Copy\system\CodeIgniter.php(320): CodeIgniter\CodeIgniter->handleRequest(NULL, Object(Config\Cache), false)
#8 C:\xampp\UTS_Enterprise_msi - Copy\public\index.php(37): CodeIgniter\CodeIgniter->run()
#9 C:\xampp\UTS_Enterprise_msi - Copy\system\Commands\Server\rewrite.php(43): require_once('C:\\xampp\\UTS_En...')
#10 {main}
CRITICAL - 2023-06-19 22:39:03 --> Trying to access array offset on value of type null
#0 C:\xampp\UTS_Enterprise_msi - Copy\app\Views\manajemenajaran\edit21.php(43): CodeIgniter\Debug\Exceptions->errorHandler(2, 'Trying to acces...', 'C:\\xampp\\UTS_En...', 43)
#1 C:\xampp\UTS_Enterprise_msi - Copy\system\View\View.php(210): include('C:\\xampp\\UTS_En...')
#2 C:\xampp\UTS_Enterprise_msi - Copy\system\View\View.php(213): CodeIgniter\View\View->CodeIgniter\View\{closure}()
#3 C:\xampp\UTS_Enterprise_msi - Copy\system\Common.php(1089): CodeIgniter\View\View->render('manajemenajaran...', Array, true)
#4 C:\xampp\UTS_Enterprise_msi - Copy\app\Controllers\Manajemenajaran.php(100): view('manajemenajaran...', Array)
#5 C:\xampp\UTS_Enterprise_msi - Copy\system\CodeIgniter.php(825): App\Controllers\Manajemenajaran->edit21('2020', '2021')
#6 C:\xampp\UTS_Enterprise_msi - Copy\system\CodeIgniter.php(412): CodeIgniter\CodeIgniter->runController(Object(App\Controllers\Manajemenajaran))
#7 C:\xampp\UTS_Enterprise_msi - Copy\system\CodeIgniter.php(320): CodeIgniter\CodeIgniter->handleRequest(NULL, Object(Config\Cache), false)
#8 C:\xampp\UTS_Enterprise_msi - Copy\public\index.php(37): CodeIgniter\CodeIgniter->run()
#9 C:\xampp\UTS_Enterprise_msi - Copy\system\Commands\Server\rewrite.php(43): require_once('C:\\xampp\\UTS_En...')
#10 {main}
CRITICAL - 2023-06-19 22:52:54 --> Trying to access array offset on value of type null
#0 C:\xampp\UTS_Enterprise_msi - Copy\app\Views\manajemenajaran\edit21.php(43): CodeIgniter\Debug\Exceptions->errorHandler(2, 'Trying to acces...', 'C:\\xampp\\UTS_En...', 43)
#1 C:\xampp\UTS_Enterprise_msi - Copy\system\View\View.php(210): include('C:\\xampp\\UTS_En...')
#2 C:\xampp\UTS_Enterprise_msi - Copy\system\View\View.php(213): CodeIgniter\View\View->CodeIgniter\View\{closure}()
#3 C:\xampp\UTS_Enterprise_msi - Copy\system\Common.php(1089): CodeIgniter\View\View->render('manajemenajaran...', Array, true)
#4 C:\xampp\UTS_Enterprise_msi - Copy\app\Controllers\Manajemenajaran.php(100): view('manajemenajaran...', Array)
#5 C:\xampp\UTS_Enterprise_msi - Copy\system\CodeIgniter.php(825): App\Controllers\Manajemenajaran->edit21('2020', '2021')
#6 C:\xampp\UTS_Enterprise_msi - Copy\system\CodeIgniter.php(412): CodeIgniter\CodeIgniter->runController(Object(App\Controllers\Manajemenajaran))
#7 C:\xampp\UTS_Enterprise_msi - Copy\system\CodeIgniter.php(320): CodeIgniter\CodeIgniter->handleRequest(NULL, Object(Config\Cache), false)
#8 C:\xampp\UTS_Enterprise_msi - Copy\public\index.php(37): CodeIgniter\CodeIgniter->run()
#9 C:\xampp\UTS_Enterprise_msi - Copy\system\Commands\Server\rewrite.php(43): require_once('C:\\xampp\\UTS_En...')
#10 {main}
CRITICAL - 2023-06-19 22:53:02 --> Trying to access array offset on value of type null
#0 C:\xampp\UTS_Enterprise_msi - Copy\app\Views\manajemenajaran\edit21.php(43): CodeIgniter\Debug\Exceptions->errorHandler(2, 'Trying to acces...', 'C:\\xampp\\UTS_En...', 43)
#1 C:\xampp\UTS_Enterprise_msi - Copy\system\View\View.php(210): include('C:\\xampp\\UTS_En...')
#2 C:\xampp\UTS_Enterprise_msi - Copy\system\View\View.php(213): CodeIgniter\View\View->CodeIgniter\View\{closure}()
#3 C:\xampp\UTS_Enterprise_msi - Copy\system\Common.php(1089): CodeIgniter\View\View->render('manajemenajaran...', Array, true)
#4 C:\xampp\UTS_Enterprise_msi - Copy\app\Controllers\Manajemenajaran.php(100): view('manajemenajaran...', Array)
#5 C:\xampp\UTS_Enterprise_msi - Copy\system\CodeIgniter.php(825): App\Controllers\Manajemenajaran->edit21('2020', '2021')
#6 C:\xampp\UTS_Enterprise_msi - Copy\system\CodeIgniter.php(412): CodeIgniter\CodeIgniter->runController(Object(App\Controllers\Manajemenajaran))
#7 C:\xampp\UTS_Enterprise_msi - Copy\system\CodeIgniter.php(320): CodeIgniter\CodeIgniter->handleRequest(NULL, Object(Config\Cache), false)
#8 C:\xampp\UTS_Enterprise_msi - Copy\public\index.php(37): CodeIgniter\CodeIgniter->run()
#9 C:\xampp\UTS_Enterprise_msi - Copy\system\Commands\Server\rewrite.php(43): require_once('C:\\xampp\\UTS_En...')
#10 {main}
CRITICAL - 2023-06-19 22:53:35 --> Trying to access array offset on value of type null
#0 C:\xampp\UTS_Enterprise_msi - Copy\app\Views\manajemenajaran\edit21.php(43): CodeIgniter\Debug\Exceptions->errorHandler(2, 'Trying to acces...', 'C:\\xampp\\UTS_En...', 43)
#1 C:\xampp\UTS_Enterprise_msi - Copy\system\View\View.php(210): include('C:\\xampp\\UTS_En...')
#2 C:\xampp\UTS_Enterprise_msi - Copy\system\View\View.php(213): CodeIgniter\View\View->CodeIgniter\View\{closure}()
#3 C:\xampp\UTS_Enterprise_msi - Copy\system\Common.php(1089): CodeIgniter\View\View->render('manajemenajaran...', Array, true)
#4 C:\xampp\UTS_Enterprise_msi - Copy\app\Controllers\Manajemenajaran.php(100): view('manajemenajaran...', Array)
#5 C:\xampp\UTS_Enterprise_msi - Copy\system\CodeIgniter.php(825): App\Controllers\Manajemenajaran->edit21('2020', '2021')
#6 C:\xampp\UTS_Enterprise_msi - Copy\system\CodeIgniter.php(412): CodeIgniter\CodeIgniter->runController(Object(App\Controllers\Manajemenajaran))
#7 C:\xampp\UTS_Enterprise_msi - Copy\system\CodeIgniter.php(320): CodeIgniter\CodeIgniter->handleRequest(NULL, Object(Config\Cache), false)
#8 C:\xampp\UTS_Enterprise_msi - Copy\public\index.php(37): CodeIgniter\CodeIgniter->run()
#9 C:\xampp\UTS_Enterprise_msi - Copy\system\Commands\Server\rewrite.php(43): require_once('C:\\xampp\\UTS_En...')
#10 {main}
CRITICAL - 2023-06-19 22:53:42 --> Trying to access array offset on value of type null
#0 C:\xampp\UTS_Enterprise_msi - Copy\app\Views\manajemenajaran\edit21.php(43): CodeIgniter\Debug\Exceptions->errorHandler(2, 'Trying to acces...', 'C:\\xampp\\UTS_En...', 43)
#1 C:\xampp\UTS_Enterprise_msi - Copy\system\View\View.php(210): include('C:\\xampp\\UTS_En...')
#2 C:\xampp\UTS_Enterprise_msi - Copy\system\View\View.php(213): CodeIgniter\View\View->CodeIgniter\View\{closure}()
#3 C:\xampp\UTS_Enterprise_msi - Copy\system\Common.php(1089): CodeIgniter\View\View->render('manajemenajaran...', Array, true)
#4 C:\xampp\UTS_Enterprise_msi - Copy\app\Controllers\Manajemenajaran.php(100): view('manajemenajaran...', Array)
#5 C:\xampp\UTS_Enterprise_msi - Copy\system\CodeIgniter.php(825): App\Controllers\Manajemenajaran->edit21('2020', '2021')
#6 C:\xampp\UTS_Enterprise_msi - Copy\system\CodeIgniter.php(412): CodeIgniter\CodeIgniter->runController(Object(App\Controllers\Manajemenajaran))
#7 C:\xampp\UTS_Enterprise_msi - Copy\system\CodeIgniter.php(320): CodeIgniter\CodeIgniter->handleRequest(NULL, Object(Config\Cache), false)
#8 C:\xampp\UTS_Enterprise_msi - Copy\public\index.php(37): CodeIgniter\CodeIgniter->run()
#9 C:\xampp\UTS_Enterprise_msi - Copy\system\Commands\Server\rewrite.php(43): require_once('C:\\xampp\\UTS_En...')
#10 {main}
CRITICAL - 2023-06-19 22:56:07 --> Trying to access array offset on value of type null
#0 C:\xampp\UTS_Enterprise_msi - Copy\app\Views\manajemenajaran\edit21.php(43): CodeIgniter\Debug\Exceptions->errorHandler(2, 'Trying to acces...', 'C:\\xampp\\UTS_En...', 43)
#1 C:\xampp\UTS_Enterprise_msi - Copy\system\View\View.php(210): include('C:\\xampp\\UTS_En...')
#2 C:\xampp\UTS_Enterprise_msi - Copy\system\View\View.php(213): CodeIgniter\View\View->CodeIgniter\View\{closure}()
#3 C:\xampp\UTS_Enterprise_msi - Copy\system\Common.php(1089): CodeIgniter\View\View->render('manajemenajaran...', Array, true)
#4 C:\xampp\UTS_Enterprise_msi - Copy\app\Controllers\Manajemenajaran.php(100): view('manajemenajaran...', Array)
#5 C:\xampp\UTS_Enterprise_msi - Copy\system\CodeIgniter.php(825): App\Controllers\Manajemenajaran->edit21('2020', '2021')
#6 C:\xampp\UTS_Enterprise_msi - Copy\system\CodeIgniter.php(412): CodeIgniter\CodeIgniter->runController(Object(App\Controllers\Manajemenajaran))
#7 C:\xampp\UTS_Enterprise_msi - Copy\system\CodeIgniter.php(320): CodeIgniter\CodeIgniter->handleRequest(NULL, Object(Config\Cache), false)
#8 C:\xampp\UTS_Enterprise_msi - Copy\public\index.php(37): CodeIgniter\CodeIgniter->run()
#9 C:\xampp\UTS_Enterprise_msi - Copy\system\Commands\Server\rewrite.php(43): require_once('C:\\xampp\\UTS_En...')
#10 {main}
CRITICAL - 2023-06-19 22:58:52 --> Undefined variable $manajemenajaran
#0 C:\xampp\UTS_Enterprise_msi - Copy\app\Views\manajemenajaran\edit21.php(43): CodeIgniter\Debug\Exceptions->errorHandler(2, 'Undefined varia...', 'C:\\xampp\\UTS_En...', 43)
#1 C:\xampp\UTS_Enterprise_msi - Copy\system\View\View.php(210): include('C:\\xampp\\UTS_En...')
#2 C:\xampp\UTS_Enterprise_msi - Copy\system\View\View.php(213): CodeIgniter\View\View->CodeIgniter\View\{closure}()
#3 C:\xampp\UTS_Enterprise_msi - Copy\system\Common.php(1089): CodeIgniter\View\View->render('manajemenajaran...', Array, true)
#4 C:\xampp\UTS_Enterprise_msi - Copy\app\Controllers\Manajemenajaran.php(100): view('manajemenajaran...', Array)
#5 C:\xampp\UTS_Enterprise_msi - Copy\system\CodeIgniter.php(825): App\Controllers\Manajemenajaran->edit21('2020', '2021')
#6 C:\xampp\UTS_Enterprise_msi - Copy\system\CodeIgniter.php(412): CodeIgniter\CodeIgniter->runController(Object(App\Controllers\Manajemenajaran))
#7 C:\xampp\UTS_Enterprise_msi - Copy\system\CodeIgniter.php(320): CodeIgniter\CodeIgniter->handleRequest(NULL, Object(Config\Cache), false)
#8 C:\xampp\UTS_Enterprise_msi - Copy\public\index.php(37): CodeIgniter\CodeIgniter->run()
#9 C:\xampp\UTS_Enterprise_msi - Copy\system\Commands\Server\rewrite.php(43): require_once('C:\\xampp\\UTS_En...')
#10 {main}
CRITICAL - 2023-06-19 22:58:58 --> Undefined variable $manajemenajaran
#0 C:\xampp\UTS_Enterprise_msi - Copy\app\Views\manajemenajaran\edit21.php(43): CodeIgniter\Debug\Exceptions->errorHandler(2, 'Undefined varia...', 'C:\\xampp\\UTS_En...', 43)
#1 C:\xampp\UTS_Enterprise_msi - Copy\system\View\View.php(210): include('C:\\xampp\\UTS_En...')
#2 C:\xampp\UTS_Enterprise_msi - Copy\system\View\View.php(213): CodeIgniter\View\View->CodeIgniter\View\{closure}()
#3 C:\xampp\UTS_Enterprise_msi - Copy\system\Common.php(1089): CodeIgniter\View\View->render('manajemenajaran...', Array, true)
#4 C:\xampp\UTS_Enterprise_msi - Copy\app\Controllers\Manajemenajaran.php(100): view('manajemenajaran...', Array)
#5 C:\xampp\UTS_Enterprise_msi - Copy\system\CodeIgniter.php(825): App\Controllers\Manajemenajaran->edit21('2021', '2022')
#6 C:\xampp\UTS_Enterprise_msi - Copy\system\CodeIgniter.php(412): CodeIgniter\CodeIgniter->runController(Object(App\Controllers\Manajemenajaran))
#7 C:\xampp\UTS_Enterprise_msi - Copy\system\CodeIgniter.php(320): CodeIgniter\CodeIgniter->handleRequest(NULL, Object(Config\Cache), false)
#8 C:\xampp\UTS_Enterprise_msi - Copy\public\index.php(37): CodeIgniter\CodeIgniter->run()
#9 C:\xampp\UTS_Enterprise_msi - Copy\system\Commands\Server\rewrite.php(43): require_once('C:\\xampp\\UTS_En...')
#10 {main}
CRITICAL - 2023-06-19 23:05:12 --> Trying to access array offset on value of type null
#0 C:\xampp\UTS_Enterprise_msi - Copy\app\Views\manajemenajaran\edit21.php(43): CodeIgniter\Debug\Exceptions->errorHandler(2, 'Trying to acces...', 'C:\\xampp\\UTS_En...', 43)
#1 C:\xampp\UTS_Enterprise_msi - Copy\system\View\View.php(210): include('C:\\xampp\\UTS_En...')
#2 C:\xampp\UTS_Enterprise_msi - Copy\system\View\View.php(213): CodeIgniter\View\View->CodeIgniter\View\{closure}()
#3 C:\xampp\UTS_Enterprise_msi - Copy\system\Common.php(1089): CodeIgniter\View\View->render('manajemenajaran...', Array, true)
#4 C:\xampp\UTS_Enterprise_msi - Copy\app\Controllers\Manajemenajaran.php(100): view('manajemenajaran...', Array)
#5 C:\xampp\UTS_Enterprise_msi - Copy\system\CodeIgniter.php(825): App\Controllers\Manajemenajaran->edit21('2021', '2022')
#6 C:\xampp\UTS_Enterprise_msi - Copy\system\CodeIgniter.php(412): CodeIgniter\CodeIgniter->runController(Object(App\Controllers\Manajemenajaran))
#7 C:\xampp\UTS_Enterprise_msi - Copy\system\CodeIgniter.php(320): CodeIgniter\CodeIgniter->handleRequest(NULL, Object(Config\Cache), false)
#8 C:\xampp\UTS_Enterprise_msi - Copy\public\index.php(37): CodeIgniter\CodeIgniter->run()
#9 C:\xampp\UTS_Enterprise_msi - Copy\system\Commands\Server\rewrite.php(43): require_once('C:\\xampp\\UTS_En...')
#10 {main}
CRITICAL - 2023-06-19 23:08:41 --> Trying to access array offset on value of type null
#0 C:\xampp\UTS_Enterprise_msi - Copy\app\Views\manajemenajaran\edit21.php(43): CodeIgniter\Debug\Exceptions->errorHandler(2, 'Trying to acces...', 'C:\\xampp\\UTS_En...', 43)
#1 C:\xampp\UTS_Enterprise_msi - Copy\system\View\View.php(210): include('C:\\xampp\\UTS_En...')
#2 C:\xampp\UTS_Enterprise_msi - Copy\system\View\View.php(213): CodeIgniter\View\View->CodeIgniter\View\{closure}()
#3 C:\xampp\UTS_Enterprise_msi - Copy\system\Common.php(1089): CodeIgniter\View\View->render('manajemenajaran...', Array, true)
#4 C:\xampp\UTS_Enterprise_msi - Copy\app\Controllers\Manajemenajaran.php(100): view('manajemenajaran...', Array)
#5 C:\xampp\UTS_Enterprise_msi - Copy\system\CodeIgniter.php(825): App\Controllers\Manajemenajaran->edit21('2022', '2023')
#6 C:\xampp\UTS_Enterprise_msi - Copy\system\CodeIgniter.php(412): CodeIgniter\CodeIgniter->runController(Object(App\Controllers\Manajemenajaran))
#7 C:\xampp\UTS_Enterprise_msi - Copy\system\CodeIgniter.php(320): CodeIgniter\CodeIgniter->handleRequest(NULL, Object(Config\Cache), false)
#8 C:\xampp\UTS_Enterprise_msi - Copy\public\index.php(37): CodeIgniter\CodeIgniter->run()
#9 C:\xampp\UTS_Enterprise_msi - Copy\system\Commands\Server\rewrite.php(43): require_once('C:\\xampp\\UTS_En...')
#10 {main}
CRITICAL - 2023-06-19 23:12:31 --> Trying to access array offset on value of type null
#0 C:\xampp\UTS_Enterprise_msi - Copy\app\Views\manajemenajaran\edit21.php(49): CodeIgniter\Debug\Exceptions->errorHandler(2, 'Trying to acces...', 'C:\\xampp\\UTS_En...', 49)
#1 C:\xampp\UTS_Enterprise_msi - Copy\system\View\View.php(210): include('C:\\xampp\\UTS_En...')
#2 C:\xampp\UTS_Enterprise_msi - Copy\system\View\View.php(213): CodeIgniter\View\View->CodeIgniter\View\{closure}()
#3 C:\xampp\UTS_Enterprise_msi - Copy\system\Common.php(1089): CodeIgniter\View\View->render('manajemenajaran...', Array, true)
#4 C:\xampp\UTS_Enterprise_msi - Copy\app\Controllers\Manajemenajaran.php(100): view('manajemenajaran...', Array)
#5 C:\xampp\UTS_Enterprise_msi - Copy\system\CodeIgniter.php(825): App\Controllers\Manajemenajaran->edit21('2020', '2021')
#6 C:\xampp\UTS_Enterprise_msi - Copy\system\CodeIgniter.php(412): CodeIgniter\CodeIgniter->runController(Object(App\Controllers\Manajemenajaran))
#7 C:\xampp\UTS_Enterprise_msi - Copy\system\CodeIgniter.php(320): CodeIgniter\CodeIgniter->handleRequest(NULL, Object(Config\Cache), false)
#8 C:\xampp\UTS_Enterprise_msi - Copy\public\index.php(37): CodeIgniter\CodeIgniter->run()
#9 C:\xampp\UTS_Enterprise_msi - Copy\system\Commands\Server\rewrite.php(43): require_once('C:\\xampp\\UTS_En...')
#10 {main}
CRITICAL - 2023-06-19 23:17:33 --> Trying to access array offset on value of type null
#0 C:\xampp\UTS_Enterprise_msi - Copy\app\Views\manajemenajaran\edit21.php(43): CodeIgniter\Debug\Exceptions->errorHandler(2, 'Trying to acces...', 'C:\\xampp\\UTS_En...', 43)
#1 C:\xampp\UTS_Enterprise_msi - Copy\system\View\View.php(210): include('C:\\xampp\\UTS_En...')
#2 C:\xampp\UTS_Enterprise_msi - Copy\system\View\View.php(213): CodeIgniter\View\View->CodeIgniter\View\{closure}()
#3 C:\xampp\UTS_Enterprise_msi - Copy\system\Common.php(1089): CodeIgniter\View\View->render('manajemenajaran...', Array, true)
#4 C:\xampp\UTS_Enterprise_msi - Copy\app\Controllers\Manajemenajaran.php(100): view('manajemenajaran...', Array)
#5 C:\xampp\UTS_Enterprise_msi - Copy\system\CodeIgniter.php(825): App\Controllers\Manajemenajaran->edit21('2020', '2021')
#6 C:\xampp\UTS_Enterprise_msi - Copy\system\CodeIgniter.php(412): CodeIgniter\CodeIgniter->runController(Object(App\Controllers\Manajemenajaran))
#7 C:\xampp\UTS_Enterprise_msi - Copy\system\CodeIgniter.php(320): CodeIgniter\CodeIgniter->handleRequest(NULL, Object(Config\Cache), false)
#8 C:\xampp\UTS_Enterprise_msi - Copy\public\index.php(37): CodeIgniter\CodeIgniter->run()
#9 C:\xampp\UTS_Enterprise_msi - Copy\system\Commands\Server\rewrite.php(43): require_once('C:\\xampp\\UTS_En...')
#10 {main}
CRITICAL - 2023-06-19 23:18:05 --> Too few arguments to function App\Controllers\Manajemenajaran::edit21(), 0 passed in C:\xampp\UTS_Enterprise_msi - Copy\system\CodeIgniter.php on line 825 and exactly 1 expected
#0 C:\xampp\UTS_Enterprise_msi - Copy\system\CodeIgniter.php(825): App\Controllers\Manajemenajaran->edit21()
#1 C:\xampp\UTS_Enterprise_msi - Copy\system\CodeIgniter.php(412): CodeIgniter\CodeIgniter->runController(Object(App\Controllers\Manajemenajaran))
#2 C:\xampp\UTS_Enterprise_msi - Copy\system\CodeIgniter.php(320): CodeIgniter\CodeIgniter->handleRequest(NULL, Object(Config\Cache), false)
#3 C:\xampp\UTS_Enterprise_msi - Copy\public\index.php(37): CodeIgniter\CodeIgniter->run()
#4 C:\xampp\UTS_Enterprise_msi - Copy\system\Commands\Server\rewrite.php(43): require_once('C:\\xampp\\UTS_En...')
#5 {main}
CRITICAL - 2023-06-19 23:20:55 --> Too few arguments to function App\Controllers\Manajemenajaran::edit21(), 0 passed in C:\xampp\UTS_Enterprise_msi - Copy\system\CodeIgniter.php on line 825 and exactly 1 expected
#0 C:\xampp\UTS_Enterprise_msi - Copy\system\CodeIgniter.php(825): App\Controllers\Manajemenajaran->edit21()
#1 C:\xampp\UTS_Enterprise_msi - Copy\system\CodeIgniter.php(412): CodeIgniter\CodeIgniter->runController(Object(App\Controllers\Manajemenajaran))
#2 C:\xampp\UTS_Enterprise_msi - Copy\system\CodeIgniter.php(320): CodeIgniter\CodeIgniter->handleRequest(NULL, Object(Config\Cache), false)
#3 C:\xampp\UTS_Enterprise_msi - Copy\public\index.php(37): CodeIgniter\CodeIgniter->run()
#4 C:\xampp\UTS_Enterprise_msi - Copy\system\Commands\Server\rewrite.php(43): require_once('C:\\xampp\\UTS_En...')
#5 {main}
CRITICAL - 2023-06-19 23:21:54 --> Too few arguments to function App\Controllers\Manajemenajaran::edit21(), 0 passed in C:\xampp\UTS_Enterprise_msi - Copy\system\CodeIgniter.php on line 825 and exactly 1 expected
#0 C:\xampp\UTS_Enterprise_msi - Copy\system\CodeIgniter.php(825): App\Controllers\Manajemenajaran->edit21()
#1 C:\xampp\UTS_Enterprise_msi - Copy\system\CodeIgniter.php(412): CodeIgniter\CodeIgniter->runController(Object(App\Controllers\Manajemenajaran))
#2 C:\xampp\UTS_Enterprise_msi - Copy\system\CodeIgniter.php(320): CodeIgniter\CodeIgniter->handleRequest(NULL, Object(Config\Cache), false)
#3 C:\xampp\UTS_Enterprise_msi - Copy\public\index.php(37): CodeIgniter\CodeIgniter->run()
#4 C:\xampp\UTS_Enterprise_msi - Copy\system\Commands\Server\rewrite.php(43): require_once('C:\\xampp\\UTS_En...')
#5 {main}
CRITICAL - 2023-06-19 23:25:23 --> Too few arguments to function App\Controllers\Manajemenajaran::edit21(), 0 passed in C:\xampp\UTS_Enterprise_msi - Copy\system\CodeIgniter.php on line 825 and exactly 1 expected
#0 C:\xampp\UTS_Enterprise_msi - Copy\system\CodeIgniter.php(825): App\Controllers\Manajemenajaran->edit21()
#1 C:\xampp\UTS_Enterprise_msi - Copy\system\CodeIgniter.php(412): CodeIgniter\CodeIgniter->runController(Object(App\Controllers\Manajemenajaran))
#2 C:\xampp\UTS_Enterprise_msi - Copy\system\CodeIgniter.php(320): CodeIgniter\CodeIgniter->handleRequest(NULL, Object(Config\Cache), false)
#3 C:\xampp\UTS_Enterprise_msi - Copy\public\index.php(37): CodeIgniter\CodeIgniter->run()
#4 C:\xampp\UTS_Enterprise_msi - Copy\system\Commands\Server\rewrite.php(43): require_once('C:\\xampp\\UTS_En...')
#5 {main}
CRITICAL - 2023-06-19 23:25:34 --> Too few arguments to function App\Controllers\Manajemenajaran::edit21(), 0 passed in C:\xampp\UTS_Enterprise_msi - Copy\system\CodeIgniter.php on line 825 and exactly 1 expected
#0 C:\xampp\UTS_Enterprise_msi - Copy\system\CodeIgniter.php(825): App\Controllers\Manajemenajaran->edit21()
#1 C:\xampp\UTS_Enterprise_msi - Copy\system\CodeIgniter.php(412): CodeIgniter\CodeIgniter->runController(Object(App\Controllers\Manajemenajaran))
#2 C:\xampp\UTS_Enterprise_msi - Copy\system\CodeIgniter.php(320): CodeIgniter\CodeIgniter->handleRequest(NULL, Object(Config\Cache), false)
#3 C:\xampp\UTS_Enterprise_msi - Copy\public\index.php(37): CodeIgniter\CodeIgniter->run()
#4 C:\xampp\UTS_Enterprise_msi - Copy\system\Commands\Server\rewrite.php(43): require_once('C:\\xampp\\UTS_En...')
#5 {main}
CRITICAL - 2023-06-19 23:36:21 --> Trying to access array offset on value of type null
#0 C:\xampp\UTS_Enterprise_msi - Copy\app\Views\manajemenajaran\edit21.php(44): CodeIgniter\Debug\Exceptions->errorHandler(2, 'Trying to acces...', 'C:\\xampp\\UTS_En...', 44)
#1 C:\xampp\UTS_Enterprise_msi - Copy\system\View\View.php(210): include('C:\\xampp\\UTS_En...')
#2 C:\xampp\UTS_Enterprise_msi - Copy\system\View\View.php(213): CodeIgniter\View\View->CodeIgniter\View\{closure}()
#3 C:\xampp\UTS_Enterprise_msi - Copy\system\Common.php(1089): CodeIgniter\View\View->render('manajemenajaran...', Array, true)
#4 C:\xampp\UTS_Enterprise_msi - Copy\app\Controllers\Manajemenajaran.php(100): view('manajemenajaran...', Array)
#5 C:\xampp\UTS_Enterprise_msi - Copy\system\CodeIgniter.php(825): App\Controllers\Manajemenajaran->edit21('2020', '2021')
#6 C:\xampp\UTS_Enterprise_msi - Copy\system\CodeIgniter.php(412): CodeIgniter\CodeIgniter->runController(Object(App\Controllers\Manajemenajaran))
#7 C:\xampp\UTS_Enterprise_msi - Copy\system\CodeIgniter.php(320): CodeIgniter\CodeIgniter->handleRequest(NULL, Object(Config\Cache), false)
#8 C:\xampp\UTS_Enterprise_msi - Copy\public\index.php(37): CodeIgniter\CodeIgniter->run()
#9 C:\xampp\UTS_Enterprise_msi - Copy\system\Commands\Server\rewrite.php(43): require_once('C:\\xampp\\UTS_En...')
#10 {main}
CRITICAL - 2023-06-19 23:37:54 --> Too few arguments to function App\Controllers\Manajemenajaran::edit21(), 0 passed in C:\xampp\UTS_Enterprise_msi - Copy\system\CodeIgniter.php on line 825 and exactly 1 expected
#0 C:\xampp\UTS_Enterprise_msi - Copy\system\CodeIgniter.php(825): App\Controllers\Manajemenajaran->edit21()
#1 C:\xampp\UTS_Enterprise_msi - Copy\system\CodeIgniter.php(412): CodeIgniter\CodeIgniter->runController(Object(App\Controllers\Manajemenajaran))
#2 C:\xampp\UTS_Enterprise_msi - Copy\system\CodeIgniter.php(320): CodeIgniter\CodeIgniter->handleRequest(NULL, Object(Config\Cache), false)
#3 C:\xampp\UTS_Enterprise_msi - Copy\public\index.php(37): CodeIgniter\CodeIgniter->run()
#4 C:\xampp\UTS_Enterprise_msi - Copy\system\Commands\Server\rewrite.php(43): require_once('C:\\xampp\\UTS_En...')
#5 {main}
CRITICAL - 2023-06-19 23:40:49 --> Too few arguments to function App\Controllers\Manajemenajaran::edit21(), 0 passed in C:\xampp\UTS_Enterprise_msi - Copy\system\CodeIgniter.php on line 825 and exactly 1 expected
#0 C:\xampp\UTS_Enterprise_msi - Copy\system\CodeIgniter.php(825): App\Controllers\Manajemenajaran->edit21()
#1 C:\xampp\UTS_Enterprise_msi - Copy\system\CodeIgniter.php(412): CodeIgniter\CodeIgniter->runController(Object(App\Controllers\Manajemenajaran))
#2 C:\xampp\UTS_Enterprise_msi - Copy\system\CodeIgniter.php(320): CodeIgniter\CodeIgniter->handleRequest(NULL, Object(Config\Cache), false)
#3 C:\xampp\UTS_Enterprise_msi - Copy\public\index.php(37): CodeIgniter\CodeIgniter->run()
#4 C:\xampp\UTS_Enterprise_msi - Copy\system\Commands\Server\rewrite.php(43): require_once('C:\\xampp\\UTS_En...')
#5 {main}
CRITICAL - 2023-06-19 23:42:11 --> Too few arguments to function App\Controllers\Manajemenajaran::edit21(), 0 passed in C:\xampp\UTS_Enterprise_msi - Copy\system\CodeIgniter.php on line 825 and exactly 1 expected
#0 C:\xampp\UTS_Enterprise_msi - Copy\system\CodeIgniter.php(825): App\Controllers\Manajemenajaran->edit21()
#1 C:\xampp\UTS_Enterprise_msi - Copy\system\CodeIgniter.php(412): CodeIgniter\CodeIgniter->runController(Object(App\Controllers\Manajemenajaran))
#2 C:\xampp\UTS_Enterprise_msi - Copy\system\CodeIgniter.php(320): CodeIgniter\CodeIgniter->handleRequest(NULL, Object(Config\Cache), false)
#3 C:\xampp\UTS_Enterprise_msi - Copy\public\index.php(37): CodeIgniter\CodeIgniter->run()
#4 C:\xampp\UTS_Enterprise_msi - Copy\system\Commands\Server\rewrite.php(43): require_once('C:\\xampp\\UTS_En...')
#5 {main}
CRITICAL - 2023-06-19 23:42:13 --> Too few arguments to function App\Controllers\Manajemenajaran::edit21(), 0 passed in C:\xampp\UTS_Enterprise_msi - Copy\system\CodeIgniter.php on line 825 and exactly 1 expected
#0 C:\xampp\UTS_Enterprise_msi - Copy\system\CodeIgniter.php(825): App\Controllers\Manajemenajaran->edit21()
#1 C:\xampp\UTS_Enterprise_msi - Copy\system\CodeIgniter.php(412): CodeIgniter\CodeIgniter->runController(Object(App\Controllers\Manajemenajaran))
#2 C:\xampp\UTS_Enterprise_msi - Copy\system\CodeIgniter.php(320): CodeIgniter\CodeIgniter->handleRequest(NULL, Object(Config\Cache), false)
#3 C:\xampp\UTS_Enterprise_msi - Copy\public\index.php(37): CodeIgniter\CodeIgniter->run()
#4 C:\xampp\UTS_Enterprise_msi - Copy\system\Commands\Server\rewrite.php(43): require_once('C:\\xampp\\UTS_En...')
#5 {main}
CRITICAL - 2023-06-19 23:48:28 --> Undefined array key "tahun_ajaran"
#0 C:\xampp\UTS_Enterprise_msi - Copy\app\Views\manajemenajaran\idx21.php(96): CodeIgniter\Debug\Exceptions->errorHandler(2, 'Undefined array...', 'C:\\xampp\\UTS_En...', 96)
#1 C:\xampp\UTS_Enterprise_msi - Copy\system\View\View.php(210): include('C:\\xampp\\UTS_En...')
#2 C:\xampp\UTS_Enterprise_msi - Copy\system\View\View.php(213): CodeIgniter\View\View->CodeIgniter\View\{closure}()
#3 C:\xampp\UTS_Enterprise_msi - Copy\system\Common.php(1089): CodeIgniter\View\View->render('manajemenajaran...', Array, true)
#4 C:\xampp\UTS_Enterprise_msi - Copy\app\Controllers\Manajemenajaran.php(64): view('manajemenajaran...', Array)
#5 C:\xampp\UTS_Enterprise_msi - Copy\system\CodeIgniter.php(825): App\Controllers\Manajemenajaran->index()
#6 C:\xampp\UTS_Enterprise_msi - Copy\system\CodeIgniter.php(412): CodeIgniter\CodeIgniter->runController(Object(App\Controllers\Manajemenajaran))
#7 C:\xampp\UTS_Enterprise_msi - Copy\system\CodeIgniter.php(320): CodeIgniter\CodeIgniter->handleRequest(NULL, Object(Config\Cache), false)
#8 C:\xampp\UTS_Enterprise_msi - Copy\public\index.php(37): CodeIgniter\CodeIgniter->run()
#9 C:\xampp\UTS_Enterprise_msi - Copy\system\Commands\Server\rewrite.php(43): require_once('C:\\xampp\\UTS_En...')
#10 {main}
CRITICAL - 2023-06-19 23:51:21 --> Trying to access array offset on value of type null
#0 C:\xampp\UTS_Enterprise_msi - Copy\app\Views\manajemenajaran\edit21.php(43): CodeIgniter\Debug\Exceptions->errorHandler(2, 'Trying to acces...', 'C:\\xampp\\UTS_En...', 43)
#1 C:\xampp\UTS_Enterprise_msi - Copy\system\View\View.php(210): include('C:\\xampp\\UTS_En...')
#2 C:\xampp\UTS_Enterprise_msi - Copy\system\View\View.php(213): CodeIgniter\View\View->CodeIgniter\View\{closure}()
#3 C:\xampp\UTS_Enterprise_msi - Copy\system\Common.php(1089): CodeIgniter\View\View->render('manajemenajaran...', Array, true)
#4 C:\xampp\UTS_Enterprise_msi - Copy\app\Controllers\Manajemenajaran.php(105): view('manajemenajaran...', Array)
#5 C:\xampp\UTS_Enterprise_msi - Copy\system\CodeIgniter.php(825): App\Controllers\Manajemenajaran->edit21('2021', '2022')
#6 C:\xampp\UTS_Enterprise_msi - Copy\system\CodeIgniter.php(412): CodeIgniter\CodeIgniter->runController(Object(App\Controllers\Manajemenajaran))
#7 C:\xampp\UTS_Enterprise_msi - Copy\system\CodeIgniter.php(320): CodeIgniter\CodeIgniter->handleRequest(NULL, Object(Config\Cache), false)
#8 C:\xampp\UTS_Enterprise_msi - Copy\public\index.php(37): CodeIgniter\CodeIgniter->run()
#9 C:\xampp\UTS_Enterprise_msi - Copy\system\Commands\Server\rewrite.php(43): require_once('C:\\xampp\\UTS_En...')
#10 {main}
CRITICAL - 2023-06-19 23:52:00 --> Trying to access array offset on value of type null
#0 C:\xampp\UTS_Enterprise_msi - Copy\app\Views\manajemenajaran\edit21.php(43): CodeIgniter\Debug\Exceptions->errorHandler(2, 'Trying to acces...', 'C:\\xampp\\UTS_En...', 43)
#1 C:\xampp\UTS_Enterprise_msi - Copy\system\View\View.php(210): include('C:\\xampp\\UTS_En...')
#2 C:\xampp\UTS_Enterprise_msi - Copy\system\View\View.php(213): CodeIgniter\View\View->CodeIgniter\View\{closure}()
#3 C:\xampp\UTS_Enterprise_msi - Copy\system\Common.php(1089): CodeIgniter\View\View->render('manajemenajaran...', Array, true)
#4 C:\xampp\UTS_Enterprise_msi - Copy\app\Controllers\Manajemenajaran.php(105): view('manajemenajaran...', Array)
#5 C:\xampp\UTS_Enterprise_msi - Copy\system\CodeIgniter.php(825): App\Controllers\Manajemenajaran->edit21('2021', '2022')
#6 C:\xampp\UTS_Enterprise_msi - Copy\system\CodeIgniter.php(412): CodeIgniter\CodeIgniter->runController(Object(App\Controllers\Manajemenajaran))
#7 C:\xampp\UTS_Enterprise_msi - Copy\system\CodeIgniter.php(320): CodeIgniter\CodeIgniter->handleRequest(NULL, Object(Config\Cache), false)
#8 C:\xampp\UTS_Enterprise_msi - Copy\public\index.php(37): CodeIgniter\CodeIgniter->run()
#9 C:\xampp\UTS_Enterprise_msi - Copy\system\Commands\Server\rewrite.php(43): require_once('C:\\xampp\\UTS_En...')
#10 {main}
CRITICAL - 2023-06-19 23:52:05 --> Trying to access array offset on value of type null
#0 C:\xampp\UTS_Enterprise_msi - Copy\app\Views\manajemenajaran\edit21.php(43): CodeIgniter\Debug\Exceptions->errorHandler(2, 'Trying to acces...', 'C:\\xampp\\UTS_En...', 43)
#1 C:\xampp\UTS_Enterprise_msi - Copy\system\View\View.php(210): include('C:\\xampp\\UTS_En...')
#2 C:\xampp\UTS_Enterprise_msi - Copy\system\View\View.php(213): CodeIgniter\View\View->CodeIgniter\View\{closure}()
#3 C:\xampp\UTS_Enterprise_msi - Copy\system\Common.php(1089): CodeIgniter\View\View->render('manajemenajaran...', Array, true)
#4 C:\xampp\UTS_Enterprise_msi - Copy\app\Controllers\Manajemenajaran.php(105): view('manajemenajaran...', Array)
#5 C:\xampp\UTS_Enterprise_msi - Copy\system\CodeIgniter.php(825): App\Controllers\Manajemenajaran->edit21('2022', '2023')
#6 C:\xampp\UTS_Enterprise_msi - Copy\system\CodeIgniter.php(412): CodeIgniter\CodeIgniter->runController(Object(App\Controllers\Manajemenajaran))
#7 C:\xampp\UTS_Enterprise_msi - Copy\system\CodeIgniter.php(320): CodeIgniter\CodeIgniter->handleRequest(NULL, Object(Config\Cache), false)
#8 C:\xampp\UTS_Enterprise_msi - Copy\public\index.php(37): CodeIgniter\CodeIgniter->run()
#9 C:\xampp\UTS_Enterprise_msi - Copy\system\Commands\Server\rewrite.php(43): require_once('C:\\xampp\\UTS_En...')
#10 {main}
CRITICAL - 2023-06-19 23:52:57 --> Trying to access array offset on value of type null
#0 C:\xampp\UTS_Enterprise_msi - Copy\app\Views\manajemenajaran\edit21.php(48): CodeIgniter\Debug\Exceptions->errorHandler(2, 'Trying to acces...', 'C:\\xampp\\UTS_En...', 48)
#1 C:\xampp\UTS_Enterprise_msi - Copy\system\View\View.php(210): include('C:\\xampp\\UTS_En...')
#2 C:\xampp\UTS_Enterprise_msi - Copy\system\View\View.php(213): CodeIgniter\View\View->CodeIgniter\View\{closure}()
#3 C:\xampp\UTS_Enterprise_msi - Copy\system\Common.php(1089): CodeIgniter\View\View->render('manajemenajaran...', Array, true)
#4 C:\xampp\UTS_Enterprise_msi - Copy\app\Controllers\Manajemenajaran.php(105): view('manajemenajaran...', Array)
#5 C:\xampp\UTS_Enterprise_msi - Copy\system\CodeIgniter.php(825): App\Controllers\Manajemenajaran->edit21('2022', '2023')
#6 C:\xampp\UTS_Enterprise_msi - Copy\system\CodeIgniter.php(412): CodeIgniter\CodeIgniter->runController(Object(App\Controllers\Manajemenajaran))
#7 C:\xampp\UTS_Enterprise_msi - Copy\system\CodeIgniter.php(320): CodeIgniter\CodeIgniter->handleRequest(NULL, Object(Config\Cache), false)
#8 C:\xampp\UTS_Enterprise_msi - Copy\public\index.php(37): CodeIgniter\CodeIgniter->run()
#9 C:\xampp\UTS_Enterprise_msi - Copy\system\Commands\Server\rewrite.php(43): require_once('C:\\xampp\\UTS_En...')
#10 {main}
CRITICAL - 2023-06-19 23:53:10 --> Trying to access array offset on value of type null
#0 C:\xampp\UTS_Enterprise_msi - Copy\app\Views\manajemenajaran\edit21.php(53): CodeIgniter\Debug\Exceptions->errorHandler(2, 'Trying to acces...', 'C:\\xampp\\UTS_En...', 53)
#1 C:\xampp\UTS_Enterprise_msi - Copy\system\View\View.php(210): include('C:\\xampp\\UTS_En...')
#2 C:\xampp\UTS_Enterprise_msi - Copy\system\View\View.php(213): CodeIgniter\View\View->CodeIgniter\View\{closure}()
#3 C:\xampp\UTS_Enterprise_msi - Copy\system\Common.php(1089): CodeIgniter\View\View->render('manajemenajaran...', Array, true)
#4 C:\xampp\UTS_Enterprise_msi - Copy\app\Controllers\Manajemenajaran.php(105): view('manajemenajaran...', Array)
#5 C:\xampp\UTS_Enterprise_msi - Copy\system\CodeIgniter.php(825): App\Controllers\Manajemenajaran->edit21('2022', '2023')
#6 C:\xampp\UTS_Enterprise_msi - Copy\system\CodeIgniter.php(412): CodeIgniter\CodeIgniter->runController(Object(App\Controllers\Manajemenajaran))
#7 C:\xampp\UTS_Enterprise_msi - Copy\system\CodeIgniter.php(320): CodeIgniter\CodeIgniter->handleRequest(NULL, Object(Config\Cache), false)
#8 C:\xampp\UTS_Enterprise_msi - Copy\public\index.php(37): CodeIgniter\CodeIgniter->run()
#9 C:\xampp\UTS_Enterprise_msi - Copy\system\Commands\Server\rewrite.php(43): require_once('C:\\xampp\\UTS_En...')
#10 {main}
CRITICAL - 2023-06-19 23:53:40 --> Trying to access array offset on value of type null
#0 C:\xampp\UTS_Enterprise_msi - Copy\app\Views\manajemenajaran\edit21.php(43): CodeIgniter\Debug\Exceptions->errorHandler(2, 'Trying to acces...', 'C:\\xampp\\UTS_En...', 43)
#1 C:\xampp\UTS_Enterprise_msi - Copy\system\View\View.php(210): include('C:\\xampp\\UTS_En...')
#2 C:\xampp\UTS_Enterprise_msi - Copy\system\View\View.php(213): CodeIgniter\View\View->CodeIgniter\View\{closure}()
#3 C:\xampp\UTS_Enterprise_msi - Copy\system\Common.php(1089): CodeIgniter\View\View->render('manajemenajaran...', Array, true)
#4 C:\xampp\UTS_Enterprise_msi - Copy\app\Controllers\Manajemenajaran.php(105): view('manajemenajaran...', Array)
#5 C:\xampp\UTS_Enterprise_msi - Copy\system\CodeIgniter.php(825): App\Controllers\Manajemenajaran->edit21('2022', '2023')
#6 C:\xampp\UTS_Enterprise_msi - Copy\system\CodeIgniter.php(412): CodeIgniter\CodeIgniter->runController(Object(App\Controllers\Manajemenajaran))
#7 C:\xampp\UTS_Enterprise_msi - Copy\system\CodeIgniter.php(320): CodeIgniter\CodeIgniter->handleRequest(NULL, Object(Config\Cache), false)
#8 C:\xampp\UTS_Enterprise_msi - Copy\public\index.php(37): CodeIgniter\CodeIgniter->run()
#9 C:\xampp\UTS_Enterprise_msi - Copy\system\Commands\Server\rewrite.php(43): require_once('C:\\xampp\\UTS_En...')
#10 {main}
CRITICAL - 2023-06-19 23:54:04 --> Trying to access array offset on value of type null
#0 C:\xampp\UTS_Enterprise_msi - Copy\app\Views\manajemenajaran\edit21.php(43): CodeIgniter\Debug\Exceptions->errorHandler(2, 'Trying to acces...', 'C:\\xampp\\UTS_En...', 43)
#1 C:\xampp\UTS_Enterprise_msi - Copy\system\View\View.php(210): include('C:\\xampp\\UTS_En...')
#2 C:\xampp\UTS_Enterprise_msi - Copy\system\View\View.php(213): CodeIgniter\View\View->CodeIgniter\View\{closure}()
#3 C:\xampp\UTS_Enterprise_msi - Copy\system\Common.php(1089): CodeIgniter\View\View->render('manajemenajaran...', Array, true)
#4 C:\xampp\UTS_Enterprise_msi - Copy\app\Controllers\Manajemenajaran.php(105): view('manajemenajaran...', Array)
#5 C:\xampp\UTS_Enterprise_msi - Copy\system\CodeIgniter.php(825): App\Controllers\Manajemenajaran->edit21('2021', '2022')
#6 C:\xampp\UTS_Enterprise_msi - Copy\system\CodeIgniter.php(412): CodeIgniter\CodeIgniter->runController(Object(App\Controllers\Manajemenajaran))
#7 C:\xampp\UTS_Enterprise_msi - Copy\system\CodeIgniter.php(320): CodeIgniter\CodeIgniter->handleRequest(NULL, Object(Config\Cache), false)
#8 C:\xampp\UTS_Enterprise_msi - Copy\public\index.php(37): CodeIgniter\CodeIgniter->run()
#9 C:\xampp\UTS_Enterprise_msi - Copy\system\Commands\Server\rewrite.php(43): require_once('C:\\xampp\\UTS_En...')
#10 {main}
