ERROR - 2023-01-21 20:20:14 --> Table 'medis_0014.users' doesn't exist
CRITICAL - 2023-01-21 20:20:14 --> Table 'medis_0014.users' doesn't exist
#0 C:\xampp\htdocs\ci4_medis\system\Database\MySQLi\Connection.php(292): mysqli->query('SELECT COUNT(*)...', 0)
#1 C:\xampp\htdocs\ci4_medis\system\Database\BaseConnection.php(670): CodeIgniter\Database\MySQLi\Connection->execute('SELECT COUNT(*)...')
#2 C:\xampp\htdocs\ci4_medis\system\Database\BaseConnection.php(598): CodeIgniter\Database\BaseConnection->simpleQuery('SELECT COUNT(*)...')
#3 C:\xampp\htdocs\ci4_medis\system\Database\BaseBuilder.php(1484): CodeIgniter\Database\BaseConnection->query('SELECT COUNT(*)...', NULL, false)
#4 C:\xampp\htdocs\ci4_medis\system\Model.php(728): CodeIgniter\Database\BaseBuilder->countAll()
#5 C:\xampp\htdocs\ci4_medis\app\Models\Auth_model.php(12): CodeIgniter\Model->__call('countAll', Array)
#6 C:\xampp\htdocs\ci4_medis\app\Controllers\Auth.php(49): App\Models\Auth_model->cek_login('admin@example.c...')
#7 C:\xampp\htdocs\ci4_medis\system\CodeIgniter.php(825): App\Controllers\Auth->proses_login()
#8 C:\xampp\htdocs\ci4_medis\system\CodeIgniter.php(412): CodeIgniter\CodeIgniter->runController(Object(App\Controllers\Auth))
#9 C:\xampp\htdocs\ci4_medis\system\CodeIgniter.php(320): CodeIgniter\CodeIgniter->handleRequest(NULL, Object(Config\Cache), false)
#10 C:\xampp\htdocs\ci4_medis\public\index.php(37): CodeIgniter\CodeIgniter->run()
#11 C:\xampp\htdocs\ci4_medis\system\Commands\Server\rewrite.php(43): require_once('C:\\xampp\\htdocs...')
#12 {main}
ERROR - 2023-01-21 20:21:47 --> Table 'medis_0014.users' doesn't exist
CRITICAL - 2023-01-21 20:21:47 --> Table 'medis_0014.users' doesn't exist
#0 C:\xampp\htdocs\ci4_medis\system\Database\MySQLi\Connection.php(292): mysqli->query('SELECT COUNT(*)...', 0)
#1 C:\xampp\htdocs\ci4_medis\system\Database\BaseConnection.php(670): CodeIgniter\Database\MySQLi\Connection->execute('SELECT COUNT(*)...')
#2 C:\xampp\htdocs\ci4_medis\system\Database\BaseConnection.php(598): CodeIgniter\Database\BaseConnection->simpleQuery('SELECT COUNT(*)...')
#3 C:\xampp\htdocs\ci4_medis\system\Database\BaseBuilder.php(1484): CodeIgniter\Database\BaseConnection->query('SELECT COUNT(*)...', NULL, false)
#4 C:\xampp\htdocs\ci4_medis\system\Model.php(728): CodeIgniter\Database\BaseBuilder->countAll()
#5 C:\xampp\htdocs\ci4_medis\app\Models\Auth_model.php(12): CodeIgniter\Model->__call('countAll', Array)
#6 C:\xampp\htdocs\ci4_medis\app\Controllers\Auth.php(49): App\Models\Auth_model->cek_login('admin@example.c...')
#7 C:\xampp\htdocs\ci4_medis\system\CodeIgniter.php(825): App\Controllers\Auth->proses_login()
#8 C:\xampp\htdocs\ci4_medis\system\CodeIgniter.php(412): CodeIgniter\CodeIgniter->runController(Object(App\Controllers\Auth))
#9 C:\xampp\htdocs\ci4_medis\system\CodeIgniter.php(320): CodeIgniter\CodeIgniter->handleRequest(NULL, Object(Config\Cache), false)
#10 C:\xampp\htdocs\ci4_medis\public\index.php(37): CodeIgniter\CodeIgniter->run()
#11 C:\xampp\htdocs\ci4_medis\system\Commands\Server\rewrite.php(43): require_once('C:\\xampp\\htdocs...')
#12 {main}
CRITICAL - 2023-01-21 20:30:50 --> Call to undefined method App\Controllers\Dashboard::cek_login()
#0 C:\xampp\htdocs\ci4_medis\system\CodeIgniter.php(802): App\Controllers\Dashboard->__construct()
#1 C:\xampp\htdocs\ci4_medis\system\CodeIgniter.php(403): CodeIgniter\CodeIgniter->createController()
#2 C:\xampp\htdocs\ci4_medis\system\CodeIgniter.php(320): CodeIgniter\CodeIgniter->handleRequest(NULL, Object(Config\Cache), false)
#3 C:\xampp\htdocs\ci4_medis\public\index.php(37): CodeIgniter\CodeIgniter->run()
#4 C:\xampp\htdocs\ci4_medis\system\Commands\Server\rewrite.php(43): require_once('C:\\xampp\\htdocs...')
#5 {main}
ERROR - 2023-01-21 20:33:40 --> Table 'medis_0014.categories' doesn't exist
CRITICAL - 2023-01-21 20:33:40 --> Table 'medis_0014.categories' doesn't exist
#0 C:\xampp\htdocs\ci4_medis\system\Database\MySQLi\Connection.php(292): mysqli->query('SELECT *\nFROM `...', 0)
#1 C:\xampp\htdocs\ci4_medis\system\Database\BaseConnection.php(670): CodeIgniter\Database\MySQLi\Connection->execute('SELECT *\nFROM `...')
#2 C:\xampp\htdocs\ci4_medis\system\Database\BaseConnection.php(598): CodeIgniter\Database\BaseConnection->simpleQuery('SELECT *\nFROM `...')
#3 C:\xampp\htdocs\ci4_medis\system\Database\BaseBuilder.php(1455): CodeIgniter\Database\BaseConnection->query('SELECT *\nFROM `...', Array, false)
#4 C:\xampp\htdocs\ci4_medis\system\Model.php(183): CodeIgniter\Database\BaseBuilder->get()
#5 C:\xampp\htdocs\ci4_medis\system\BaseModel.php(584): CodeIgniter\Model->doFindAll(0, 0)
#6 C:\xampp\htdocs\ci4_medis\app\Models\Category_model.php(11): CodeIgniter\BaseModel->findAll()
#7 C:\xampp\htdocs\ci4_medis\app\Controllers\Category.php(14): App\Models\Category_model->getCategory()
#8 C:\xampp\htdocs\ci4_medis\system\CodeIgniter.php(825): App\Controllers\Category->index()
#9 C:\xampp\htdocs\ci4_medis\system\CodeIgniter.php(412): CodeIgniter\CodeIgniter->runController(Object(App\Controllers\Category))
#10 C:\xampp\htdocs\ci4_medis\system\CodeIgniter.php(320): CodeIgniter\CodeIgniter->handleRequest(NULL, Object(Config\Cache), false)
#11 C:\xampp\htdocs\ci4_medis\public\index.php(37): CodeIgniter\CodeIgniter->run()
#12 C:\xampp\htdocs\ci4_medis\system\Commands\Server\rewrite.php(43): require_once('C:\\xampp\\htdocs...')
#13 {main}
ERROR - 2023-01-21 20:49:25 --> Table 'medis_0014.categories' doesn't exist
CRITICAL - 2023-01-21 20:49:25 --> Table 'medis_0014.categories' doesn't exist
#0 C:\xampp\htdocs\ci4_medis\system\Database\MySQLi\Connection.php(292): mysqli->query('SELECT *\nFROM `...', 0)
#1 C:\xampp\htdocs\ci4_medis\system\Database\BaseConnection.php(670): CodeIgniter\Database\MySQLi\Connection->execute('SELECT *\nFROM `...')
#2 C:\xampp\htdocs\ci4_medis\system\Database\BaseConnection.php(598): CodeIgniter\Database\BaseConnection->simpleQuery('SELECT *\nFROM `...')
#3 C:\xampp\htdocs\ci4_medis\system\Database\BaseBuilder.php(1455): CodeIgniter\Database\BaseConnection->query('SELECT *\nFROM `...', Array, false)
#4 C:\xampp\htdocs\ci4_medis\system\Model.php(183): CodeIgniter\Database\BaseBuilder->get()
#5 C:\xampp\htdocs\ci4_medis\system\BaseModel.php(584): CodeIgniter\Model->doFindAll(0, 0)
#6 C:\xampp\htdocs\ci4_medis\app\Models\Category_model.php(11): CodeIgniter\BaseModel->findAll()
#7 C:\xampp\htdocs\ci4_medis\app\Controllers\Category.php(14): App\Models\Category_model->getCategory()
#8 C:\xampp\htdocs\ci4_medis\system\CodeIgniter.php(825): App\Controllers\Category->index()
#9 C:\xampp\htdocs\ci4_medis\system\CodeIgniter.php(412): CodeIgniter\CodeIgniter->runController(Object(App\Controllers\Category))
#10 C:\xampp\htdocs\ci4_medis\system\CodeIgniter.php(320): CodeIgniter\CodeIgniter->handleRequest(NULL, Object(Config\Cache), false)
#11 C:\xampp\htdocs\ci4_medis\public\index.php(37): CodeIgniter\CodeIgniter->run()
#12 C:\xampp\htdocs\ci4_medis\system\Commands\Server\rewrite.php(43): require_once('C:\\xampp\\htdocs...')
#13 {main}
CRITICAL - 2023-01-21 20:50:07 --> Undefined variable $categories
#0 C:\xampp\htdocs\ci4_medis\app\Views\category\index.php(61): CodeIgniter\Debug\Exceptions->errorHandler(2, 'Undefined varia...', 'C:\\xampp\\htdocs...', 61)
#1 C:\xampp\htdocs\ci4_medis\system\View\View.php(210): include('C:\\xampp\\htdocs...')
#2 C:\xampp\htdocs\ci4_medis\system\View\View.php(213): CodeIgniter\View\View->CodeIgniter\View\{closure}()
#3 C:\xampp\htdocs\ci4_medis\system\Common.php(1089): CodeIgniter\View\View->render('category/index', Array, true)
#4 C:\xampp\htdocs\ci4_medis\app\Controllers\Category.php(15): view('category/index', Array)
#5 C:\xampp\htdocs\ci4_medis\system\CodeIgniter.php(825): App\Controllers\Category->index()
#6 C:\xampp\htdocs\ci4_medis\system\CodeIgniter.php(412): CodeIgniter\CodeIgniter->runController(Object(App\Controllers\Category))
#7 C:\xampp\htdocs\ci4_medis\system\CodeIgniter.php(320): CodeIgniter\CodeIgniter->handleRequest(NULL, Object(Config\Cache), false)
#8 C:\xampp\htdocs\ci4_medis\public\index.php(37): CodeIgniter\CodeIgniter->run()
#9 C:\xampp\htdocs\ci4_medis\system\Commands\Server\rewrite.php(43): require_once('C:\\xampp\\htdocs...')
#10 {main}
CRITICAL - 2023-01-21 20:59:45 --> Call to undefined function form_label()
#0 C:\xampp\htdocs\ci4_medis\system\View\View.php(210): include()
#1 C:\xampp\htdocs\ci4_medis\system\View\View.php(213): CodeIgniter\View\View->CodeIgniter\View\{closure}()
#2 C:\xampp\htdocs\ci4_medis\system\Common.php(1089): CodeIgniter\View\View->render('category/index', Array, true)
#3 C:\xampp\htdocs\ci4_medis\app\Controllers\Category.php(15): view('category/index', Array)
#4 C:\xampp\htdocs\ci4_medis\system\CodeIgniter.php(825): App\Controllers\Category->index()
#5 C:\xampp\htdocs\ci4_medis\system\CodeIgniter.php(412): CodeIgniter\CodeIgniter->runController(Object(App\Controllers\Category))
#6 C:\xampp\htdocs\ci4_medis\system\CodeIgniter.php(320): CodeIgniter\CodeIgniter->handleRequest(NULL, Object(Config\Cache), false)
#7 C:\xampp\htdocs\ci4_medis\public\index.php(37): CodeIgniter\CodeIgniter->run()
#8 C:\xampp\htdocs\ci4_medis\system\Commands\Server\rewrite.php(43): require_once('C:\\xampp\\htdocs...')
#9 {main}
CRITICAL - 2023-01-21 21:00:13 --> Call to undefined function form_label()
#0 C:\xampp\htdocs\ci4_medis\system\View\View.php(210): include()
#1 C:\xampp\htdocs\ci4_medis\system\View\View.php(213): CodeIgniter\View\View->CodeIgniter\View\{closure}()
#2 C:\xampp\htdocs\ci4_medis\system\Common.php(1089): CodeIgniter\View\View->render('category/index', Array, true)
#3 C:\xampp\htdocs\ci4_medis\app\Controllers\Category.php(15): view('category/index', Array)
#4 C:\xampp\htdocs\ci4_medis\system\CodeIgniter.php(825): App\Controllers\Category->index()
#5 C:\xampp\htdocs\ci4_medis\system\CodeIgniter.php(412): CodeIgniter\CodeIgniter->runController(Object(App\Controllers\Category))
#6 C:\xampp\htdocs\ci4_medis\system\CodeIgniter.php(320): CodeIgniter\CodeIgniter->handleRequest(NULL, Object(Config\Cache), false)
#7 C:\xampp\htdocs\ci4_medis\public\index.php(37): CodeIgniter\CodeIgniter->run()
#8 C:\xampp\htdocs\ci4_medis\system\Commands\Server\rewrite.php(43): require_once('C:\\xampp\\htdocs...')
#9 {main}
CRITICAL - 2023-01-21 21:00:14 --> Call to undefined function form_label()
#0 C:\xampp\htdocs\ci4_medis\system\View\View.php(210): include()
#1 C:\xampp\htdocs\ci4_medis\system\View\View.php(213): CodeIgniter\View\View->CodeIgniter\View\{closure}()
#2 C:\xampp\htdocs\ci4_medis\system\Common.php(1089): CodeIgniter\View\View->render('category/index', Array, true)
#3 C:\xampp\htdocs\ci4_medis\app\Controllers\Category.php(15): view('category/index', Array)
#4 C:\xampp\htdocs\ci4_medis\system\CodeIgniter.php(825): App\Controllers\Category->index()
#5 C:\xampp\htdocs\ci4_medis\system\CodeIgniter.php(412): CodeIgniter\CodeIgniter->runController(Object(App\Controllers\Category))
#6 C:\xampp\htdocs\ci4_medis\system\CodeIgniter.php(320): CodeIgniter\CodeIgniter->handleRequest(NULL, Object(Config\Cache), false)
#7 C:\xampp\htdocs\ci4_medis\public\index.php(37): CodeIgniter\CodeIgniter->run()
#8 C:\xampp\htdocs\ci4_medis\system\Commands\Server\rewrite.php(43): require_once('C:\\xampp\\htdocs...')
#9 {main}
CRITICAL - 2023-01-21 21:27:45 --> Undefined property: App\Controllers\Category::$Category_model
#0 C:\xampp\htdocs\ci4_medis\app\Controllers\Category.php(37): CodeIgniter\Debug\Exceptions->errorHandler(2, 'Undefined prope...', 'C:\\xampp\\htdocs...', 37)
#1 C:\xampp\htdocs\ci4_medis\system\CodeIgniter.php(825): App\Controllers\Category->index()
#2 C:\xampp\htdocs\ci4_medis\system\CodeIgniter.php(412): CodeIgniter\CodeIgniter->runController(Object(App\Controllers\Category))
#3 C:\xampp\htdocs\ci4_medis\system\CodeIgniter.php(320): CodeIgniter\CodeIgniter->handleRequest(NULL, Object(Config\Cache), false)
#4 C:\xampp\htdocs\ci4_medis\public\index.php(37): CodeIgniter\CodeIgniter->run()
#5 C:\xampp\htdocs\ci4_medis\system\Commands\Server\rewrite.php(43): require_once('C:\\xampp\\htdocs...')
#6 {main}
CRITICAL - 2023-01-21 21:30:45 --> Undefined property: App\Controllers\Category::$Category_model
#0 C:\xampp\htdocs\ci4_medis\app\Controllers\Category.php(37): CodeIgniter\Debug\Exceptions->errorHandler(2, 'Undefined prope...', 'C:\\xampp\\htdocs...', 37)
#1 C:\xampp\htdocs\ci4_medis\system\CodeIgniter.php(825): App\Controllers\Category->index()
#2 C:\xampp\htdocs\ci4_medis\system\CodeIgniter.php(412): CodeIgniter\CodeIgniter->runController(Object(App\Controllers\Category))
#3 C:\xampp\htdocs\ci4_medis\system\CodeIgniter.php(320): CodeIgniter\CodeIgniter->handleRequest(NULL, Object(Config\Cache), false)
#4 C:\xampp\htdocs\ci4_medis\public\index.php(37): CodeIgniter\CodeIgniter->run()
#5 C:\xampp\htdocs\ci4_medis\system\Commands\Server\rewrite.php(43): require_once('C:\\xampp\\htdocs...')
#6 {main}
CRITICAL - 2023-01-21 21:30:46 --> Undefined property: App\Controllers\Category::$Category_model
#0 C:\xampp\htdocs\ci4_medis\app\Controllers\Category.php(37): CodeIgniter\Debug\Exceptions->errorHandler(2, 'Undefined prope...', 'C:\\xampp\\htdocs...', 37)
#1 C:\xampp\htdocs\ci4_medis\system\CodeIgniter.php(825): App\Controllers\Category->index()
#2 C:\xampp\htdocs\ci4_medis\system\CodeIgniter.php(412): CodeIgniter\CodeIgniter->runController(Object(App\Controllers\Category))
#3 C:\xampp\htdocs\ci4_medis\system\CodeIgniter.php(320): CodeIgniter\CodeIgniter->handleRequest(NULL, Object(Config\Cache), false)
#4 C:\xampp\htdocs\ci4_medis\public\index.php(37): CodeIgniter\CodeIgniter->run()
#5 C:\xampp\htdocs\ci4_medis\system\Commands\Server\rewrite.php(43): require_once('C:\\xampp\\htdocs...')
#6 {main}
CRITICAL - 2023-01-21 21:30:54 --> Undefined property: App\Controllers\Category::$Category_model
#0 C:\xampp\htdocs\ci4_medis\app\Controllers\Category.php(38): CodeIgniter\Debug\Exceptions->errorHandler(2, 'Undefined prope...', 'C:\\xampp\\htdocs...', 38)
#1 C:\xampp\htdocs\ci4_medis\system\CodeIgniter.php(825): App\Controllers\Category->index()
#2 C:\xampp\htdocs\ci4_medis\system\CodeIgniter.php(412): CodeIgniter\CodeIgniter->runController(Object(App\Controllers\Category))
#3 C:\xampp\htdocs\ci4_medis\system\CodeIgniter.php(320): CodeIgniter\CodeIgniter->handleRequest(NULL, Object(Config\Cache), false)
#4 C:\xampp\htdocs\ci4_medis\public\index.php(37): CodeIgniter\CodeIgniter->run()
#5 C:\xampp\htdocs\ci4_medis\system\Commands\Server\rewrite.php(43): require_once('C:\\xampp\\htdocs...')
#6 {main}
CRITICAL - 2023-01-21 21:33:35 --> Undefined property: App\Controllers\Category::$Category_model
#0 C:\xampp\htdocs\ci4_medis\app\Controllers\Category.php(37): CodeIgniter\Debug\Exceptions->errorHandler(2, 'Undefined prope...', 'C:\\xampp\\htdocs...', 37)
#1 C:\xampp\htdocs\ci4_medis\system\CodeIgniter.php(825): App\Controllers\Category->index()
#2 C:\xampp\htdocs\ci4_medis\system\CodeIgniter.php(412): CodeIgniter\CodeIgniter->runController(Object(App\Controllers\Category))
#3 C:\xampp\htdocs\ci4_medis\system\CodeIgniter.php(320): CodeIgniter\CodeIgniter->handleRequest(NULL, Object(Config\Cache), false)
#4 C:\xampp\htdocs\ci4_medis\public\index.php(37): CodeIgniter\CodeIgniter->run()
#5 C:\xampp\htdocs\ci4_medis\system\Commands\Server\rewrite.php(43): require_once('C:\\xampp\\htdocs...')
#6 {main}
CRITICAL - 2023-01-21 21:33:58 --> Undefined variable $categories
#0 C:\xampp\htdocs\ci4_medis\app\Views\category\index.php(54): CodeIgniter\Debug\Exceptions->errorHandler(2, 'Undefined varia...', 'C:\\xampp\\htdocs...', 54)
#1 C:\xampp\htdocs\ci4_medis\system\View\View.php(210): include('C:\\xampp\\htdocs...')
#2 C:\xampp\htdocs\ci4_medis\system\View\View.php(213): CodeIgniter\View\View->CodeIgniter\View\{closure}()
#3 C:\xampp\htdocs\ci4_medis\system\Common.php(1089): CodeIgniter\View\View->render('category/index', Array, true)
#4 C:\xampp\htdocs\ci4_medis\app\Controllers\Category.php(48): view('category/index', Array)
#5 C:\xampp\htdocs\ci4_medis\system\CodeIgniter.php(825): App\Controllers\Category->index()
#6 C:\xampp\htdocs\ci4_medis\system\CodeIgniter.php(412): CodeIgniter\CodeIgniter->runController(Object(App\Controllers\Category))
#7 C:\xampp\htdocs\ci4_medis\system\CodeIgniter.php(320): CodeIgniter\CodeIgniter->handleRequest(NULL, Object(Config\Cache), false)
#8 C:\xampp\htdocs\ci4_medis\public\index.php(37): CodeIgniter\CodeIgniter->run()
#9 C:\xampp\htdocs\ci4_medis\system\Commands\Server\rewrite.php(43): require_once('C:\\xampp\\htdocs...')
#10 {main}
CRITICAL - 2023-01-21 21:34:30 --> Undefined variable $products
#0 C:\xampp\htdocs\ci4_medis\app\Views\category\index.php(85): CodeIgniter\Debug\Exceptions->errorHandler(2, 'Undefined varia...', 'C:\\xampp\\htdocs...', 85)
#1 C:\xampp\htdocs\ci4_medis\system\View\View.php(210): include('C:\\xampp\\htdocs...')
#2 C:\xampp\htdocs\ci4_medis\system\View\View.php(213): CodeIgniter\View\View->CodeIgniter\View\{closure}()
#3 C:\xampp\htdocs\ci4_medis\system\Common.php(1089): CodeIgniter\View\View->render('category/index', Array, true)
#4 C:\xampp\htdocs\ci4_medis\app\Controllers\Category.php(48): view('category/index', Array)
#5 C:\xampp\htdocs\ci4_medis\system\CodeIgniter.php(825): App\Controllers\Category->index()
#6 C:\xampp\htdocs\ci4_medis\system\CodeIgniter.php(412): CodeIgniter\CodeIgniter->runController(Object(App\Controllers\Category))
#7 C:\xampp\htdocs\ci4_medis\system\CodeIgniter.php(320): CodeIgniter\CodeIgniter->handleRequest(NULL, Object(Config\Cache), false)
#8 C:\xampp\htdocs\ci4_medis\public\index.php(37): CodeIgniter\CodeIgniter->run()
#9 C:\xampp\htdocs\ci4_medis\system\Commands\Server\rewrite.php(43): require_once('C:\\xampp\\htdocs...')
#10 {main}
CRITICAL - 2023-01-21 21:34:31 --> Undefined variable $products
#0 C:\xampp\htdocs\ci4_medis\app\Views\category\index.php(85): CodeIgniter\Debug\Exceptions->errorHandler(2, 'Undefined varia...', 'C:\\xampp\\htdocs...', 85)
#1 C:\xampp\htdocs\ci4_medis\system\View\View.php(210): include('C:\\xampp\\htdocs...')
#2 C:\xampp\htdocs\ci4_medis\system\View\View.php(213): CodeIgniter\View\View->CodeIgniter\View\{closure}()
#3 C:\xampp\htdocs\ci4_medis\system\Common.php(1089): CodeIgniter\View\View->render('category/index', Array, true)
#4 C:\xampp\htdocs\ci4_medis\app\Controllers\Category.php(48): view('category/index', Array)
#5 C:\xampp\htdocs\ci4_medis\system\CodeIgniter.php(825): App\Controllers\Category->index()
#6 C:\xampp\htdocs\ci4_medis\system\CodeIgniter.php(412): CodeIgniter\CodeIgniter->runController(Object(App\Controllers\Category))
#7 C:\xampp\htdocs\ci4_medis\system\CodeIgniter.php(320): CodeIgniter\CodeIgniter->handleRequest(NULL, Object(Config\Cache), false)
#8 C:\xampp\htdocs\ci4_medis\public\index.php(37): CodeIgniter\CodeIgniter->run()
#9 C:\xampp\htdocs\ci4_medis\system\Commands\Server\rewrite.php(43): require_once('C:\\xampp\\htdocs...')
#10 {main}
CRITICAL - 2023-01-21 21:34:56 --> Undefined variable $obat0014
#0 C:\xampp\htdocs\ci4_medis\app\Views\category\index.php(85): CodeIgniter\Debug\Exceptions->errorHandler(2, 'Undefined varia...', 'C:\\xampp\\htdocs...', 85)
#1 C:\xampp\htdocs\ci4_medis\system\View\View.php(210): include('C:\\xampp\\htdocs...')
#2 C:\xampp\htdocs\ci4_medis\system\View\View.php(213): CodeIgniter\View\View->CodeIgniter\View\{closure}()
#3 C:\xampp\htdocs\ci4_medis\system\Common.php(1089): CodeIgniter\View\View->render('category/index', Array, true)
#4 C:\xampp\htdocs\ci4_medis\app\Controllers\Category.php(48): view('category/index', Array)
#5 C:\xampp\htdocs\ci4_medis\system\CodeIgniter.php(825): App\Controllers\Category->index()
#6 C:\xampp\htdocs\ci4_medis\system\CodeIgniter.php(412): CodeIgniter\CodeIgniter->runController(Object(App\Controllers\Category))
#7 C:\xampp\htdocs\ci4_medis\system\CodeIgniter.php(320): CodeIgniter\CodeIgniter->handleRequest(NULL, Object(Config\Cache), false)
#8 C:\xampp\htdocs\ci4_medis\public\index.php(37): CodeIgniter\CodeIgniter->run()
#9 C:\xampp\htdocs\ci4_medis\system\Commands\Server\rewrite.php(43): require_once('C:\\xampp\\htdocs...')
#10 {main}
CRITICAL - 2023-01-21 21:34:58 --> Undefined variable $obat0014
#0 C:\xampp\htdocs\ci4_medis\app\Views\category\index.php(85): CodeIgniter\Debug\Exceptions->errorHandler(2, 'Undefined varia...', 'C:\\xampp\\htdocs...', 85)
#1 C:\xampp\htdocs\ci4_medis\system\View\View.php(210): include('C:\\xampp\\htdocs...')
#2 C:\xampp\htdocs\ci4_medis\system\View\View.php(213): CodeIgniter\View\View->CodeIgniter\View\{closure}()
#3 C:\xampp\htdocs\ci4_medis\system\Common.php(1089): CodeIgniter\View\View->render('category/index', Array, true)
#4 C:\xampp\htdocs\ci4_medis\app\Controllers\Category.php(48): view('category/index', Array)
#5 C:\xampp\htdocs\ci4_medis\system\CodeIgniter.php(825): App\Controllers\Category->index()
#6 C:\xampp\htdocs\ci4_medis\system\CodeIgniter.php(412): CodeIgniter\CodeIgniter->runController(Object(App\Controllers\Category))
#7 C:\xampp\htdocs\ci4_medis\system\CodeIgniter.php(320): CodeIgniter\CodeIgniter->handleRequest(NULL, Object(Config\Cache), false)
#8 C:\xampp\htdocs\ci4_medis\public\index.php(37): CodeIgniter\CodeIgniter->run()
#9 C:\xampp\htdocs\ci4_medis\system\Commands\Server\rewrite.php(43): require_once('C:\\xampp\\htdocs...')
#10 {main}
CRITICAL - 2023-01-21 21:34:59 --> Undefined variable $obat0014
#0 C:\xampp\htdocs\ci4_medis\app\Views\category\index.php(85): CodeIgniter\Debug\Exceptions->errorHandler(2, 'Undefined varia...', 'C:\\xampp\\htdocs...', 85)
#1 C:\xampp\htdocs\ci4_medis\system\View\View.php(210): include('C:\\xampp\\htdocs...')
#2 C:\xampp\htdocs\ci4_medis\system\View\View.php(213): CodeIgniter\View\View->CodeIgniter\View\{closure}()
#3 C:\xampp\htdocs\ci4_medis\system\Common.php(1089): CodeIgniter\View\View->render('category/index', Array, true)
#4 C:\xampp\htdocs\ci4_medis\app\Controllers\Category.php(48): view('category/index', Array)
#5 C:\xampp\htdocs\ci4_medis\system\CodeIgniter.php(825): App\Controllers\Category->index()
#6 C:\xampp\htdocs\ci4_medis\system\CodeIgniter.php(412): CodeIgniter\CodeIgniter->runController(Object(App\Controllers\Category))
#7 C:\xampp\htdocs\ci4_medis\system\CodeIgniter.php(320): CodeIgniter\CodeIgniter->handleRequest(NULL, Object(Config\Cache), false)
#8 C:\xampp\htdocs\ci4_medis\public\index.php(37): CodeIgniter\CodeIgniter->run()
#9 C:\xampp\htdocs\ci4_medis\system\Commands\Server\rewrite.php(43): require_once('C:\\xampp\\htdocs...')
#10 {main}
CRITICAL - 2023-01-21 21:37:35 --> Call to undefined function form_open_multipart()
#0 C:\xampp\htdocs\ci4_medis\system\View\View.php(210): include()
#1 C:\xampp\htdocs\ci4_medis\system\View\View.php(213): CodeIgniter\View\View->CodeIgniter\View\{closure}()
#2 C:\xampp\htdocs\ci4_medis\system\Common.php(1089): CodeIgniter\View\View->render('category/create', Array, true)
#3 C:\xampp\htdocs\ci4_medis\app\Controllers\Category.php(21): view('category/create')
#4 C:\xampp\htdocs\ci4_medis\system\CodeIgniter.php(825): App\Controllers\Category->create()
#5 C:\xampp\htdocs\ci4_medis\system\CodeIgniter.php(412): CodeIgniter\CodeIgniter->runController(Object(App\Controllers\Category))
#6 C:\xampp\htdocs\ci4_medis\system\CodeIgniter.php(320): CodeIgniter\CodeIgniter->handleRequest(NULL, Object(Config\Cache), false)
#7 C:\xampp\htdocs\ci4_medis\public\index.php(37): CodeIgniter\CodeIgniter->run()
#8 C:\xampp\htdocs\ci4_medis\system\Commands\Server\rewrite.php(43): require_once('C:\\xampp\\htdocs...')
#9 {main}
CRITICAL - 2023-01-21 21:37:37 --> Call to undefined function form_open_multipart()
#0 C:\xampp\htdocs\ci4_medis\system\View\View.php(210): include()
#1 C:\xampp\htdocs\ci4_medis\system\View\View.php(213): CodeIgniter\View\View->CodeIgniter\View\{closure}()
#2 C:\xampp\htdocs\ci4_medis\system\Common.php(1089): CodeIgniter\View\View->render('category/create', Array, true)
#3 C:\xampp\htdocs\ci4_medis\app\Controllers\Category.php(21): view('category/create')
#4 C:\xampp\htdocs\ci4_medis\system\CodeIgniter.php(825): App\Controllers\Category->create()
#5 C:\xampp\htdocs\ci4_medis\system\CodeIgniter.php(412): CodeIgniter\CodeIgniter->runController(Object(App\Controllers\Category))
#6 C:\xampp\htdocs\ci4_medis\system\CodeIgniter.php(320): CodeIgniter\CodeIgniter->handleRequest(NULL, Object(Config\Cache), false)
#7 C:\xampp\htdocs\ci4_medis\public\index.php(37): CodeIgniter\CodeIgniter->run()
#8 C:\xampp\htdocs\ci4_medis\system\Commands\Server\rewrite.php(43): require_once('C:\\xampp\\htdocs...')
#9 {main}
CRITICAL - 2023-01-21 22:06:55 --> Undefined array key "category_id"
#0 C:\xampp\htdocs\ci4_medis\app\Views\category\index.php(74): CodeIgniter\Debug\Exceptions->errorHandler(2, 'Undefined array...', 'C:\\xampp\\htdocs...', 74)
#1 C:\xampp\htdocs\ci4_medis\system\View\View.php(210): include('C:\\xampp\\htdocs...')
#2 C:\xampp\htdocs\ci4_medis\system\View\View.php(213): CodeIgniter\View\View->CodeIgniter\View\{closure}()
#3 C:\xampp\htdocs\ci4_medis\system\Common.php(1089): CodeIgniter\View\View->render('category/index', Array, true)
#4 C:\xampp\htdocs\ci4_medis\app\Controllers\Category.php(15): view('category/index', Array)
#5 C:\xampp\htdocs\ci4_medis\system\CodeIgniter.php(825): App\Controllers\Category->index()
#6 C:\xampp\htdocs\ci4_medis\system\CodeIgniter.php(412): CodeIgniter\CodeIgniter->runController(Object(App\Controllers\Category))
#7 C:\xampp\htdocs\ci4_medis\system\CodeIgniter.php(320): CodeIgniter\CodeIgniter->handleRequest(NULL, Object(Config\Cache), false)
#8 C:\xampp\htdocs\ci4_medis\public\index.php(37): CodeIgniter\CodeIgniter->run()
#9 C:\xampp\htdocs\ci4_medis\system\Commands\Server\rewrite.php(43): require_once('C:\\xampp\\htdocs...')
#10 {main}
CRITICAL - 2023-01-21 22:10:27 --> Undefined array key "product_id"
#0 C:\xampp\htdocs\ci4_medis\app\Views\category\index.php(74): CodeIgniter\Debug\Exceptions->errorHandler(2, 'Undefined array...', 'C:\\xampp\\htdocs...', 74)
#1 C:\xampp\htdocs\ci4_medis\system\View\View.php(210): include('C:\\xampp\\htdocs...')
#2 C:\xampp\htdocs\ci4_medis\system\View\View.php(213): CodeIgniter\View\View->CodeIgniter\View\{closure}()
#3 C:\xampp\htdocs\ci4_medis\system\Common.php(1089): CodeIgniter\View\View->render('category/index', Array, true)
#4 C:\xampp\htdocs\ci4_medis\app\Controllers\Category.php(15): view('category/index', Array)
#5 C:\xampp\htdocs\ci4_medis\system\CodeIgniter.php(825): App\Controllers\Category->index()
#6 C:\xampp\htdocs\ci4_medis\system\CodeIgniter.php(412): CodeIgniter\CodeIgniter->runController(Object(App\Controllers\Category))
#7 C:\xampp\htdocs\ci4_medis\system\CodeIgniter.php(320): CodeIgniter\CodeIgniter->handleRequest(NULL, Object(Config\Cache), false)
#8 C:\xampp\htdocs\ci4_medis\public\index.php(37): CodeIgniter\CodeIgniter->run()
#9 C:\xampp\htdocs\ci4_medis\system\Commands\Server\rewrite.php(43): require_once('C:\\xampp\\htdocs...')
#10 {main}
CRITICAL - 2023-01-21 22:13:20 --> Unmatched '}'
#0 C:\xampp\htdocs\ci4_medis\system\View\View.php(213): CodeIgniter\View\View->CodeIgniter\View\{closure}()
#1 C:\xampp\htdocs\ci4_medis\system\Common.php(1089): CodeIgniter\View\View->render('category/edit', Array, true)
#2 C:\xampp\htdocs\ci4_medis\app\Controllers\Category.php(56): view('category/edit', Array)
#3 C:\xampp\htdocs\ci4_medis\system\CodeIgniter.php(825): App\Controllers\Category->edit('1')
#4 C:\xampp\htdocs\ci4_medis\system\CodeIgniter.php(412): CodeIgniter\CodeIgniter->runController(Object(App\Controllers\Category))
#5 C:\xampp\htdocs\ci4_medis\system\CodeIgniter.php(320): CodeIgniter\CodeIgniter->handleRequest(NULL, Object(Config\Cache), false)
#6 C:\xampp\htdocs\ci4_medis\public\index.php(37): CodeIgniter\CodeIgniter->run()
#7 C:\xampp\htdocs\ci4_medis\system\Commands\Server\rewrite.php(43): require_once('C:\\xampp\\htdocs...')
#8 {main}
CRITICAL - 2023-01-21 22:17:31 --> Undefined array key "category_id"
#0 C:\xampp\htdocs\ci4_medis\app\Views\category\edit.php(41): CodeIgniter\Debug\Exceptions->errorHandler(2, 'Undefined array...', 'C:\\xampp\\htdocs...', 41)
#1 C:\xampp\htdocs\ci4_medis\system\View\View.php(210): include('C:\\xampp\\htdocs...')
#2 C:\xampp\htdocs\ci4_medis\system\View\View.php(213): CodeIgniter\View\View->CodeIgniter\View\{closure}()
#3 C:\xampp\htdocs\ci4_medis\system\Common.php(1089): CodeIgniter\View\View->render('category/edit', Array, true)
#4 C:\xampp\htdocs\ci4_medis\app\Controllers\Category.php(56): view('category/edit', Array)
#5 C:\xampp\htdocs\ci4_medis\system\CodeIgniter.php(825): App\Controllers\Category->edit('1')
#6 C:\xampp\htdocs\ci4_medis\system\CodeIgniter.php(412): CodeIgniter\CodeIgniter->runController(Object(App\Controllers\Category))
#7 C:\xampp\htdocs\ci4_medis\system\CodeIgniter.php(320): CodeIgniter\CodeIgniter->handleRequest(NULL, Object(Config\Cache), false)
#8 C:\xampp\htdocs\ci4_medis\public\index.php(37): CodeIgniter\CodeIgniter->run()
#9 C:\xampp\htdocs\ci4_medis\system\Commands\Server\rewrite.php(43): require_once('C:\\xampp\\htdocs...')
#10 {main}
CRITICAL - 2023-01-21 22:17:32 --> Undefined array key "category_id"
#0 C:\xampp\htdocs\ci4_medis\app\Views\category\edit.php(41): CodeIgniter\Debug\Exceptions->errorHandler(2, 'Undefined array...', 'C:\\xampp\\htdocs...', 41)
#1 C:\xampp\htdocs\ci4_medis\system\View\View.php(210): include('C:\\xampp\\htdocs...')
#2 C:\xampp\htdocs\ci4_medis\system\View\View.php(213): CodeIgniter\View\View->CodeIgniter\View\{closure}()
#3 C:\xampp\htdocs\ci4_medis\system\Common.php(1089): CodeIgniter\View\View->render('category/edit', Array, true)
#4 C:\xampp\htdocs\ci4_medis\app\Controllers\Category.php(56): view('category/edit', Array)
#5 C:\xampp\htdocs\ci4_medis\system\CodeIgniter.php(825): App\Controllers\Category->edit('1')
#6 C:\xampp\htdocs\ci4_medis\system\CodeIgniter.php(412): CodeIgniter\CodeIgniter->runController(Object(App\Controllers\Category))
#7 C:\xampp\htdocs\ci4_medis\system\CodeIgniter.php(320): CodeIgniter\CodeIgniter->handleRequest(NULL, Object(Config\Cache), false)
#8 C:\xampp\htdocs\ci4_medis\public\index.php(37): CodeIgniter\CodeIgniter->run()
#9 C:\xampp\htdocs\ci4_medis\system\Commands\Server\rewrite.php(43): require_once('C:\\xampp\\htdocs...')
#10 {main}
CRITICAL - 2023-01-21 22:17:55 --> Undefined array key "category_name"
#0 C:\xampp\htdocs\ci4_medis\app\Views\category\edit.php(44): CodeIgniter\Debug\Exceptions->errorHandler(2, 'Undefined array...', 'C:\\xampp\\htdocs...', 44)
#1 C:\xampp\htdocs\ci4_medis\system\View\View.php(210): include('C:\\xampp\\htdocs...')
#2 C:\xampp\htdocs\ci4_medis\system\View\View.php(213): CodeIgniter\View\View->CodeIgniter\View\{closure}()
#3 C:\xampp\htdocs\ci4_medis\system\Common.php(1089): CodeIgniter\View\View->render('category/edit', Array, true)
#4 C:\xampp\htdocs\ci4_medis\app\Controllers\Category.php(56): view('category/edit', Array)
#5 C:\xampp\htdocs\ci4_medis\system\CodeIgniter.php(825): App\Controllers\Category->edit('1')
#6 C:\xampp\htdocs\ci4_medis\system\CodeIgniter.php(412): CodeIgniter\CodeIgniter->runController(Object(App\Controllers\Category))
#7 C:\xampp\htdocs\ci4_medis\system\CodeIgniter.php(320): CodeIgniter\CodeIgniter->handleRequest(NULL, Object(Config\Cache), false)
#8 C:\xampp\htdocs\ci4_medis\public\index.php(37): CodeIgniter\CodeIgniter->run()
#9 C:\xampp\htdocs\ci4_medis\system\Commands\Server\rewrite.php(43): require_once('C:\\xampp\\htdocs...')
#10 {main}
CRITICAL - 2023-01-21 22:17:56 --> Undefined array key "category_name"
#0 C:\xampp\htdocs\ci4_medis\app\Views\category\edit.php(44): CodeIgniter\Debug\Exceptions->errorHandler(2, 'Undefined array...', 'C:\\xampp\\htdocs...', 44)
#1 C:\xampp\htdocs\ci4_medis\system\View\View.php(210): include('C:\\xampp\\htdocs...')
#2 C:\xampp\htdocs\ci4_medis\system\View\View.php(213): CodeIgniter\View\View->CodeIgniter\View\{closure}()
#3 C:\xampp\htdocs\ci4_medis\system\Common.php(1089): CodeIgniter\View\View->render('category/edit', Array, true)
#4 C:\xampp\htdocs\ci4_medis\app\Controllers\Category.php(56): view('category/edit', Array)
#5 C:\xampp\htdocs\ci4_medis\system\CodeIgniter.php(825): App\Controllers\Category->edit('1')
#6 C:\xampp\htdocs\ci4_medis\system\CodeIgniter.php(412): CodeIgniter\CodeIgniter->runController(Object(App\Controllers\Category))
#7 C:\xampp\htdocs\ci4_medis\system\CodeIgniter.php(320): CodeIgniter\CodeIgniter->handleRequest(NULL, Object(Config\Cache), false)
#8 C:\xampp\htdocs\ci4_medis\public\index.php(37): CodeIgniter\CodeIgniter->run()
#9 C:\xampp\htdocs\ci4_medis\system\Commands\Server\rewrite.php(43): require_once('C:\\xampp\\htdocs...')
#10 {main}
CRITICAL - 2023-01-21 22:20:19 --> Undefined variable $inputs
#0 C:\xampp\htdocs\ci4_medis\app\Views\category\edit.php(48): CodeIgniter\Debug\Exceptions->errorHandler(2, 'Undefined varia...', 'C:\\xampp\\htdocs...', 48)
#1 C:\xampp\htdocs\ci4_medis\system\View\View.php(210): include('C:\\xampp\\htdocs...')
#2 C:\xampp\htdocs\ci4_medis\system\View\View.php(213): CodeIgniter\View\View->CodeIgniter\View\{closure}()
#3 C:\xampp\htdocs\ci4_medis\system\Common.php(1089): CodeIgniter\View\View->render('category/edit', Array, true)
#4 C:\xampp\htdocs\ci4_medis\app\Controllers\Category.php(56): view('category/edit', Array)
#5 C:\xampp\htdocs\ci4_medis\system\CodeIgniter.php(825): App\Controllers\Category->edit('1')
#6 C:\xampp\htdocs\ci4_medis\system\CodeIgniter.php(412): CodeIgniter\CodeIgniter->runController(Object(App\Controllers\Category))
#7 C:\xampp\htdocs\ci4_medis\system\CodeIgniter.php(320): CodeIgniter\CodeIgniter->handleRequest(NULL, Object(Config\Cache), false)
#8 C:\xampp\htdocs\ci4_medis\public\index.php(37): CodeIgniter\CodeIgniter->run()
#9 C:\xampp\htdocs\ci4_medis\system\Commands\Server\rewrite.php(43): require_once('C:\\xampp\\htdocs...')
#10 {main}
CRITICAL - 2023-01-21 22:26:20 --> Undefined array key "category_id"
#0 C:\xampp\htdocs\ci4_medis\app\Views\category\edit.php(41): CodeIgniter\Debug\Exceptions->errorHandler(2, 'Undefined array...', 'C:\\xampp\\htdocs...', 41)
#1 C:\xampp\htdocs\ci4_medis\system\View\View.php(210): include('C:\\xampp\\htdocs...')
#2 C:\xampp\htdocs\ci4_medis\system\View\View.php(213): CodeIgniter\View\View->CodeIgniter\View\{closure}()
#3 C:\xampp\htdocs\ci4_medis\system\Common.php(1089): CodeIgniter\View\View->render('category/edit', Array, true)
#4 C:\xampp\htdocs\ci4_medis\app\Controllers\Category.php(56): view('category/edit', Array)
#5 C:\xampp\htdocs\ci4_medis\system\CodeIgniter.php(825): App\Controllers\Category->edit('1')
#6 C:\xampp\htdocs\ci4_medis\system\CodeIgniter.php(412): CodeIgniter\CodeIgniter->runController(Object(App\Controllers\Category))
#7 C:\xampp\htdocs\ci4_medis\system\CodeIgniter.php(320): CodeIgniter\CodeIgniter->handleRequest(NULL, Object(Config\Cache), false)
#8 C:\xampp\htdocs\ci4_medis\public\index.php(37): CodeIgniter\CodeIgniter->run()
#9 C:\xampp\htdocs\ci4_medis\system\Commands\Server\rewrite.php(43): require_once('C:\\xampp\\htdocs...')
#10 {main}
CRITICAL - 2023-01-21 22:39:38 --> Too few arguments to function App\Controllers\Category::edit(), 0 passed in C:\xampp\htdocs\ci4_medis\system\CodeIgniter.php on line 825 and exactly 1 expected
#0 C:\xampp\htdocs\ci4_medis\system\CodeIgniter.php(825): App\Controllers\Category->edit()
#1 C:\xampp\htdocs\ci4_medis\system\CodeIgniter.php(412): CodeIgniter\CodeIgniter->runController(Object(App\Controllers\Category))
#2 C:\xampp\htdocs\ci4_medis\system\CodeIgniter.php(320): CodeIgniter\CodeIgniter->handleRequest(NULL, Object(Config\Cache), false)
#3 C:\xampp\htdocs\ci4_medis\public\index.php(37): CodeIgniter\CodeIgniter->run()
#4 C:\xampp\htdocs\ci4_medis\system\Commands\Server\rewrite.php(43): require_once('C:\\xampp\\htdocs...')
#5 {main}
CRITICAL - 2023-01-21 22:41:33 --> Too few arguments to function App\Controllers\Category::edit(), 0 passed in C:\xampp\htdocs\ci4_medis\system\CodeIgniter.php on line 825 and exactly 1 expected
#0 C:\xampp\htdocs\ci4_medis\system\CodeIgniter.php(825): App\Controllers\Category->edit()
#1 C:\xampp\htdocs\ci4_medis\system\CodeIgniter.php(412): CodeIgniter\CodeIgniter->runController(Object(App\Controllers\Category))
#2 C:\xampp\htdocs\ci4_medis\system\CodeIgniter.php(320): CodeIgniter\CodeIgniter->handleRequest(NULL, Object(Config\Cache), false)
#3 C:\xampp\htdocs\ci4_medis\public\index.php(37): CodeIgniter\CodeIgniter->run()
#4 C:\xampp\htdocs\ci4_medis\system\Commands\Server\rewrite.php(43): require_once('C:\\xampp\\htdocs...')
#5 {main}
CRITICAL - 2023-01-21 22:42:48 --> Too few arguments to function App\Controllers\Category::edit(), 0 passed in C:\xampp\htdocs\ci4_medis\system\CodeIgniter.php on line 825 and exactly 1 expected
#0 C:\xampp\htdocs\ci4_medis\system\CodeIgniter.php(825): App\Controllers\Category->edit()
#1 C:\xampp\htdocs\ci4_medis\system\CodeIgniter.php(412): CodeIgniter\CodeIgniter->runController(Object(App\Controllers\Category))
#2 C:\xampp\htdocs\ci4_medis\system\CodeIgniter.php(320): CodeIgniter\CodeIgniter->handleRequest(NULL, Object(Config\Cache), false)
#3 C:\xampp\htdocs\ci4_medis\public\index.php(37): CodeIgniter\CodeIgniter->run()
#4 C:\xampp\htdocs\ci4_medis\system\Commands\Server\rewrite.php(43): require_once('C:\\xampp\\htdocs...')
#5 {main}
CRITICAL - 2023-01-21 22:42:49 --> Too few arguments to function App\Controllers\Category::edit(), 0 passed in C:\xampp\htdocs\ci4_medis\system\CodeIgniter.php on line 825 and exactly 1 expected
#0 C:\xampp\htdocs\ci4_medis\system\CodeIgniter.php(825): App\Controllers\Category->edit()
#1 C:\xampp\htdocs\ci4_medis\system\CodeIgniter.php(412): CodeIgniter\CodeIgniter->runController(Object(App\Controllers\Category))
#2 C:\xampp\htdocs\ci4_medis\system\CodeIgniter.php(320): CodeIgniter\CodeIgniter->handleRequest(NULL, Object(Config\Cache), false)
#3 C:\xampp\htdocs\ci4_medis\public\index.php(37): CodeIgniter\CodeIgniter->run()
#4 C:\xampp\htdocs\ci4_medis\system\Commands\Server\rewrite.php(43): require_once('C:\\xampp\\htdocs...')
#5 {main}
CRITICAL - 2023-01-21 22:45:23 --> Undefined property: App\Controllers\Product::$Product_model
#0 C:\xampp\htdocs\ci4_medis\app\Controllers\Product.php(104): CodeIgniter\Debug\Exceptions->errorHandler(2, 'Undefined prope...', 'C:\\xampp\\htdocs...', 104)
#1 C:\xampp\htdocs\ci4_medis\system\CodeIgniter.php(825): App\Controllers\Product->show('1')
#2 C:\xampp\htdocs\ci4_medis\system\CodeIgniter.php(412): CodeIgniter\CodeIgniter->runController(Object(App\Controllers\Product))
#3 C:\xampp\htdocs\ci4_medis\system\CodeIgniter.php(320): CodeIgniter\CodeIgniter->handleRequest(NULL, Object(Config\Cache), false)
#4 C:\xampp\htdocs\ci4_medis\public\index.php(37): CodeIgniter\CodeIgniter->run()
#5 C:\xampp\htdocs\ci4_medis\system\Commands\Server\rewrite.php(43): require_once('C:\\xampp\\htdocs...')
#6 {main}
CRITICAL - 2023-01-21 22:46:02 --> Undefined property: App\Controllers\Product::$category_model
#0 C:\xampp\htdocs\ci4_medis\app\Controllers\Product.php(26): CodeIgniter\Debug\Exceptions->errorHandler(2, 'Undefined prope...', 'C:\\xampp\\htdocs...', 26)
#1 C:\xampp\htdocs\ci4_medis\system\CodeIgniter.php(825): App\Controllers\Product->index()
#2 C:\xampp\htdocs\ci4_medis\system\CodeIgniter.php(412): CodeIgniter\CodeIgniter->runController(Object(App\Controllers\Product))
#3 C:\xampp\htdocs\ci4_medis\system\CodeIgniter.php(320): CodeIgniter\CodeIgniter->handleRequest(NULL, Object(Config\Cache), false)
#4 C:\xampp\htdocs\ci4_medis\public\index.php(37): CodeIgniter\CodeIgniter->run()
#5 C:\xampp\htdocs\ci4_medis\system\Commands\Server\rewrite.php(43): require_once('C:\\xampp\\htdocs...')
#6 {main}
CRITICAL - 2023-01-21 22:52:31 --> Undefined property: App\Controllers\Product::$Product_model
#0 C:\xampp\htdocs\ci4_medis\app\Controllers\Product.php(104): CodeIgniter\Debug\Exceptions->errorHandler(2, 'Undefined prope...', 'C:\\xampp\\htdocs...', 104)
#1 C:\xampp\htdocs\ci4_medis\system\CodeIgniter.php(825): App\Controllers\Product->show('1')
#2 C:\xampp\htdocs\ci4_medis\system\CodeIgniter.php(412): CodeIgniter\CodeIgniter->runController(Object(App\Controllers\Product))
#3 C:\xampp\htdocs\ci4_medis\system\CodeIgniter.php(320): CodeIgniter\CodeIgniter->handleRequest(NULL, Object(Config\Cache), false)
#4 C:\xampp\htdocs\ci4_medis\public\index.php(37): CodeIgniter\CodeIgniter->run()
#5 C:\xampp\htdocs\ci4_medis\system\Commands\Server\rewrite.php(43): require_once('C:\\xampp\\htdocs...')
#6 {main}
CRITICAL - 2023-01-21 22:53:11 --> Undefined property: App\Controllers\Product::$Product_model
#0 C:\xampp\htdocs\ci4_medis\app\Controllers\Product.php(104): CodeIgniter\Debug\Exceptions->errorHandler(2, 'Undefined prope...', 'C:\\xampp\\htdocs...', 104)
#1 C:\xampp\htdocs\ci4_medis\system\CodeIgniter.php(825): App\Controllers\Product->show('1')
#2 C:\xampp\htdocs\ci4_medis\system\CodeIgniter.php(412): CodeIgniter\CodeIgniter->runController(Object(App\Controllers\Product))
#3 C:\xampp\htdocs\ci4_medis\system\CodeIgniter.php(320): CodeIgniter\CodeIgniter->handleRequest(NULL, Object(Config\Cache), false)
#4 C:\xampp\htdocs\ci4_medis\public\index.php(37): CodeIgniter\CodeIgniter->run()
#5 C:\xampp\htdocs\ci4_medis\system\Commands\Server\rewrite.php(43): require_once('C:\\xampp\\htdocs...')
#6 {main}
CRITICAL - 2023-01-21 22:53:14 --> Object of class App\Models\Category_model could not be converted to string
#0 C:\xampp\htdocs\ci4_medis\system\CodeIgniter.php(825): App\Controllers\Category->show('1')
#1 C:\xampp\htdocs\ci4_medis\system\CodeIgniter.php(412): CodeIgniter\CodeIgniter->runController(Object(App\Controllers\Category))
#2 C:\xampp\htdocs\ci4_medis\system\CodeIgniter.php(320): CodeIgniter\CodeIgniter->handleRequest(NULL, Object(Config\Cache), false)
#3 C:\xampp\htdocs\ci4_medis\public\index.php(37): CodeIgniter\CodeIgniter->run()
#4 C:\xampp\htdocs\ci4_medis\system\Commands\Server\rewrite.php(43): require_once('C:\\xampp\\htdocs...')
#5 {main}
CRITICAL - 2023-01-21 22:53:48 --> Undefined property: App\Controllers\Category::$Category_model
#0 C:\xampp\htdocs\ci4_medis\app\Controllers\Category.php(90): CodeIgniter\Debug\Exceptions->errorHandler(2, 'Undefined prope...', 'C:\\xampp\\htdocs...', 90)
#1 C:\xampp\htdocs\ci4_medis\system\CodeIgniter.php(825): App\Controllers\Category->show('1')
#2 C:\xampp\htdocs\ci4_medis\system\CodeIgniter.php(412): CodeIgniter\CodeIgniter->runController(Object(App\Controllers\Category))
#3 C:\xampp\htdocs\ci4_medis\system\CodeIgniter.php(320): CodeIgniter\CodeIgniter->handleRequest(NULL, Object(Config\Cache), false)
#4 C:\xampp\htdocs\ci4_medis\public\index.php(37): CodeIgniter\CodeIgniter->run()
#5 C:\xampp\htdocs\ci4_medis\system\Commands\Server\rewrite.php(43): require_once('C:\\xampp\\htdocs...')
#6 {main}
CRITICAL - 2023-01-21 22:53:50 --> Undefined property: App\Controllers\Category::$Category_model
#0 C:\xampp\htdocs\ci4_medis\app\Controllers\Category.php(90): CodeIgniter\Debug\Exceptions->errorHandler(2, 'Undefined prope...', 'C:\\xampp\\htdocs...', 90)
#1 C:\xampp\htdocs\ci4_medis\system\CodeIgniter.php(825): App\Controllers\Category->show('1')
#2 C:\xampp\htdocs\ci4_medis\system\CodeIgniter.php(412): CodeIgniter\CodeIgniter->runController(Object(App\Controllers\Category))
#3 C:\xampp\htdocs\ci4_medis\system\CodeIgniter.php(320): CodeIgniter\CodeIgniter->handleRequest(NULL, Object(Config\Cache), false)
#4 C:\xampp\htdocs\ci4_medis\public\index.php(37): CodeIgniter\CodeIgniter->run()
#5 C:\xampp\htdocs\ci4_medis\system\Commands\Server\rewrite.php(43): require_once('C:\\xampp\\htdocs...')
#6 {main}
CRITICAL - 2023-01-21 22:54:04 --> Undefined property: App\Controllers\Category::$Category_model
#0 C:\xampp\htdocs\ci4_medis\app\Controllers\Category.php(90): CodeIgniter\Debug\Exceptions->errorHandler(2, 'Undefined prope...', 'C:\\xampp\\htdocs...', 90)
#1 C:\xampp\htdocs\ci4_medis\system\CodeIgniter.php(825): App\Controllers\Category->show('1')
#2 C:\xampp\htdocs\ci4_medis\system\CodeIgniter.php(412): CodeIgniter\CodeIgniter->runController(Object(App\Controllers\Category))
#3 C:\xampp\htdocs\ci4_medis\system\CodeIgniter.php(320): CodeIgniter\CodeIgniter->handleRequest(NULL, Object(Config\Cache), false)
#4 C:\xampp\htdocs\ci4_medis\public\index.php(37): CodeIgniter\CodeIgniter->run()
#5 C:\xampp\htdocs\ci4_medis\system\Commands\Server\rewrite.php(43): require_once('C:\\xampp\\htdocs...')
#6 {main}
CRITICAL - 2023-01-21 22:54:05 --> Undefined property: App\Controllers\Category::$Category_model
#0 C:\xampp\htdocs\ci4_medis\app\Controllers\Category.php(90): CodeIgniter\Debug\Exceptions->errorHandler(2, 'Undefined prope...', 'C:\\xampp\\htdocs...', 90)
#1 C:\xampp\htdocs\ci4_medis\system\CodeIgniter.php(825): App\Controllers\Category->show('1')
#2 C:\xampp\htdocs\ci4_medis\system\CodeIgniter.php(412): CodeIgniter\CodeIgniter->runController(Object(App\Controllers\Category))
#3 C:\xampp\htdocs\ci4_medis\system\CodeIgniter.php(320): CodeIgniter\CodeIgniter->handleRequest(NULL, Object(Config\Cache), false)
#4 C:\xampp\htdocs\ci4_medis\public\index.php(37): CodeIgniter\CodeIgniter->run()
#5 C:\xampp\htdocs\ci4_medis\system\Commands\Server\rewrite.php(43): require_once('C:\\xampp\\htdocs...')
#6 {main}
CRITICAL - 2023-01-21 22:59:14 --> Call to undefined method App\Models\Category_model::getProduct
#0 C:\xampp\htdocs\ci4_medis\app\Controllers\Category.php(92): CodeIgniter\Model->__call('getProduct', Array)
#1 C:\xampp\htdocs\ci4_medis\system\CodeIgniter.php(825): App\Controllers\Category->show('1')
#2 C:\xampp\htdocs\ci4_medis\system\CodeIgniter.php(412): CodeIgniter\CodeIgniter->runController(Object(App\Controllers\Category))
#3 C:\xampp\htdocs\ci4_medis\system\CodeIgniter.php(320): CodeIgniter\CodeIgniter->handleRequest(NULL, Object(Config\Cache), false)
#4 C:\xampp\htdocs\ci4_medis\public\index.php(37): CodeIgniter\CodeIgniter->run()
#5 C:\xampp\htdocs\ci4_medis\system\Commands\Server\rewrite.php(43): require_once('C:\\xampp\\htdocs...')
#6 {main}
CRITICAL - 2023-01-21 22:59:54 --> Undefined property: App\Controllers\Category::$Category_model
#0 C:\xampp\htdocs\ci4_medis\app\Controllers\Category.php(91): CodeIgniter\Debug\Exceptions->errorHandler(2, 'Undefined prope...', 'C:\\xampp\\htdocs...', 91)
#1 C:\xampp\htdocs\ci4_medis\system\CodeIgniter.php(825): App\Controllers\Category->show('1')
#2 C:\xampp\htdocs\ci4_medis\system\CodeIgniter.php(412): CodeIgniter\CodeIgniter->runController(Object(App\Controllers\Category))
#3 C:\xampp\htdocs\ci4_medis\system\CodeIgniter.php(320): CodeIgniter\CodeIgniter->handleRequest(NULL, Object(Config\Cache), false)
#4 C:\xampp\htdocs\ci4_medis\public\index.php(37): CodeIgniter\CodeIgniter->run()
#5 C:\xampp\htdocs\ci4_medis\system\Commands\Server\rewrite.php(43): require_once('C:\\xampp\\htdocs...')
#6 {main}
CRITICAL - 2023-01-21 23:00:23 --> Undefined property: App\Controllers\Category::$Category_model
#0 C:\xampp\htdocs\ci4_medis\app\Controllers\Category.php(91): CodeIgniter\Debug\Exceptions->errorHandler(2, 'Undefined prope...', 'C:\\xampp\\htdocs...', 91)
#1 C:\xampp\htdocs\ci4_medis\system\CodeIgniter.php(825): App\Controllers\Category->show('1')
#2 C:\xampp\htdocs\ci4_medis\system\CodeIgniter.php(412): CodeIgniter\CodeIgniter->runController(Object(App\Controllers\Category))
#3 C:\xampp\htdocs\ci4_medis\system\CodeIgniter.php(320): CodeIgniter\CodeIgniter->handleRequest(NULL, Object(Config\Cache), false)
#4 C:\xampp\htdocs\ci4_medis\public\index.php(37): CodeIgniter\CodeIgniter->run()
#5 C:\xampp\htdocs\ci4_medis\system\Commands\Server\rewrite.php(43): require_once('C:\\xampp\\htdocs...')
#6 {main}
CRITICAL - 2023-01-21 23:00:24 --> Undefined property: App\Controllers\Category::$Category_model
#0 C:\xampp\htdocs\ci4_medis\app\Controllers\Category.php(91): CodeIgniter\Debug\Exceptions->errorHandler(2, 'Undefined prope...', 'C:\\xampp\\htdocs...', 91)
#1 C:\xampp\htdocs\ci4_medis\system\CodeIgniter.php(825): App\Controllers\Category->show('1')
#2 C:\xampp\htdocs\ci4_medis\system\CodeIgniter.php(412): CodeIgniter\CodeIgniter->runController(Object(App\Controllers\Category))
#3 C:\xampp\htdocs\ci4_medis\system\CodeIgniter.php(320): CodeIgniter\CodeIgniter->handleRequest(NULL, Object(Config\Cache), false)
#4 C:\xampp\htdocs\ci4_medis\public\index.php(37): CodeIgniter\CodeIgniter->run()
#5 C:\xampp\htdocs\ci4_medis\system\Commands\Server\rewrite.php(43): require_once('C:\\xampp\\htdocs...')
#6 {main}
CRITICAL - 2023-01-21 23:00:25 --> Undefined property: App\Controllers\Category::$Category_model
#0 C:\xampp\htdocs\ci4_medis\app\Controllers\Category.php(91): CodeIgniter\Debug\Exceptions->errorHandler(2, 'Undefined prope...', 'C:\\xampp\\htdocs...', 91)
#1 C:\xampp\htdocs\ci4_medis\system\CodeIgniter.php(825): App\Controllers\Category->show('1')
#2 C:\xampp\htdocs\ci4_medis\system\CodeIgniter.php(412): CodeIgniter\CodeIgniter->runController(Object(App\Controllers\Category))
#3 C:\xampp\htdocs\ci4_medis\system\CodeIgniter.php(320): CodeIgniter\CodeIgniter->handleRequest(NULL, Object(Config\Cache), false)
#4 C:\xampp\htdocs\ci4_medis\public\index.php(37): CodeIgniter\CodeIgniter->run()
#5 C:\xampp\htdocs\ci4_medis\system\Commands\Server\rewrite.php(43): require_once('C:\\xampp\\htdocs...')
#6 {main}
CRITICAL - 2023-01-21 23:00:50 --> Cannot use object of type CodeIgniter\Database\MySQLi\Result as array
#0 C:\xampp\htdocs\ci4_medis\system\View\View.php(210): include()
#1 C:\xampp\htdocs\ci4_medis\system\View\View.php(213): CodeIgniter\View\View->CodeIgniter\View\{closure}()
#2 C:\xampp\htdocs\ci4_medis\system\Common.php(1089): CodeIgniter\View\View->render('category/show', Array, true)
#3 C:\xampp\htdocs\ci4_medis\app\Controllers\Category.php(93): view('category/show', Array)
#4 C:\xampp\htdocs\ci4_medis\system\CodeIgniter.php(825): App\Controllers\Category->show('1')
#5 C:\xampp\htdocs\ci4_medis\system\CodeIgniter.php(412): CodeIgniter\CodeIgniter->runController(Object(App\Controllers\Category))
#6 C:\xampp\htdocs\ci4_medis\system\CodeIgniter.php(320): CodeIgniter\CodeIgniter->handleRequest(NULL, Object(Config\Cache), false)
#7 C:\xampp\htdocs\ci4_medis\public\index.php(37): CodeIgniter\CodeIgniter->run()
#8 C:\xampp\htdocs\ci4_medis\system\Commands\Server\rewrite.php(43): require_once('C:\\xampp\\htdocs...')
#9 {main}
CRITICAL - 2023-01-21 23:00:53 --> Cannot use object of type CodeIgniter\Database\MySQLi\Result as array
#0 C:\xampp\htdocs\ci4_medis\system\View\View.php(210): include()
#1 C:\xampp\htdocs\ci4_medis\system\View\View.php(213): CodeIgniter\View\View->CodeIgniter\View\{closure}()
#2 C:\xampp\htdocs\ci4_medis\system\Common.php(1089): CodeIgniter\View\View->render('category/show', Array, true)
#3 C:\xampp\htdocs\ci4_medis\app\Controllers\Category.php(93): view('category/show', Array)
#4 C:\xampp\htdocs\ci4_medis\system\CodeIgniter.php(825): App\Controllers\Category->show('1')
#5 C:\xampp\htdocs\ci4_medis\system\CodeIgniter.php(412): CodeIgniter\CodeIgniter->runController(Object(App\Controllers\Category))
#6 C:\xampp\htdocs\ci4_medis\system\CodeIgniter.php(320): CodeIgniter\CodeIgniter->handleRequest(NULL, Object(Config\Cache), false)
#7 C:\xampp\htdocs\ci4_medis\public\index.php(37): CodeIgniter\CodeIgniter->run()
#8 C:\xampp\htdocs\ci4_medis\system\Commands\Server\rewrite.php(43): require_once('C:\\xampp\\htdocs...')
#9 {main}
CRITICAL - 2023-01-21 23:02:23 --> Cannot use object of type CodeIgniter\Database\MySQLi\Result as array
#0 C:\xampp\htdocs\ci4_medis\system\View\View.php(210): include()
#1 C:\xampp\htdocs\ci4_medis\system\View\View.php(213): CodeIgniter\View\View->CodeIgniter\View\{closure}()
#2 C:\xampp\htdocs\ci4_medis\system\Common.php(1089): CodeIgniter\View\View->render('category/show', Array, true)
#3 C:\xampp\htdocs\ci4_medis\app\Controllers\Category.php(93): view('category/show', Array)
#4 C:\xampp\htdocs\ci4_medis\system\CodeIgniter.php(825): App\Controllers\Category->show('1')
#5 C:\xampp\htdocs\ci4_medis\system\CodeIgniter.php(412): CodeIgniter\CodeIgniter->runController(Object(App\Controllers\Category))
#6 C:\xampp\htdocs\ci4_medis\system\CodeIgniter.php(320): CodeIgniter\CodeIgniter->handleRequest(NULL, Object(Config\Cache), false)
#7 C:\xampp\htdocs\ci4_medis\public\index.php(37): CodeIgniter\CodeIgniter->run()
#8 C:\xampp\htdocs\ci4_medis\system\Commands\Server\rewrite.php(43): require_once('C:\\xampp\\htdocs...')
#9 {main}
CRITICAL - 2023-01-21 23:03:02 --> Cannot use object of type CodeIgniter\Database\MySQLi\Result as array
#0 C:\xampp\htdocs\ci4_medis\system\View\View.php(210): include()
#1 C:\xampp\htdocs\ci4_medis\system\View\View.php(213): CodeIgniter\View\View->CodeIgniter\View\{closure}()
#2 C:\xampp\htdocs\ci4_medis\system\Common.php(1089): CodeIgniter\View\View->render('category/show', Array, true)
#3 C:\xampp\htdocs\ci4_medis\app\Controllers\Category.php(93): view('category/show', Array)
#4 C:\xampp\htdocs\ci4_medis\system\CodeIgniter.php(825): App\Controllers\Category->show('1')
#5 C:\xampp\htdocs\ci4_medis\system\CodeIgniter.php(412): CodeIgniter\CodeIgniter->runController(Object(App\Controllers\Category))
#6 C:\xampp\htdocs\ci4_medis\system\CodeIgniter.php(320): CodeIgniter\CodeIgniter->handleRequest(NULL, Object(Config\Cache), false)
#7 C:\xampp\htdocs\ci4_medis\public\index.php(37): CodeIgniter\CodeIgniter->run()
#8 C:\xampp\htdocs\ci4_medis\system\Commands\Server\rewrite.php(43): require_once('C:\\xampp\\htdocs...')
#9 {main}
CRITICAL - 2023-01-21 23:03:04 --> Cannot use object of type CodeIgniter\Database\MySQLi\Result as array
#0 C:\xampp\htdocs\ci4_medis\system\View\View.php(210): include()
#1 C:\xampp\htdocs\ci4_medis\system\View\View.php(213): CodeIgniter\View\View->CodeIgniter\View\{closure}()
#2 C:\xampp\htdocs\ci4_medis\system\Common.php(1089): CodeIgniter\View\View->render('category/show', Array, true)
#3 C:\xampp\htdocs\ci4_medis\app\Controllers\Category.php(93): view('category/show', Array)
#4 C:\xampp\htdocs\ci4_medis\system\CodeIgniter.php(825): App\Controllers\Category->show('1')
#5 C:\xampp\htdocs\ci4_medis\system\CodeIgniter.php(412): CodeIgniter\CodeIgniter->runController(Object(App\Controllers\Category))
#6 C:\xampp\htdocs\ci4_medis\system\CodeIgniter.php(320): CodeIgniter\CodeIgniter->handleRequest(NULL, Object(Config\Cache), false)
#7 C:\xampp\htdocs\ci4_medis\public\index.php(37): CodeIgniter\CodeIgniter->run()
#8 C:\xampp\htdocs\ci4_medis\system\Commands\Server\rewrite.php(43): require_once('C:\\xampp\\htdocs...')
#9 {main}
CRITICAL - 2023-01-21 23:03:21 --> Cannot use object of type CodeIgniter\Database\MySQLi\Result as array
#0 C:\xampp\htdocs\ci4_medis\system\View\View.php(210): include()
#1 C:\xampp\htdocs\ci4_medis\system\View\View.php(213): CodeIgniter\View\View->CodeIgniter\View\{closure}()
#2 C:\xampp\htdocs\ci4_medis\system\Common.php(1089): CodeIgniter\View\View->render('category/show', Array, true)
#3 C:\xampp\htdocs\ci4_medis\app\Controllers\Category.php(93): view('category/show', Array)
#4 C:\xampp\htdocs\ci4_medis\system\CodeIgniter.php(825): App\Controllers\Category->show('1')
#5 C:\xampp\htdocs\ci4_medis\system\CodeIgniter.php(412): CodeIgniter\CodeIgniter->runController(Object(App\Controllers\Category))
#6 C:\xampp\htdocs\ci4_medis\system\CodeIgniter.php(320): CodeIgniter\CodeIgniter->handleRequest(NULL, Object(Config\Cache), false)
#7 C:\xampp\htdocs\ci4_medis\public\index.php(37): CodeIgniter\CodeIgniter->run()
#8 C:\xampp\htdocs\ci4_medis\system\Commands\Server\rewrite.php(43): require_once('C:\\xampp\\htdocs...')
#9 {main}
CRITICAL - 2023-01-21 23:03:25 --> Cannot use object of type CodeIgniter\Database\MySQLi\Result as array
#0 C:\xampp\htdocs\ci4_medis\system\View\View.php(210): include()
#1 C:\xampp\htdocs\ci4_medis\system\View\View.php(213): CodeIgniter\View\View->CodeIgniter\View\{closure}()
#2 C:\xampp\htdocs\ci4_medis\system\Common.php(1089): CodeIgniter\View\View->render('category/show', Array, true)
#3 C:\xampp\htdocs\ci4_medis\app\Controllers\Category.php(93): view('category/show', Array)
#4 C:\xampp\htdocs\ci4_medis\system\CodeIgniter.php(825): App\Controllers\Category->show('1')
#5 C:\xampp\htdocs\ci4_medis\system\CodeIgniter.php(412): CodeIgniter\CodeIgniter->runController(Object(App\Controllers\Category))
#6 C:\xampp\htdocs\ci4_medis\system\CodeIgniter.php(320): CodeIgniter\CodeIgniter->handleRequest(NULL, Object(Config\Cache), false)
#7 C:\xampp\htdocs\ci4_medis\public\index.php(37): CodeIgniter\CodeIgniter->run()
#8 C:\xampp\htdocs\ci4_medis\system\Commands\Server\rewrite.php(43): require_once('C:\\xampp\\htdocs...')
#9 {main}
CRITICAL - 2023-01-21 23:04:29 --> Cannot use object of type CodeIgniter\Database\MySQLi\Result as array
#0 C:\xampp\htdocs\ci4_medis\system\View\View.php(210): include()
#1 C:\xampp\htdocs\ci4_medis\system\View\View.php(213): CodeIgniter\View\View->CodeIgniter\View\{closure}()
#2 C:\xampp\htdocs\ci4_medis\system\Common.php(1089): CodeIgniter\View\View->render('category/show', Array, true)
#3 C:\xampp\htdocs\ci4_medis\app\Controllers\Category.php(93): view('category/show', Array)
#4 C:\xampp\htdocs\ci4_medis\system\CodeIgniter.php(825): App\Controllers\Category->show('1')
#5 C:\xampp\htdocs\ci4_medis\system\CodeIgniter.php(412): CodeIgniter\CodeIgniter->runController(Object(App\Controllers\Category))
#6 C:\xampp\htdocs\ci4_medis\system\CodeIgniter.php(320): CodeIgniter\CodeIgniter->handleRequest(NULL, Object(Config\Cache), false)
#7 C:\xampp\htdocs\ci4_medis\public\index.php(37): CodeIgniter\CodeIgniter->run()
#8 C:\xampp\htdocs\ci4_medis\system\Commands\Server\rewrite.php(43): require_once('C:\\xampp\\htdocs...')
#9 {main}
CRITICAL - 2023-01-21 23:04:30 --> Cannot use object of type CodeIgniter\Database\MySQLi\Result as array
#0 C:\xampp\htdocs\ci4_medis\system\View\View.php(210): include()
#1 C:\xampp\htdocs\ci4_medis\system\View\View.php(213): CodeIgniter\View\View->CodeIgniter\View\{closure}()
#2 C:\xampp\htdocs\ci4_medis\system\Common.php(1089): CodeIgniter\View\View->render('category/show', Array, true)
#3 C:\xampp\htdocs\ci4_medis\app\Controllers\Category.php(93): view('category/show', Array)
#4 C:\xampp\htdocs\ci4_medis\system\CodeIgniter.php(825): App\Controllers\Category->show('1')
#5 C:\xampp\htdocs\ci4_medis\system\CodeIgniter.php(412): CodeIgniter\CodeIgniter->runController(Object(App\Controllers\Category))
#6 C:\xampp\htdocs\ci4_medis\system\CodeIgniter.php(320): CodeIgniter\CodeIgniter->handleRequest(NULL, Object(Config\Cache), false)
#7 C:\xampp\htdocs\ci4_medis\public\index.php(37): CodeIgniter\CodeIgniter->run()
#8 C:\xampp\htdocs\ci4_medis\system\Commands\Server\rewrite.php(43): require_once('C:\\xampp\\htdocs...')
#9 {main}
CRITICAL - 2023-01-21 23:04:31 --> Cannot use object of type CodeIgniter\Database\MySQLi\Result as array
#0 C:\xampp\htdocs\ci4_medis\system\View\View.php(210): include()
#1 C:\xampp\htdocs\ci4_medis\system\View\View.php(213): CodeIgniter\View\View->CodeIgniter\View\{closure}()
#2 C:\xampp\htdocs\ci4_medis\system\Common.php(1089): CodeIgniter\View\View->render('category/show', Array, true)
#3 C:\xampp\htdocs\ci4_medis\app\Controllers\Category.php(93): view('category/show', Array)
#4 C:\xampp\htdocs\ci4_medis\system\CodeIgniter.php(825): App\Controllers\Category->show('1')
#5 C:\xampp\htdocs\ci4_medis\system\CodeIgniter.php(412): CodeIgniter\CodeIgniter->runController(Object(App\Controllers\Category))
#6 C:\xampp\htdocs\ci4_medis\system\CodeIgniter.php(320): CodeIgniter\CodeIgniter->handleRequest(NULL, Object(Config\Cache), false)
#7 C:\xampp\htdocs\ci4_medis\public\index.php(37): CodeIgniter\CodeIgniter->run()
#8 C:\xampp\htdocs\ci4_medis\system\Commands\Server\rewrite.php(43): require_once('C:\\xampp\\htdocs...')
#9 {main}
CRITICAL - 2023-01-21 23:04:51 --> Undefined variable $product
#0 C:\xampp\htdocs\ci4_medis\app\Views\category\show.php(41): CodeIgniter\Debug\Exceptions->errorHandler(2, 'Undefined varia...', 'C:\\xampp\\htdocs...', 41)
#1 C:\xampp\htdocs\ci4_medis\system\View\View.php(210): include('C:\\xampp\\htdocs...')
#2 C:\xampp\htdocs\ci4_medis\system\View\View.php(213): CodeIgniter\View\View->CodeIgniter\View\{closure}()
#3 C:\xampp\htdocs\ci4_medis\system\Common.php(1089): CodeIgniter\View\View->render('category/show', Array, true)
#4 C:\xampp\htdocs\ci4_medis\app\Controllers\Category.php(93): view('category/show', Array)
#5 C:\xampp\htdocs\ci4_medis\system\CodeIgniter.php(825): App\Controllers\Category->show('1')
#6 C:\xampp\htdocs\ci4_medis\system\CodeIgniter.php(412): CodeIgniter\CodeIgniter->runController(Object(App\Controllers\Category))
#7 C:\xampp\htdocs\ci4_medis\system\CodeIgniter.php(320): CodeIgniter\CodeIgniter->handleRequest(NULL, Object(Config\Cache), false)
#8 C:\xampp\htdocs\ci4_medis\public\index.php(37): CodeIgniter\CodeIgniter->run()
#9 C:\xampp\htdocs\ci4_medis\system\Commands\Server\rewrite.php(43): require_once('C:\\xampp\\htdocs...')
#10 {main}
CRITICAL - 2023-01-21 23:04:53 --> Undefined variable $product
#0 C:\xampp\htdocs\ci4_medis\app\Views\category\show.php(41): CodeIgniter\Debug\Exceptions->errorHandler(2, 'Undefined varia...', 'C:\\xampp\\htdocs...', 41)
#1 C:\xampp\htdocs\ci4_medis\system\View\View.php(210): include('C:\\xampp\\htdocs...')
#2 C:\xampp\htdocs\ci4_medis\system\View\View.php(213): CodeIgniter\View\View->CodeIgniter\View\{closure}()
#3 C:\xampp\htdocs\ci4_medis\system\Common.php(1089): CodeIgniter\View\View->render('category/show', Array, true)
#4 C:\xampp\htdocs\ci4_medis\app\Controllers\Category.php(93): view('category/show', Array)
#5 C:\xampp\htdocs\ci4_medis\system\CodeIgniter.php(825): App\Controllers\Category->show('1')
#6 C:\xampp\htdocs\ci4_medis\system\CodeIgniter.php(412): CodeIgniter\CodeIgniter->runController(Object(App\Controllers\Category))
#7 C:\xampp\htdocs\ci4_medis\system\CodeIgniter.php(320): CodeIgniter\CodeIgniter->handleRequest(NULL, Object(Config\Cache), false)
#8 C:\xampp\htdocs\ci4_medis\public\index.php(37): CodeIgniter\CodeIgniter->run()
#9 C:\xampp\htdocs\ci4_medis\system\Commands\Server\rewrite.php(43): require_once('C:\\xampp\\htdocs...')
#10 {main}
CRITICAL - 2023-01-21 23:06:04 --> Undefined property: App\Controllers\Product::$category_model
#0 C:\xampp\htdocs\ci4_medis\app\Controllers\Product.php(26): CodeIgniter\Debug\Exceptions->errorHandler(2, 'Undefined prope...', 'C:\\xampp\\htdocs...', 26)
#1 C:\xampp\htdocs\ci4_medis\system\CodeIgniter.php(825): App\Controllers\Product->index()
#2 C:\xampp\htdocs\ci4_medis\system\CodeIgniter.php(412): CodeIgniter\CodeIgniter->runController(Object(App\Controllers\Product))
#3 C:\xampp\htdocs\ci4_medis\system\CodeIgniter.php(320): CodeIgniter\CodeIgniter->handleRequest(NULL, Object(Config\Cache), false)
#4 C:\xampp\htdocs\ci4_medis\public\index.php(37): CodeIgniter\CodeIgniter->run()
#5 C:\xampp\htdocs\ci4_medis\system\Commands\Server\rewrite.php(43): require_once('C:\\xampp\\htdocs...')
#6 {main}
CRITICAL - 2023-01-21 23:18:46 --> Undefined variable $obat0014
#0 C:\xampp\htdocs\ci4_medis\app\Views\category\index.php(64): CodeIgniter\Debug\Exceptions->errorHandler(2, 'Undefined varia...', 'C:\\xampp\\htdocs...', 64)
#1 C:\xampp\htdocs\ci4_medis\system\View\View.php(210): include('C:\\xampp\\htdocs...')
#2 C:\xampp\htdocs\ci4_medis\system\View\View.php(213): CodeIgniter\View\View->CodeIgniter\View\{closure}()
#3 C:\xampp\htdocs\ci4_medis\system\Common.php(1089): CodeIgniter\View\View->render('category/index', Array, true)
#4 C:\xampp\htdocs\ci4_medis\app\Controllers\Category.php(30): view('category/index', Array)
#5 C:\xampp\htdocs\ci4_medis\system\CodeIgniter.php(825): App\Controllers\Category->index()
#6 C:\xampp\htdocs\ci4_medis\system\CodeIgniter.php(412): CodeIgniter\CodeIgniter->runController(Object(App\Controllers\Category))
#7 C:\xampp\htdocs\ci4_medis\system\CodeIgniter.php(320): CodeIgniter\CodeIgniter->handleRequest(NULL, Object(Config\Cache), false)
#8 C:\xampp\htdocs\ci4_medis\public\index.php(37): CodeIgniter\CodeIgniter->run()
#9 C:\xampp\htdocs\ci4_medis\system\Commands\Server\rewrite.php(43): require_once('C:\\xampp\\htdocs...')
#10 {main}
CRITICAL - 2023-01-21 23:20:15 --> Undefined variable $obat0014
#0 C:\xampp\htdocs\ci4_medis\app\Views\category\index.php(66): CodeIgniter\Debug\Exceptions->errorHandler(2, 'Undefined varia...', 'C:\\xampp\\htdocs...', 66)
#1 C:\xampp\htdocs\ci4_medis\system\View\View.php(210): include('C:\\xampp\\htdocs...')
#2 C:\xampp\htdocs\ci4_medis\system\View\View.php(213): CodeIgniter\View\View->CodeIgniter\View\{closure}()
#3 C:\xampp\htdocs\ci4_medis\system\Common.php(1089): CodeIgniter\View\View->render('category/index', Array, true)
#4 C:\xampp\htdocs\ci4_medis\app\Controllers\Category.php(30): view('category/index', Array)
#5 C:\xampp\htdocs\ci4_medis\system\CodeIgniter.php(825): App\Controllers\Category->index()
#6 C:\xampp\htdocs\ci4_medis\system\CodeIgniter.php(412): CodeIgniter\CodeIgniter->runController(Object(App\Controllers\Category))
#7 C:\xampp\htdocs\ci4_medis\system\CodeIgniter.php(320): CodeIgniter\CodeIgniter->handleRequest(NULL, Object(Config\Cache), false)
#8 C:\xampp\htdocs\ci4_medis\public\index.php(37): CodeIgniter\CodeIgniter->run()
#9 C:\xampp\htdocs\ci4_medis\system\Commands\Server\rewrite.php(43): require_once('C:\\xampp\\htdocs...')
#10 {main}
CRITICAL - 2023-01-21 23:21:21 --> Undefined variable $obat0014
#0 C:\xampp\htdocs\ci4_medis\app\Views\category\index.php(66): CodeIgniter\Debug\Exceptions->errorHandler(2, 'Undefined varia...', 'C:\\xampp\\htdocs...', 66)
#1 C:\xampp\htdocs\ci4_medis\system\View\View.php(210): include('C:\\xampp\\htdocs...')
#2 C:\xampp\htdocs\ci4_medis\system\View\View.php(213): CodeIgniter\View\View->CodeIgniter\View\{closure}()
#3 C:\xampp\htdocs\ci4_medis\system\Common.php(1089): CodeIgniter\View\View->render('category/index', Array, true)
#4 C:\xampp\htdocs\ci4_medis\app\Controllers\Category.php(30): view('category/index', Array)
#5 C:\xampp\htdocs\ci4_medis\system\CodeIgniter.php(825): App\Controllers\Category->index()
#6 C:\xampp\htdocs\ci4_medis\system\CodeIgniter.php(412): CodeIgniter\CodeIgniter->runController(Object(App\Controllers\Category))
#7 C:\xampp\htdocs\ci4_medis\system\CodeIgniter.php(320): CodeIgniter\CodeIgniter->handleRequest(NULL, Object(Config\Cache), false)
#8 C:\xampp\htdocs\ci4_medis\public\index.php(37): CodeIgniter\CodeIgniter->run()
#9 C:\xampp\htdocs\ci4_medis\system\Commands\Server\rewrite.php(43): require_once('C:\\xampp\\htdocs...')
#10 {main}
CRITICAL - 2023-01-21 23:21:22 --> Undefined variable $obat0014
#0 C:\xampp\htdocs\ci4_medis\app\Views\category\index.php(66): CodeIgniter\Debug\Exceptions->errorHandler(2, 'Undefined varia...', 'C:\\xampp\\htdocs...', 66)
#1 C:\xampp\htdocs\ci4_medis\system\View\View.php(210): include('C:\\xampp\\htdocs...')
#2 C:\xampp\htdocs\ci4_medis\system\View\View.php(213): CodeIgniter\View\View->CodeIgniter\View\{closure}()
#3 C:\xampp\htdocs\ci4_medis\system\Common.php(1089): CodeIgniter\View\View->render('category/index', Array, true)
#4 C:\xampp\htdocs\ci4_medis\app\Controllers\Category.php(30): view('category/index', Array)
#5 C:\xampp\htdocs\ci4_medis\system\CodeIgniter.php(825): App\Controllers\Category->index()
#6 C:\xampp\htdocs\ci4_medis\system\CodeIgniter.php(412): CodeIgniter\CodeIgniter->runController(Object(App\Controllers\Category))
#7 C:\xampp\htdocs\ci4_medis\system\CodeIgniter.php(320): CodeIgniter\CodeIgniter->handleRequest(NULL, Object(Config\Cache), false)
#8 C:\xampp\htdocs\ci4_medis\public\index.php(37): CodeIgniter\CodeIgniter->run()
#9 C:\xampp\htdocs\ci4_medis\system\Commands\Server\rewrite.php(43): require_once('C:\\xampp\\htdocs...')
#10 {main}
CRITICAL - 2023-01-21 23:21:23 --> Undefined variable $obat0014
#0 C:\xampp\htdocs\ci4_medis\app\Views\category\index.php(66): CodeIgniter\Debug\Exceptions->errorHandler(2, 'Undefined varia...', 'C:\\xampp\\htdocs...', 66)
#1 C:\xampp\htdocs\ci4_medis\system\View\View.php(210): include('C:\\xampp\\htdocs...')
#2 C:\xampp\htdocs\ci4_medis\system\View\View.php(213): CodeIgniter\View\View->CodeIgniter\View\{closure}()
#3 C:\xampp\htdocs\ci4_medis\system\Common.php(1089): CodeIgniter\View\View->render('category/index', Array, true)
#4 C:\xampp\htdocs\ci4_medis\app\Controllers\Category.php(30): view('category/index', Array)
#5 C:\xampp\htdocs\ci4_medis\system\CodeIgniter.php(825): App\Controllers\Category->index()
#6 C:\xampp\htdocs\ci4_medis\system\CodeIgniter.php(412): CodeIgniter\CodeIgniter->runController(Object(App\Controllers\Category))
#7 C:\xampp\htdocs\ci4_medis\system\CodeIgniter.php(320): CodeIgniter\CodeIgniter->handleRequest(NULL, Object(Config\Cache), false)
#8 C:\xampp\htdocs\ci4_medis\public\index.php(37): CodeIgniter\CodeIgniter->run()
#9 C:\xampp\htdocs\ci4_medis\system\Commands\Server\rewrite.php(43): require_once('C:\\xampp\\htdocs...')
#10 {main}
CRITICAL - 2023-01-21 23:21:24 --> Undefined variable $obat0014
#0 C:\xampp\htdocs\ci4_medis\app\Views\category\index.php(66): CodeIgniter\Debug\Exceptions->errorHandler(2, 'Undefined varia...', 'C:\\xampp\\htdocs...', 66)
#1 C:\xampp\htdocs\ci4_medis\system\View\View.php(210): include('C:\\xampp\\htdocs...')
#2 C:\xampp\htdocs\ci4_medis\system\View\View.php(213): CodeIgniter\View\View->CodeIgniter\View\{closure}()
#3 C:\xampp\htdocs\ci4_medis\system\Common.php(1089): CodeIgniter\View\View->render('category/index', Array, true)
#4 C:\xampp\htdocs\ci4_medis\app\Controllers\Category.php(30): view('category/index', Array)
#5 C:\xampp\htdocs\ci4_medis\system\CodeIgniter.php(825): App\Controllers\Category->index()
#6 C:\xampp\htdocs\ci4_medis\system\CodeIgniter.php(412): CodeIgniter\CodeIgniter->runController(Object(App\Controllers\Category))
#7 C:\xampp\htdocs\ci4_medis\system\CodeIgniter.php(320): CodeIgniter\CodeIgniter->handleRequest(NULL, Object(Config\Cache), false)
#8 C:\xampp\htdocs\ci4_medis\public\index.php(37): CodeIgniter\CodeIgniter->run()
#9 C:\xampp\htdocs\ci4_medis\system\Commands\Server\rewrite.php(43): require_once('C:\\xampp\\htdocs...')
#10 {main}
