CRITICAL - 2023-05-05 01:07:40 --> Undefined variable $row
#0 C:\xampp\htdocs\msi_baru2\app\Views\pembelajaran\show11.php(45): CodeIgniter\Debug\Exceptions->errorHandler(2, 'Undefined varia...', 'C:\\xampp\\htdocs...', 45)
#1 C:\xampp\htdocs\msi_baru2\system\View\View.php(210): include('C:\\xampp\\htdocs...')
#2 C:\xampp\htdocs\msi_baru2\system\View\View.php(213): CodeIgniter\View\View->CodeIgniter\View\{closure}()
#3 C:\xampp\htdocs\msi_baru2\system\Common.php(1089): CodeIgniter\View\View->render('pembelajaran/sh...', Array, true)
#4 C:\xampp\htdocs\msi_baru2\app\Controllers\Pembelajaran.php(136): view('pembelajaran/sh...', Array)
#5 C:\xampp\htdocs\msi_baru2\system\CodeIgniter.php(825): App\Controllers\Pembelajaran->show11('1')
#6 C:\xampp\htdocs\msi_baru2\system\CodeIgniter.php(412): CodeIgniter\CodeIgniter->runController(Object(App\Controllers\Pembelajaran))
#7 C:\xampp\htdocs\msi_baru2\system\CodeIgniter.php(320): CodeIgniter\CodeIgniter->handleRequest(NULL, Object(Config\Cache), false)
#8 C:\xampp\htdocs\msi_baru2\public\index.php(37): CodeIgniter\CodeIgniter->run()
#9 C:\xampp\htdocs\msi_baru2\system\Commands\Server\rewrite.php(43): require_once('C:\\xampp\\htdocs...')
#10 {main}
CRITICAL - 2023-05-05 01:39:41 --> Class "App\Controllers\Sarpras_model" not found
#0 C:\xampp\htdocs\msi_baru2\system\CodeIgniter.php(802): App\Controllers\Sarpras->__construct()
#1 C:\xampp\htdocs\msi_baru2\system\CodeIgniter.php(403): CodeIgniter\CodeIgniter->createController()
#2 C:\xampp\htdocs\msi_baru2\system\CodeIgniter.php(320): CodeIgniter\CodeIgniter->handleRequest(NULL, Object(Config\Cache), false)
#3 C:\xampp\htdocs\msi_baru2\public\index.php(37): CodeIgniter\CodeIgniter->run()
#4 C:\xampp\htdocs\msi_baru2\system\Commands\Server\rewrite.php(43): require_once('C:\\xampp\\htdocs...')
#5 {main}
CRITICAL - 2023-05-05 01:40:50 --> Class "App\Models\Sarpras_model" not found
#0 C:\xampp\htdocs\msi_baru2\system\CodeIgniter.php(802): App\Controllers\Sarpras->__construct()
#1 C:\xampp\htdocs\msi_baru2\system\CodeIgniter.php(403): CodeIgniter\CodeIgniter->createController()
#2 C:\xampp\htdocs\msi_baru2\system\CodeIgniter.php(320): CodeIgniter\CodeIgniter->handleRequest(NULL, Object(Config\Cache), false)
#3 C:\xampp\htdocs\msi_baru2\public\index.php(37): CodeIgniter\CodeIgniter->run()
#4 C:\xampp\htdocs\msi_baru2\system\Commands\Server\rewrite.php(43): require_once('C:\\xampp\\htdocs...')
#5 {main}
ERROR - 2023-05-05 01:41:13 --> Unknown column 'beban_pembayaran' in 'where clause'
CRITICAL - 2023-05-05 01:41:13 --> Unknown column 'beban_pembayaran' in 'where clause'
#0 C:\xampp\htdocs\msi_baru2\system\Database\MySQLi\Connection.php(292): mysqli->query('SELECT *\nFROM `...', 0)
#1 C:\xampp\htdocs\msi_baru2\system\Database\BaseConnection.php(670): CodeIgniter\Database\MySQLi\Connection->execute('SELECT *\nFROM `...')
#2 C:\xampp\htdocs\msi_baru2\system\Database\BaseConnection.php(598): CodeIgniter\Database\BaseConnection->simpleQuery('SELECT *\nFROM `...')
#3 C:\xampp\htdocs\msi_baru2\system\Database\BaseBuilder.php(1455): CodeIgniter\Database\BaseConnection->query('SELECT *\nFROM `...', Array, false)
#4 C:\xampp\htdocs\msi_baru2\system\Model.php(183): CodeIgniter\Database\BaseBuilder->get()
#5 C:\xampp\htdocs\msi_baru2\system\BaseModel.php(584): CodeIgniter\Model->doFindAll(0, 0)
#6 C:\xampp\htdocs\msi_baru2\app\Controllers\Sarpras.php(30): CodeIgniter\BaseModel->findAll()
#7 C:\xampp\htdocs\msi_baru2\system\CodeIgniter.php(825): App\Controllers\Sarpras->index()
#8 C:\xampp\htdocs\msi_baru2\system\CodeIgniter.php(412): CodeIgniter\CodeIgniter->runController(Object(App\Controllers\Sarpras))
#9 C:\xampp\htdocs\msi_baru2\system\CodeIgniter.php(320): CodeIgniter\CodeIgniter->handleRequest(NULL, Object(Config\Cache), false)
#10 C:\xampp\htdocs\msi_baru2\public\index.php(37): CodeIgniter\CodeIgniter->run()
#11 C:\xampp\htdocs\msi_baru2\system\Commands\Server\rewrite.php(43): require_once('C:\\xampp\\htdocs...')
#12 {main}
CRITICAL - 2023-05-05 01:47:02 --> sarpras is not a validation rules group.
#0 C:\xampp\htdocs\msi_baru2\system\Validation\Validation.php(543): CodeIgniter\Validation\Exceptions\ValidationException::forGroupNotFound('sarpras')
#1 C:\xampp\htdocs\msi_baru2\system\Validation\Validation.php(116): CodeIgniter\Validation\Validation->loadRuleGroup('sarpras')
#2 C:\xampp\htdocs\msi_baru2\app\Controllers\Sarpras.php(82): CodeIgniter\Validation\Validation->run(Array, 'sarpras')
#3 C:\xampp\htdocs\msi_baru2\system\CodeIgniter.php(825): App\Controllers\Sarpras->store12()
#4 C:\xampp\htdocs\msi_baru2\system\CodeIgniter.php(412): CodeIgniter\CodeIgniter->runController(Object(App\Controllers\Sarpras))
#5 C:\xampp\htdocs\msi_baru2\system\CodeIgniter.php(320): CodeIgniter\CodeIgniter->handleRequest(NULL, Object(Config\Cache), false)
#6 C:\xampp\htdocs\msi_baru2\public\index.php(37): CodeIgniter\CodeIgniter->run()
#7 C:\xampp\htdocs\msi_baru2\system\Commands\Server\rewrite.php(43): require_once('C:\\xampp\\htdocs...')
#8 {main}
ERROR - 2023-05-05 10:22:06 --> Cannot add or update a child row: a foreign key constraint fails (`db_msi_sugihwaras_rev`.`user`, CONSTRAINT `user_ibfk_1` FOREIGN KEY (`id_pegawai`) REFERENCES `pegawai` (`id_pegawai`))
CRITICAL - 2023-05-05 10:22:06 --> Cannot add or update a child row: a foreign key constraint fails (`db_msi_sugihwaras_rev`.`user`, CONSTRAINT `user_ibfk_1` FOREIGN KEY (`id_pegawai`) REFERENCES `pegawai` (`id_pegawai`))
#0 C:\xampp\htdocs\msi_baru2\system\Database\MySQLi\Connection.php(292): mysqli->query('INSERT INTO `us...', 0)
#1 C:\xampp\htdocs\msi_baru2\system\Database\BaseConnection.php(670): CodeIgniter\Database\MySQLi\Connection->execute('INSERT INTO `us...')
#2 C:\xampp\htdocs\msi_baru2\system\Database\BaseConnection.php(598): CodeIgniter\Database\BaseConnection->simpleQuery('INSERT INTO `us...')
#3 C:\xampp\htdocs\msi_baru2\system\Database\BaseBuilder.php(1771): CodeIgniter\Database\BaseConnection->query('INSERT INTO `us...', Array, false)
#4 C:\xampp\htdocs\msi_baru2\app\Models\Auth_model.php(31): CodeIgniter\Database\BaseBuilder->insert(Array)
#5 C:\xampp\htdocs\msi_baru2\app\Controllers\Auth.php(106): App\Models\Auth_model->register(Array)
#6 C:\xampp\htdocs\msi_baru2\system\CodeIgniter.php(825): App\Controllers\Auth->proses_register()
#7 C:\xampp\htdocs\msi_baru2\system\CodeIgniter.php(412): CodeIgniter\CodeIgniter->runController(Object(App\Controllers\Auth))
#8 C:\xampp\htdocs\msi_baru2\system\CodeIgniter.php(320): CodeIgniter\CodeIgniter->handleRequest(NULL, Object(Config\Cache), false)
#9 C:\xampp\htdocs\msi_baru2\public\index.php(37): CodeIgniter\CodeIgniter->run()
#10 C:\xampp\htdocs\msi_baru2\system\Commands\Server\rewrite.php(43): require_once('C:\\xampp\\htdocs...')
#11 {main}
CRITICAL - 2023-05-05 10:45:51 --> Undefined variable $datappdb
#0 C:\xampp\htdocs\msi_baru2\app\Views\emis\edit2.php(46): CodeIgniter\Debug\Exceptions->errorHandler(2, 'Undefined varia...', 'C:\\xampp\\htdocs...', 46)
#1 C:\xampp\htdocs\msi_baru2\system\View\View.php(210): include('C:\\xampp\\htdocs...')
#2 C:\xampp\htdocs\msi_baru2\system\View\View.php(213): CodeIgniter\View\View->CodeIgniter\View\{closure}()
#3 C:\xampp\htdocs\msi_baru2\system\Common.php(1089): CodeIgniter\View\View->render('emis/edit2', Array, true)
#4 C:\xampp\htdocs\msi_baru2\app\Controllers\Emis.php(103): view('emis/edit2', Array)
#5 C:\xampp\htdocs\msi_baru2\system\CodeIgniter.php(825): App\Controllers\Emis->edit2('88888')
#6 C:\xampp\htdocs\msi_baru2\system\CodeIgniter.php(412): CodeIgniter\CodeIgniter->runController(Object(App\Controllers\Emis))
#7 C:\xampp\htdocs\msi_baru2\system\CodeIgniter.php(320): CodeIgniter\CodeIgniter->handleRequest(NULL, Object(Config\Cache), false)
#8 C:\xampp\htdocs\msi_baru2\public\index.php(37): CodeIgniter\CodeIgniter->run()
#9 C:\xampp\htdocs\msi_baru2\system\Commands\Server\rewrite.php(43): require_once('C:\\xampp\\htdocs...')
#10 {main}
CRITICAL - 2023-05-05 10:50:57 --> Undefined variable $datappdb
#0 C:\xampp\htdocs\msi_baru2\app\Views\emis\edit2.php(46): CodeIgniter\Debug\Exceptions->errorHandler(2, 'Undefined varia...', 'C:\\xampp\\htdocs...', 46)
#1 C:\xampp\htdocs\msi_baru2\system\View\View.php(210): include('C:\\xampp\\htdocs...')
#2 C:\xampp\htdocs\msi_baru2\system\View\View.php(213): CodeIgniter\View\View->CodeIgniter\View\{closure}()
#3 C:\xampp\htdocs\msi_baru2\system\Common.php(1089): CodeIgniter\View\View->render('emis/edit2', Array, true)
#4 C:\xampp\htdocs\msi_baru2\app\Controllers\Emis.php(103): view('emis/edit2', Array)
#5 C:\xampp\htdocs\msi_baru2\system\CodeIgniter.php(825): App\Controllers\Emis->edit2('88888')
#6 C:\xampp\htdocs\msi_baru2\system\CodeIgniter.php(412): CodeIgniter\CodeIgniter->runController(Object(App\Controllers\Emis))
#7 C:\xampp\htdocs\msi_baru2\system\CodeIgniter.php(320): CodeIgniter\CodeIgniter->handleRequest(NULL, Object(Config\Cache), false)
#8 C:\xampp\htdocs\msi_baru2\public\index.php(37): CodeIgniter\CodeIgniter->run()
#9 C:\xampp\htdocs\msi_baru2\system\Commands\Server\rewrite.php(43): require_once('C:\\xampp\\htdocs...')
#10 {main}
CRITICAL - 2023-05-05 10:51:02 --> Undefined variable $datappdb
#0 C:\xampp\htdocs\msi_baru2\app\Views\emis\edit2.php(46): CodeIgniter\Debug\Exceptions->errorHandler(2, 'Undefined varia...', 'C:\\xampp\\htdocs...', 46)
#1 C:\xampp\htdocs\msi_baru2\system\View\View.php(210): include('C:\\xampp\\htdocs...')
#2 C:\xampp\htdocs\msi_baru2\system\View\View.php(213): CodeIgniter\View\View->CodeIgniter\View\{closure}()
#3 C:\xampp\htdocs\msi_baru2\system\Common.php(1089): CodeIgniter\View\View->render('emis/edit2', Array, true)
#4 C:\xampp\htdocs\msi_baru2\app\Controllers\Emis.php(103): view('emis/edit2', Array)
#5 C:\xampp\htdocs\msi_baru2\system\CodeIgniter.php(825): App\Controllers\Emis->edit2('88888')
#6 C:\xampp\htdocs\msi_baru2\system\CodeIgniter.php(412): CodeIgniter\CodeIgniter->runController(Object(App\Controllers\Emis))
#7 C:\xampp\htdocs\msi_baru2\system\CodeIgniter.php(320): CodeIgniter\CodeIgniter->handleRequest(NULL, Object(Config\Cache), false)
#8 C:\xampp\htdocs\msi_baru2\public\index.php(37): CodeIgniter\CodeIgniter->run()
#9 C:\xampp\htdocs\msi_baru2\system\Commands\Server\rewrite.php(43): require_once('C:\\xampp\\htdocs...')
#10 {main}
CRITICAL - 2023-05-05 10:52:03 --> Undefined variable $datappdb
#0 C:\xampp\htdocs\msi_baru2\app\Views\emis\edit2.php(46): CodeIgniter\Debug\Exceptions->errorHandler(2, 'Undefined varia...', 'C:\\xampp\\htdocs...', 46)
#1 C:\xampp\htdocs\msi_baru2\system\View\View.php(210): include('C:\\xampp\\htdocs...')
#2 C:\xampp\htdocs\msi_baru2\system\View\View.php(213): CodeIgniter\View\View->CodeIgniter\View\{closure}()
#3 C:\xampp\htdocs\msi_baru2\system\Common.php(1089): CodeIgniter\View\View->render('emis/edit2', Array, true)
#4 C:\xampp\htdocs\msi_baru2\app\Controllers\Emis.php(103): view('emis/edit2', Array)
#5 C:\xampp\htdocs\msi_baru2\system\CodeIgniter.php(825): App\Controllers\Emis->edit2('88888')
#6 C:\xampp\htdocs\msi_baru2\system\CodeIgniter.php(412): CodeIgniter\CodeIgniter->runController(Object(App\Controllers\Emis))
#7 C:\xampp\htdocs\msi_baru2\system\CodeIgniter.php(320): CodeIgniter\CodeIgniter->handleRequest(NULL, Object(Config\Cache), false)
#8 C:\xampp\htdocs\msi_baru2\public\index.php(37): CodeIgniter\CodeIgniter->run()
#9 C:\xampp\htdocs\msi_baru2\system\Commands\Server\rewrite.php(43): require_once('C:\\xampp\\htdocs...')
#10 {main}
CRITICAL - 2023-05-05 10:52:04 --> Undefined variable $datappdb
#0 C:\xampp\htdocs\msi_baru2\app\Views\emis\edit2.php(46): CodeIgniter\Debug\Exceptions->errorHandler(2, 'Undefined varia...', 'C:\\xampp\\htdocs...', 46)
#1 C:\xampp\htdocs\msi_baru2\system\View\View.php(210): include('C:\\xampp\\htdocs...')
#2 C:\xampp\htdocs\msi_baru2\system\View\View.php(213): CodeIgniter\View\View->CodeIgniter\View\{closure}()
#3 C:\xampp\htdocs\msi_baru2\system\Common.php(1089): CodeIgniter\View\View->render('emis/edit2', Array, true)
#4 C:\xampp\htdocs\msi_baru2\app\Controllers\Emis.php(103): view('emis/edit2', Array)
#5 C:\xampp\htdocs\msi_baru2\system\CodeIgniter.php(825): App\Controllers\Emis->edit2('88888')
#6 C:\xampp\htdocs\msi_baru2\system\CodeIgniter.php(412): CodeIgniter\CodeIgniter->runController(Object(App\Controllers\Emis))
#7 C:\xampp\htdocs\msi_baru2\system\CodeIgniter.php(320): CodeIgniter\CodeIgniter->handleRequest(NULL, Object(Config\Cache), false)
#8 C:\xampp\htdocs\msi_baru2\public\index.php(37): CodeIgniter\CodeIgniter->run()
#9 C:\xampp\htdocs\msi_baru2\system\Commands\Server\rewrite.php(43): require_once('C:\\xampp\\htdocs...')
#10 {main}
CRITICAL - 2023-05-05 10:52:04 --> Undefined variable $datappdb
#0 C:\xampp\htdocs\msi_baru2\app\Views\emis\edit2.php(46): CodeIgniter\Debug\Exceptions->errorHandler(2, 'Undefined varia...', 'C:\\xampp\\htdocs...', 46)
#1 C:\xampp\htdocs\msi_baru2\system\View\View.php(210): include('C:\\xampp\\htdocs...')
#2 C:\xampp\htdocs\msi_baru2\system\View\View.php(213): CodeIgniter\View\View->CodeIgniter\View\{closure}()
#3 C:\xampp\htdocs\msi_baru2\system\Common.php(1089): CodeIgniter\View\View->render('emis/edit2', Array, true)
#4 C:\xampp\htdocs\msi_baru2\app\Controllers\Emis.php(103): view('emis/edit2', Array)
#5 C:\xampp\htdocs\msi_baru2\system\CodeIgniter.php(825): App\Controllers\Emis->edit2('88888')
#6 C:\xampp\htdocs\msi_baru2\system\CodeIgniter.php(412): CodeIgniter\CodeIgniter->runController(Object(App\Controllers\Emis))
#7 C:\xampp\htdocs\msi_baru2\system\CodeIgniter.php(320): CodeIgniter\CodeIgniter->handleRequest(NULL, Object(Config\Cache), false)
#8 C:\xampp\htdocs\msi_baru2\public\index.php(37): CodeIgniter\CodeIgniter->run()
#9 C:\xampp\htdocs\msi_baru2\system\Commands\Server\rewrite.php(43): require_once('C:\\xampp\\htdocs...')
#10 {main}
CRITICAL - 2023-05-05 10:52:04 --> Undefined variable $datappdb
#0 C:\xampp\htdocs\msi_baru2\app\Views\emis\edit2.php(46): CodeIgniter\Debug\Exceptions->errorHandler(2, 'Undefined varia...', 'C:\\xampp\\htdocs...', 46)
#1 C:\xampp\htdocs\msi_baru2\system\View\View.php(210): include('C:\\xampp\\htdocs...')
#2 C:\xampp\htdocs\msi_baru2\system\View\View.php(213): CodeIgniter\View\View->CodeIgniter\View\{closure}()
#3 C:\xampp\htdocs\msi_baru2\system\Common.php(1089): CodeIgniter\View\View->render('emis/edit2', Array, true)
#4 C:\xampp\htdocs\msi_baru2\app\Controllers\Emis.php(103): view('emis/edit2', Array)
#5 C:\xampp\htdocs\msi_baru2\system\CodeIgniter.php(825): App\Controllers\Emis->edit2('88888')
#6 C:\xampp\htdocs\msi_baru2\system\CodeIgniter.php(412): CodeIgniter\CodeIgniter->runController(Object(App\Controllers\Emis))
#7 C:\xampp\htdocs\msi_baru2\system\CodeIgniter.php(320): CodeIgniter\CodeIgniter->handleRequest(NULL, Object(Config\Cache), false)
#8 C:\xampp\htdocs\msi_baru2\public\index.php(37): CodeIgniter\CodeIgniter->run()
#9 C:\xampp\htdocs\msi_baru2\system\Commands\Server\rewrite.php(43): require_once('C:\\xampp\\htdocs...')
#10 {main}
CRITICAL - 2023-05-05 10:52:04 --> Undefined variable $datappdb
#0 C:\xampp\htdocs\msi_baru2\app\Views\emis\edit2.php(46): CodeIgniter\Debug\Exceptions->errorHandler(2, 'Undefined varia...', 'C:\\xampp\\htdocs...', 46)
#1 C:\xampp\htdocs\msi_baru2\system\View\View.php(210): include('C:\\xampp\\htdocs...')
#2 C:\xampp\htdocs\msi_baru2\system\View\View.php(213): CodeIgniter\View\View->CodeIgniter\View\{closure}()
#3 C:\xampp\htdocs\msi_baru2\system\Common.php(1089): CodeIgniter\View\View->render('emis/edit2', Array, true)
#4 C:\xampp\htdocs\msi_baru2\app\Controllers\Emis.php(103): view('emis/edit2', Array)
#5 C:\xampp\htdocs\msi_baru2\system\CodeIgniter.php(825): App\Controllers\Emis->edit2('88888')
#6 C:\xampp\htdocs\msi_baru2\system\CodeIgniter.php(412): CodeIgniter\CodeIgniter->runController(Object(App\Controllers\Emis))
#7 C:\xampp\htdocs\msi_baru2\system\CodeIgniter.php(320): CodeIgniter\CodeIgniter->handleRequest(NULL, Object(Config\Cache), false)
#8 C:\xampp\htdocs\msi_baru2\public\index.php(37): CodeIgniter\CodeIgniter->run()
#9 C:\xampp\htdocs\msi_baru2\system\Commands\Server\rewrite.php(43): require_once('C:\\xampp\\htdocs...')
#10 {main}
CRITICAL - 2023-05-05 10:52:22 --> Undefined variable $emis
#0 C:\xampp\htdocs\msi_baru2\app\Views\emis\edit2.php(41): CodeIgniter\Debug\Exceptions->errorHandler(2, 'Undefined varia...', 'C:\\xampp\\htdocs...', 41)
#1 C:\xampp\htdocs\msi_baru2\system\View\View.php(210): include('C:\\xampp\\htdocs...')
#2 C:\xampp\htdocs\msi_baru2\system\View\View.php(213): CodeIgniter\View\View->CodeIgniter\View\{closure}()
#3 C:\xampp\htdocs\msi_baru2\system\Common.php(1089): CodeIgniter\View\View->render('emis/edit2', Array, true)
#4 C:\xampp\htdocs\msi_baru2\app\Controllers\Emis.php(105): view('emis/edit2', Array)
#5 C:\xampp\htdocs\msi_baru2\system\CodeIgniter.php(825): App\Controllers\Emis->edit2('88888')
#6 C:\xampp\htdocs\msi_baru2\system\CodeIgniter.php(412): CodeIgniter\CodeIgniter->runController(Object(App\Controllers\Emis))
#7 C:\xampp\htdocs\msi_baru2\system\CodeIgniter.php(320): CodeIgniter\CodeIgniter->handleRequest(NULL, Object(Config\Cache), false)
#8 C:\xampp\htdocs\msi_baru2\public\index.php(37): CodeIgniter\CodeIgniter->run()
#9 C:\xampp\htdocs\msi_baru2\system\Commands\Server\rewrite.php(43): require_once('C:\\xampp\\htdocs...')
#10 {main}
CRITICAL - 2023-05-05 10:53:37 --> Undefined variable $emis
#0 C:\xampp\htdocs\msi_baru2\app\Views\emis\edit2.php(41): CodeIgniter\Debug\Exceptions->errorHandler(2, 'Undefined varia...', 'C:\\xampp\\htdocs...', 41)
#1 C:\xampp\htdocs\msi_baru2\system\View\View.php(210): include('C:\\xampp\\htdocs...')
#2 C:\xampp\htdocs\msi_baru2\system\View\View.php(213): CodeIgniter\View\View->CodeIgniter\View\{closure}()
#3 C:\xampp\htdocs\msi_baru2\system\Common.php(1089): CodeIgniter\View\View->render('emis/edit2', Array, true)
#4 C:\xampp\htdocs\msi_baru2\app\Controllers\Emis.php(105): view('emis/edit2', Array)
#5 C:\xampp\htdocs\msi_baru2\system\CodeIgniter.php(825): App\Controllers\Emis->edit2('88888')
#6 C:\xampp\htdocs\msi_baru2\system\CodeIgniter.php(412): CodeIgniter\CodeIgniter->runController(Object(App\Controllers\Emis))
#7 C:\xampp\htdocs\msi_baru2\system\CodeIgniter.php(320): CodeIgniter\CodeIgniter->handleRequest(NULL, Object(Config\Cache), false)
#8 C:\xampp\htdocs\msi_baru2\public\index.php(37): CodeIgniter\CodeIgniter->run()
#9 C:\xampp\htdocs\msi_baru2\system\Commands\Server\rewrite.php(43): require_once('C:\\xampp\\htdocs...')
#10 {main}
CRITICAL - 2023-05-05 10:55:19 --> Undefined variable $datappdb
#0 C:\xampp\htdocs\msi_baru2\app\Views\emis\edit2.php(46): CodeIgniter\Debug\Exceptions->errorHandler(2, 'Undefined varia...', 'C:\\xampp\\htdocs...', 46)
#1 C:\xampp\htdocs\msi_baru2\system\View\View.php(210): include('C:\\xampp\\htdocs...')
#2 C:\xampp\htdocs\msi_baru2\system\View\View.php(213): CodeIgniter\View\View->CodeIgniter\View\{closure}()
#3 C:\xampp\htdocs\msi_baru2\system\Common.php(1089): CodeIgniter\View\View->render('emis/edit2', Array, true)
#4 C:\xampp\htdocs\msi_baru2\app\Controllers\Emis.php(103): view('emis/edit2', Array)
#5 C:\xampp\htdocs\msi_baru2\system\CodeIgniter.php(825): App\Controllers\Emis->edit2('88888')
#6 C:\xampp\htdocs\msi_baru2\system\CodeIgniter.php(412): CodeIgniter\CodeIgniter->runController(Object(App\Controllers\Emis))
#7 C:\xampp\htdocs\msi_baru2\system\CodeIgniter.php(320): CodeIgniter\CodeIgniter->handleRequest(NULL, Object(Config\Cache), false)
#8 C:\xampp\htdocs\msi_baru2\public\index.php(37): CodeIgniter\CodeIgniter->run()
#9 C:\xampp\htdocs\msi_baru2\system\Commands\Server\rewrite.php(43): require_once('C:\\xampp\\htdocs...')
#10 {main}
ERROR - 2023-05-05 11:12:39 --> Cannot delete or update a parent row: a foreign key constraint fails (`db_msi_sugihwaras_rev`.`buku`, CONSTRAINT `buku_ibfk_1` FOREIGN KEY (`nis`) REFERENCES `emis` (`nis`))
CRITICAL - 2023-05-05 11:12:39 --> Cannot delete or update a parent row: a foreign key constraint fails (`db_msi_sugihwaras_rev`.`buku`, CONSTRAINT `buku_ibfk_1` FOREIGN KEY (`nis`) REFERENCES `emis` (`nis`))
#0 C:\xampp\htdocs\msi_baru2\system\Database\MySQLi\Connection.php(292): mysqli->query('DELETE FROM `em...', 0)
#1 C:\xampp\htdocs\msi_baru2\system\Database\BaseConnection.php(670): CodeIgniter\Database\MySQLi\Connection->execute('DELETE FROM `em...')
#2 C:\xampp\htdocs\msi_baru2\system\Database\BaseConnection.php(598): CodeIgniter\Database\BaseConnection->simpleQuery('DELETE FROM `em...')
#3 C:\xampp\htdocs\msi_baru2\system\Database\BaseBuilder.php(2225): CodeIgniter\Database\BaseConnection->query('DELETE FROM `em...', Array, false)
#4 C:\xampp\htdocs\msi_baru2\app\Models\Emis_model.php(37): CodeIgniter\Database\BaseBuilder->delete(Array)
#5 C:\xampp\htdocs\msi_baru2\app\Controllers\Emis.php(151): App\Models\Emis_model->deleteCategory('88888')
#6 C:\xampp\htdocs\msi_baru2\system\CodeIgniter.php(825): App\Controllers\Emis->delete2('88888')
#7 C:\xampp\htdocs\msi_baru2\system\CodeIgniter.php(412): CodeIgniter\CodeIgniter->runController(Object(App\Controllers\Emis))
#8 C:\xampp\htdocs\msi_baru2\system\CodeIgniter.php(320): CodeIgniter\CodeIgniter->handleRequest(NULL, Object(Config\Cache), false)
#9 C:\xampp\htdocs\msi_baru2\public\index.php(37): CodeIgniter\CodeIgniter->run()
#10 C:\xampp\htdocs\msi_baru2\system\Commands\Server\rewrite.php(43): require_once('C:\\xampp\\htdocs...')
#11 {main}
CRITICAL - 2023-05-05 22:39:50 --> Undefined index: diterima_kls
#0 C:\xampp\htdocs\Enterprise_msi\app\Views\emis\edit2.php(75): CodeIgniter\Debug\Exceptions->errorHandler(8, 'Undefined index...', 'C:\\xampp\\htdocs...', 75, Array)
#1 C:\xampp\htdocs\Enterprise_msi\system\View\View.php(210): include('C:\\xampp\\htdocs...')
#2 C:\xampp\htdocs\Enterprise_msi\system\View\View.php(213): CodeIgniter\View\View->CodeIgniter\View\{closure}()
#3 C:\xampp\htdocs\Enterprise_msi\system\Common.php(1089): CodeIgniter\View\View->render('emis/edit2', Array, true)
#4 C:\xampp\htdocs\Enterprise_msi\app\Controllers\Emis.php(109): view('emis/edit2', Array)
#5 C:\xampp\htdocs\Enterprise_msi\system\CodeIgniter.php(825): App\Controllers\Emis->edit2('677')
#6 C:\xampp\htdocs\Enterprise_msi\system\CodeIgniter.php(412): CodeIgniter\CodeIgniter->runController(Object(App\Controllers\Emis))
#7 C:\xampp\htdocs\Enterprise_msi\system\CodeIgniter.php(320): CodeIgniter\CodeIgniter->handleRequest(NULL, Object(Config\Cache), false)
#8 C:\xampp\htdocs\Enterprise_msi\public\index.php(37): CodeIgniter\CodeIgniter->run()
#9 C:\xampp\htdocs\Enterprise_msi\system\Commands\Server\rewrite.php(43): require_once('C:\\xampp\\htdocs...')
#10 {main}
CRITICAL - 2023-05-05 23:33:33 --> Undefined property: App\Controllers\Product::$Category_model
#0 C:\xampp\htdocs\Enterprise_msi\app\Controllers\Product.php(26): CodeIgniter\Debug\Exceptions->errorHandler(8, 'Undefined prope...', 'C:\\xampp\\htdocs...', 26, Array)
#1 C:\xampp\htdocs\Enterprise_msi\system\CodeIgniter.php(825): App\Controllers\Product->index()
#2 C:\xampp\htdocs\Enterprise_msi\system\CodeIgniter.php(412): CodeIgniter\CodeIgniter->runController(Object(App\Controllers\Product))
#3 C:\xampp\htdocs\Enterprise_msi\system\CodeIgniter.php(320): CodeIgniter\CodeIgniter->handleRequest(NULL, Object(Config\Cache), false)
#4 C:\xampp\htdocs\Enterprise_msi\public\index.php(37): CodeIgniter\CodeIgniter->run()
#5 C:\xampp\htdocs\Enterprise_msi\system\Commands\Server\rewrite.php(43): require_once('C:\\xampp\\htdocs...')
#6 {main}
