CRITICAL - 2023-05-02 21:15:04 --> Undefined array key "judul_buku"
#0 C:\xampp\htdocs\msi_baru2\app\Views\category\show.php(31): CodeIgniter\Debug\Exceptions->errorHandler(2, 'Undefined array...', 'C:\\xampp\\htdocs...', 31)
#1 C:\xampp\htdocs\msi_baru2\system\View\View.php(210): include('C:\\xampp\\htdocs...')
#2 C:\xampp\htdocs\msi_baru2\system\View\View.php(213): CodeIgniter\View\View->CodeIgniter\View\{closure}()
#3 C:\xampp\htdocs\msi_baru2\system\Common.php(1089): CodeIgniter\View\View->render('category/show', Array, true)
#4 C:\xampp\htdocs\msi_baru2\app\Controllers\Category.php(165): view('category/show', Array)
#5 C:\xampp\htdocs\msi_baru2\system\CodeIgniter.php(825): App\Controllers\Category->show('1122')
#6 C:\xampp\htdocs\msi_baru2\system\CodeIgniter.php(412): CodeIgniter\CodeIgniter->runController(Object(App\Controllers\Category))
#7 C:\xampp\htdocs\msi_baru2\system\CodeIgniter.php(320): CodeIgniter\CodeIgniter->handleRequest(NULL, Object(Config\Cache), false)
#8 C:\xampp\htdocs\msi_baru2\public\index.php(37): CodeIgniter\CodeIgniter->run()
#9 C:\xampp\htdocs\msi_baru2\system\Commands\Server\rewrite.php(43): require_once('C:\\xampp\\htdocs...')
#10 {main}
CRITICAL - 2023-05-02 21:28:33 --> Undefined variable $obat0014
#0 C:\xampp\htdocs\msi_baru2\app\Views\emis\idx2.php(89): CodeIgniter\Debug\Exceptions->errorHandler(2, 'Undefined varia...', 'C:\\xampp\\htdocs...', 89)
#1 C:\xampp\htdocs\msi_baru2\system\View\View.php(210): include('C:\\xampp\\htdocs...')
#2 C:\xampp\htdocs\msi_baru2\system\View\View.php(213): CodeIgniter\View\View->CodeIgniter\View\{closure}()
#3 C:\xampp\htdocs\msi_baru2\system\Common.php(1089): CodeIgniter\View\View->render('emis/idx2', Array, true)
#4 C:\xampp\htdocs\msi_baru2\app\Controllers\Emis.php(58): view('emis/idx2', Array)
#5 C:\xampp\htdocs\msi_baru2\system\CodeIgniter.php(825): App\Controllers\Emis->index()
#6 C:\xampp\htdocs\msi_baru2\system\CodeIgniter.php(412): CodeIgniter\CodeIgniter->runController(Object(App\Controllers\Emis))
#7 C:\xampp\htdocs\msi_baru2\system\CodeIgniter.php(320): CodeIgniter\CodeIgniter->handleRequest(NULL, Object(Config\Cache), false)
#8 C:\xampp\htdocs\msi_baru2\public\index.php(37): CodeIgniter\CodeIgniter->run()
#9 C:\xampp\htdocs\msi_baru2\system\Commands\Server\rewrite.php(43): require_once('C:\\xampp\\htdocs...')
#10 {main}
CRITICAL - 2023-05-02 21:29:55 --> Undefined variable $obat0014
#0 C:\xampp\htdocs\msi_baru2\app\Views\emis\idx2.php(89): CodeIgniter\Debug\Exceptions->errorHandler(2, 'Undefined varia...', 'C:\\xampp\\htdocs...', 89)
#1 C:\xampp\htdocs\msi_baru2\system\View\View.php(210): include('C:\\xampp\\htdocs...')
#2 C:\xampp\htdocs\msi_baru2\system\View\View.php(213): CodeIgniter\View\View->CodeIgniter\View\{closure}()
#3 C:\xampp\htdocs\msi_baru2\system\Common.php(1089): CodeIgniter\View\View->render('emis/idx2', Array, true)
#4 C:\xampp\htdocs\msi_baru2\app\Controllers\Emis.php(58): view('emis/idx2', Array)
#5 C:\xampp\htdocs\msi_baru2\system\CodeIgniter.php(825): App\Controllers\Emis->index()
#6 C:\xampp\htdocs\msi_baru2\system\CodeIgniter.php(412): CodeIgniter\CodeIgniter->runController(Object(App\Controllers\Emis))
#7 C:\xampp\htdocs\msi_baru2\system\CodeIgniter.php(320): CodeIgniter\CodeIgniter->handleRequest(NULL, Object(Config\Cache), false)
#8 C:\xampp\htdocs\msi_baru2\public\index.php(37): CodeIgniter\CodeIgniter->run()
#9 C:\xampp\htdocs\msi_baru2\system\Commands\Server\rewrite.php(43): require_once('C:\\xampp\\htdocs...')
#10 {main}
CRITICAL - 2023-05-02 21:29:57 --> Undefined variable $obat0014
#0 C:\xampp\htdocs\msi_baru2\app\Views\emis\idx2.php(89): CodeIgniter\Debug\Exceptions->errorHandler(2, 'Undefined varia...', 'C:\\xampp\\htdocs...', 89)
#1 C:\xampp\htdocs\msi_baru2\system\View\View.php(210): include('C:\\xampp\\htdocs...')
#2 C:\xampp\htdocs\msi_baru2\system\View\View.php(213): CodeIgniter\View\View->CodeIgniter\View\{closure}()
#3 C:\xampp\htdocs\msi_baru2\system\Common.php(1089): CodeIgniter\View\View->render('emis/idx2', Array, true)
#4 C:\xampp\htdocs\msi_baru2\app\Controllers\Emis.php(58): view('emis/idx2', Array)
#5 C:\xampp\htdocs\msi_baru2\system\CodeIgniter.php(825): App\Controllers\Emis->index()
#6 C:\xampp\htdocs\msi_baru2\system\CodeIgniter.php(412): CodeIgniter\CodeIgniter->runController(Object(App\Controllers\Emis))
#7 C:\xampp\htdocs\msi_baru2\system\CodeIgniter.php(320): CodeIgniter\CodeIgniter->handleRequest(NULL, Object(Config\Cache), false)
#8 C:\xampp\htdocs\msi_baru2\public\index.php(37): CodeIgniter\CodeIgniter->run()
#9 C:\xampp\htdocs\msi_baru2\system\Commands\Server\rewrite.php(43): require_once('C:\\xampp\\htdocs...')
#10 {main}
CRITICAL - 2023-05-02 21:30:03 --> Undefined variable $obat0014
#0 C:\xampp\htdocs\msi_baru2\app\Views\emis\idx2.php(89): CodeIgniter\Debug\Exceptions->errorHandler(2, 'Undefined varia...', 'C:\\xampp\\htdocs...', 89)
#1 C:\xampp\htdocs\msi_baru2\system\View\View.php(210): include('C:\\xampp\\htdocs...')
#2 C:\xampp\htdocs\msi_baru2\system\View\View.php(213): CodeIgniter\View\View->CodeIgniter\View\{closure}()
#3 C:\xampp\htdocs\msi_baru2\system\Common.php(1089): CodeIgniter\View\View->render('emis/idx2', Array, true)
#4 C:\xampp\htdocs\msi_baru2\app\Controllers\Emis.php(58): view('emis/idx2', Array)
#5 C:\xampp\htdocs\msi_baru2\system\CodeIgniter.php(825): App\Controllers\Emis->index()
#6 C:\xampp\htdocs\msi_baru2\system\CodeIgniter.php(412): CodeIgniter\CodeIgniter->runController(Object(App\Controllers\Emis))
#7 C:\xampp\htdocs\msi_baru2\system\CodeIgniter.php(320): CodeIgniter\CodeIgniter->handleRequest(NULL, Object(Config\Cache), false)
#8 C:\xampp\htdocs\msi_baru2\public\index.php(37): CodeIgniter\CodeIgniter->run()
#9 C:\xampp\htdocs\msi_baru2\system\Commands\Server\rewrite.php(43): require_once('C:\\xampp\\htdocs...')
#10 {main}
CRITICAL - 2023-05-02 21:32:20 --> Undefined variable $keyword
#0 C:\xampp\htdocs\msi_baru2\app\Views\emis\idx2.php(60): CodeIgniter\Debug\Exceptions->errorHandler(2, 'Undefined varia...', 'C:\\xampp\\htdocs...', 60)
#1 C:\xampp\htdocs\msi_baru2\system\View\View.php(210): include('C:\\xampp\\htdocs...')
#2 C:\xampp\htdocs\msi_baru2\system\View\View.php(213): CodeIgniter\View\View->CodeIgniter\View\{closure}()
#3 C:\xampp\htdocs\msi_baru2\system\Common.php(1089): CodeIgniter\View\View->render('emis/idx2', Array, true)
#4 C:\xampp\htdocs\msi_baru2\app\Controllers\Emis.php(58): view('emis/idx2', Array)
#5 C:\xampp\htdocs\msi_baru2\system\CodeIgniter.php(825): App\Controllers\Emis->index()
#6 C:\xampp\htdocs\msi_baru2\system\CodeIgniter.php(412): CodeIgniter\CodeIgniter->runController(Object(App\Controllers\Emis))
#7 C:\xampp\htdocs\msi_baru2\system\CodeIgniter.php(320): CodeIgniter\CodeIgniter->handleRequest(NULL, Object(Config\Cache), false)
#8 C:\xampp\htdocs\msi_baru2\public\index.php(37): CodeIgniter\CodeIgniter->run()
#9 C:\xampp\htdocs\msi_baru2\system\Commands\Server\rewrite.php(43): require_once('C:\\xampp\\htdocs...')
#10 {main}
CRITICAL - 2023-05-02 21:40:08 --> Undefined variable $dosen
#0 C:\xampp\htdocs\msi_baru2\app\Views\emis\idx2.php(89): CodeIgniter\Debug\Exceptions->errorHandler(2, 'Undefined varia...', 'C:\\xampp\\htdocs...', 89)
#1 C:\xampp\htdocs\msi_baru2\system\View\View.php(210): include('C:\\xampp\\htdocs...')
#2 C:\xampp\htdocs\msi_baru2\system\View\View.php(213): CodeIgniter\View\View->CodeIgniter\View\{closure}()
#3 C:\xampp\htdocs\msi_baru2\system\Common.php(1089): CodeIgniter\View\View->render('emis/idx2', Array, true)
#4 C:\xampp\htdocs\msi_baru2\app\Controllers\Emis.php(58): view('emis/idx2', Array)
#5 C:\xampp\htdocs\msi_baru2\system\CodeIgniter.php(825): App\Controllers\Emis->index()
#6 C:\xampp\htdocs\msi_baru2\system\CodeIgniter.php(412): CodeIgniter\CodeIgniter->runController(Object(App\Controllers\Emis))
#7 C:\xampp\htdocs\msi_baru2\system\CodeIgniter.php(320): CodeIgniter\CodeIgniter->handleRequest(NULL, Object(Config\Cache), false)
#8 C:\xampp\htdocs\msi_baru2\public\index.php(37): CodeIgniter\CodeIgniter->run()
#9 C:\xampp\htdocs\msi_baru2\system\Commands\Server\rewrite.php(43): require_once('C:\\xampp\\htdocs...')
#10 {main}
CRITICAL - 2023-05-02 21:40:12 --> Undefined variable $dosen
#0 C:\xampp\htdocs\msi_baru2\app\Views\emis\idx2.php(89): CodeIgniter\Debug\Exceptions->errorHandler(2, 'Undefined varia...', 'C:\\xampp\\htdocs...', 89)
#1 C:\xampp\htdocs\msi_baru2\system\View\View.php(210): include('C:\\xampp\\htdocs...')
#2 C:\xampp\htdocs\msi_baru2\system\View\View.php(213): CodeIgniter\View\View->CodeIgniter\View\{closure}()
#3 C:\xampp\htdocs\msi_baru2\system\Common.php(1089): CodeIgniter\View\View->render('emis/idx2', Array, true)
#4 C:\xampp\htdocs\msi_baru2\app\Controllers\Emis.php(58): view('emis/idx2', Array)
#5 C:\xampp\htdocs\msi_baru2\system\CodeIgniter.php(825): App\Controllers\Emis->index()
#6 C:\xampp\htdocs\msi_baru2\system\CodeIgniter.php(412): CodeIgniter\CodeIgniter->runController(Object(App\Controllers\Emis))
#7 C:\xampp\htdocs\msi_baru2\system\CodeIgniter.php(320): CodeIgniter\CodeIgniter->handleRequest(NULL, Object(Config\Cache), false)
#8 C:\xampp\htdocs\msi_baru2\public\index.php(37): CodeIgniter\CodeIgniter->run()
#9 C:\xampp\htdocs\msi_baru2\system\Commands\Server\rewrite.php(43): require_once('C:\\xampp\\htdocs...')
#10 {main}
ERROR - 2023-05-02 21:49:28 --> Cannot delete or update a parent row: a foreign key constraint fails (`db_msi_sugihwaras`.`buku`, CONSTRAINT `buku_ibfk_1` FOREIGN KEY (`nis`) REFERENCES `emis` (`nis`))
CRITICAL - 2023-05-02 21:49:28 --> Cannot delete or update a parent row: a foreign key constraint fails (`db_msi_sugihwaras`.`buku`, CONSTRAINT `buku_ibfk_1` FOREIGN KEY (`nis`) REFERENCES `emis` (`nis`))
#0 C:\xampp\htdocs\msi_baru2\system\Database\MySQLi\Connection.php(292): mysqli->query('DELETE FROM `em...', 0)
#1 C:\xampp\htdocs\msi_baru2\system\Database\BaseConnection.php(670): CodeIgniter\Database\MySQLi\Connection->execute('DELETE FROM `em...')
#2 C:\xampp\htdocs\msi_baru2\system\Database\BaseConnection.php(598): CodeIgniter\Database\BaseConnection->simpleQuery('DELETE FROM `em...')
#3 C:\xampp\htdocs\msi_baru2\system\Database\BaseBuilder.php(2225): CodeIgniter\Database\BaseConnection->query('DELETE FROM `em...', Array, false)
#4 C:\xampp\htdocs\msi_baru2\app\Models\Emis_model.php(37): CodeIgniter\Database\BaseBuilder->delete(Array)
#5 C:\xampp\htdocs\msi_baru2\app\Controllers\Emis.php(151): App\Models\Emis_model->deleteCategory('88888')
#6 C:\xampp\htdocs\msi_baru2\system\CodeIgniter.php(825): App\Controllers\Emis->delete2('88888')
#7 C:\xampp\htdocs\msi_baru2\system\CodeIgniter.php(412): CodeIgniter\CodeIgniter->runController(Object(App\Controllers\Emis))
#8 C:\xampp\htdocs\msi_baru2\system\CodeIgniter.php(320): CodeIgniter\CodeIgniter->handleRequest(NULL, Object(Config\Cache), false)
#9 C:\xampp\htdocs\msi_baru2\public\index.php(37): CodeIgniter\CodeIgniter->run()
#10 C:\xampp\htdocs\msi_baru2\system\Commands\Server\rewrite.php(43): require_once('C:\\xampp\\htdocs...')
#11 {main}
CRITICAL - 2023-05-02 22:05:40 --> Undefined property: App\Controllers\Product::$Category_model
#0 C:\xampp\htdocs\msi_baru2\app\Controllers\Product.php(26): CodeIgniter\Debug\Exceptions->errorHandler(2, 'Undefined prope...', 'C:\\xampp\\htdocs...', 26)
#1 C:\xampp\htdocs\msi_baru2\system\CodeIgniter.php(825): App\Controllers\Product->index()
#2 C:\xampp\htdocs\msi_baru2\system\CodeIgniter.php(412): CodeIgniter\CodeIgniter->runController(Object(App\Controllers\Product))
#3 C:\xampp\htdocs\msi_baru2\system\CodeIgniter.php(320): CodeIgniter\CodeIgniter->handleRequest(NULL, Object(Config\Cache), false)
#4 C:\xampp\htdocs\msi_baru2\public\index.php(37): CodeIgniter\CodeIgniter->run()
#5 C:\xampp\htdocs\msi_baru2\system\Commands\Server\rewrite.php(43): require_once('C:\\xampp\\htdocs...')
#6 {main}
ERROR - 2023-05-02 22:06:09 --> Cannot delete or update a parent row: a foreign key constraint fails (`db_msi_sugihwaras`.`buku`, CONSTRAINT `buku_ibfk_1` FOREIGN KEY (`nis`) REFERENCES `emis` (`nis`))
CRITICAL - 2023-05-02 22:06:09 --> Cannot delete or update a parent row: a foreign key constraint fails (`db_msi_sugihwaras`.`buku`, CONSTRAINT `buku_ibfk_1` FOREIGN KEY (`nis`) REFERENCES `emis` (`nis`))
#0 C:\xampp\htdocs\msi_baru2\system\Database\MySQLi\Connection.php(292): mysqli->query('DELETE FROM `em...', 0)
#1 C:\xampp\htdocs\msi_baru2\system\Database\BaseConnection.php(670): CodeIgniter\Database\MySQLi\Connection->execute('DELETE FROM `em...')
#2 C:\xampp\htdocs\msi_baru2\system\Database\BaseConnection.php(598): CodeIgniter\Database\BaseConnection->simpleQuery('DELETE FROM `em...')
#3 C:\xampp\htdocs\msi_baru2\system\Database\BaseBuilder.php(2225): CodeIgniter\Database\BaseConnection->query('DELETE FROM `em...', Array, false)
#4 C:\xampp\htdocs\msi_baru2\app\Models\Emis_model.php(37): CodeIgniter\Database\BaseBuilder->delete(Array)
#5 C:\xampp\htdocs\msi_baru2\app\Controllers\Emis.php(151): App\Models\Emis_model->deleteCategory('88888')
#6 C:\xampp\htdocs\msi_baru2\system\CodeIgniter.php(825): App\Controllers\Emis->delete2('88888')
#7 C:\xampp\htdocs\msi_baru2\system\CodeIgniter.php(412): CodeIgniter\CodeIgniter->runController(Object(App\Controllers\Emis))
#8 C:\xampp\htdocs\msi_baru2\system\CodeIgniter.php(320): CodeIgniter\CodeIgniter->handleRequest(NULL, Object(Config\Cache), false)
#9 C:\xampp\htdocs\msi_baru2\public\index.php(37): CodeIgniter\CodeIgniter->run()
#10 C:\xampp\htdocs\msi_baru2\system\Commands\Server\rewrite.php(43): require_once('C:\\xampp\\htdocs...')
#11 {main}
