CRITICAL - 2023-05-25 02:43:17 --> Too few arguments to function App\Controllers\Guruprofil::edit14(), 0 passed in C:\xampp\htdocs\UTS_Enterprise_msi\system\CodeIgniter.php on line 825 and exactly 1 expected
#0 C:\xampp\htdocs\UTS_Enterprise_msi\system\CodeIgniter.php(825): App\Controllers\Guruprofil->edit14()
#1 C:\xampp\htdocs\UTS_Enterprise_msi\system\CodeIgniter.php(412): CodeIgniter\CodeIgniter->runController(Object(App\Controllers\Guruprofil))
#2 C:\xampp\htdocs\UTS_Enterprise_msi\system\CodeIgniter.php(320): CodeIgniter\CodeIgniter->handleRequest(NULL, Object(Config\Cache), false)
#3 C:\xampp\htdocs\UTS_Enterprise_msi\public\index.php(37): CodeIgniter\CodeIgniter->run()
#4 C:\xampp\htdocs\UTS_Enterprise_msi\system\Commands\Server\rewrite.php(43): require_once('C:\\xampp\\htdocs...')
#5 {main}
CRITICAL - 2023-05-25 02:44:09 --> Too few arguments to function App\Controllers\Guruprofil::edit14(), 0 passed in C:\xampp\htdocs\UTS_Enterprise_msi\system\CodeIgniter.php on line 825 and exactly 1 expected
#0 C:\xampp\htdocs\UTS_Enterprise_msi\system\CodeIgniter.php(825): App\Controllers\Guruprofil->edit14()
#1 C:\xampp\htdocs\UTS_Enterprise_msi\system\CodeIgniter.php(412): CodeIgniter\CodeIgniter->runController(Object(App\Controllers\Guruprofil))
#2 C:\xampp\htdocs\UTS_Enterprise_msi\system\CodeIgniter.php(320): CodeIgniter\CodeIgniter->handleRequest(NULL, Object(Config\Cache), false)
#3 C:\xampp\htdocs\UTS_Enterprise_msi\public\index.php(37): CodeIgniter\CodeIgniter->run()
#4 C:\xampp\htdocs\UTS_Enterprise_msi\system\Commands\Server\rewrite.php(43): require_once('C:\\xampp\\htdocs...')
#5 {main}
CRITICAL - 2023-05-25 02:44:18 --> Call to undefined function form_label()
#0 C:\xampp\htdocs\UTS_Enterprise_msi\system\View\View.php(210): include()
#1 C:\xampp\htdocs\UTS_Enterprise_msi\system\View\View.php(213): CodeIgniter\View\View->CodeIgniter\View\{closure}()
#2 C:\xampp\htdocs\UTS_Enterprise_msi\system\Common.php(1089): CodeIgniter\View\View->render('guruprofil/idx1...', Array, true)
#3 C:\xampp\htdocs\UTS_Enterprise_msi\app\Controllers\ProfilController.php(10): view('guruprofil/idx1...')
#4 C:\xampp\htdocs\UTS_Enterprise_msi\system\CodeIgniter.php(825): App\Controllers\ProfilController->index()
#5 C:\xampp\htdocs\UTS_Enterprise_msi\system\CodeIgniter.php(412): CodeIgniter\CodeIgniter->runController(Object(App\Controllers\ProfilController))
#6 C:\xampp\htdocs\UTS_Enterprise_msi\system\CodeIgniter.php(320): CodeIgniter\CodeIgniter->handleRequest(NULL, Object(Config\Cache), false)
#7 C:\xampp\htdocs\UTS_Enterprise_msi\public\index.php(37): CodeIgniter\CodeIgniter->run()
#8 C:\xampp\htdocs\UTS_Enterprise_msi\system\Commands\Server\rewrite.php(43): require_once('C:\\xampp\\htdocs...')
#9 {main}
