CRITICAL - 2023-06-20 00:02:29 --> Undefined variable $manajemenkelas
#0 C:\xampp\UTS_Enterprise_msi - Copy\app\Views\manajemenajaran\edit21.php(42): CodeIgniter\Debug\Exceptions->errorHandler(2, 'Undefined varia...', 'C:\\xampp\\UTS_En...', 42)
#1 C:\xampp\UTS_Enterprise_msi - Copy\system\View\View.php(210): include('C:\\xampp\\UTS_En...')
#2 C:\xampp\UTS_Enterprise_msi - Copy\system\View\View.php(213): CodeIgniter\View\View->CodeIgniter\View\{closure}()
#3 C:\xampp\UTS_Enterprise_msi - Copy\system\Common.php(1089): CodeIgniter\View\View->render('manajemenajaran...', Array, true)
#4 C:\xampp\UTS_Enterprise_msi - Copy\app\Controllers\Manajemenajaran.php(105): view('manajemenajaran...', Array)
#5 C:\xampp\UTS_Enterprise_msi - Copy\system\CodeIgniter.php(825): App\Controllers\Manajemenajaran->edit21('2020', '2021')
#6 C:\xampp\UTS_Enterprise_msi - Copy\system\CodeIgniter.php(412): CodeIgniter\CodeIgniter->runController(Object(App\Controllers\Manajemenajaran))
#7 C:\xampp\UTS_Enterprise_msi - Copy\system\CodeIgniter.php(320): CodeIgniter\CodeIgniter->handleRequest(NULL, Object(Config\Cache), false)
#8 C:\xampp\UTS_Enterprise_msi - Copy\public\index.php(37): CodeIgniter\CodeIgniter->run()
#9 C:\xampp\UTS_Enterprise_msi - Copy\system\Commands\Server\rewrite.php(43): require_once('C:\\xampp\\UTS_En...')
#10 {main}
CRITICAL - 2023-06-20 00:02:55 --> Trying to access array offset on value of type null
#0 C:\xampp\UTS_Enterprise_msi - Copy\app\Views\manajemenajaran\edit21.php(42): CodeIgniter\Debug\Exceptions->errorHandler(2, 'Trying to acces...', 'C:\\xampp\\UTS_En...', 42)
#1 C:\xampp\UTS_Enterprise_msi - Copy\system\View\View.php(210): include('C:\\xampp\\UTS_En...')
#2 C:\xampp\UTS_Enterprise_msi - Copy\system\View\View.php(213): CodeIgniter\View\View->CodeIgniter\View\{closure}()
#3 C:\xampp\UTS_Enterprise_msi - Copy\system\Common.php(1089): CodeIgniter\View\View->render('manajemenajaran...', Array, true)
#4 C:\xampp\UTS_Enterprise_msi - Copy\app\Controllers\Manajemenajaran.php(105): view('manajemenajaran...', Array)
#5 C:\xampp\UTS_Enterprise_msi - Copy\system\CodeIgniter.php(825): App\Controllers\Manajemenajaran->edit21('2020', '2021')
#6 C:\xampp\UTS_Enterprise_msi - Copy\system\CodeIgniter.php(412): CodeIgniter\CodeIgniter->runController(Object(App\Controllers\Manajemenajaran))
#7 C:\xampp\UTS_Enterprise_msi - Copy\system\CodeIgniter.php(320): CodeIgniter\CodeIgniter->handleRequest(NULL, Object(Config\Cache), false)
#8 C:\xampp\UTS_Enterprise_msi - Copy\public\index.php(37): CodeIgniter\CodeIgniter->run()
#9 C:\xampp\UTS_Enterprise_msi - Copy\system\Commands\Server\rewrite.php(43): require_once('C:\\xampp\\UTS_En...')
#10 {main}
CRITICAL - 2023-06-20 00:04:11 --> syntax error, unexpected identifier "dd", expecting "function" or "const"
#0 C:\xampp\UTS_Enterprise_msi - Copy\system\Router\Router.php(175): CodeIgniter\Router\Router->autoRoute('manajemenajaran...')
#1 C:\xampp\UTS_Enterprise_msi - Copy\system\CodeIgniter.php(719): CodeIgniter\Router\Router->handle('manajemenajaran...')
#2 C:\xampp\UTS_Enterprise_msi - Copy\system\CodeIgniter.php(361): CodeIgniter\CodeIgniter->tryToRouteIt(Object(CodeIgniter\Router\RouteCollection))
#3 C:\xampp\UTS_Enterprise_msi - Copy\system\CodeIgniter.php(320): CodeIgniter\CodeIgniter->handleRequest(NULL, Object(Config\Cache), false)
#4 C:\xampp\UTS_Enterprise_msi - Copy\public\index.php(37): CodeIgniter\CodeIgniter->run()
#5 C:\xampp\UTS_Enterprise_msi - Copy\system\Commands\Server\rewrite.php(43): require_once('C:\\xampp\\UTS_En...')
#6 {main}
CRITICAL - 2023-06-20 00:05:09 --> Cannot use [] for reading
#0 [internal function]: CodeIgniter\Debug\Exceptions->shutdownHandler()
#1 {main}
CRITICAL - 2023-06-20 00:15:29 --> Trying to access array offset on value of type null
#0 C:\xampp\UTS_Enterprise_msi - Copy\app\Views\manajemenajaran\edit21.php(46): CodeIgniter\Debug\Exceptions->errorHandler(2, 'Trying to acces...', 'C:\\xampp\\UTS_En...', 46)
#1 C:\xampp\UTS_Enterprise_msi - Copy\system\View\View.php(210): include('C:\\xampp\\UTS_En...')
#2 C:\xampp\UTS_Enterprise_msi - Copy\system\View\View.php(213): CodeIgniter\View\View->CodeIgniter\View\{closure}()
#3 C:\xampp\UTS_Enterprise_msi - Copy\system\Common.php(1089): CodeIgniter\View\View->render('manajemenajaran...', Array, true)
#4 C:\xampp\UTS_Enterprise_msi - Copy\app\Controllers\Manajemenajaran.php(105): view('manajemenajaran...', Array)
#5 C:\xampp\UTS_Enterprise_msi - Copy\system\CodeIgniter.php(825): App\Controllers\Manajemenajaran->edit21('2020', '2021')
#6 C:\xampp\UTS_Enterprise_msi - Copy\system\CodeIgniter.php(412): CodeIgniter\CodeIgniter->runController(Object(App\Controllers\Manajemenajaran))
#7 C:\xampp\UTS_Enterprise_msi - Copy\system\CodeIgniter.php(320): CodeIgniter\CodeIgniter->handleRequest(NULL, Object(Config\Cache), false)
#8 C:\xampp\UTS_Enterprise_msi - Copy\public\index.php(37): CodeIgniter\CodeIgniter->run()
#9 C:\xampp\UTS_Enterprise_msi - Copy\system\Commands\Server\rewrite.php(43): require_once('C:\\xampp\\UTS_En...')
#10 {main}
CRITICAL - 2023-06-20 00:16:00 --> Undefined variable $manajemen_ajaran
#0 C:\xampp\UTS_Enterprise_msi - Copy\app\Views\manajemenajaran\edit21.php(29): CodeIgniter\Debug\Exceptions->errorHandler(2, 'Undefined varia...', 'C:\\xampp\\UTS_En...', 29)
#1 C:\xampp\UTS_Enterprise_msi - Copy\system\View\View.php(210): include('C:\\xampp\\UTS_En...')
#2 C:\xampp\UTS_Enterprise_msi - Copy\system\View\View.php(213): CodeIgniter\View\View->CodeIgniter\View\{closure}()
#3 C:\xampp\UTS_Enterprise_msi - Copy\system\Common.php(1089): CodeIgniter\View\View->render('manajemenajaran...', Array, true)
#4 C:\xampp\UTS_Enterprise_msi - Copy\app\Controllers\Manajemenajaran.php(105): view('manajemenajaran...', Array)
#5 C:\xampp\UTS_Enterprise_msi - Copy\system\CodeIgniter.php(825): App\Controllers\Manajemenajaran->edit21('2020', '2021')
#6 C:\xampp\UTS_Enterprise_msi - Copy\system\CodeIgniter.php(412): CodeIgniter\CodeIgniter->runController(Object(App\Controllers\Manajemenajaran))
#7 C:\xampp\UTS_Enterprise_msi - Copy\system\CodeIgniter.php(320): CodeIgniter\CodeIgniter->handleRequest(NULL, Object(Config\Cache), false)
#8 C:\xampp\UTS_Enterprise_msi - Copy\public\index.php(37): CodeIgniter\CodeIgniter->run()
#9 C:\xampp\UTS_Enterprise_msi - Copy\system\Commands\Server\rewrite.php(43): require_once('C:\\xampp\\UTS_En...')
#10 {main}
CRITICAL - 2023-06-20 00:16:31 --> Trying to access array offset on value of type null
#0 C:\xampp\UTS_Enterprise_msi - Copy\app\Views\manajemenajaran\edit21.php(44): CodeIgniter\Debug\Exceptions->errorHandler(2, 'Trying to acces...', 'C:\\xampp\\UTS_En...', 44)
#1 C:\xampp\UTS_Enterprise_msi - Copy\system\View\View.php(210): include('C:\\xampp\\UTS_En...')
#2 C:\xampp\UTS_Enterprise_msi - Copy\system\View\View.php(213): CodeIgniter\View\View->CodeIgniter\View\{closure}()
#3 C:\xampp\UTS_Enterprise_msi - Copy\system\Common.php(1089): CodeIgniter\View\View->render('manajemenajaran...', Array, true)
#4 C:\xampp\UTS_Enterprise_msi - Copy\app\Controllers\Manajemenajaran.php(105): view('manajemenajaran...', Array)
#5 C:\xampp\UTS_Enterprise_msi - Copy\system\CodeIgniter.php(825): App\Controllers\Manajemenajaran->edit21('2020', '2021')
#6 C:\xampp\UTS_Enterprise_msi - Copy\system\CodeIgniter.php(412): CodeIgniter\CodeIgniter->runController(Object(App\Controllers\Manajemenajaran))
#7 C:\xampp\UTS_Enterprise_msi - Copy\system\CodeIgniter.php(320): CodeIgniter\CodeIgniter->handleRequest(NULL, Object(Config\Cache), false)
#8 C:\xampp\UTS_Enterprise_msi - Copy\public\index.php(37): CodeIgniter\CodeIgniter->run()
#9 C:\xampp\UTS_Enterprise_msi - Copy\system\Commands\Server\rewrite.php(43): require_once('C:\\xampp\\UTS_En...')
#10 {main}
CRITICAL - 2023-06-20 00:22:59 --> Array to string conversion
#0 C:\xampp\UTS_Enterprise_msi - Copy\app\Controllers\Category.php(53): CodeIgniter\Debug\Exceptions->errorHandler(2, 'Array to string...', 'C:\\xampp\\UTS_En...', 53)
#1 C:\xampp\UTS_Enterprise_msi - Copy\system\CodeIgniter.php(825): App\Controllers\Category->index()
#2 C:\xampp\UTS_Enterprise_msi - Copy\system\CodeIgniter.php(412): CodeIgniter\CodeIgniter->runController(Object(App\Controllers\Category))
#3 C:\xampp\UTS_Enterprise_msi - Copy\system\CodeIgniter.php(320): CodeIgniter\CodeIgniter->handleRequest(NULL, Object(Config\Cache), false)
#4 C:\xampp\UTS_Enterprise_msi - Copy\public\index.php(37): CodeIgniter\CodeIgniter->run()
#5 C:\xampp\UTS_Enterprise_msi - Copy\system\Commands\Server\rewrite.php(43): require_once('C:\\xampp\\UTS_En...')
#6 {main}
CRITICAL - 2023-06-20 00:23:20 --> Too few arguments to function App\Controllers\Manajemenajaran::edit21(), 0 passed in C:\xampp\UTS_Enterprise_msi - Copy\system\CodeIgniter.php on line 825 and exactly 1 expected
#0 C:\xampp\UTS_Enterprise_msi - Copy\system\CodeIgniter.php(825): App\Controllers\Manajemenajaran->edit21()
#1 C:\xampp\UTS_Enterprise_msi - Copy\system\CodeIgniter.php(412): CodeIgniter\CodeIgniter->runController(Object(App\Controllers\Manajemenajaran))
#2 C:\xampp\UTS_Enterprise_msi - Copy\system\CodeIgniter.php(320): CodeIgniter\CodeIgniter->handleRequest(NULL, Object(Config\Cache), false)
#3 C:\xampp\UTS_Enterprise_msi - Copy\public\index.php(37): CodeIgniter\CodeIgniter->run()
#4 C:\xampp\UTS_Enterprise_msi - Copy\system\Commands\Server\rewrite.php(43): require_once('C:\\xampp\\UTS_En...')
#5 {main}
CRITICAL - 2023-06-20 00:30:22 --> Too few arguments to function App\Controllers\Manajemenajaran::edit21(), 0 passed in C:\xampp\UTS_Enterprise_msi - Copy\system\CodeIgniter.php on line 825 and exactly 1 expected
#0 C:\xampp\UTS_Enterprise_msi - Copy\system\CodeIgniter.php(825): App\Controllers\Manajemenajaran->edit21()
#1 C:\xampp\UTS_Enterprise_msi - Copy\system\CodeIgniter.php(412): CodeIgniter\CodeIgniter->runController(Object(App\Controllers\Manajemenajaran))
#2 C:\xampp\UTS_Enterprise_msi - Copy\system\CodeIgniter.php(320): CodeIgniter\CodeIgniter->handleRequest(NULL, Object(Config\Cache), false)
#3 C:\xampp\UTS_Enterprise_msi - Copy\public\index.php(37): CodeIgniter\CodeIgniter->run()
#4 C:\xampp\UTS_Enterprise_msi - Copy\system\Commands\Server\rewrite.php(43): require_once('C:\\xampp\\UTS_En...')
#5 {main}
CRITICAL - 2023-06-20 00:30:25 --> Trying to access array offset on value of type null
#0 C:\xampp\UTS_Enterprise_msi - Copy\app\Views\manajemenajaran\edit21.php(43): CodeIgniter\Debug\Exceptions->errorHandler(2, 'Trying to acces...', 'C:\\xampp\\UTS_En...', 43)
#1 C:\xampp\UTS_Enterprise_msi - Copy\system\View\View.php(210): include('C:\\xampp\\UTS_En...')
#2 C:\xampp\UTS_Enterprise_msi - Copy\system\View\View.php(213): CodeIgniter\View\View->CodeIgniter\View\{closure}()
#3 C:\xampp\UTS_Enterprise_msi - Copy\system\Common.php(1089): CodeIgniter\View\View->render('manajemenajaran...', Array, true)
#4 C:\xampp\UTS_Enterprise_msi - Copy\app\Controllers\Manajemenajaran.php(100): view('manajemenajaran...', Array)
#5 C:\xampp\UTS_Enterprise_msi - Copy\system\CodeIgniter.php(825): App\Controllers\Manajemenajaran->edit21('2020', '2021')
#6 C:\xampp\UTS_Enterprise_msi - Copy\system\CodeIgniter.php(412): CodeIgniter\CodeIgniter->runController(Object(App\Controllers\Manajemenajaran))
#7 C:\xampp\UTS_Enterprise_msi - Copy\system\CodeIgniter.php(320): CodeIgniter\CodeIgniter->handleRequest(NULL, Object(Config\Cache), false)
#8 C:\xampp\UTS_Enterprise_msi - Copy\public\index.php(37): CodeIgniter\CodeIgniter->run()
#9 C:\xampp\UTS_Enterprise_msi - Copy\system\Commands\Server\rewrite.php(43): require_once('C:\\xampp\\UTS_En...')
#10 {main}
CRITICAL - 2023-06-20 00:30:30 --> Trying to access array offset on value of type null
#0 C:\xampp\UTS_Enterprise_msi - Copy\app\Views\manajemenajaran\edit21.php(43): CodeIgniter\Debug\Exceptions->errorHandler(2, 'Trying to acces...', 'C:\\xampp\\UTS_En...', 43)
#1 C:\xampp\UTS_Enterprise_msi - Copy\system\View\View.php(210): include('C:\\xampp\\UTS_En...')
#2 C:\xampp\UTS_Enterprise_msi - Copy\system\View\View.php(213): CodeIgniter\View\View->CodeIgniter\View\{closure}()
#3 C:\xampp\UTS_Enterprise_msi - Copy\system\Common.php(1089): CodeIgniter\View\View->render('manajemenajaran...', Array, true)
#4 C:\xampp\UTS_Enterprise_msi - Copy\app\Controllers\Manajemenajaran.php(100): view('manajemenajaran...', Array)
#5 C:\xampp\UTS_Enterprise_msi - Copy\system\CodeIgniter.php(825): App\Controllers\Manajemenajaran->edit21('2020', '2021')
#6 C:\xampp\UTS_Enterprise_msi - Copy\system\CodeIgniter.php(412): CodeIgniter\CodeIgniter->runController(Object(App\Controllers\Manajemenajaran))
#7 C:\xampp\UTS_Enterprise_msi - Copy\system\CodeIgniter.php(320): CodeIgniter\CodeIgniter->handleRequest(NULL, Object(Config\Cache), false)
#8 C:\xampp\UTS_Enterprise_msi - Copy\public\index.php(37): CodeIgniter\CodeIgniter->run()
#9 C:\xampp\UTS_Enterprise_msi - Copy\system\Commands\Server\rewrite.php(43): require_once('C:\\xampp\\UTS_En...')
#10 {main}
CRITICAL - 2023-06-20 00:30:53 --> Trying to access array offset on value of type null
#0 C:\xampp\UTS_Enterprise_msi - Copy\app\Views\manajemenajaran\edit21.php(43): CodeIgniter\Debug\Exceptions->errorHandler(2, 'Trying to acces...', 'C:\\xampp\\UTS_En...', 43)
#1 C:\xampp\UTS_Enterprise_msi - Copy\system\View\View.php(210): include('C:\\xampp\\UTS_En...')
#2 C:\xampp\UTS_Enterprise_msi - Copy\system\View\View.php(213): CodeIgniter\View\View->CodeIgniter\View\{closure}()
#3 C:\xampp\UTS_Enterprise_msi - Copy\system\Common.php(1089): CodeIgniter\View\View->render('manajemenajaran...', Array, true)
#4 C:\xampp\UTS_Enterprise_msi - Copy\app\Controllers\Manajemenajaran.php(100): view('manajemenajaran...', Array)
#5 C:\xampp\UTS_Enterprise_msi - Copy\system\CodeIgniter.php(825): App\Controllers\Manajemenajaran->edit21('2020', '2021')
#6 C:\xampp\UTS_Enterprise_msi - Copy\system\CodeIgniter.php(412): CodeIgniter\CodeIgniter->runController(Object(App\Controllers\Manajemenajaran))
#7 C:\xampp\UTS_Enterprise_msi - Copy\system\CodeIgniter.php(320): CodeIgniter\CodeIgniter->handleRequest(NULL, Object(Config\Cache), false)
#8 C:\xampp\UTS_Enterprise_msi - Copy\public\index.php(37): CodeIgniter\CodeIgniter->run()
#9 C:\xampp\UTS_Enterprise_msi - Copy\system\Commands\Server\rewrite.php(43): require_once('C:\\xampp\\UTS_En...')
#10 {main}
CRITICAL - 2023-06-20 00:38:45 --> Trying to access array offset on value of type null
#0 C:\xampp\UTS_Enterprise_msi - Copy\app\Views\manajemenajaran\edit21.php(43): CodeIgniter\Debug\Exceptions->errorHandler(2, 'Trying to acces...', 'C:\\xampp\\UTS_En...', 43)
#1 C:\xampp\UTS_Enterprise_msi - Copy\system\View\View.php(210): include('C:\\xampp\\UTS_En...')
#2 C:\xampp\UTS_Enterprise_msi - Copy\system\View\View.php(213): CodeIgniter\View\View->CodeIgniter\View\{closure}()
#3 C:\xampp\UTS_Enterprise_msi - Copy\system\Common.php(1089): CodeIgniter\View\View->render('manajemenajaran...', Array, true)
#4 C:\xampp\UTS_Enterprise_msi - Copy\app\Controllers\Manajemenajaran.php(101): view('manajemenajaran...', Array)
#5 C:\xampp\UTS_Enterprise_msi - Copy\system\CodeIgniter.php(825): App\Controllers\Manajemenajaran->edit21('2020', '2021')
#6 C:\xampp\UTS_Enterprise_msi - Copy\system\CodeIgniter.php(412): CodeIgniter\CodeIgniter->runController(Object(App\Controllers\Manajemenajaran))
#7 C:\xampp\UTS_Enterprise_msi - Copy\system\CodeIgniter.php(320): CodeIgniter\CodeIgniter->handleRequest(NULL, Object(Config\Cache), false)
#8 C:\xampp\UTS_Enterprise_msi - Copy\public\index.php(37): CodeIgniter\CodeIgniter->run()
#9 C:\xampp\UTS_Enterprise_msi - Copy\system\Commands\Server\rewrite.php(43): require_once('C:\\xampp\\UTS_En...')
#10 {main}
CRITICAL - 2023-06-20 00:39:28 --> Trying to access array offset on value of type null
#0 C:\xampp\UTS_Enterprise_msi - Copy\app\Views\manajemenajaran\edit21.php(43): CodeIgniter\Debug\Exceptions->errorHandler(2, 'Trying to acces...', 'C:\\xampp\\UTS_En...', 43)
#1 C:\xampp\UTS_Enterprise_msi - Copy\system\View\View.php(210): include('C:\\xampp\\UTS_En...')
#2 C:\xampp\UTS_Enterprise_msi - Copy\system\View\View.php(213): CodeIgniter\View\View->CodeIgniter\View\{closure}()
#3 C:\xampp\UTS_Enterprise_msi - Copy\system\Common.php(1089): CodeIgniter\View\View->render('manajemenajaran...', Array, true)
#4 C:\xampp\UTS_Enterprise_msi - Copy\app\Controllers\Manajemenajaran.php(101): view('manajemenajaran...', Array)
#5 C:\xampp\UTS_Enterprise_msi - Copy\system\CodeIgniter.php(825): App\Controllers\Manajemenajaran->edit21('2020', '2021')
#6 C:\xampp\UTS_Enterprise_msi - Copy\system\CodeIgniter.php(412): CodeIgniter\CodeIgniter->runController(Object(App\Controllers\Manajemenajaran))
#7 C:\xampp\UTS_Enterprise_msi - Copy\system\CodeIgniter.php(320): CodeIgniter\CodeIgniter->handleRequest(NULL, Object(Config\Cache), false)
#8 C:\xampp\UTS_Enterprise_msi - Copy\public\index.php(37): CodeIgniter\CodeIgniter->run()
#9 C:\xampp\UTS_Enterprise_msi - Copy\system\Commands\Server\rewrite.php(43): require_once('C:\\xampp\\UTS_En...')
#10 {main}
CRITICAL - 2023-06-20 00:42:01 --> Trying to access array offset on value of type null
#0 C:\xampp\UTS_Enterprise_msi - Copy\app\Views\manajemenajaran\edit21.php(43): CodeIgniter\Debug\Exceptions->errorHandler(2, 'Trying to acces...', 'C:\\xampp\\UTS_En...', 43)
#1 C:\xampp\UTS_Enterprise_msi - Copy\system\View\View.php(210): include('C:\\xampp\\UTS_En...')
#2 C:\xampp\UTS_Enterprise_msi - Copy\system\View\View.php(213): CodeIgniter\View\View->CodeIgniter\View\{closure}()
#3 C:\xampp\UTS_Enterprise_msi - Copy\system\Common.php(1089): CodeIgniter\View\View->render('manajemenajaran...', Array, true)
#4 C:\xampp\UTS_Enterprise_msi - Copy\app\Controllers\Manajemenajaran.php(101): view('manajemenajaran...', Array)
#5 C:\xampp\UTS_Enterprise_msi - Copy\system\CodeIgniter.php(825): App\Controllers\Manajemenajaran->edit21('2020', '2021')
#6 C:\xampp\UTS_Enterprise_msi - Copy\system\CodeIgniter.php(412): CodeIgniter\CodeIgniter->runController(Object(App\Controllers\Manajemenajaran))
#7 C:\xampp\UTS_Enterprise_msi - Copy\system\CodeIgniter.php(320): CodeIgniter\CodeIgniter->handleRequest(NULL, Object(Config\Cache), false)
#8 C:\xampp\UTS_Enterprise_msi - Copy\public\index.php(37): CodeIgniter\CodeIgniter->run()
#9 C:\xampp\UTS_Enterprise_msi - Copy\system\Commands\Server\rewrite.php(43): require_once('C:\\xampp\\UTS_En...')
#10 {main}
CRITICAL - 2023-06-20 00:43:17 --> Trying to access array offset on value of type null
#0 C:\xampp\UTS_Enterprise_msi - Copy\app\Views\manajemenajaran\edit21.php(43): CodeIgniter\Debug\Exceptions->errorHandler(2, 'Trying to acces...', 'C:\\xampp\\UTS_En...', 43)
#1 C:\xampp\UTS_Enterprise_msi - Copy\system\View\View.php(210): include('C:\\xampp\\UTS_En...')
#2 C:\xampp\UTS_Enterprise_msi - Copy\system\View\View.php(213): CodeIgniter\View\View->CodeIgniter\View\{closure}()
#3 C:\xampp\UTS_Enterprise_msi - Copy\system\Common.php(1089): CodeIgniter\View\View->render('manajemenajaran...', Array, true)
#4 C:\xampp\UTS_Enterprise_msi - Copy\app\Controllers\Manajemenajaran.php(101): view('manajemenajaran...', Array)
#5 C:\xampp\UTS_Enterprise_msi - Copy\system\CodeIgniter.php(825): App\Controllers\Manajemenajaran->edit21('2020', '2021')
#6 C:\xampp\UTS_Enterprise_msi - Copy\system\CodeIgniter.php(412): CodeIgniter\CodeIgniter->runController(Object(App\Controllers\Manajemenajaran))
#7 C:\xampp\UTS_Enterprise_msi - Copy\system\CodeIgniter.php(320): CodeIgniter\CodeIgniter->handleRequest(NULL, Object(Config\Cache), false)
#8 C:\xampp\UTS_Enterprise_msi - Copy\public\index.php(37): CodeIgniter\CodeIgniter->run()
#9 C:\xampp\UTS_Enterprise_msi - Copy\system\Commands\Server\rewrite.php(43): require_once('C:\\xampp\\UTS_En...')
#10 {main}
CRITICAL - 2023-06-20 00:47:28 --> Trying to access array offset on value of type null
#0 C:\xampp\UTS_Enterprise_msi - Copy\app\Views\manajemenajaran\edit21.php(43): CodeIgniter\Debug\Exceptions->errorHandler(2, 'Trying to acces...', 'C:\\xampp\\UTS_En...', 43)
#1 C:\xampp\UTS_Enterprise_msi - Copy\system\View\View.php(210): include('C:\\xampp\\UTS_En...')
#2 C:\xampp\UTS_Enterprise_msi - Copy\system\View\View.php(213): CodeIgniter\View\View->CodeIgniter\View\{closure}()
#3 C:\xampp\UTS_Enterprise_msi - Copy\system\Common.php(1089): CodeIgniter\View\View->render('manajemenajaran...', Array, true)
#4 C:\xampp\UTS_Enterprise_msi - Copy\app\Controllers\Manajemenajaran.php(101): view('manajemenajaran...', Array)
#5 C:\xampp\UTS_Enterprise_msi - Copy\system\CodeIgniter.php(825): App\Controllers\Manajemenajaran->edit21('2020', '2021')
#6 C:\xampp\UTS_Enterprise_msi - Copy\system\CodeIgniter.php(412): CodeIgniter\CodeIgniter->runController(Object(App\Controllers\Manajemenajaran))
#7 C:\xampp\UTS_Enterprise_msi - Copy\system\CodeIgniter.php(320): CodeIgniter\CodeIgniter->handleRequest(NULL, Object(Config\Cache), false)
#8 C:\xampp\UTS_Enterprise_msi - Copy\public\index.php(37): CodeIgniter\CodeIgniter->run()
#9 C:\xampp\UTS_Enterprise_msi - Copy\system\Commands\Server\rewrite.php(43): require_once('C:\\xampp\\UTS_En...')
#10 {main}
CRITICAL - 2023-06-20 00:56:56 --> Trying to access array offset on value of type null
#0 C:\xampp\UTS_Enterprise_msi - Copy\app\Views\manajemenajaran\edit21.php(43): CodeIgniter\Debug\Exceptions->errorHandler(2, 'Trying to acces...', 'C:\\xampp\\UTS_En...', 43)
#1 C:\xampp\UTS_Enterprise_msi - Copy\system\View\View.php(210): include('C:\\xampp\\UTS_En...')
#2 C:\xampp\UTS_Enterprise_msi - Copy\system\View\View.php(213): CodeIgniter\View\View->CodeIgniter\View\{closure}()
#3 C:\xampp\UTS_Enterprise_msi - Copy\system\Common.php(1089): CodeIgniter\View\View->render('manajemenajaran...', Array, true)
#4 C:\xampp\UTS_Enterprise_msi - Copy\app\Controllers\Manajemenajaran.php(104): view('manajemenajaran...', Array)
#5 C:\xampp\UTS_Enterprise_msi - Copy\system\CodeIgniter.php(825): App\Controllers\Manajemenajaran->edit21('2020', '2021')
#6 C:\xampp\UTS_Enterprise_msi - Copy\system\CodeIgniter.php(412): CodeIgniter\CodeIgniter->runController(Object(App\Controllers\Manajemenajaran))
#7 C:\xampp\UTS_Enterprise_msi - Copy\system\CodeIgniter.php(320): CodeIgniter\CodeIgniter->handleRequest(NULL, Object(Config\Cache), false)
#8 C:\xampp\UTS_Enterprise_msi - Copy\public\index.php(37): CodeIgniter\CodeIgniter->run()
#9 C:\xampp\UTS_Enterprise_msi - Copy\system\Commands\Server\rewrite.php(43): require_once('C:\\xampp\\UTS_En...')
#10 {main}
CRITICAL - 2023-06-20 01:01:27 --> Trying to access array offset on value of type null
#0 C:\xampp\UTS_Enterprise_msi - Copy\app\Views\manajemenajaran\edit21.php(43): CodeIgniter\Debug\Exceptions->errorHandler(2, 'Trying to acces...', 'C:\\xampp\\UTS_En...', 43)
#1 C:\xampp\UTS_Enterprise_msi - Copy\system\View\View.php(210): include('C:\\xampp\\UTS_En...')
#2 C:\xampp\UTS_Enterprise_msi - Copy\system\View\View.php(213): CodeIgniter\View\View->CodeIgniter\View\{closure}()
#3 C:\xampp\UTS_Enterprise_msi - Copy\system\Common.php(1089): CodeIgniter\View\View->render('manajemenajaran...', Array, true)
#4 C:\xampp\UTS_Enterprise_msi - Copy\app\Controllers\Manajemenajaran.php(104): view('manajemenajaran...', Array)
#5 C:\xampp\UTS_Enterprise_msi - Copy\system\CodeIgniter.php(825): App\Controllers\Manajemenajaran->edit21('2020', '2021')
#6 C:\xampp\UTS_Enterprise_msi - Copy\system\CodeIgniter.php(412): CodeIgniter\CodeIgniter->runController(Object(App\Controllers\Manajemenajaran))
#7 C:\xampp\UTS_Enterprise_msi - Copy\system\CodeIgniter.php(320): CodeIgniter\CodeIgniter->handleRequest(NULL, Object(Config\Cache), false)
#8 C:\xampp\UTS_Enterprise_msi - Copy\public\index.php(37): CodeIgniter\CodeIgniter->run()
#9 C:\xampp\UTS_Enterprise_msi - Copy\system\Commands\Server\rewrite.php(43): require_once('C:\\xampp\\UTS_En...')
#10 {main}
CRITICAL - 2023-06-20 01:06:33 --> Trying to access array offset on value of type null
#0 C:\xampp\UTS_Enterprise_msi - Copy\app\Views\manajemenajaran\edit21.php(43): CodeIgniter\Debug\Exceptions->errorHandler(2, 'Trying to acces...', 'C:\\xampp\\UTS_En...', 43)
#1 C:\xampp\UTS_Enterprise_msi - Copy\system\View\View.php(210): include('C:\\xampp\\UTS_En...')
#2 C:\xampp\UTS_Enterprise_msi - Copy\system\View\View.php(213): CodeIgniter\View\View->CodeIgniter\View\{closure}()
#3 C:\xampp\UTS_Enterprise_msi - Copy\system\Common.php(1089): CodeIgniter\View\View->render('manajemenajaran...', Array, true)
#4 C:\xampp\UTS_Enterprise_msi - Copy\app\Controllers\Manajemenajaran.php(104): view('manajemenajaran...', Array)
#5 C:\xampp\UTS_Enterprise_msi - Copy\system\CodeIgniter.php(825): App\Controllers\Manajemenajaran->edit21('2020', '2021')
#6 C:\xampp\UTS_Enterprise_msi - Copy\system\CodeIgniter.php(412): CodeIgniter\CodeIgniter->runController(Object(App\Controllers\Manajemenajaran))
#7 C:\xampp\UTS_Enterprise_msi - Copy\system\CodeIgniter.php(320): CodeIgniter\CodeIgniter->handleRequest(NULL, Object(Config\Cache), false)
#8 C:\xampp\UTS_Enterprise_msi - Copy\public\index.php(37): CodeIgniter\CodeIgniter->run()
#9 C:\xampp\UTS_Enterprise_msi - Copy\system\Commands\Server\rewrite.php(43): require_once('C:\\xampp\\UTS_En...')
#10 {main}
CRITICAL - 2023-06-20 01:08:43 --> Trying to access array offset on value of type null
#0 C:\xampp\UTS_Enterprise_msi - Copy\app\Views\manajemenajaran\edit21.php(43): CodeIgniter\Debug\Exceptions->errorHandler(2, 'Trying to acces...', 'C:\\xampp\\UTS_En...', 43)
#1 C:\xampp\UTS_Enterprise_msi - Copy\system\View\View.php(210): include('C:\\xampp\\UTS_En...')
#2 C:\xampp\UTS_Enterprise_msi - Copy\system\View\View.php(213): CodeIgniter\View\View->CodeIgniter\View\{closure}()
#3 C:\xampp\UTS_Enterprise_msi - Copy\system\Common.php(1089): CodeIgniter\View\View->render('manajemenajaran...', Array, true)
#4 C:\xampp\UTS_Enterprise_msi - Copy\app\Controllers\Manajemenajaran.php(104): view('manajemenajaran...', Array)
#5 C:\xampp\UTS_Enterprise_msi - Copy\system\CodeIgniter.php(825): App\Controllers\Manajemenajaran->edit21('2020', '2021')
#6 C:\xampp\UTS_Enterprise_msi - Copy\system\CodeIgniter.php(412): CodeIgniter\CodeIgniter->runController(Object(App\Controllers\Manajemenajaran))
#7 C:\xampp\UTS_Enterprise_msi - Copy\system\CodeIgniter.php(320): CodeIgniter\CodeIgniter->handleRequest(NULL, Object(Config\Cache), false)
#8 C:\xampp\UTS_Enterprise_msi - Copy\public\index.php(37): CodeIgniter\CodeIgniter->run()
#9 C:\xampp\UTS_Enterprise_msi - Copy\system\Commands\Server\rewrite.php(43): require_once('C:\\xampp\\UTS_En...')
#10 {main}
CRITICAL - 2023-06-20 01:30:21 --> Undefined array key "tahun_kelas"
#0 C:\xampp\UTS_Enterprise_msi - Copy\app\Views\manajemenajaran1\idx23.php(100): CodeIgniter\Debug\Exceptions->errorHandler(2, 'Undefined array...', 'C:\\xampp\\UTS_En...', 100)
#1 C:\xampp\UTS_Enterprise_msi - Copy\system\View\View.php(210): include('C:\\xampp\\UTS_En...')
#2 C:\xampp\UTS_Enterprise_msi - Copy\system\View\View.php(213): CodeIgniter\View\View->CodeIgniter\View\{closure}()
#3 C:\xampp\UTS_Enterprise_msi - Copy\system\Common.php(1089): CodeIgniter\View\View->render('manajemenajaran...', Array, true)
#4 C:\xampp\UTS_Enterprise_msi - Copy\app\Controllers\Manajemenajaran1.php(62): view('manajemenajaran...', Array)
#5 C:\xampp\UTS_Enterprise_msi - Copy\system\CodeIgniter.php(825): App\Controllers\Manajemenajaran1->index()
#6 C:\xampp\UTS_Enterprise_msi - Copy\system\CodeIgniter.php(412): CodeIgniter\CodeIgniter->runController(Object(App\Controllers\Manajemenajaran1))
#7 C:\xampp\UTS_Enterprise_msi - Copy\system\CodeIgniter.php(320): CodeIgniter\CodeIgniter->handleRequest(NULL, Object(Config\Cache), false)
#8 C:\xampp\UTS_Enterprise_msi - Copy\public\index.php(37): CodeIgniter\CodeIgniter->run()
#9 C:\xampp\UTS_Enterprise_msi - Copy\system\Commands\Server\rewrite.php(43): require_once('C:\\xampp\\UTS_En...')
#10 {main}
CRITICAL - 2023-06-20 01:42:09 --> Trying to access array offset on value of type null
#0 C:\xampp\UTS_Enterprise_msi - Copy\app\Views\manajemenajaran1\edit23.php(43): CodeIgniter\Debug\Exceptions->errorHandler(2, 'Trying to acces...', 'C:\\xampp\\UTS_En...', 43)
#1 C:\xampp\UTS_Enterprise_msi - Copy\system\View\View.php(210): include('C:\\xampp\\UTS_En...')
#2 C:\xampp\UTS_Enterprise_msi - Copy\system\View\View.php(213): CodeIgniter\View\View->CodeIgniter\View\{closure}()
#3 C:\xampp\UTS_Enterprise_msi - Copy\system\Common.php(1089): CodeIgniter\View\View->render('manajemenajaran...', Array, true)
#4 C:\xampp\UTS_Enterprise_msi - Copy\app\Controllers\Manajemenajaran1.php(102): view('manajemenajaran...', Array)
#5 C:\xampp\UTS_Enterprise_msi - Copy\system\CodeIgniter.php(825): App\Controllers\Manajemenajaran1->edit23('2020', '2021')
#6 C:\xampp\UTS_Enterprise_msi - Copy\system\CodeIgniter.php(412): CodeIgniter\CodeIgniter->runController(Object(App\Controllers\Manajemenajaran1))
#7 C:\xampp\UTS_Enterprise_msi - Copy\system\CodeIgniter.php(320): CodeIgniter\CodeIgniter->handleRequest(NULL, Object(Config\Cache), false)
#8 C:\xampp\UTS_Enterprise_msi - Copy\public\index.php(37): CodeIgniter\CodeIgniter->run()
#9 C:\xampp\UTS_Enterprise_msi - Copy\system\Commands\Server\rewrite.php(43): require_once('C:\\xampp\\UTS_En...')
#10 {main}
CRITICAL - 2023-06-20 01:45:00 --> Undefined variable $manajemenajaran
#0 C:\xampp\UTS_Enterprise_msi - Copy\app\Views\manajemenajaran1\edit23.php(43): CodeIgniter\Debug\Exceptions->errorHandler(2, 'Undefined varia...', 'C:\\xampp\\UTS_En...', 43)
#1 C:\xampp\UTS_Enterprise_msi - Copy\system\View\View.php(210): include('C:\\xampp\\UTS_En...')
#2 C:\xampp\UTS_Enterprise_msi - Copy\system\View\View.php(213): CodeIgniter\View\View->CodeIgniter\View\{closure}()
#3 C:\xampp\UTS_Enterprise_msi - Copy\system\Common.php(1089): CodeIgniter\View\View->render('manajemenajaran...', Array, true)
#4 C:\xampp\UTS_Enterprise_msi - Copy\app\Controllers\Manajemenajaran1.php(102): view('manajemenajaran...', Array)
#5 C:\xampp\UTS_Enterprise_msi - Copy\system\CodeIgniter.php(825): App\Controllers\Manajemenajaran1->edit23('2020', '2021')
#6 C:\xampp\UTS_Enterprise_msi - Copy\system\CodeIgniter.php(412): CodeIgniter\CodeIgniter->runController(Object(App\Controllers\Manajemenajaran1))
#7 C:\xampp\UTS_Enterprise_msi - Copy\system\CodeIgniter.php(320): CodeIgniter\CodeIgniter->handleRequest(NULL, Object(Config\Cache), false)
#8 C:\xampp\UTS_Enterprise_msi - Copy\public\index.php(37): CodeIgniter\CodeIgniter->run()
#9 C:\xampp\UTS_Enterprise_msi - Copy\system\Commands\Server\rewrite.php(43): require_once('C:\\xampp\\UTS_En...')
#10 {main}
CRITICAL - 2023-06-20 01:45:24 --> Trying to access array offset on value of type null
#0 C:\xampp\UTS_Enterprise_msi - Copy\app\Views\manajemenajaran1\edit23.php(43): CodeIgniter\Debug\Exceptions->errorHandler(2, 'Trying to acces...', 'C:\\xampp\\UTS_En...', 43)
#1 C:\xampp\UTS_Enterprise_msi - Copy\system\View\View.php(210): include('C:\\xampp\\UTS_En...')
#2 C:\xampp\UTS_Enterprise_msi - Copy\system\View\View.php(213): CodeIgniter\View\View->CodeIgniter\View\{closure}()
#3 C:\xampp\UTS_Enterprise_msi - Copy\system\Common.php(1089): CodeIgniter\View\View->render('manajemenajaran...', Array, true)
#4 C:\xampp\UTS_Enterprise_msi - Copy\app\Controllers\Manajemenajaran1.php(102): view('manajemenajaran...', Array)
#5 C:\xampp\UTS_Enterprise_msi - Copy\system\CodeIgniter.php(825): App\Controllers\Manajemenajaran1->edit23('2020', '2021')
#6 C:\xampp\UTS_Enterprise_msi - Copy\system\CodeIgniter.php(412): CodeIgniter\CodeIgniter->runController(Object(App\Controllers\Manajemenajaran1))
#7 C:\xampp\UTS_Enterprise_msi - Copy\system\CodeIgniter.php(320): CodeIgniter\CodeIgniter->handleRequest(NULL, Object(Config\Cache), false)
#8 C:\xampp\UTS_Enterprise_msi - Copy\public\index.php(37): CodeIgniter\CodeIgniter->run()
#9 C:\xampp\UTS_Enterprise_msi - Copy\system\Commands\Server\rewrite.php(43): require_once('C:\\xampp\\UTS_En...')
#10 {main}
CRITICAL - 2023-06-20 01:47:54 --> Undefined variable $manajemenajaran
#0 C:\xampp\UTS_Enterprise_msi - Copy\app\Views\manajemenajaran1\edit23.php(43): CodeIgniter\Debug\Exceptions->errorHandler(2, 'Undefined varia...', 'C:\\xampp\\UTS_En...', 43)
#1 C:\xampp\UTS_Enterprise_msi - Copy\system\View\View.php(210): include('C:\\xampp\\UTS_En...')
#2 C:\xampp\UTS_Enterprise_msi - Copy\system\View\View.php(213): CodeIgniter\View\View->CodeIgniter\View\{closure}()
#3 C:\xampp\UTS_Enterprise_msi - Copy\system\Common.php(1089): CodeIgniter\View\View->render('manajemenajaran...', Array, true)
#4 C:\xampp\UTS_Enterprise_msi - Copy\app\Controllers\Manajemenajaran1.php(102): view('manajemenajaran...', Array)
#5 C:\xampp\UTS_Enterprise_msi - Copy\system\CodeIgniter.php(825): App\Controllers\Manajemenajaran1->edit23('2020', '2021')
#6 C:\xampp\UTS_Enterprise_msi - Copy\system\CodeIgniter.php(412): CodeIgniter\CodeIgniter->runController(Object(App\Controllers\Manajemenajaran1))
#7 C:\xampp\UTS_Enterprise_msi - Copy\system\CodeIgniter.php(320): CodeIgniter\CodeIgniter->handleRequest(NULL, Object(Config\Cache), false)
#8 C:\xampp\UTS_Enterprise_msi - Copy\public\index.php(37): CodeIgniter\CodeIgniter->run()
#9 C:\xampp\UTS_Enterprise_msi - Copy\system\Commands\Server\rewrite.php(43): require_once('C:\\xampp\\UTS_En...')
#10 {main}
CRITICAL - 2023-06-20 01:47:55 --> Undefined variable $manajemenajaran
#0 C:\xampp\UTS_Enterprise_msi - Copy\app\Views\manajemenajaran1\edit23.php(43): CodeIgniter\Debug\Exceptions->errorHandler(2, 'Undefined varia...', 'C:\\xampp\\UTS_En...', 43)
#1 C:\xampp\UTS_Enterprise_msi - Copy\system\View\View.php(210): include('C:\\xampp\\UTS_En...')
#2 C:\xampp\UTS_Enterprise_msi - Copy\system\View\View.php(213): CodeIgniter\View\View->CodeIgniter\View\{closure}()
#3 C:\xampp\UTS_Enterprise_msi - Copy\system\Common.php(1089): CodeIgniter\View\View->render('manajemenajaran...', Array, true)
#4 C:\xampp\UTS_Enterprise_msi - Copy\app\Controllers\Manajemenajaran1.php(102): view('manajemenajaran...', Array)
#5 C:\xampp\UTS_Enterprise_msi - Copy\system\CodeIgniter.php(825): App\Controllers\Manajemenajaran1->edit23('2020', '2021')
#6 C:\xampp\UTS_Enterprise_msi - Copy\system\CodeIgniter.php(412): CodeIgniter\CodeIgniter->runController(Object(App\Controllers\Manajemenajaran1))
#7 C:\xampp\UTS_Enterprise_msi - Copy\system\CodeIgniter.php(320): CodeIgniter\CodeIgniter->handleRequest(NULL, Object(Config\Cache), false)
#8 C:\xampp\UTS_Enterprise_msi - Copy\public\index.php(37): CodeIgniter\CodeIgniter->run()
#9 C:\xampp\UTS_Enterprise_msi - Copy\system\Commands\Server\rewrite.php(43): require_once('C:\\xampp\\UTS_En...')
#10 {main}
CRITICAL - 2023-06-20 01:48:20 --> Trying to access array offset on value of type null
#0 C:\xampp\UTS_Enterprise_msi - Copy\app\Views\manajemenajaran1\edit23.php(43): CodeIgniter\Debug\Exceptions->errorHandler(2, 'Trying to acces...', 'C:\\xampp\\UTS_En...', 43)
#1 C:\xampp\UTS_Enterprise_msi - Copy\system\View\View.php(210): include('C:\\xampp\\UTS_En...')
#2 C:\xampp\UTS_Enterprise_msi - Copy\system\View\View.php(213): CodeIgniter\View\View->CodeIgniter\View\{closure}()
#3 C:\xampp\UTS_Enterprise_msi - Copy\system\Common.php(1089): CodeIgniter\View\View->render('manajemenajaran...', Array, true)
#4 C:\xampp\UTS_Enterprise_msi - Copy\app\Controllers\Manajemenajaran1.php(102): view('manajemenajaran...', Array)
#5 C:\xampp\UTS_Enterprise_msi - Copy\system\CodeIgniter.php(825): App\Controllers\Manajemenajaran1->edit23('2020', '2021')
#6 C:\xampp\UTS_Enterprise_msi - Copy\system\CodeIgniter.php(412): CodeIgniter\CodeIgniter->runController(Object(App\Controllers\Manajemenajaran1))
#7 C:\xampp\UTS_Enterprise_msi - Copy\system\CodeIgniter.php(320): CodeIgniter\CodeIgniter->handleRequest(NULL, Object(Config\Cache), false)
#8 C:\xampp\UTS_Enterprise_msi - Copy\public\index.php(37): CodeIgniter\CodeIgniter->run()
#9 C:\xampp\UTS_Enterprise_msi - Copy\system\Commands\Server\rewrite.php(43): require_once('C:\\xampp\\UTS_En...')
#10 {main}
CRITICAL - 2023-06-20 01:48:42 --> Trying to access array offset on value of type null
#0 C:\xampp\UTS_Enterprise_msi - Copy\app\Views\manajemenajaran\edit21.php(43): CodeIgniter\Debug\Exceptions->errorHandler(2, 'Trying to acces...', 'C:\\xampp\\UTS_En...', 43)
#1 C:\xampp\UTS_Enterprise_msi - Copy\system\View\View.php(210): include('C:\\xampp\\UTS_En...')
#2 C:\xampp\UTS_Enterprise_msi - Copy\system\View\View.php(213): CodeIgniter\View\View->CodeIgniter\View\{closure}()
#3 C:\xampp\UTS_Enterprise_msi - Copy\system\Common.php(1089): CodeIgniter\View\View->render('manajemenajaran...', Array, true)
#4 C:\xampp\UTS_Enterprise_msi - Copy\app\Controllers\Manajemenajaran.php(104): view('manajemenajaran...', Array)
#5 C:\xampp\UTS_Enterprise_msi - Copy\system\CodeIgniter.php(825): App\Controllers\Manajemenajaran->edit21('2020', '2021')
#6 C:\xampp\UTS_Enterprise_msi - Copy\system\CodeIgniter.php(412): CodeIgniter\CodeIgniter->runController(Object(App\Controllers\Manajemenajaran))
#7 C:\xampp\UTS_Enterprise_msi - Copy\system\CodeIgniter.php(320): CodeIgniter\CodeIgniter->handleRequest(NULL, Object(Config\Cache), false)
#8 C:\xampp\UTS_Enterprise_msi - Copy\public\index.php(37): CodeIgniter\CodeIgniter->run()
#9 C:\xampp\UTS_Enterprise_msi - Copy\system\Commands\Server\rewrite.php(43): require_once('C:\\xampp\\UTS_En...')
#10 {main}
CRITICAL - 2023-06-20 01:48:52 --> Trying to access array offset on value of type null
#0 C:\xampp\UTS_Enterprise_msi - Copy\app\Views\manajemenajaran1\edit23.php(43): CodeIgniter\Debug\Exceptions->errorHandler(2, 'Trying to acces...', 'C:\\xampp\\UTS_En...', 43)
#1 C:\xampp\UTS_Enterprise_msi - Copy\system\View\View.php(210): include('C:\\xampp\\UTS_En...')
#2 C:\xampp\UTS_Enterprise_msi - Copy\system\View\View.php(213): CodeIgniter\View\View->CodeIgniter\View\{closure}()
#3 C:\xampp\UTS_Enterprise_msi - Copy\system\Common.php(1089): CodeIgniter\View\View->render('manajemenajaran...', Array, true)
#4 C:\xampp\UTS_Enterprise_msi - Copy\app\Controllers\Manajemenajaran1.php(102): view('manajemenajaran...', Array)
#5 C:\xampp\UTS_Enterprise_msi - Copy\system\CodeIgniter.php(825): App\Controllers\Manajemenajaran1->edit23('2020', '2021')
#6 C:\xampp\UTS_Enterprise_msi - Copy\system\CodeIgniter.php(412): CodeIgniter\CodeIgniter->runController(Object(App\Controllers\Manajemenajaran1))
#7 C:\xampp\UTS_Enterprise_msi - Copy\system\CodeIgniter.php(320): CodeIgniter\CodeIgniter->handleRequest(NULL, Object(Config\Cache), false)
#8 C:\xampp\UTS_Enterprise_msi - Copy\public\index.php(37): CodeIgniter\CodeIgniter->run()
#9 C:\xampp\UTS_Enterprise_msi - Copy\system\Commands\Server\rewrite.php(43): require_once('C:\\xampp\\UTS_En...')
#10 {main}
CRITICAL - 2023-06-20 01:54:22 --> Trying to access array offset on value of type null
#0 C:\xampp\UTS_Enterprise_msi - Copy\app\Views\manajemenajaran\edit21.php(43): CodeIgniter\Debug\Exceptions->errorHandler(2, 'Trying to acces...', 'C:\\xampp\\UTS_En...', 43)
#1 C:\xampp\UTS_Enterprise_msi - Copy\system\View\View.php(210): include('C:\\xampp\\UTS_En...')
#2 C:\xampp\UTS_Enterprise_msi - Copy\system\View\View.php(213): CodeIgniter\View\View->CodeIgniter\View\{closure}()
#3 C:\xampp\UTS_Enterprise_msi - Copy\system\Common.php(1089): CodeIgniter\View\View->render('manajemenajaran...', Array, true)
#4 C:\xampp\UTS_Enterprise_msi - Copy\app\Controllers\Manajemenajaran.php(104): view('manajemenajaran...', Array)
#5 C:\xampp\UTS_Enterprise_msi - Copy\system\CodeIgniter.php(825): App\Controllers\Manajemenajaran->edit21('2020', '2021')
#6 C:\xampp\UTS_Enterprise_msi - Copy\system\CodeIgniter.php(412): CodeIgniter\CodeIgniter->runController(Object(App\Controllers\Manajemenajaran))
#7 C:\xampp\UTS_Enterprise_msi - Copy\system\CodeIgniter.php(320): CodeIgniter\CodeIgniter->handleRequest(NULL, Object(Config\Cache), false)
#8 C:\xampp\UTS_Enterprise_msi - Copy\public\index.php(37): CodeIgniter\CodeIgniter->run()
#9 C:\xampp\UTS_Enterprise_msi - Copy\system\Commands\Server\rewrite.php(43): require_once('C:\\xampp\\UTS_En...')
#10 {main}
CRITICAL - 2023-06-20 02:07:07 --> Call to a member function getRowArray() on null
#0 C:\xampp\UTS_Enterprise_msi - Copy\system\CodeIgniter.php(825): App\Controllers\Manajemenajaran->edit21('2020', '2021')
#1 C:\xampp\UTS_Enterprise_msi - Copy\system\CodeIgniter.php(412): CodeIgniter\CodeIgniter->runController(Object(App\Controllers\Manajemenajaran))
#2 C:\xampp\UTS_Enterprise_msi - Copy\system\CodeIgniter.php(320): CodeIgniter\CodeIgniter->handleRequest(NULL, Object(Config\Cache), false)
#3 C:\xampp\UTS_Enterprise_msi - Copy\public\index.php(37): CodeIgniter\CodeIgniter->run()
#4 C:\xampp\UTS_Enterprise_msi - Copy\system\Commands\Server\rewrite.php(43): require_once('C:\\xampp\\UTS_En...')
#5 {main}
ERROR - 2023-06-20 02:08:27 --> Unknown column 'manajemen_ajaran.id' in 'where clause'
CRITICAL - 2023-06-20 02:08:27 --> Unknown column 'manajemen_ajaran.id' in 'where clause'
#0 C:\xampp\UTS_Enterprise_msi - Copy\system\Database\MySQLi\Connection.php(292): mysqli->query('SELECT *\nFROM `...', 0)
#1 C:\xampp\UTS_Enterprise_msi - Copy\system\Database\BaseConnection.php(670): CodeIgniter\Database\MySQLi\Connection->execute('SELECT *\nFROM `...')
#2 C:\xampp\UTS_Enterprise_msi - Copy\system\Database\BaseConnection.php(598): CodeIgniter\Database\BaseConnection->simpleQuery('SELECT *\nFROM `...')
#3 C:\xampp\UTS_Enterprise_msi - Copy\system\Database\BaseBuilder.php(1455): CodeIgniter\Database\BaseConnection->query('SELECT *\nFROM `...', Array, false)
#4 C:\xampp\UTS_Enterprise_msi - Copy\system\Model.php(142): CodeIgniter\Database\BaseBuilder->get()
#5 C:\xampp\UTS_Enterprise_msi - Copy\system\BaseModel.php(523): CodeIgniter\Model->doFind(true, '2020')
#6 C:\xampp\UTS_Enterprise_msi - Copy\app\Models\Manajemenajaran_model.php(17): CodeIgniter\BaseModel->find('2020')
#7 C:\xampp\UTS_Enterprise_msi - Copy\app\Controllers\Manajemenajaran.php(101): App\Models\Manajemenajaran_model->getCategory('2020')
#8 C:\xampp\UTS_Enterprise_msi - Copy\system\CodeIgniter.php(825): App\Controllers\Manajemenajaran->edit21('2020', '2021')
#9 C:\xampp\UTS_Enterprise_msi - Copy\system\CodeIgniter.php(412): CodeIgniter\CodeIgniter->runController(Object(App\Controllers\Manajemenajaran))
#10 C:\xampp\UTS_Enterprise_msi - Copy\system\CodeIgniter.php(320): CodeIgniter\CodeIgniter->handleRequest(NULL, Object(Config\Cache), false)
#11 C:\xampp\UTS_Enterprise_msi - Copy\public\index.php(37): CodeIgniter\CodeIgniter->run()
#12 C:\xampp\UTS_Enterprise_msi - Copy\system\Commands\Server\rewrite.php(43): require_once('C:\\xampp\\UTS_En...')
#13 {main}
CRITICAL - 2023-06-20 02:09:25 --> Call to a member function getRowArray() on null
#0 C:\xampp\UTS_Enterprise_msi - Copy\system\CodeIgniter.php(825): App\Controllers\Manajemenajaran->edit21('2020', '2021')
#1 C:\xampp\UTS_Enterprise_msi - Copy\system\CodeIgniter.php(412): CodeIgniter\CodeIgniter->runController(Object(App\Controllers\Manajemenajaran))
#2 C:\xampp\UTS_Enterprise_msi - Copy\system\CodeIgniter.php(320): CodeIgniter\CodeIgniter->handleRequest(NULL, Object(Config\Cache), false)
#3 C:\xampp\UTS_Enterprise_msi - Copy\public\index.php(37): CodeIgniter\CodeIgniter->run()
#4 C:\xampp\UTS_Enterprise_msi - Copy\system\Commands\Server\rewrite.php(43): require_once('C:\\xampp\\UTS_En...')
#5 {main}
CRITICAL - 2023-06-20 02:09:27 --> Call to a member function getRowArray() on null
#0 C:\xampp\UTS_Enterprise_msi - Copy\system\CodeIgniter.php(825): App\Controllers\Manajemenajaran->edit21('2020', '2021')
#1 C:\xampp\UTS_Enterprise_msi - Copy\system\CodeIgniter.php(412): CodeIgniter\CodeIgniter->runController(Object(App\Controllers\Manajemenajaran))
#2 C:\xampp\UTS_Enterprise_msi - Copy\system\CodeIgniter.php(320): CodeIgniter\CodeIgniter->handleRequest(NULL, Object(Config\Cache), false)
#3 C:\xampp\UTS_Enterprise_msi - Copy\public\index.php(37): CodeIgniter\CodeIgniter->run()
#4 C:\xampp\UTS_Enterprise_msi - Copy\system\Commands\Server\rewrite.php(43): require_once('C:\\xampp\\UTS_En...')
#5 {main}
CRITICAL - 2023-06-20 02:10:29 --> Call to a member function getRowArray() on null
#0 C:\xampp\UTS_Enterprise_msi - Copy\system\CodeIgniter.php(825): App\Controllers\Manajemenajaran->edit21('2020', '2021')
#1 C:\xampp\UTS_Enterprise_msi - Copy\system\CodeIgniter.php(412): CodeIgniter\CodeIgniter->runController(Object(App\Controllers\Manajemenajaran))
#2 C:\xampp\UTS_Enterprise_msi - Copy\system\CodeIgniter.php(320): CodeIgniter\CodeIgniter->handleRequest(NULL, Object(Config\Cache), false)
#3 C:\xampp\UTS_Enterprise_msi - Copy\public\index.php(37): CodeIgniter\CodeIgniter->run()
#4 C:\xampp\UTS_Enterprise_msi - Copy\system\Commands\Server\rewrite.php(43): require_once('C:\\xampp\\UTS_En...')
#5 {main}
CRITICAL - 2023-06-20 02:13:29 --> Call to a member function getRowArray() on null
#0 C:\xampp\UTS_Enterprise_msi - Copy\system\CodeIgniter.php(825): App\Controllers\Manajemenajaran->edit21('2020', '2021')
#1 C:\xampp\UTS_Enterprise_msi - Copy\system\CodeIgniter.php(412): CodeIgniter\CodeIgniter->runController(Object(App\Controllers\Manajemenajaran))
#2 C:\xampp\UTS_Enterprise_msi - Copy\system\CodeIgniter.php(320): CodeIgniter\CodeIgniter->handleRequest(NULL, Object(Config\Cache), false)
#3 C:\xampp\UTS_Enterprise_msi - Copy\public\index.php(37): CodeIgniter\CodeIgniter->run()
#4 C:\xampp\UTS_Enterprise_msi - Copy\system\Commands\Server\rewrite.php(43): require_once('C:\\xampp\\UTS_En...')
#5 {main}
CRITICAL - 2023-06-20 02:13:30 --> Call to a member function getRowArray() on null
#0 C:\xampp\UTS_Enterprise_msi - Copy\system\CodeIgniter.php(825): App\Controllers\Manajemenajaran->edit21('2020', '2021')
#1 C:\xampp\UTS_Enterprise_msi - Copy\system\CodeIgniter.php(412): CodeIgniter\CodeIgniter->runController(Object(App\Controllers\Manajemenajaran))
#2 C:\xampp\UTS_Enterprise_msi - Copy\system\CodeIgniter.php(320): CodeIgniter\CodeIgniter->handleRequest(NULL, Object(Config\Cache), false)
#3 C:\xampp\UTS_Enterprise_msi - Copy\public\index.php(37): CodeIgniter\CodeIgniter->run()
#4 C:\xampp\UTS_Enterprise_msi - Copy\system\Commands\Server\rewrite.php(43): require_once('C:\\xampp\\UTS_En...')
#5 {main}
CRITICAL - 2023-06-20 02:15:30 --> Call to a member function getRowArray() on null
#0 C:\xampp\UTS_Enterprise_msi - Copy\system\CodeIgniter.php(825): App\Controllers\Manajemenajaran->edit21('2020', '2021')
#1 C:\xampp\UTS_Enterprise_msi - Copy\system\CodeIgniter.php(412): CodeIgniter\CodeIgniter->runController(Object(App\Controllers\Manajemenajaran))
#2 C:\xampp\UTS_Enterprise_msi - Copy\system\CodeIgniter.php(320): CodeIgniter\CodeIgniter->handleRequest(NULL, Object(Config\Cache), false)
#3 C:\xampp\UTS_Enterprise_msi - Copy\public\index.php(37): CodeIgniter\CodeIgniter->run()
#4 C:\xampp\UTS_Enterprise_msi - Copy\system\Commands\Server\rewrite.php(43): require_once('C:\\xampp\\UTS_En...')
#5 {main}
CRITICAL - 2023-06-20 02:15:31 --> Call to a member function getRowArray() on null
#0 C:\xampp\UTS_Enterprise_msi - Copy\system\CodeIgniter.php(825): App\Controllers\Manajemenajaran->edit21('2020', '2021')
#1 C:\xampp\UTS_Enterprise_msi - Copy\system\CodeIgniter.php(412): CodeIgniter\CodeIgniter->runController(Object(App\Controllers\Manajemenajaran))
#2 C:\xampp\UTS_Enterprise_msi - Copy\system\CodeIgniter.php(320): CodeIgniter\CodeIgniter->handleRequest(NULL, Object(Config\Cache), false)
#3 C:\xampp\UTS_Enterprise_msi - Copy\public\index.php(37): CodeIgniter\CodeIgniter->run()
#4 C:\xampp\UTS_Enterprise_msi - Copy\system\Commands\Server\rewrite.php(43): require_once('C:\\xampp\\UTS_En...')
#5 {main}
CRITICAL - 2023-06-20 02:15:51 --> Call to a member function getRowArray() on null
#0 C:\xampp\UTS_Enterprise_msi - Copy\system\CodeIgniter.php(825): App\Controllers\Manajemenajaran->edit21('2020', '2021')
#1 C:\xampp\UTS_Enterprise_msi - Copy\system\CodeIgniter.php(412): CodeIgniter\CodeIgniter->runController(Object(App\Controllers\Manajemenajaran))
#2 C:\xampp\UTS_Enterprise_msi - Copy\system\CodeIgniter.php(320): CodeIgniter\CodeIgniter->handleRequest(NULL, Object(Config\Cache), false)
#3 C:\xampp\UTS_Enterprise_msi - Copy\public\index.php(37): CodeIgniter\CodeIgniter->run()
#4 C:\xampp\UTS_Enterprise_msi - Copy\system\Commands\Server\rewrite.php(43): require_once('C:\\xampp\\UTS_En...')
#5 {main}
CRITICAL - 2023-06-20 02:17:10 --> Call to a member function getRowArray() on null
#0 C:\xampp\UTS_Enterprise_msi - Copy\system\CodeIgniter.php(825): App\Controllers\Manajemenajaran->edit21('2020', '2021')
#1 C:\xampp\UTS_Enterprise_msi - Copy\system\CodeIgniter.php(412): CodeIgniter\CodeIgniter->runController(Object(App\Controllers\Manajemenajaran))
#2 C:\xampp\UTS_Enterprise_msi - Copy\system\CodeIgniter.php(320): CodeIgniter\CodeIgniter->handleRequest(NULL, Object(Config\Cache), false)
#3 C:\xampp\UTS_Enterprise_msi - Copy\public\index.php(37): CodeIgniter\CodeIgniter->run()
#4 C:\xampp\UTS_Enterprise_msi - Copy\system\Commands\Server\rewrite.php(43): require_once('C:\\xampp\\UTS_En...')
#5 {main}
CRITICAL - 2023-06-20 02:17:18 --> Call to a member function getRowArray() on null
#0 C:\xampp\UTS_Enterprise_msi - Copy\system\CodeIgniter.php(825): App\Controllers\Manajemenajaran->edit21('2020', '2021')
#1 C:\xampp\UTS_Enterprise_msi - Copy\system\CodeIgniter.php(412): CodeIgniter\CodeIgniter->runController(Object(App\Controllers\Manajemenajaran))
#2 C:\xampp\UTS_Enterprise_msi - Copy\system\CodeIgniter.php(320): CodeIgniter\CodeIgniter->handleRequest(NULL, Object(Config\Cache), false)
#3 C:\xampp\UTS_Enterprise_msi - Copy\public\index.php(37): CodeIgniter\CodeIgniter->run()
#4 C:\xampp\UTS_Enterprise_msi - Copy\system\Commands\Server\rewrite.php(43): require_once('C:\\xampp\\UTS_En...')
#5 {main}
CRITICAL - 2023-06-20 02:20:54 --> Trying to access array offset on value of type null
#0 C:\xampp\UTS_Enterprise_msi - Copy\app\Views\manajemenajaran1\edit23.php(43): CodeIgniter\Debug\Exceptions->errorHandler(2, 'Trying to acces...', 'C:\\xampp\\UTS_En...', 43)
#1 C:\xampp\UTS_Enterprise_msi - Copy\system\View\View.php(210): include('C:\\xampp\\UTS_En...')
#2 C:\xampp\UTS_Enterprise_msi - Copy\system\View\View.php(213): CodeIgniter\View\View->CodeIgniter\View\{closure}()
#3 C:\xampp\UTS_Enterprise_msi - Copy\system\Common.php(1089): CodeIgniter\View\View->render('manajemenajaran...', Array, true)
#4 C:\xampp\UTS_Enterprise_msi - Copy\app\Controllers\Manajemenajaran1.php(102): view('manajemenajaran...', Array)
#5 C:\xampp\UTS_Enterprise_msi - Copy\system\CodeIgniter.php(825): App\Controllers\Manajemenajaran1->edit23('2020', '2021')
#6 C:\xampp\UTS_Enterprise_msi - Copy\system\CodeIgniter.php(412): CodeIgniter\CodeIgniter->runController(Object(App\Controllers\Manajemenajaran1))
#7 C:\xampp\UTS_Enterprise_msi - Copy\system\CodeIgniter.php(320): CodeIgniter\CodeIgniter->handleRequest(NULL, Object(Config\Cache), false)
#8 C:\xampp\UTS_Enterprise_msi - Copy\public\index.php(37): CodeIgniter\CodeIgniter->run()
#9 C:\xampp\UTS_Enterprise_msi - Copy\system\Commands\Server\rewrite.php(43): require_once('C:\\xampp\\UTS_En...')
#10 {main}
ERROR - 2023-06-20 02:22:33 --> Cannot add or update a child row: a foreign key constraint fails (`db_msi_sugihwaras_rev`.`manajemen_kelas`, CONSTRAINT `manajemen_kelas_ibfk_1` FOREIGN KEY (`tahun_ajaran`) REFERENCES `manajemen_ajaran` (`tahun_ajaran`))
CRITICAL - 2023-06-20 02:22:33 --> Cannot add or update a child row: a foreign key constraint fails (`db_msi_sugihwaras_rev`.`manajemen_kelas`, CONSTRAINT `manajemen_kelas_ibfk_1` FOREIGN KEY (`tahun_ajaran`) REFERENCES `manajemen_ajaran` (`tahun_ajaran`))
#0 C:\xampp\UTS_Enterprise_msi - Copy\system\Database\MySQLi\Connection.php(292): mysqli->query('UPDATE `manajem...', 0)
#1 C:\xampp\UTS_Enterprise_msi - Copy\system\Database\BaseConnection.php(670): CodeIgniter\Database\MySQLi\Connection->execute('UPDATE `manajem...')
#2 C:\xampp\UTS_Enterprise_msi - Copy\system\Database\BaseConnection.php(598): CodeIgniter\Database\BaseConnection->simpleQuery('UPDATE `manajem...')
#3 C:\xampp\UTS_Enterprise_msi - Copy\system\Database\BaseBuilder.php(1913): CodeIgniter\Database\BaseConnection->query('UPDATE `manajem...', Array, false)
#4 C:\xampp\UTS_Enterprise_msi - Copy\app\Models\Manajemenkelas_model.php(31): CodeIgniter\Database\BaseBuilder->update(Array, Array)
#5 C:\xampp\UTS_Enterprise_msi - Copy\app\Controllers\Manajemenkelas.php(129): App\Models\Manajemenkelas_model->updateCategory(Array, '2')
#6 C:\xampp\UTS_Enterprise_msi - Copy\system\CodeIgniter.php(825): App\Controllers\Manajemenkelas->update22()
#7 C:\xampp\UTS_Enterprise_msi - Copy\system\CodeIgniter.php(412): CodeIgniter\CodeIgniter->runController(Object(App\Controllers\Manajemenkelas))
#8 C:\xampp\UTS_Enterprise_msi - Copy\system\CodeIgniter.php(320): CodeIgniter\CodeIgniter->handleRequest(NULL, Object(Config\Cache), false)
#9 C:\xampp\UTS_Enterprise_msi - Copy\public\index.php(37): CodeIgniter\CodeIgniter->run()
#10 C:\xampp\UTS_Enterprise_msi - Copy\system\Commands\Server\rewrite.php(43): require_once('C:\\xampp\\UTS_En...')
#11 {main}
CRITICAL - 2023-06-20 02:23:27 --> Trying to access array offset on value of type null
#0 C:\xampp\UTS_Enterprise_msi - Copy\app\Views\manajemenajaran1\edit23.php(44): CodeIgniter\Debug\Exceptions->errorHandler(2, 'Trying to acces...', 'C:\\xampp\\UTS_En...', 44)
#1 C:\xampp\UTS_Enterprise_msi - Copy\system\View\View.php(210): include('C:\\xampp\\UTS_En...')
#2 C:\xampp\UTS_Enterprise_msi - Copy\system\View\View.php(213): CodeIgniter\View\View->CodeIgniter\View\{closure}()
#3 C:\xampp\UTS_Enterprise_msi - Copy\system\Common.php(1089): CodeIgniter\View\View->render('manajemenajaran...', Array, true)
#4 C:\xampp\UTS_Enterprise_msi - Copy\app\Controllers\Manajemenajaran1.php(102): view('manajemenajaran...', Array)
#5 C:\xampp\UTS_Enterprise_msi - Copy\system\CodeIgniter.php(825): App\Controllers\Manajemenajaran1->edit23('2020', '2021')
#6 C:\xampp\UTS_Enterprise_msi - Copy\system\CodeIgniter.php(412): CodeIgniter\CodeIgniter->runController(Object(App\Controllers\Manajemenajaran1))
#7 C:\xampp\UTS_Enterprise_msi - Copy\system\CodeIgniter.php(320): CodeIgniter\CodeIgniter->handleRequest(NULL, Object(Config\Cache), false)
#8 C:\xampp\UTS_Enterprise_msi - Copy\public\index.php(37): CodeIgniter\CodeIgniter->run()
#9 C:\xampp\UTS_Enterprise_msi - Copy\system\Commands\Server\rewrite.php(43): require_once('C:\\xampp\\UTS_En...')
#10 {main}
CRITICAL - 2023-06-20 02:23:34 --> Trying to access array offset on value of type null
#0 C:\xampp\UTS_Enterprise_msi - Copy\app\Views\manajemenajaran1\edit23.php(43): CodeIgniter\Debug\Exceptions->errorHandler(2, 'Trying to acces...', 'C:\\xampp\\UTS_En...', 43)
#1 C:\xampp\UTS_Enterprise_msi - Copy\system\View\View.php(210): include('C:\\xampp\\UTS_En...')
#2 C:\xampp\UTS_Enterprise_msi - Copy\system\View\View.php(213): CodeIgniter\View\View->CodeIgniter\View\{closure}()
#3 C:\xampp\UTS_Enterprise_msi - Copy\system\Common.php(1089): CodeIgniter\View\View->render('manajemenajaran...', Array, true)
#4 C:\xampp\UTS_Enterprise_msi - Copy\app\Controllers\Manajemenajaran1.php(102): view('manajemenajaran...', Array)
#5 C:\xampp\UTS_Enterprise_msi - Copy\system\CodeIgniter.php(825): App\Controllers\Manajemenajaran1->edit23('2020', '2021')
#6 C:\xampp\UTS_Enterprise_msi - Copy\system\CodeIgniter.php(412): CodeIgniter\CodeIgniter->runController(Object(App\Controllers\Manajemenajaran1))
#7 C:\xampp\UTS_Enterprise_msi - Copy\system\CodeIgniter.php(320): CodeIgniter\CodeIgniter->handleRequest(NULL, Object(Config\Cache), false)
#8 C:\xampp\UTS_Enterprise_msi - Copy\public\index.php(37): CodeIgniter\CodeIgniter->run()
#9 C:\xampp\UTS_Enterprise_msi - Copy\system\Commands\Server\rewrite.php(43): require_once('C:\\xampp\\UTS_En...')
#10 {main}
CRITICAL - 2023-06-20 02:32:44 --> Undefined variable $datanis
#0 C:\xampp\UTS_Enterprise_msi - Copy\app\Views\emis\create2.php(140): CodeIgniter\Debug\Exceptions->errorHandler(2, 'Undefined varia...', 'C:\\xampp\\UTS_En...', 140)
#1 C:\xampp\UTS_Enterprise_msi - Copy\system\View\View.php(210): include('C:\\xampp\\UTS_En...')
#2 C:\xampp\UTS_Enterprise_msi - Copy\system\View\View.php(213): CodeIgniter\View\View->CodeIgniter\View\{closure}()
#3 C:\xampp\UTS_Enterprise_msi - Copy\system\Common.php(1089): CodeIgniter\View\View->render('emis/create2', Array, true)
#4 C:\xampp\UTS_Enterprise_msi - Copy\app\Controllers\Emis.php(68): view('emis/create2', Array)
#5 C:\xampp\UTS_Enterprise_msi - Copy\system\CodeIgniter.php(825): App\Controllers\Emis->create2()
#6 C:\xampp\UTS_Enterprise_msi - Copy\system\CodeIgniter.php(412): CodeIgniter\CodeIgniter->runController(Object(App\Controllers\Emis))
#7 C:\xampp\UTS_Enterprise_msi - Copy\system\CodeIgniter.php(320): CodeIgniter\CodeIgniter->handleRequest(NULL, Object(Config\Cache), false)
#8 C:\xampp\UTS_Enterprise_msi - Copy\public\index.php(37): CodeIgniter\CodeIgniter->run()
#9 C:\xampp\UTS_Enterprise_msi - Copy\system\Commands\Server\rewrite.php(43): require_once('C:\\xampp\\UTS_En...')
#10 {main}
CRITICAL - 2023-06-20 02:33:43 --> Undefined variable $tahun_ajaran
#0 C:\xampp\UTS_Enterprise_msi - Copy\app\Views\emis\create2.php(140): CodeIgniter\Debug\Exceptions->errorHandler(2, 'Undefined varia...', 'C:\\xampp\\UTS_En...', 140)
#1 C:\xampp\UTS_Enterprise_msi - Copy\system\View\View.php(210): include('C:\\xampp\\UTS_En...')
#2 C:\xampp\UTS_Enterprise_msi - Copy\system\View\View.php(213): CodeIgniter\View\View->CodeIgniter\View\{closure}()
#3 C:\xampp\UTS_Enterprise_msi - Copy\system\Common.php(1089): CodeIgniter\View\View->render('emis/create2', Array, true)
#4 C:\xampp\UTS_Enterprise_msi - Copy\app\Controllers\Emis.php(68): view('emis/create2', Array)
#5 C:\xampp\UTS_Enterprise_msi - Copy\system\CodeIgniter.php(825): App\Controllers\Emis->create2()
#6 C:\xampp\UTS_Enterprise_msi - Copy\system\CodeIgniter.php(412): CodeIgniter\CodeIgniter->runController(Object(App\Controllers\Emis))
#7 C:\xampp\UTS_Enterprise_msi - Copy\system\CodeIgniter.php(320): CodeIgniter\CodeIgniter->handleRequest(NULL, Object(Config\Cache), false)
#8 C:\xampp\UTS_Enterprise_msi - Copy\public\index.php(37): CodeIgniter\CodeIgniter->run()
#9 C:\xampp\UTS_Enterprise_msi - Copy\system\Commands\Server\rewrite.php(43): require_once('C:\\xampp\\UTS_En...')
#10 {main}
CRITICAL - 2023-06-20 02:35:09 --> Call to undefined method App\Models\Emis_model::getTahunajaran
#0 C:\xampp\UTS_Enterprise_msi - Copy\app\Controllers\Emis.php(68): CodeIgniter\Model->__call('getTahunajaran', Array)
#1 C:\xampp\UTS_Enterprise_msi - Copy\system\CodeIgniter.php(825): App\Controllers\Emis->create2()
#2 C:\xampp\UTS_Enterprise_msi - Copy\system\CodeIgniter.php(412): CodeIgniter\CodeIgniter->runController(Object(App\Controllers\Emis))
#3 C:\xampp\UTS_Enterprise_msi - Copy\system\CodeIgniter.php(320): CodeIgniter\CodeIgniter->handleRequest(NULL, Object(Config\Cache), false)
#4 C:\xampp\UTS_Enterprise_msi - Copy\public\index.php(37): CodeIgniter\CodeIgniter->run()
#5 C:\xampp\UTS_Enterprise_msi - Copy\system\Commands\Server\rewrite.php(43): require_once('C:\\xampp\\UTS_En...')
#6 {main}
CRITICAL - 2023-06-20 02:54:36 --> Trying to access array offset on value of type null
#0 C:\xampp\UTS_Enterprise_msi - Copy\app\Views\spp\show4.php(28): CodeIgniter\Debug\Exceptions->errorHandler(2, 'Trying to acces...', 'C:\\xampp\\UTS_En...', 28)
#1 C:\xampp\UTS_Enterprise_msi - Copy\system\View\View.php(210): include('C:\\xampp\\UTS_En...')
#2 C:\xampp\UTS_Enterprise_msi - Copy\system\View\View.php(213): CodeIgniter\View\View->CodeIgniter\View\{closure}()
#3 C:\xampp\UTS_Enterprise_msi - Copy\system\Common.php(1089): CodeIgniter\View\View->render('spp/show4', Array, true)
#4 C:\xampp\UTS_Enterprise_msi - Copy\app\Controllers\Spp.php(98): view('spp/show4', Array)
#5 C:\xampp\UTS_Enterprise_msi - Copy\system\CodeIgniter.php(825): App\Controllers\Spp->show4('9999')
#6 C:\xampp\UTS_Enterprise_msi - Copy\system\CodeIgniter.php(412): CodeIgniter\CodeIgniter->runController(Object(App\Controllers\Spp))
#7 C:\xampp\UTS_Enterprise_msi - Copy\system\CodeIgniter.php(320): CodeIgniter\CodeIgniter->handleRequest(NULL, Object(Config\Cache), false)
#8 C:\xampp\UTS_Enterprise_msi - Copy\public\index.php(37): CodeIgniter\CodeIgniter->run()
#9 C:\xampp\UTS_Enterprise_msi - Copy\system\Commands\Server\rewrite.php(43): require_once('C:\\xampp\\UTS_En...')
#10 {main}
CRITICAL - 2023-06-20 02:56:29 --> Call to a member function getRowArray() on array
#0 C:\xampp\UTS_Enterprise_msi - Copy\system\CodeIgniter.php(825): App\Controllers\Spp->show4('9999')
#1 C:\xampp\UTS_Enterprise_msi - Copy\system\CodeIgniter.php(412): CodeIgniter\CodeIgniter->runController(Object(App\Controllers\Spp))
#2 C:\xampp\UTS_Enterprise_msi - Copy\system\CodeIgniter.php(320): CodeIgniter\CodeIgniter->handleRequest(NULL, Object(Config\Cache), false)
#3 C:\xampp\UTS_Enterprise_msi - Copy\public\index.php(37): CodeIgniter\CodeIgniter->run()
#4 C:\xampp\UTS_Enterprise_msi - Copy\system\Commands\Server\rewrite.php(43): require_once('C:\\xampp\\UTS_En...')
#5 {main}
CRITICAL - 2023-06-20 02:59:06 --> Trying to access array offset on value of type null
#0 C:\xampp\UTS_Enterprise_msi - Copy\app\Views\spp\show4.php(28): CodeIgniter\Debug\Exceptions->errorHandler(2, 'Trying to acces...', 'C:\\xampp\\UTS_En...', 28)
#1 C:\xampp\UTS_Enterprise_msi - Copy\system\View\View.php(210): include('C:\\xampp\\UTS_En...')
#2 C:\xampp\UTS_Enterprise_msi - Copy\system\View\View.php(213): CodeIgniter\View\View->CodeIgniter\View\{closure}()
#3 C:\xampp\UTS_Enterprise_msi - Copy\system\Common.php(1089): CodeIgniter\View\View->render('spp/show4', Array, true)
#4 C:\xampp\UTS_Enterprise_msi - Copy\app\Controllers\Spp.php(98): view('spp/show4', Array)
#5 C:\xampp\UTS_Enterprise_msi - Copy\system\CodeIgniter.php(825): App\Controllers\Spp->show4('2')
#6 C:\xampp\UTS_Enterprise_msi - Copy\system\CodeIgniter.php(412): CodeIgniter\CodeIgniter->runController(Object(App\Controllers\Spp))
#7 C:\xampp\UTS_Enterprise_msi - Copy\system\CodeIgniter.php(320): CodeIgniter\CodeIgniter->handleRequest(NULL, Object(Config\Cache), false)
#8 C:\xampp\UTS_Enterprise_msi - Copy\public\index.php(37): CodeIgniter\CodeIgniter->run()
#9 C:\xampp\UTS_Enterprise_msi - Copy\system\Commands\Server\rewrite.php(43): require_once('C:\\xampp\\UTS_En...')
#10 {main}
CRITICAL - 2023-06-20 02:59:28 --> Trying to access array offset on value of type null
#0 C:\xampp\UTS_Enterprise_msi - Copy\app\Views\spp\show4.php(28): CodeIgniter\Debug\Exceptions->errorHandler(2, 'Trying to acces...', 'C:\\xampp\\UTS_En...', 28)
#1 C:\xampp\UTS_Enterprise_msi - Copy\system\View\View.php(210): include('C:\\xampp\\UTS_En...')
#2 C:\xampp\UTS_Enterprise_msi - Copy\system\View\View.php(213): CodeIgniter\View\View->CodeIgniter\View\{closure}()
#3 C:\xampp\UTS_Enterprise_msi - Copy\system\Common.php(1089): CodeIgniter\View\View->render('spp/show4', Array, true)
#4 C:\xampp\UTS_Enterprise_msi - Copy\app\Controllers\Spp.php(98): view('spp/show4', Array)
#5 C:\xampp\UTS_Enterprise_msi - Copy\system\CodeIgniter.php(825): App\Controllers\Spp->show4('2')
#6 C:\xampp\UTS_Enterprise_msi - Copy\system\CodeIgniter.php(412): CodeIgniter\CodeIgniter->runController(Object(App\Controllers\Spp))
#7 C:\xampp\UTS_Enterprise_msi - Copy\system\CodeIgniter.php(320): CodeIgniter\CodeIgniter->handleRequest(NULL, Object(Config\Cache), false)
#8 C:\xampp\UTS_Enterprise_msi - Copy\public\index.php(37): CodeIgniter\CodeIgniter->run()
#9 C:\xampp\UTS_Enterprise_msi - Copy\system\Commands\Server\rewrite.php(43): require_once('C:\\xampp\\UTS_En...')
#10 {main}
CRITICAL - 2023-06-20 02:59:31 --> Trying to access array offset on value of type null
#0 C:\xampp\UTS_Enterprise_msi - Copy\app\Views\spp\show4.php(28): CodeIgniter\Debug\Exceptions->errorHandler(2, 'Trying to acces...', 'C:\\xampp\\UTS_En...', 28)
#1 C:\xampp\UTS_Enterprise_msi - Copy\system\View\View.php(210): include('C:\\xampp\\UTS_En...')
#2 C:\xampp\UTS_Enterprise_msi - Copy\system\View\View.php(213): CodeIgniter\View\View->CodeIgniter\View\{closure}()
#3 C:\xampp\UTS_Enterprise_msi - Copy\system\Common.php(1089): CodeIgniter\View\View->render('spp/show4', Array, true)
#4 C:\xampp\UTS_Enterprise_msi - Copy\app\Controllers\Spp.php(98): view('spp/show4', Array)
#5 C:\xampp\UTS_Enterprise_msi - Copy\system\CodeIgniter.php(825): App\Controllers\Spp->show4('2')
#6 C:\xampp\UTS_Enterprise_msi - Copy\system\CodeIgniter.php(412): CodeIgniter\CodeIgniter->runController(Object(App\Controllers\Spp))
#7 C:\xampp\UTS_Enterprise_msi - Copy\system\CodeIgniter.php(320): CodeIgniter\CodeIgniter->handleRequest(NULL, Object(Config\Cache), false)
#8 C:\xampp\UTS_Enterprise_msi - Copy\public\index.php(37): CodeIgniter\CodeIgniter->run()
#9 C:\xampp\UTS_Enterprise_msi - Copy\system\Commands\Server\rewrite.php(43): require_once('C:\\xampp\\UTS_En...')
#10 {main}
CRITICAL - 2023-06-20 02:59:51 --> Trying to access array offset on value of type null
#0 C:\xampp\UTS_Enterprise_msi - Copy\app\Views\spp\show4.php(31): CodeIgniter\Debug\Exceptions->errorHandler(2, 'Trying to acces...', 'C:\\xampp\\UTS_En...', 31)
#1 C:\xampp\UTS_Enterprise_msi - Copy\system\View\View.php(210): include('C:\\xampp\\UTS_En...')
#2 C:\xampp\UTS_Enterprise_msi - Copy\system\View\View.php(213): CodeIgniter\View\View->CodeIgniter\View\{closure}()
#3 C:\xampp\UTS_Enterprise_msi - Copy\system\Common.php(1089): CodeIgniter\View\View->render('spp/show4', Array, true)
#4 C:\xampp\UTS_Enterprise_msi - Copy\app\Controllers\Spp.php(98): view('spp/show4', Array)
#5 C:\xampp\UTS_Enterprise_msi - Copy\system\CodeIgniter.php(825): App\Controllers\Spp->show4('2')
#6 C:\xampp\UTS_Enterprise_msi - Copy\system\CodeIgniter.php(412): CodeIgniter\CodeIgniter->runController(Object(App\Controllers\Spp))
#7 C:\xampp\UTS_Enterprise_msi - Copy\system\CodeIgniter.php(320): CodeIgniter\CodeIgniter->handleRequest(NULL, Object(Config\Cache), false)
#8 C:\xampp\UTS_Enterprise_msi - Copy\public\index.php(37): CodeIgniter\CodeIgniter->run()
#9 C:\xampp\UTS_Enterprise_msi - Copy\system\Commands\Server\rewrite.php(43): require_once('C:\\xampp\\UTS_En...')
#10 {main}
CRITICAL - 2023-06-20 02:59:58 --> Trying to access array offset on value of type null
#0 C:\xampp\UTS_Enterprise_msi - Copy\app\Views\spp\show4.php(31): CodeIgniter\Debug\Exceptions->errorHandler(2, 'Trying to acces...', 'C:\\xampp\\UTS_En...', 31)
#1 C:\xampp\UTS_Enterprise_msi - Copy\system\View\View.php(210): include('C:\\xampp\\UTS_En...')
#2 C:\xampp\UTS_Enterprise_msi - Copy\system\View\View.php(213): CodeIgniter\View\View->CodeIgniter\View\{closure}()
#3 C:\xampp\UTS_Enterprise_msi - Copy\system\Common.php(1089): CodeIgniter\View\View->render('spp/show4', Array, true)
#4 C:\xampp\UTS_Enterprise_msi - Copy\app\Controllers\Spp.php(98): view('spp/show4', Array)
#5 C:\xampp\UTS_Enterprise_msi - Copy\system\CodeIgniter.php(825): App\Controllers\Spp->show4('2')
#6 C:\xampp\UTS_Enterprise_msi - Copy\system\CodeIgniter.php(412): CodeIgniter\CodeIgniter->runController(Object(App\Controllers\Spp))
#7 C:\xampp\UTS_Enterprise_msi - Copy\system\CodeIgniter.php(320): CodeIgniter\CodeIgniter->handleRequest(NULL, Object(Config\Cache), false)
#8 C:\xampp\UTS_Enterprise_msi - Copy\public\index.php(37): CodeIgniter\CodeIgniter->run()
#9 C:\xampp\UTS_Enterprise_msi - Copy\system\Commands\Server\rewrite.php(43): require_once('C:\\xampp\\UTS_En...')
#10 {main}
CRITICAL - 2023-06-20 03:00:16 --> Trying to access array offset on value of type null
#0 C:\xampp\UTS_Enterprise_msi - Copy\app\Views\spp\show4.php(28): CodeIgniter\Debug\Exceptions->errorHandler(2, 'Trying to acces...', 'C:\\xampp\\UTS_En...', 28)
#1 C:\xampp\UTS_Enterprise_msi - Copy\system\View\View.php(210): include('C:\\xampp\\UTS_En...')
#2 C:\xampp\UTS_Enterprise_msi - Copy\system\View\View.php(213): CodeIgniter\View\View->CodeIgniter\View\{closure}()
#3 C:\xampp\UTS_Enterprise_msi - Copy\system\Common.php(1089): CodeIgniter\View\View->render('spp/show4', Array, true)
#4 C:\xampp\UTS_Enterprise_msi - Copy\app\Controllers\Spp.php(98): view('spp/show4', Array)
#5 C:\xampp\UTS_Enterprise_msi - Copy\system\CodeIgniter.php(825): App\Controllers\Spp->show4('2')
#6 C:\xampp\UTS_Enterprise_msi - Copy\system\CodeIgniter.php(412): CodeIgniter\CodeIgniter->runController(Object(App\Controllers\Spp))
#7 C:\xampp\UTS_Enterprise_msi - Copy\system\CodeIgniter.php(320): CodeIgniter\CodeIgniter->handleRequest(NULL, Object(Config\Cache), false)
#8 C:\xampp\UTS_Enterprise_msi - Copy\public\index.php(37): CodeIgniter\CodeIgniter->run()
#9 C:\xampp\UTS_Enterprise_msi - Copy\system\Commands\Server\rewrite.php(43): require_once('C:\\xampp\\UTS_En...')
#10 {main}
CRITICAL - 2023-06-20 03:00:25 --> Trying to access array offset on value of type null
#0 C:\xampp\UTS_Enterprise_msi - Copy\app\Views\spp\show4.php(28): CodeIgniter\Debug\Exceptions->errorHandler(2, 'Trying to acces...', 'C:\\xampp\\UTS_En...', 28)
#1 C:\xampp\UTS_Enterprise_msi - Copy\system\View\View.php(210): include('C:\\xampp\\UTS_En...')
#2 C:\xampp\UTS_Enterprise_msi - Copy\system\View\View.php(213): CodeIgniter\View\View->CodeIgniter\View\{closure}()
#3 C:\xampp\UTS_Enterprise_msi - Copy\system\Common.php(1089): CodeIgniter\View\View->render('spp/show4', Array, true)
#4 C:\xampp\UTS_Enterprise_msi - Copy\app\Controllers\Spp.php(98): view('spp/show4', Array)
#5 C:\xampp\UTS_Enterprise_msi - Copy\system\CodeIgniter.php(825): App\Controllers\Spp->show4('2023-06-15')
#6 C:\xampp\UTS_Enterprise_msi - Copy\system\CodeIgniter.php(412): CodeIgniter\CodeIgniter->runController(Object(App\Controllers\Spp))
#7 C:\xampp\UTS_Enterprise_msi - Copy\system\CodeIgniter.php(320): CodeIgniter\CodeIgniter->handleRequest(NULL, Object(Config\Cache), false)
#8 C:\xampp\UTS_Enterprise_msi - Copy\public\index.php(37): CodeIgniter\CodeIgniter->run()
#9 C:\xampp\UTS_Enterprise_msi - Copy\system\Commands\Server\rewrite.php(43): require_once('C:\\xampp\\UTS_En...')
#10 {main}
CRITICAL - 2023-06-20 03:00:32 --> Trying to access array offset on value of type null
#0 C:\xampp\UTS_Enterprise_msi - Copy\app\Views\spp\show4.php(28): CodeIgniter\Debug\Exceptions->errorHandler(2, 'Trying to acces...', 'C:\\xampp\\UTS_En...', 28)
#1 C:\xampp\UTS_Enterprise_msi - Copy\system\View\View.php(210): include('C:\\xampp\\UTS_En...')
#2 C:\xampp\UTS_Enterprise_msi - Copy\system\View\View.php(213): CodeIgniter\View\View->CodeIgniter\View\{closure}()
#3 C:\xampp\UTS_Enterprise_msi - Copy\system\Common.php(1089): CodeIgniter\View\View->render('spp/show4', Array, true)
#4 C:\xampp\UTS_Enterprise_msi - Copy\app\Controllers\Spp.php(98): view('spp/show4', Array)
#5 C:\xampp\UTS_Enterprise_msi - Copy\system\CodeIgniter.php(825): App\Controllers\Spp->show4('2023-06-15')
#6 C:\xampp\UTS_Enterprise_msi - Copy\system\CodeIgniter.php(412): CodeIgniter\CodeIgniter->runController(Object(App\Controllers\Spp))
#7 C:\xampp\UTS_Enterprise_msi - Copy\system\CodeIgniter.php(320): CodeIgniter\CodeIgniter->handleRequest(NULL, Object(Config\Cache), false)
#8 C:\xampp\UTS_Enterprise_msi - Copy\public\index.php(37): CodeIgniter\CodeIgniter->run()
#9 C:\xampp\UTS_Enterprise_msi - Copy\system\Commands\Server\rewrite.php(43): require_once('C:\\xampp\\UTS_En...')
#10 {main}
CRITICAL - 2023-06-20 03:07:39 --> Trying to access array offset on value of type null
#0 C:\xampp\UTS_Enterprise_msi - Copy\app\Views\manajemenajaran1\edit23.php(43): CodeIgniter\Debug\Exceptions->errorHandler(2, 'Trying to acces...', 'C:\\xampp\\UTS_En...', 43)
#1 C:\xampp\UTS_Enterprise_msi - Copy\system\View\View.php(210): include('C:\\xampp\\UTS_En...')
#2 C:\xampp\UTS_Enterprise_msi - Copy\system\View\View.php(213): CodeIgniter\View\View->CodeIgniter\View\{closure}()
#3 C:\xampp\UTS_Enterprise_msi - Copy\system\Common.php(1089): CodeIgniter\View\View->render('manajemenajaran...', Array, true)
#4 C:\xampp\UTS_Enterprise_msi - Copy\app\Controllers\Manajemenajaran1.php(102): view('manajemenajaran...', Array)
#5 C:\xampp\UTS_Enterprise_msi - Copy\system\CodeIgniter.php(825): App\Controllers\Manajemenajaran1->edit23('2020', '2021')
#6 C:\xampp\UTS_Enterprise_msi - Copy\system\CodeIgniter.php(412): CodeIgniter\CodeIgniter->runController(Object(App\Controllers\Manajemenajaran1))
#7 C:\xampp\UTS_Enterprise_msi - Copy\system\CodeIgniter.php(320): CodeIgniter\CodeIgniter->handleRequest(NULL, Object(Config\Cache), false)
#8 C:\xampp\UTS_Enterprise_msi - Copy\public\index.php(37): CodeIgniter\CodeIgniter->run()
#9 C:\xampp\UTS_Enterprise_msi - Copy\system\Commands\Server\rewrite.php(43): require_once('C:\\xampp\\UTS_En...')
#10 {main}
CRITICAL - 2023-06-20 03:26:01 --> Trying to access array offset on value of type null
#0 C:\xampp\UTS_Enterprise_msi - Copy\app\Views\spp\show4.php(28): CodeIgniter\Debug\Exceptions->errorHandler(2, 'Trying to acces...', 'C:\\xampp\\UTS_En...', 28)
#1 C:\xampp\UTS_Enterprise_msi - Copy\system\View\View.php(210): include('C:\\xampp\\UTS_En...')
#2 C:\xampp\UTS_Enterprise_msi - Copy\system\View\View.php(213): CodeIgniter\View\View->CodeIgniter\View\{closure}()
#3 C:\xampp\UTS_Enterprise_msi - Copy\system\Common.php(1089): CodeIgniter\View\View->render('spp/show4', Array, true)
#4 C:\xampp\UTS_Enterprise_msi - Copy\app\Controllers\Spp.php(98): view('spp/show4', Array)
#5 C:\xampp\UTS_Enterprise_msi - Copy\system\CodeIgniter.php(825): App\Controllers\Spp->show4('222')
#6 C:\xampp\UTS_Enterprise_msi - Copy\system\CodeIgniter.php(412): CodeIgniter\CodeIgniter->runController(Object(App\Controllers\Spp))
#7 C:\xampp\UTS_Enterprise_msi - Copy\system\CodeIgniter.php(320): CodeIgniter\CodeIgniter->handleRequest(NULL, Object(Config\Cache), false)
#8 C:\xampp\UTS_Enterprise_msi - Copy\public\index.php(37): CodeIgniter\CodeIgniter->run()
#9 C:\xampp\UTS_Enterprise_msi - Copy\system\Commands\Server\rewrite.php(43): require_once('C:\\xampp\\UTS_En...')
#10 {main}
CRITICAL - 2023-06-20 03:30:05 --> Trying to access array offset on value of type null
#0 C:\xampp\UTS_Enterprise_msi - Copy\app\Views\spp\show4.php(28): CodeIgniter\Debug\Exceptions->errorHandler(2, 'Trying to acces...', 'C:\\xampp\\UTS_En...', 28)
#1 C:\xampp\UTS_Enterprise_msi - Copy\system\View\View.php(210): include('C:\\xampp\\UTS_En...')
#2 C:\xampp\UTS_Enterprise_msi - Copy\system\View\View.php(213): CodeIgniter\View\View->CodeIgniter\View\{closure}()
#3 C:\xampp\UTS_Enterprise_msi - Copy\system\Common.php(1089): CodeIgniter\View\View->render('spp/show4', Array, true)
#4 C:\xampp\UTS_Enterprise_msi - Copy\app\Controllers\Spp.php(98): view('spp/show4', Array)
#5 C:\xampp\UTS_Enterprise_msi - Copy\system\CodeIgniter.php(825): App\Controllers\Spp->show4('267365')
#6 C:\xampp\UTS_Enterprise_msi - Copy\system\CodeIgniter.php(412): CodeIgniter\CodeIgniter->runController(Object(App\Controllers\Spp))
#7 C:\xampp\UTS_Enterprise_msi - Copy\system\CodeIgniter.php(320): CodeIgniter\CodeIgniter->handleRequest(NULL, Object(Config\Cache), false)
#8 C:\xampp\UTS_Enterprise_msi - Copy\public\index.php(37): CodeIgniter\CodeIgniter->run()
#9 C:\xampp\UTS_Enterprise_msi - Copy\system\Commands\Server\rewrite.php(43): require_once('C:\\xampp\\UTS_En...')
#10 {main}
CRITICAL - 2023-06-20 03:32:19 --> Trying to access array offset on value of type null
#0 C:\xampp\UTS_Enterprise_msi - Copy\app\Views\spp\show4.php(28): CodeIgniter\Debug\Exceptions->errorHandler(2, 'Trying to acces...', 'C:\\xampp\\UTS_En...', 28)
#1 C:\xampp\UTS_Enterprise_msi - Copy\system\View\View.php(210): include('C:\\xampp\\UTS_En...')
#2 C:\xampp\UTS_Enterprise_msi - Copy\system\View\View.php(213): CodeIgniter\View\View->CodeIgniter\View\{closure}()
#3 C:\xampp\UTS_Enterprise_msi - Copy\system\Common.php(1089): CodeIgniter\View\View->render('spp/show4', Array, true)
#4 C:\xampp\UTS_Enterprise_msi - Copy\app\Controllers\Spp.php(98): view('spp/show4', Array)
#5 C:\xampp\UTS_Enterprise_msi - Copy\system\CodeIgniter.php(825): App\Controllers\Spp->show4('222')
#6 C:\xampp\UTS_Enterprise_msi - Copy\system\CodeIgniter.php(412): CodeIgniter\CodeIgniter->runController(Object(App\Controllers\Spp))
#7 C:\xampp\UTS_Enterprise_msi - Copy\system\CodeIgniter.php(320): CodeIgniter\CodeIgniter->handleRequest(NULL, Object(Config\Cache), false)
#8 C:\xampp\UTS_Enterprise_msi - Copy\public\index.php(37): CodeIgniter\CodeIgniter->run()
#9 C:\xampp\UTS_Enterprise_msi - Copy\system\Commands\Server\rewrite.php(43): require_once('C:\\xampp\\UTS_En...')
#10 {main}
CRITICAL - 2023-06-20 03:32:58 --> Trying to access array offset on value of type null
#0 C:\xampp\UTS_Enterprise_msi - Copy\app\Views\spp\show4.php(28): CodeIgniter\Debug\Exceptions->errorHandler(2, 'Trying to acces...', 'C:\\xampp\\UTS_En...', 28)
#1 C:\xampp\UTS_Enterprise_msi - Copy\system\View\View.php(210): include('C:\\xampp\\UTS_En...')
#2 C:\xampp\UTS_Enterprise_msi - Copy\system\View\View.php(213): CodeIgniter\View\View->CodeIgniter\View\{closure}()
#3 C:\xampp\UTS_Enterprise_msi - Copy\system\Common.php(1089): CodeIgniter\View\View->render('spp/show4', Array, true)
#4 C:\xampp\UTS_Enterprise_msi - Copy\app\Controllers\Spp.php(98): view('spp/show4', Array)
#5 C:\xampp\UTS_Enterprise_msi - Copy\system\CodeIgniter.php(825): App\Controllers\Spp->show4('222')
#6 C:\xampp\UTS_Enterprise_msi - Copy\system\CodeIgniter.php(412): CodeIgniter\CodeIgniter->runController(Object(App\Controllers\Spp))
#7 C:\xampp\UTS_Enterprise_msi - Copy\system\CodeIgniter.php(320): CodeIgniter\CodeIgniter->handleRequest(NULL, Object(Config\Cache), false)
#8 C:\xampp\UTS_Enterprise_msi - Copy\public\index.php(37): CodeIgniter\CodeIgniter->run()
#9 C:\xampp\UTS_Enterprise_msi - Copy\system\Commands\Server\rewrite.php(43): require_once('C:\\xampp\\UTS_En...')
#10 {main}
CRITICAL - 2023-06-20 03:37:36 --> Undefined variable $dosen0072
#0 C:\xampp\UTS_Enterprise_msi - Copy\app\Views\spp\idx4.php(102): CodeIgniter\Debug\Exceptions->errorHandler(2, 'Undefined varia...', 'C:\\xampp\\UTS_En...', 102)
#1 C:\xampp\UTS_Enterprise_msi - Copy\system\View\View.php(210): include('C:\\xampp\\UTS_En...')
#2 C:\xampp\UTS_Enterprise_msi - Copy\system\View\View.php(213): CodeIgniter\View\View->CodeIgniter\View\{closure}()
#3 C:\xampp\UTS_Enterprise_msi - Copy\system\Common.php(1089): CodeIgniter\View\View->render('spp/idx4', Array, true)
#4 C:\xampp\UTS_Enterprise_msi - Copy\app\Controllers\Spp.php(60): view('spp/idx4', Array)
#5 C:\xampp\UTS_Enterprise_msi - Copy\system\CodeIgniter.php(825): App\Controllers\Spp->index()
#6 C:\xampp\UTS_Enterprise_msi - Copy\system\CodeIgniter.php(412): CodeIgniter\CodeIgniter->runController(Object(App\Controllers\Spp))
#7 C:\xampp\UTS_Enterprise_msi - Copy\system\CodeIgniter.php(320): CodeIgniter\CodeIgniter->handleRequest(NULL, Object(Config\Cache), false)
#8 C:\xampp\UTS_Enterprise_msi - Copy\public\index.php(37): CodeIgniter\CodeIgniter->run()
#9 C:\xampp\UTS_Enterprise_msi - Copy\system\Commands\Server\rewrite.php(43): require_once('C:\\xampp\\UTS_En...')
#10 {main}
CRITICAL - 2023-06-20 05:44:54 --> Array to string conversion
#0 C:\xampp\UTS_Enterprise_msi - Copy\app\Controllers\Category.php(53): CodeIgniter\Debug\Exceptions->errorHandler(2, 'Array to string...', 'C:\\xampp\\UTS_En...', 53)
#1 C:\xampp\UTS_Enterprise_msi - Copy\system\CodeIgniter.php(825): App\Controllers\Category->index()
#2 C:\xampp\UTS_Enterprise_msi - Copy\system\CodeIgniter.php(412): CodeIgniter\CodeIgniter->runController(Object(App\Controllers\Category))
#3 C:\xampp\UTS_Enterprise_msi - Copy\system\CodeIgniter.php(320): CodeIgniter\CodeIgniter->handleRequest(NULL, Object(Config\Cache), false)
#4 C:\xampp\UTS_Enterprise_msi - Copy\public\index.php(37): CodeIgniter\CodeIgniter->run()
#5 C:\xampp\UTS_Enterprise_msi - Copy\system\Commands\Server\rewrite.php(43): require_once('C:\\xampp\\UTS_En...')
#6 {main}
CRITICAL - 2023-06-20 06:04:07 --> Invalid file: idx12.php
#0 C:\xampp\UTS_Enterprise_msi - Copy\system\View\View.php(198): CodeIgniter\Exceptions\FrameworkException::forInvalidFile('idx12.php')
#1 C:\xampp\UTS_Enterprise_msi - Copy\system\Common.php(1089): CodeIgniter\View\View->render('idx12', Array, true)
#2 C:\xampp\UTS_Enterprise_msi - Copy\app\Controllers\Sarpras.php(39): view('idx12', Array)
#3 C:\xampp\UTS_Enterprise_msi - Copy\system\CodeIgniter.php(825): App\Controllers\Sarpras->index()
#4 C:\xampp\UTS_Enterprise_msi - Copy\system\CodeIgniter.php(412): CodeIgniter\CodeIgniter->runController(Object(App\Controllers\Sarpras))
#5 C:\xampp\UTS_Enterprise_msi - Copy\system\CodeIgniter.php(320): CodeIgniter\CodeIgniter->handleRequest(NULL, Object(Config\Cache), false)
#6 C:\xampp\UTS_Enterprise_msi - Copy\public\index.php(37): CodeIgniter\CodeIgniter->run()
#7 C:\xampp\UTS_Enterprise_msi - Copy\system\Commands\Server\rewrite.php(43): require_once('C:\\xampp\\UTS_En...')
#8 {main}
CRITICAL - 2023-06-20 06:07:49 --> Invalid file: idx12.php
#0 C:\xampp\UTS_Enterprise_msi - Copy\system\View\View.php(198): CodeIgniter\Exceptions\FrameworkException::forInvalidFile('idx12.php')
#1 C:\xampp\UTS_Enterprise_msi - Copy\system\Common.php(1089): CodeIgniter\View\View->render('idx12', Array, true)
#2 C:\xampp\UTS_Enterprise_msi - Copy\app\Controllers\Sarpras.php(39): view('idx12', Array)
#3 C:\xampp\UTS_Enterprise_msi - Copy\system\CodeIgniter.php(825): App\Controllers\Sarpras->index()
#4 C:\xampp\UTS_Enterprise_msi - Copy\system\CodeIgniter.php(412): CodeIgniter\CodeIgniter->runController(Object(App\Controllers\Sarpras))
#5 C:\xampp\UTS_Enterprise_msi - Copy\system\CodeIgniter.php(320): CodeIgniter\CodeIgniter->handleRequest(NULL, Object(Config\Cache), false)
#6 C:\xampp\UTS_Enterprise_msi - Copy\public\index.php(37): CodeIgniter\CodeIgniter->run()
#7 C:\xampp\UTS_Enterprise_msi - Copy\system\Commands\Server\rewrite.php(43): require_once('C:\\xampp\\UTS_En...')
#8 {main}
CRITICAL - 2023-06-20 06:09:37 --> Invalid file: idx12.php
#0 C:\xampp\UTS_Enterprise_msi - Copy\system\View\View.php(198): CodeIgniter\Exceptions\FrameworkException::forInvalidFile('idx12.php')
#1 C:\xampp\UTS_Enterprise_msi - Copy\system\Common.php(1089): CodeIgniter\View\View->render('idx12', Array, true)
#2 C:\xampp\UTS_Enterprise_msi - Copy\app\Controllers\Sarpras.php(38): view('idx12', Array)
#3 C:\xampp\UTS_Enterprise_msi - Copy\system\CodeIgniter.php(825): App\Controllers\Sarpras->index()
#4 C:\xampp\UTS_Enterprise_msi - Copy\system\CodeIgniter.php(412): CodeIgniter\CodeIgniter->runController(Object(App\Controllers\Sarpras))
#5 C:\xampp\UTS_Enterprise_msi - Copy\system\CodeIgniter.php(320): CodeIgniter\CodeIgniter->handleRequest(NULL, Object(Config\Cache), false)
#6 C:\xampp\UTS_Enterprise_msi - Copy\public\index.php(37): CodeIgniter\CodeIgniter->run()
#7 C:\xampp\UTS_Enterprise_msi - Copy\system\Commands\Server\rewrite.php(43): require_once('C:\\xampp\\UTS_En...')
#8 {main}
CRITICAL - 2023-06-20 06:09:39 --> Invalid file: idx12.php
#0 C:\xampp\UTS_Enterprise_msi - Copy\system\View\View.php(198): CodeIgniter\Exceptions\FrameworkException::forInvalidFile('idx12.php')
#1 C:\xampp\UTS_Enterprise_msi - Copy\system\Common.php(1089): CodeIgniter\View\View->render('idx12', Array, true)
#2 C:\xampp\UTS_Enterprise_msi - Copy\app\Controllers\Sarpras.php(38): view('idx12', Array)
#3 C:\xampp\UTS_Enterprise_msi - Copy\system\CodeIgniter.php(825): App\Controllers\Sarpras->index()
#4 C:\xampp\UTS_Enterprise_msi - Copy\system\CodeIgniter.php(412): CodeIgniter\CodeIgniter->runController(Object(App\Controllers\Sarpras))
#5 C:\xampp\UTS_Enterprise_msi - Copy\system\CodeIgniter.php(320): CodeIgniter\CodeIgniter->handleRequest(NULL, Object(Config\Cache), false)
#6 C:\xampp\UTS_Enterprise_msi - Copy\public\index.php(37): CodeIgniter\CodeIgniter->run()
#7 C:\xampp\UTS_Enterprise_msi - Copy\system\Commands\Server\rewrite.php(43): require_once('C:\\xampp\\UTS_En...')
#8 {main}
CRITICAL - 2023-06-20 06:09:40 --> Invalid file: idx12.php
#0 C:\xampp\UTS_Enterprise_msi - Copy\system\View\View.php(198): CodeIgniter\Exceptions\FrameworkException::forInvalidFile('idx12.php')
#1 C:\xampp\UTS_Enterprise_msi - Copy\system\Common.php(1089): CodeIgniter\View\View->render('idx12', Array, true)
#2 C:\xampp\UTS_Enterprise_msi - Copy\app\Controllers\Sarpras.php(38): view('idx12', Array)
#3 C:\xampp\UTS_Enterprise_msi - Copy\system\CodeIgniter.php(825): App\Controllers\Sarpras->index()
#4 C:\xampp\UTS_Enterprise_msi - Copy\system\CodeIgniter.php(412): CodeIgniter\CodeIgniter->runController(Object(App\Controllers\Sarpras))
#5 C:\xampp\UTS_Enterprise_msi - Copy\system\CodeIgniter.php(320): CodeIgniter\CodeIgniter->handleRequest(NULL, Object(Config\Cache), false)
#6 C:\xampp\UTS_Enterprise_msi - Copy\public\index.php(37): CodeIgniter\CodeIgniter->run()
#7 C:\xampp\UTS_Enterprise_msi - Copy\system\Commands\Server\rewrite.php(43): require_once('C:\\xampp\\UTS_En...')
#8 {main}
CRITICAL - 2023-06-20 06:09:41 --> Invalid file: idx12.php
#0 C:\xampp\UTS_Enterprise_msi - Copy\system\View\View.php(198): CodeIgniter\Exceptions\FrameworkException::forInvalidFile('idx12.php')
#1 C:\xampp\UTS_Enterprise_msi - Copy\system\Common.php(1089): CodeIgniter\View\View->render('idx12', Array, true)
#2 C:\xampp\UTS_Enterprise_msi - Copy\app\Controllers\Sarpras.php(38): view('idx12', Array)
#3 C:\xampp\UTS_Enterprise_msi - Copy\system\CodeIgniter.php(825): App\Controllers\Sarpras->index()
#4 C:\xampp\UTS_Enterprise_msi - Copy\system\CodeIgniter.php(412): CodeIgniter\CodeIgniter->runController(Object(App\Controllers\Sarpras))
#5 C:\xampp\UTS_Enterprise_msi - Copy\system\CodeIgniter.php(320): CodeIgniter\CodeIgniter->handleRequest(NULL, Object(Config\Cache), false)
#6 C:\xampp\UTS_Enterprise_msi - Copy\public\index.php(37): CodeIgniter\CodeIgniter->run()
#7 C:\xampp\UTS_Enterprise_msi - Copy\system\Commands\Server\rewrite.php(43): require_once('C:\\xampp\\UTS_En...')
#8 {main}
CRITICAL - 2023-06-20 06:10:55 --> guruprofil is not a validation rules group.
#0 C:\xampp\UTS_Enterprise_msi - Copy\system\Validation\Validation.php(543): CodeIgniter\Validation\Exceptions\ValidationException::forGroupNotFound('guruprofil')
#1 C:\xampp\UTS_Enterprise_msi - Copy\system\Validation\Validation.php(116): CodeIgniter\Validation\Validation->loadRuleGroup('guruprofil')
#2 C:\xampp\UTS_Enterprise_msi - Copy\app\Controllers\Guruprofil.php(143): CodeIgniter\Validation\Validation->run(Array, 'guruprofil')
#3 C:\xampp\UTS_Enterprise_msi - Copy\system\CodeIgniter.php(825): App\Controllers\Guruprofil->update14()
#4 C:\xampp\UTS_Enterprise_msi - Copy\system\CodeIgniter.php(412): CodeIgniter\CodeIgniter->runController(Object(App\Controllers\Guruprofil))
#5 C:\xampp\UTS_Enterprise_msi - Copy\system\CodeIgniter.php(320): CodeIgniter\CodeIgniter->handleRequest(NULL, Object(Config\Cache), false)
#6 C:\xampp\UTS_Enterprise_msi - Copy\public\index.php(37): CodeIgniter\CodeIgniter->run()
#7 C:\xampp\UTS_Enterprise_msi - Copy\system\Commands\Server\rewrite.php(43): require_once('C:\\xampp\\UTS_En...')
#8 {main}
CRITICAL - 2023-06-20 06:11:14 --> guruprofil is not a validation rules group.
#0 C:\xampp\UTS_Enterprise_msi - Copy\system\Validation\Validation.php(543): CodeIgniter\Validation\Exceptions\ValidationException::forGroupNotFound('guruprofil')
#1 C:\xampp\UTS_Enterprise_msi - Copy\system\Validation\Validation.php(116): CodeIgniter\Validation\Validation->loadRuleGroup('guruprofil')
#2 C:\xampp\UTS_Enterprise_msi - Copy\app\Controllers\Guruprofil.php(143): CodeIgniter\Validation\Validation->run(Array, 'guruprofil')
#3 C:\xampp\UTS_Enterprise_msi - Copy\system\CodeIgniter.php(825): App\Controllers\Guruprofil->update14()
#4 C:\xampp\UTS_Enterprise_msi - Copy\system\CodeIgniter.php(412): CodeIgniter\CodeIgniter->runController(Object(App\Controllers\Guruprofil))
#5 C:\xampp\UTS_Enterprise_msi - Copy\system\CodeIgniter.php(320): CodeIgniter\CodeIgniter->handleRequest(NULL, Object(Config\Cache), false)
#6 C:\xampp\UTS_Enterprise_msi - Copy\public\index.php(37): CodeIgniter\CodeIgniter->run()
#7 C:\xampp\UTS_Enterprise_msi - Copy\system\Commands\Server\rewrite.php(43): require_once('C:\\xampp\\UTS_En...')
#8 {main}
