CRITICAL - 2023-06-08 07:24:20 --> Undefined array key "nama_guru"
#0 C:\xampp\UTS_Enterprise_msi\app\Views\penjadwalan\idx16.php(33): CodeIgniter\Debug\Exceptions->errorHandler(2, 'Undefined array...', 'C:\\xampp\\UTS_En...', 33)
#1 C:\xampp\UTS_Enterprise_msi\system\View\View.php(210): include('C:\\xampp\\UTS_En...')
#2 C:\xampp\UTS_Enterprise_msi\system\View\View.php(213): CodeIgniter\View\View->CodeIgniter\View\{closure}()
#3 C:\xampp\UTS_Enterprise_msi\system\Common.php(1089): CodeIgniter\View\View->render('penjadwalan/idx...', Array, true)
#4 C:\xampp\UTS_Enterprise_msi\app\Controllers\Penjadwalan.php(27): view('penjadwalan/idx...', Array)
#5 C:\xampp\UTS_Enterprise_msi\system\CodeIgniter.php(825): App\Controllers\Penjadwalan->index()
#6 C:\xampp\UTS_Enterprise_msi\system\CodeIgniter.php(412): CodeIgniter\CodeIgniter->runController(Object(App\Controllers\Penjadwalan))
#7 C:\xampp\UTS_Enterprise_msi\system\CodeIgniter.php(320): CodeIgniter\CodeIgniter->handleRequest(NULL, Object(Config\Cache), false)
#8 C:\xampp\UTS_Enterprise_msi\public\index.php(37): CodeIgniter\CodeIgniter->run()
#9 C:\xampp\UTS_Enterprise_msi\system\Commands\Server\rewrite.php(43): require_once('C:\\xampp\\UTS_En...')
#10 {main}
CRITICAL - 2023-06-08 07:26:07 --> Undefined array key "nama_guru"
#0 C:\xampp\UTS_Enterprise_msi\app\Views\penjadwalan\idx16.php(33): CodeIgniter\Debug\Exceptions->errorHandler(2, 'Undefined array...', 'C:\\xampp\\UTS_En...', 33)
#1 C:\xampp\UTS_Enterprise_msi\system\View\View.php(210): include('C:\\xampp\\UTS_En...')
#2 C:\xampp\UTS_Enterprise_msi\system\View\View.php(213): CodeIgniter\View\View->CodeIgniter\View\{closure}()
#3 C:\xampp\UTS_Enterprise_msi\system\Common.php(1089): CodeIgniter\View\View->render('penjadwalan/idx...', Array, true)
#4 C:\xampp\UTS_Enterprise_msi\app\Controllers\Penjadwalan.php(27): view('penjadwalan/idx...', Array)
#5 C:\xampp\UTS_Enterprise_msi\system\CodeIgniter.php(825): App\Controllers\Penjadwalan->index()
#6 C:\xampp\UTS_Enterprise_msi\system\CodeIgniter.php(412): CodeIgniter\CodeIgniter->runController(Object(App\Controllers\Penjadwalan))
#7 C:\xampp\UTS_Enterprise_msi\system\CodeIgniter.php(320): CodeIgniter\CodeIgniter->handleRequest(NULL, Object(Config\Cache), false)
#8 C:\xampp\UTS_Enterprise_msi\public\index.php(37): CodeIgniter\CodeIgniter->run()
#9 C:\xampp\UTS_Enterprise_msi\system\Commands\Server\rewrite.php(43): require_once('C:\\xampp\\UTS_En...')
#10 {main}
CRITICAL - 2023-06-08 07:26:08 --> Undefined array key "nama_guru"
#0 C:\xampp\UTS_Enterprise_msi\app\Views\penjadwalan\idx16.php(33): CodeIgniter\Debug\Exceptions->errorHandler(2, 'Undefined array...', 'C:\\xampp\\UTS_En...', 33)
#1 C:\xampp\UTS_Enterprise_msi\system\View\View.php(210): include('C:\\xampp\\UTS_En...')
#2 C:\xampp\UTS_Enterprise_msi\system\View\View.php(213): CodeIgniter\View\View->CodeIgniter\View\{closure}()
#3 C:\xampp\UTS_Enterprise_msi\system\Common.php(1089): CodeIgniter\View\View->render('penjadwalan/idx...', Array, true)
#4 C:\xampp\UTS_Enterprise_msi\app\Controllers\Penjadwalan.php(27): view('penjadwalan/idx...', Array)
#5 C:\xampp\UTS_Enterprise_msi\system\CodeIgniter.php(825): App\Controllers\Penjadwalan->index()
#6 C:\xampp\UTS_Enterprise_msi\system\CodeIgniter.php(412): CodeIgniter\CodeIgniter->runController(Object(App\Controllers\Penjadwalan))
#7 C:\xampp\UTS_Enterprise_msi\system\CodeIgniter.php(320): CodeIgniter\CodeIgniter->handleRequest(NULL, Object(Config\Cache), false)
#8 C:\xampp\UTS_Enterprise_msi\public\index.php(37): CodeIgniter\CodeIgniter->run()
#9 C:\xampp\UTS_Enterprise_msi\system\Commands\Server\rewrite.php(43): require_once('C:\\xampp\\UTS_En...')
#10 {main}
CRITICAL - 2023-06-08 07:28:15 --> Undefined variable $pegawai
#0 C:\xampp\UTS_Enterprise_msi\app\Views\penjadwalan\idx16.php(32): CodeIgniter\Debug\Exceptions->errorHandler(2, 'Undefined varia...', 'C:\\xampp\\UTS_En...', 32)
#1 C:\xampp\UTS_Enterprise_msi\system\View\View.php(210): include('C:\\xampp\\UTS_En...')
#2 C:\xampp\UTS_Enterprise_msi\system\View\View.php(213): CodeIgniter\View\View->CodeIgniter\View\{closure}()
#3 C:\xampp\UTS_Enterprise_msi\system\Common.php(1089): CodeIgniter\View\View->render('penjadwalan/idx...', Array, true)
#4 C:\xampp\UTS_Enterprise_msi\app\Controllers\Penjadwalan.php(27): view('penjadwalan/idx...', Array)
#5 C:\xampp\UTS_Enterprise_msi\system\CodeIgniter.php(825): App\Controllers\Penjadwalan->index()
#6 C:\xampp\UTS_Enterprise_msi\system\CodeIgniter.php(412): CodeIgniter\CodeIgniter->runController(Object(App\Controllers\Penjadwalan))
#7 C:\xampp\UTS_Enterprise_msi\system\CodeIgniter.php(320): CodeIgniter\CodeIgniter->handleRequest(NULL, Object(Config\Cache), false)
#8 C:\xampp\UTS_Enterprise_msi\public\index.php(37): CodeIgniter\CodeIgniter->run()
#9 C:\xampp\UTS_Enterprise_msi\system\Commands\Server\rewrite.php(43): require_once('C:\\xampp\\UTS_En...')
#10 {main}
CRITICAL - 2023-06-08 07:29:36 --> Undefined variable $dosen0072
#0 C:\xampp\UTS_Enterprise_msi\app\Views\penjadwalan\idx16.php(32): CodeIgniter\Debug\Exceptions->errorHandler(2, 'Undefined varia...', 'C:\\xampp\\UTS_En...', 32)
#1 C:\xampp\UTS_Enterprise_msi\system\View\View.php(210): include('C:\\xampp\\UTS_En...')
#2 C:\xampp\UTS_Enterprise_msi\system\View\View.php(213): CodeIgniter\View\View->CodeIgniter\View\{closure}()
#3 C:\xampp\UTS_Enterprise_msi\system\Common.php(1089): CodeIgniter\View\View->render('penjadwalan/idx...', Array, true)
#4 C:\xampp\UTS_Enterprise_msi\app\Controllers\Penjadwalan.php(27): view('penjadwalan/idx...', Array)
#5 C:\xampp\UTS_Enterprise_msi\system\CodeIgniter.php(825): App\Controllers\Penjadwalan->index()
#6 C:\xampp\UTS_Enterprise_msi\system\CodeIgniter.php(412): CodeIgniter\CodeIgniter->runController(Object(App\Controllers\Penjadwalan))
#7 C:\xampp\UTS_Enterprise_msi\system\CodeIgniter.php(320): CodeIgniter\CodeIgniter->handleRequest(NULL, Object(Config\Cache), false)
#8 C:\xampp\UTS_Enterprise_msi\public\index.php(37): CodeIgniter\CodeIgniter->run()
#9 C:\xampp\UTS_Enterprise_msi\system\Commands\Server\rewrite.php(43): require_once('C:\\xampp\\UTS_En...')
#10 {main}
CRITICAL - 2023-06-08 07:30:22 --> Undefined variable $dosen0072
#0 C:\xampp\UTS_Enterprise_msi\app\Views\penjadwalan\idx16.php(32): CodeIgniter\Debug\Exceptions->errorHandler(2, 'Undefined varia...', 'C:\\xampp\\UTS_En...', 32)
#1 C:\xampp\UTS_Enterprise_msi\system\View\View.php(210): include('C:\\xampp\\UTS_En...')
#2 C:\xampp\UTS_Enterprise_msi\system\View\View.php(213): CodeIgniter\View\View->CodeIgniter\View\{closure}()
#3 C:\xampp\UTS_Enterprise_msi\system\Common.php(1089): CodeIgniter\View\View->render('penjadwalan/idx...', Array, true)
#4 C:\xampp\UTS_Enterprise_msi\app\Controllers\Penjadwalan.php(27): view('penjadwalan/idx...', Array)
#5 C:\xampp\UTS_Enterprise_msi\system\CodeIgniter.php(825): App\Controllers\Penjadwalan->index()
#6 C:\xampp\UTS_Enterprise_msi\system\CodeIgniter.php(412): CodeIgniter\CodeIgniter->runController(Object(App\Controllers\Penjadwalan))
#7 C:\xampp\UTS_Enterprise_msi\system\CodeIgniter.php(320): CodeIgniter\CodeIgniter->handleRequest(NULL, Object(Config\Cache), false)
#8 C:\xampp\UTS_Enterprise_msi\public\index.php(37): CodeIgniter\CodeIgniter->run()
#9 C:\xampp\UTS_Enterprise_msi\system\Commands\Server\rewrite.php(43): require_once('C:\\xampp\\UTS_En...')
#10 {main}
CRITICAL - 2023-06-08 07:30:23 --> Undefined variable $dosen0072
#0 C:\xampp\UTS_Enterprise_msi\app\Views\penjadwalan\idx16.php(32): CodeIgniter\Debug\Exceptions->errorHandler(2, 'Undefined varia...', 'C:\\xampp\\UTS_En...', 32)
#1 C:\xampp\UTS_Enterprise_msi\system\View\View.php(210): include('C:\\xampp\\UTS_En...')
#2 C:\xampp\UTS_Enterprise_msi\system\View\View.php(213): CodeIgniter\View\View->CodeIgniter\View\{closure}()
#3 C:\xampp\UTS_Enterprise_msi\system\Common.php(1089): CodeIgniter\View\View->render('penjadwalan/idx...', Array, true)
#4 C:\xampp\UTS_Enterprise_msi\app\Controllers\Penjadwalan.php(27): view('penjadwalan/idx...', Array)
#5 C:\xampp\UTS_Enterprise_msi\system\CodeIgniter.php(825): App\Controllers\Penjadwalan->index()
#6 C:\xampp\UTS_Enterprise_msi\system\CodeIgniter.php(412): CodeIgniter\CodeIgniter->runController(Object(App\Controllers\Penjadwalan))
#7 C:\xampp\UTS_Enterprise_msi\system\CodeIgniter.php(320): CodeIgniter\CodeIgniter->handleRequest(NULL, Object(Config\Cache), false)
#8 C:\xampp\UTS_Enterprise_msi\public\index.php(37): CodeIgniter\CodeIgniter->run()
#9 C:\xampp\UTS_Enterprise_msi\system\Commands\Server\rewrite.php(43): require_once('C:\\xampp\\UTS_En...')
#10 {main}
CRITICAL - 2023-06-08 07:32:18 --> Undefined variable $pegawai
#0 C:\xampp\UTS_Enterprise_msi\app\Views\penjadwalan\idx16.php(32): CodeIgniter\Debug\Exceptions->errorHandler(2, 'Undefined varia...', 'C:\\xampp\\UTS_En...', 32)
#1 C:\xampp\UTS_Enterprise_msi\system\View\View.php(210): include('C:\\xampp\\UTS_En...')
#2 C:\xampp\UTS_Enterprise_msi\system\View\View.php(213): CodeIgniter\View\View->CodeIgniter\View\{closure}()
#3 C:\xampp\UTS_Enterprise_msi\system\Common.php(1089): CodeIgniter\View\View->render('penjadwalan/idx...', Array, true)
#4 C:\xampp\UTS_Enterprise_msi\app\Controllers\Penjadwalan.php(27): view('penjadwalan/idx...', Array)
#5 C:\xampp\UTS_Enterprise_msi\system\CodeIgniter.php(825): App\Controllers\Penjadwalan->index()
#6 C:\xampp\UTS_Enterprise_msi\system\CodeIgniter.php(412): CodeIgniter\CodeIgniter->runController(Object(App\Controllers\Penjadwalan))
#7 C:\xampp\UTS_Enterprise_msi\system\CodeIgniter.php(320): CodeIgniter\CodeIgniter->handleRequest(NULL, Object(Config\Cache), false)
#8 C:\xampp\UTS_Enterprise_msi\public\index.php(37): CodeIgniter\CodeIgniter->run()
#9 C:\xampp\UTS_Enterprise_msi\system\Commands\Server\rewrite.php(43): require_once('C:\\xampp\\UTS_En...')
#10 {main}
CRITICAL - 2023-06-08 07:33:57 --> Undefined variable $dosen0072
#0 C:\xampp\UTS_Enterprise_msi\app\Views\penjadwalan\idx16.php(32): CodeIgniter\Debug\Exceptions->errorHandler(2, 'Undefined varia...', 'C:\\xampp\\UTS_En...', 32)
#1 C:\xampp\UTS_Enterprise_msi\system\View\View.php(210): include('C:\\xampp\\UTS_En...')
#2 C:\xampp\UTS_Enterprise_msi\system\View\View.php(213): CodeIgniter\View\View->CodeIgniter\View\{closure}()
#3 C:\xampp\UTS_Enterprise_msi\system\Common.php(1089): CodeIgniter\View\View->render('penjadwalan/idx...', Array, true)
#4 C:\xampp\UTS_Enterprise_msi\app\Controllers\Penjadwalan.php(27): view('penjadwalan/idx...', Array)
#5 C:\xampp\UTS_Enterprise_msi\system\CodeIgniter.php(825): App\Controllers\Penjadwalan->index()
#6 C:\xampp\UTS_Enterprise_msi\system\CodeIgniter.php(412): CodeIgniter\CodeIgniter->runController(Object(App\Controllers\Penjadwalan))
#7 C:\xampp\UTS_Enterprise_msi\system\CodeIgniter.php(320): CodeIgniter\CodeIgniter->handleRequest(NULL, Object(Config\Cache), false)
#8 C:\xampp\UTS_Enterprise_msi\public\index.php(37): CodeIgniter\CodeIgniter->run()
#9 C:\xampp\UTS_Enterprise_msi\system\Commands\Server\rewrite.php(43): require_once('C:\\xampp\\UTS_En...')
#10 {main}
CRITICAL - 2023-06-08 07:33:58 --> Undefined variable $dosen0072
#0 C:\xampp\UTS_Enterprise_msi\app\Views\penjadwalan\idx16.php(32): CodeIgniter\Debug\Exceptions->errorHandler(2, 'Undefined varia...', 'C:\\xampp\\UTS_En...', 32)
#1 C:\xampp\UTS_Enterprise_msi\system\View\View.php(210): include('C:\\xampp\\UTS_En...')
#2 C:\xampp\UTS_Enterprise_msi\system\View\View.php(213): CodeIgniter\View\View->CodeIgniter\View\{closure}()
#3 C:\xampp\UTS_Enterprise_msi\system\Common.php(1089): CodeIgniter\View\View->render('penjadwalan/idx...', Array, true)
#4 C:\xampp\UTS_Enterprise_msi\app\Controllers\Penjadwalan.php(27): view('penjadwalan/idx...', Array)
#5 C:\xampp\UTS_Enterprise_msi\system\CodeIgniter.php(825): App\Controllers\Penjadwalan->index()
#6 C:\xampp\UTS_Enterprise_msi\system\CodeIgniter.php(412): CodeIgniter\CodeIgniter->runController(Object(App\Controllers\Penjadwalan))
#7 C:\xampp\UTS_Enterprise_msi\system\CodeIgniter.php(320): CodeIgniter\CodeIgniter->handleRequest(NULL, Object(Config\Cache), false)
#8 C:\xampp\UTS_Enterprise_msi\public\index.php(37): CodeIgniter\CodeIgniter->run()
#9 C:\xampp\UTS_Enterprise_msi\system\Commands\Server\rewrite.php(43): require_once('C:\\xampp\\UTS_En...')
#10 {main}
CRITICAL - 2023-06-08 07:40:34 --> Undefined variable $dosen0072
#0 C:\xampp\UTS_Enterprise_msi\app\Views\penjadwalan\idx16.php(32): CodeIgniter\Debug\Exceptions->errorHandler(2, 'Undefined varia...', 'C:\\xampp\\UTS_En...', 32)
#1 C:\xampp\UTS_Enterprise_msi\system\View\View.php(210): include('C:\\xampp\\UTS_En...')
#2 C:\xampp\UTS_Enterprise_msi\system\View\View.php(213): CodeIgniter\View\View->CodeIgniter\View\{closure}()
#3 C:\xampp\UTS_Enterprise_msi\system\Common.php(1089): CodeIgniter\View\View->render('penjadwalan/idx...', Array, true)
#4 C:\xampp\UTS_Enterprise_msi\app\Controllers\Penjadwalan.php(27): view('penjadwalan/idx...', Array)
#5 C:\xampp\UTS_Enterprise_msi\system\CodeIgniter.php(825): App\Controllers\Penjadwalan->index()
#6 C:\xampp\UTS_Enterprise_msi\system\CodeIgniter.php(412): CodeIgniter\CodeIgniter->runController(Object(App\Controllers\Penjadwalan))
#7 C:\xampp\UTS_Enterprise_msi\system\CodeIgniter.php(320): CodeIgniter\CodeIgniter->handleRequest(NULL, Object(Config\Cache), false)
#8 C:\xampp\UTS_Enterprise_msi\public\index.php(37): CodeIgniter\CodeIgniter->run()
#9 C:\xampp\UTS_Enterprise_msi\system\Commands\Server\rewrite.php(43): require_once('C:\\xampp\\UTS_En...')
#10 {main}
CRITICAL - 2023-06-08 07:41:19 --> Undefined variable $dosen0072
#0 C:\xampp\UTS_Enterprise_msi\app\Views\penjadwalan\idx16.php(32): CodeIgniter\Debug\Exceptions->errorHandler(2, 'Undefined varia...', 'C:\\xampp\\UTS_En...', 32)
#1 C:\xampp\UTS_Enterprise_msi\system\View\View.php(210): include('C:\\xampp\\UTS_En...')
#2 C:\xampp\UTS_Enterprise_msi\system\View\View.php(213): CodeIgniter\View\View->CodeIgniter\View\{closure}()
#3 C:\xampp\UTS_Enterprise_msi\system\Common.php(1089): CodeIgniter\View\View->render('penjadwalan/idx...', Array, true)
#4 C:\xampp\UTS_Enterprise_msi\app\Controllers\Penjadwalan.php(27): view('penjadwalan/idx...', Array)
#5 C:\xampp\UTS_Enterprise_msi\system\CodeIgniter.php(825): App\Controllers\Penjadwalan->index()
#6 C:\xampp\UTS_Enterprise_msi\system\CodeIgniter.php(412): CodeIgniter\CodeIgniter->runController(Object(App\Controllers\Penjadwalan))
#7 C:\xampp\UTS_Enterprise_msi\system\CodeIgniter.php(320): CodeIgniter\CodeIgniter->handleRequest(NULL, Object(Config\Cache), false)
#8 C:\xampp\UTS_Enterprise_msi\public\index.php(37): CodeIgniter\CodeIgniter->run()
#9 C:\xampp\UTS_Enterprise_msi\system\Commands\Server\rewrite.php(43): require_once('C:\\xampp\\UTS_En...')
#10 {main}
CRITICAL - 2023-06-08 07:41:19 --> Undefined variable $dosen0072
#0 C:\xampp\UTS_Enterprise_msi\app\Views\penjadwalan\idx16.php(32): CodeIgniter\Debug\Exceptions->errorHandler(2, 'Undefined varia...', 'C:\\xampp\\UTS_En...', 32)
#1 C:\xampp\UTS_Enterprise_msi\system\View\View.php(210): include('C:\\xampp\\UTS_En...')
#2 C:\xampp\UTS_Enterprise_msi\system\View\View.php(213): CodeIgniter\View\View->CodeIgniter\View\{closure}()
#3 C:\xampp\UTS_Enterprise_msi\system\Common.php(1089): CodeIgniter\View\View->render('penjadwalan/idx...', Array, true)
#4 C:\xampp\UTS_Enterprise_msi\app\Controllers\Penjadwalan.php(27): view('penjadwalan/idx...', Array)
#5 C:\xampp\UTS_Enterprise_msi\system\CodeIgniter.php(825): App\Controllers\Penjadwalan->index()
#6 C:\xampp\UTS_Enterprise_msi\system\CodeIgniter.php(412): CodeIgniter\CodeIgniter->runController(Object(App\Controllers\Penjadwalan))
#7 C:\xampp\UTS_Enterprise_msi\system\CodeIgniter.php(320): CodeIgniter\CodeIgniter->handleRequest(NULL, Object(Config\Cache), false)
#8 C:\xampp\UTS_Enterprise_msi\public\index.php(37): CodeIgniter\CodeIgniter->run()
#9 C:\xampp\UTS_Enterprise_msi\system\Commands\Server\rewrite.php(43): require_once('C:\\xampp\\UTS_En...')
#10 {main}
CRITICAL - 2023-06-08 07:41:20 --> Undefined variable $dosen0072
#0 C:\xampp\UTS_Enterprise_msi\app\Views\penjadwalan\idx16.php(32): CodeIgniter\Debug\Exceptions->errorHandler(2, 'Undefined varia...', 'C:\\xampp\\UTS_En...', 32)
#1 C:\xampp\UTS_Enterprise_msi\system\View\View.php(210): include('C:\\xampp\\UTS_En...')
#2 C:\xampp\UTS_Enterprise_msi\system\View\View.php(213): CodeIgniter\View\View->CodeIgniter\View\{closure}()
#3 C:\xampp\UTS_Enterprise_msi\system\Common.php(1089): CodeIgniter\View\View->render('penjadwalan/idx...', Array, true)
#4 C:\xampp\UTS_Enterprise_msi\app\Controllers\Penjadwalan.php(27): view('penjadwalan/idx...', Array)
#5 C:\xampp\UTS_Enterprise_msi\system\CodeIgniter.php(825): App\Controllers\Penjadwalan->index()
#6 C:\xampp\UTS_Enterprise_msi\system\CodeIgniter.php(412): CodeIgniter\CodeIgniter->runController(Object(App\Controllers\Penjadwalan))
#7 C:\xampp\UTS_Enterprise_msi\system\CodeIgniter.php(320): CodeIgniter\CodeIgniter->handleRequest(NULL, Object(Config\Cache), false)
#8 C:\xampp\UTS_Enterprise_msi\public\index.php(37): CodeIgniter\CodeIgniter->run()
#9 C:\xampp\UTS_Enterprise_msi\system\Commands\Server\rewrite.php(43): require_once('C:\\xampp\\UTS_En...')
#10 {main}
CRITICAL - 2023-06-08 07:41:20 --> Undefined variable $dosen0072
#0 C:\xampp\UTS_Enterprise_msi\app\Views\penjadwalan\idx16.php(32): CodeIgniter\Debug\Exceptions->errorHandler(2, 'Undefined varia...', 'C:\\xampp\\UTS_En...', 32)
#1 C:\xampp\UTS_Enterprise_msi\system\View\View.php(210): include('C:\\xampp\\UTS_En...')
#2 C:\xampp\UTS_Enterprise_msi\system\View\View.php(213): CodeIgniter\View\View->CodeIgniter\View\{closure}()
#3 C:\xampp\UTS_Enterprise_msi\system\Common.php(1089): CodeIgniter\View\View->render('penjadwalan/idx...', Array, true)
#4 C:\xampp\UTS_Enterprise_msi\app\Controllers\Penjadwalan.php(27): view('penjadwalan/idx...', Array)
#5 C:\xampp\UTS_Enterprise_msi\system\CodeIgniter.php(825): App\Controllers\Penjadwalan->index()
#6 C:\xampp\UTS_Enterprise_msi\system\CodeIgniter.php(412): CodeIgniter\CodeIgniter->runController(Object(App\Controllers\Penjadwalan))
#7 C:\xampp\UTS_Enterprise_msi\system\CodeIgniter.php(320): CodeIgniter\CodeIgniter->handleRequest(NULL, Object(Config\Cache), false)
#8 C:\xampp\UTS_Enterprise_msi\public\index.php(37): CodeIgniter\CodeIgniter->run()
#9 C:\xampp\UTS_Enterprise_msi\system\Commands\Server\rewrite.php(43): require_once('C:\\xampp\\UTS_En...')
#10 {main}
CRITICAL - 2023-06-08 07:41:21 --> Undefined variable $dosen0072
#0 C:\xampp\UTS_Enterprise_msi\app\Views\penjadwalan\idx16.php(32): CodeIgniter\Debug\Exceptions->errorHandler(2, 'Undefined varia...', 'C:\\xampp\\UTS_En...', 32)
#1 C:\xampp\UTS_Enterprise_msi\system\View\View.php(210): include('C:\\xampp\\UTS_En...')
#2 C:\xampp\UTS_Enterprise_msi\system\View\View.php(213): CodeIgniter\View\View->CodeIgniter\View\{closure}()
#3 C:\xampp\UTS_Enterprise_msi\system\Common.php(1089): CodeIgniter\View\View->render('penjadwalan/idx...', Array, true)
#4 C:\xampp\UTS_Enterprise_msi\app\Controllers\Penjadwalan.php(27): view('penjadwalan/idx...', Array)
#5 C:\xampp\UTS_Enterprise_msi\system\CodeIgniter.php(825): App\Controllers\Penjadwalan->index()
#6 C:\xampp\UTS_Enterprise_msi\system\CodeIgniter.php(412): CodeIgniter\CodeIgniter->runController(Object(App\Controllers\Penjadwalan))
#7 C:\xampp\UTS_Enterprise_msi\system\CodeIgniter.php(320): CodeIgniter\CodeIgniter->handleRequest(NULL, Object(Config\Cache), false)
#8 C:\xampp\UTS_Enterprise_msi\public\index.php(37): CodeIgniter\CodeIgniter->run()
#9 C:\xampp\UTS_Enterprise_msi\system\Commands\Server\rewrite.php(43): require_once('C:\\xampp\\UTS_En...')
#10 {main}
CRITICAL - 2023-06-08 07:41:22 --> Undefined variable $dosen0072
#0 C:\xampp\UTS_Enterprise_msi\app\Views\penjadwalan\idx16.php(32): CodeIgniter\Debug\Exceptions->errorHandler(2, 'Undefined varia...', 'C:\\xampp\\UTS_En...', 32)
#1 C:\xampp\UTS_Enterprise_msi\system\View\View.php(210): include('C:\\xampp\\UTS_En...')
#2 C:\xampp\UTS_Enterprise_msi\system\View\View.php(213): CodeIgniter\View\View->CodeIgniter\View\{closure}()
#3 C:\xampp\UTS_Enterprise_msi\system\Common.php(1089): CodeIgniter\View\View->render('penjadwalan/idx...', Array, true)
#4 C:\xampp\UTS_Enterprise_msi\app\Controllers\Penjadwalan.php(27): view('penjadwalan/idx...', Array)
#5 C:\xampp\UTS_Enterprise_msi\system\CodeIgniter.php(825): App\Controllers\Penjadwalan->index()
#6 C:\xampp\UTS_Enterprise_msi\system\CodeIgniter.php(412): CodeIgniter\CodeIgniter->runController(Object(App\Controllers\Penjadwalan))
#7 C:\xampp\UTS_Enterprise_msi\system\CodeIgniter.php(320): CodeIgniter\CodeIgniter->handleRequest(NULL, Object(Config\Cache), false)
#8 C:\xampp\UTS_Enterprise_msi\public\index.php(37): CodeIgniter\CodeIgniter->run()
#9 C:\xampp\UTS_Enterprise_msi\system\Commands\Server\rewrite.php(43): require_once('C:\\xampp\\UTS_En...')
#10 {main}
CRITICAL - 2023-06-08 07:42:57 --> Undefined variable $dosen0072
#0 C:\xampp\UTS_Enterprise_msi\app\Views\penjadwalan\create16.php(32): CodeIgniter\Debug\Exceptions->errorHandler(2, 'Undefined varia...', 'C:\\xampp\\UTS_En...', 32)
#1 C:\xampp\UTS_Enterprise_msi\system\View\View.php(210): include('C:\\xampp\\UTS_En...')
#2 C:\xampp\UTS_Enterprise_msi\system\View\View.php(213): CodeIgniter\View\View->CodeIgniter\View\{closure}()
#3 C:\xampp\UTS_Enterprise_msi\system\Common.php(1089): CodeIgniter\View\View->render('penjadwalan/cre...', Array, true)
#4 C:\xampp\UTS_Enterprise_msi\app\Controllers\Penjadwalan.php(37): view('penjadwalan/cre...', Array)
#5 C:\xampp\UTS_Enterprise_msi\system\CodeIgniter.php(825): App\Controllers\Penjadwalan->create16()
#6 C:\xampp\UTS_Enterprise_msi\system\CodeIgniter.php(412): CodeIgniter\CodeIgniter->runController(Object(App\Controllers\Penjadwalan))
#7 C:\xampp\UTS_Enterprise_msi\system\CodeIgniter.php(320): CodeIgniter\CodeIgniter->handleRequest(NULL, Object(Config\Cache), false)
#8 C:\xampp\UTS_Enterprise_msi\public\index.php(37): CodeIgniter\CodeIgniter->run()
#9 C:\xampp\UTS_Enterprise_msi\system\Commands\Server\rewrite.php(43): require_once('C:\\xampp\\UTS_En...')
#10 {main}
CRITICAL - 2023-06-08 07:48:58 --> Trying to access array offset on value of type int
#0 C:\xampp\UTS_Enterprise_msi\app\Views\penjadwalan\create16.php(33): CodeIgniter\Debug\Exceptions->errorHandler(2, 'Trying to acces...', 'C:\\xampp\\UTS_En...', 33)
#1 C:\xampp\UTS_Enterprise_msi\system\View\View.php(210): include('C:\\xampp\\UTS_En...')
#2 C:\xampp\UTS_Enterprise_msi\system\View\View.php(213): CodeIgniter\View\View->CodeIgniter\View\{closure}()
#3 C:\xampp\UTS_Enterprise_msi\system\Common.php(1089): CodeIgniter\View\View->render('penjadwalan/cre...', Array, true)
#4 C:\xampp\UTS_Enterprise_msi\app\Controllers\Penjadwalan.php(37): view('penjadwalan/cre...', Array)
#5 C:\xampp\UTS_Enterprise_msi\system\CodeIgniter.php(825): App\Controllers\Penjadwalan->create16()
#6 C:\xampp\UTS_Enterprise_msi\system\CodeIgniter.php(412): CodeIgniter\CodeIgniter->runController(Object(App\Controllers\Penjadwalan))
#7 C:\xampp\UTS_Enterprise_msi\system\CodeIgniter.php(320): CodeIgniter\CodeIgniter->handleRequest(NULL, Object(Config\Cache), false)
#8 C:\xampp\UTS_Enterprise_msi\public\index.php(37): CodeIgniter\CodeIgniter->run()
#9 C:\xampp\UTS_Enterprise_msi\system\Commands\Server\rewrite.php(43): require_once('C:\\xampp\\UTS_En...')
#10 {main}
CRITICAL - 2023-06-08 07:49:11 --> Trying to access array offset on value of type int
#0 C:\xampp\UTS_Enterprise_msi\app\Views\penjadwalan\create16.php(33): CodeIgniter\Debug\Exceptions->errorHandler(2, 'Trying to acces...', 'C:\\xampp\\UTS_En...', 33)
#1 C:\xampp\UTS_Enterprise_msi\system\View\View.php(210): include('C:\\xampp\\UTS_En...')
#2 C:\xampp\UTS_Enterprise_msi\system\View\View.php(213): CodeIgniter\View\View->CodeIgniter\View\{closure}()
#3 C:\xampp\UTS_Enterprise_msi\system\Common.php(1089): CodeIgniter\View\View->render('penjadwalan/cre...', Array, true)
#4 C:\xampp\UTS_Enterprise_msi\app\Controllers\Penjadwalan.php(37): view('penjadwalan/cre...', Array)
#5 C:\xampp\UTS_Enterprise_msi\system\CodeIgniter.php(825): App\Controllers\Penjadwalan->create16()
#6 C:\xampp\UTS_Enterprise_msi\system\CodeIgniter.php(412): CodeIgniter\CodeIgniter->runController(Object(App\Controllers\Penjadwalan))
#7 C:\xampp\UTS_Enterprise_msi\system\CodeIgniter.php(320): CodeIgniter\CodeIgniter->handleRequest(NULL, Object(Config\Cache), false)
#8 C:\xampp\UTS_Enterprise_msi\public\index.php(37): CodeIgniter\CodeIgniter->run()
#9 C:\xampp\UTS_Enterprise_msi\system\Commands\Server\rewrite.php(43): require_once('C:\\xampp\\UTS_En...')
#10 {main}
CRITICAL - 2023-06-08 07:49:21 --> Trying to access array offset on value of type int
#0 C:\xampp\UTS_Enterprise_msi\app\Views\penjadwalan\create16.php(33): CodeIgniter\Debug\Exceptions->errorHandler(2, 'Trying to acces...', 'C:\\xampp\\UTS_En...', 33)
#1 C:\xampp\UTS_Enterprise_msi\system\View\View.php(210): include('C:\\xampp\\UTS_En...')
#2 C:\xampp\UTS_Enterprise_msi\system\View\View.php(213): CodeIgniter\View\View->CodeIgniter\View\{closure}()
#3 C:\xampp\UTS_Enterprise_msi\system\Common.php(1089): CodeIgniter\View\View->render('penjadwalan/cre...', Array, true)
#4 C:\xampp\UTS_Enterprise_msi\app\Controllers\Penjadwalan.php(37): view('penjadwalan/cre...', Array)
#5 C:\xampp\UTS_Enterprise_msi\system\CodeIgniter.php(825): App\Controllers\Penjadwalan->create16()
#6 C:\xampp\UTS_Enterprise_msi\system\CodeIgniter.php(412): CodeIgniter\CodeIgniter->runController(Object(App\Controllers\Penjadwalan))
#7 C:\xampp\UTS_Enterprise_msi\system\CodeIgniter.php(320): CodeIgniter\CodeIgniter->handleRequest(NULL, Object(Config\Cache), false)
#8 C:\xampp\UTS_Enterprise_msi\public\index.php(37): CodeIgniter\CodeIgniter->run()
#9 C:\xampp\UTS_Enterprise_msi\system\Commands\Server\rewrite.php(43): require_once('C:\\xampp\\UTS_En...')
#10 {main}
CRITICAL - 2023-06-08 07:51:56 --> Trying to access array offset on value of type int
#0 C:\xampp\UTS_Enterprise_msi\app\Views\penjadwalan\create16.php(33): CodeIgniter\Debug\Exceptions->errorHandler(2, 'Trying to acces...', 'C:\\xampp\\UTS_En...', 33)
#1 C:\xampp\UTS_Enterprise_msi\system\View\View.php(210): include('C:\\xampp\\UTS_En...')
#2 C:\xampp\UTS_Enterprise_msi\system\View\View.php(213): CodeIgniter\View\View->CodeIgniter\View\{closure}()
#3 C:\xampp\UTS_Enterprise_msi\system\Common.php(1089): CodeIgniter\View\View->render('penjadwalan/cre...', Array, true)
#4 C:\xampp\UTS_Enterprise_msi\app\Controllers\Penjadwalan.php(38): view('penjadwalan/cre...', Array)
#5 C:\xampp\UTS_Enterprise_msi\system\CodeIgniter.php(825): App\Controllers\Penjadwalan->create16()
#6 C:\xampp\UTS_Enterprise_msi\system\CodeIgniter.php(412): CodeIgniter\CodeIgniter->runController(Object(App\Controllers\Penjadwalan))
#7 C:\xampp\UTS_Enterprise_msi\system\CodeIgniter.php(320): CodeIgniter\CodeIgniter->handleRequest(NULL, Object(Config\Cache), false)
#8 C:\xampp\UTS_Enterprise_msi\public\index.php(37): CodeIgniter\CodeIgniter->run()
#9 C:\xampp\UTS_Enterprise_msi\system\Commands\Server\rewrite.php(43): require_once('C:\\xampp\\UTS_En...')
#10 {main}
CRITICAL - 2023-06-08 07:51:57 --> Trying to access array offset on value of type int
#0 C:\xampp\UTS_Enterprise_msi\app\Views\penjadwalan\create16.php(33): CodeIgniter\Debug\Exceptions->errorHandler(2, 'Trying to acces...', 'C:\\xampp\\UTS_En...', 33)
#1 C:\xampp\UTS_Enterprise_msi\system\View\View.php(210): include('C:\\xampp\\UTS_En...')
#2 C:\xampp\UTS_Enterprise_msi\system\View\View.php(213): CodeIgniter\View\View->CodeIgniter\View\{closure}()
#3 C:\xampp\UTS_Enterprise_msi\system\Common.php(1089): CodeIgniter\View\View->render('penjadwalan/cre...', Array, true)
#4 C:\xampp\UTS_Enterprise_msi\app\Controllers\Penjadwalan.php(38): view('penjadwalan/cre...', Array)
#5 C:\xampp\UTS_Enterprise_msi\system\CodeIgniter.php(825): App\Controllers\Penjadwalan->create16()
#6 C:\xampp\UTS_Enterprise_msi\system\CodeIgniter.php(412): CodeIgniter\CodeIgniter->runController(Object(App\Controllers\Penjadwalan))
#7 C:\xampp\UTS_Enterprise_msi\system\CodeIgniter.php(320): CodeIgniter\CodeIgniter->handleRequest(NULL, Object(Config\Cache), false)
#8 C:\xampp\UTS_Enterprise_msi\public\index.php(37): CodeIgniter\CodeIgniter->run()
#9 C:\xampp\UTS_Enterprise_msi\system\Commands\Server\rewrite.php(43): require_once('C:\\xampp\\UTS_En...')
#10 {main}
CRITICAL - 2023-06-08 07:51:57 --> Trying to access array offset on value of type int
#0 C:\xampp\UTS_Enterprise_msi\app\Views\penjadwalan\create16.php(33): CodeIgniter\Debug\Exceptions->errorHandler(2, 'Trying to acces...', 'C:\\xampp\\UTS_En...', 33)
#1 C:\xampp\UTS_Enterprise_msi\system\View\View.php(210): include('C:\\xampp\\UTS_En...')
#2 C:\xampp\UTS_Enterprise_msi\system\View\View.php(213): CodeIgniter\View\View->CodeIgniter\View\{closure}()
#3 C:\xampp\UTS_Enterprise_msi\system\Common.php(1089): CodeIgniter\View\View->render('penjadwalan/cre...', Array, true)
#4 C:\xampp\UTS_Enterprise_msi\app\Controllers\Penjadwalan.php(38): view('penjadwalan/cre...', Array)
#5 C:\xampp\UTS_Enterprise_msi\system\CodeIgniter.php(825): App\Controllers\Penjadwalan->create16()
#6 C:\xampp\UTS_Enterprise_msi\system\CodeIgniter.php(412): CodeIgniter\CodeIgniter->runController(Object(App\Controllers\Penjadwalan))
#7 C:\xampp\UTS_Enterprise_msi\system\CodeIgniter.php(320): CodeIgniter\CodeIgniter->handleRequest(NULL, Object(Config\Cache), false)
#8 C:\xampp\UTS_Enterprise_msi\public\index.php(37): CodeIgniter\CodeIgniter->run()
#9 C:\xampp\UTS_Enterprise_msi\system\Commands\Server\rewrite.php(43): require_once('C:\\xampp\\UTS_En...')
#10 {main}
CRITICAL - 2023-06-08 07:52:10 --> Trying to access array offset on value of type int
#0 C:\xampp\UTS_Enterprise_msi\app\Views\penjadwalan\create16.php(33): CodeIgniter\Debug\Exceptions->errorHandler(2, 'Trying to acces...', 'C:\\xampp\\UTS_En...', 33)
#1 C:\xampp\UTS_Enterprise_msi\system\View\View.php(210): include('C:\\xampp\\UTS_En...')
#2 C:\xampp\UTS_Enterprise_msi\system\View\View.php(213): CodeIgniter\View\View->CodeIgniter\View\{closure}()
#3 C:\xampp\UTS_Enterprise_msi\system\Common.php(1089): CodeIgniter\View\View->render('penjadwalan/cre...', Array, true)
#4 C:\xampp\UTS_Enterprise_msi\app\Controllers\Penjadwalan.php(38): view('penjadwalan/cre...', Array)
#5 C:\xampp\UTS_Enterprise_msi\system\CodeIgniter.php(825): App\Controllers\Penjadwalan->create16()
#6 C:\xampp\UTS_Enterprise_msi\system\CodeIgniter.php(412): CodeIgniter\CodeIgniter->runController(Object(App\Controllers\Penjadwalan))
#7 C:\xampp\UTS_Enterprise_msi\system\CodeIgniter.php(320): CodeIgniter\CodeIgniter->handleRequest(NULL, Object(Config\Cache), false)
#8 C:\xampp\UTS_Enterprise_msi\public\index.php(37): CodeIgniter\CodeIgniter->run()
#9 C:\xampp\UTS_Enterprise_msi\system\Commands\Server\rewrite.php(43): require_once('C:\\xampp\\UTS_En...')
#10 {main}
CRITICAL - 2023-06-08 07:55:05 --> Trying to access array offset on value of type int
#0 C:\xampp\UTS_Enterprise_msi\app\Views\penjadwalan\create16.php(33): CodeIgniter\Debug\Exceptions->errorHandler(2, 'Trying to acces...', 'C:\\xampp\\UTS_En...', 33)
#1 C:\xampp\UTS_Enterprise_msi\system\View\View.php(210): include('C:\\xampp\\UTS_En...')
#2 C:\xampp\UTS_Enterprise_msi\system\View\View.php(213): CodeIgniter\View\View->CodeIgniter\View\{closure}()
#3 C:\xampp\UTS_Enterprise_msi\system\Common.php(1089): CodeIgniter\View\View->render('penjadwalan/cre...', Array, true)
#4 C:\xampp\UTS_Enterprise_msi\app\Controllers\Penjadwalan.php(38): view('penjadwalan/cre...', Array)
#5 C:\xampp\UTS_Enterprise_msi\system\CodeIgniter.php(825): App\Controllers\Penjadwalan->create16()
#6 C:\xampp\UTS_Enterprise_msi\system\CodeIgniter.php(412): CodeIgniter\CodeIgniter->runController(Object(App\Controllers\Penjadwalan))
#7 C:\xampp\UTS_Enterprise_msi\system\CodeIgniter.php(320): CodeIgniter\CodeIgniter->handleRequest(NULL, Object(Config\Cache), false)
#8 C:\xampp\UTS_Enterprise_msi\public\index.php(37): CodeIgniter\CodeIgniter->run()
#9 C:\xampp\UTS_Enterprise_msi\system\Commands\Server\rewrite.php(43): require_once('C:\\xampp\\UTS_En...')
#10 {main}
CRITICAL - 2023-06-08 07:55:07 --> Trying to access array offset on value of type int
#0 C:\xampp\UTS_Enterprise_msi\app\Views\penjadwalan\create16.php(33): CodeIgniter\Debug\Exceptions->errorHandler(2, 'Trying to acces...', 'C:\\xampp\\UTS_En...', 33)
#1 C:\xampp\UTS_Enterprise_msi\system\View\View.php(210): include('C:\\xampp\\UTS_En...')
#2 C:\xampp\UTS_Enterprise_msi\system\View\View.php(213): CodeIgniter\View\View->CodeIgniter\View\{closure}()
#3 C:\xampp\UTS_Enterprise_msi\system\Common.php(1089): CodeIgniter\View\View->render('penjadwalan/cre...', Array, true)
#4 C:\xampp\UTS_Enterprise_msi\app\Controllers\Penjadwalan.php(38): view('penjadwalan/cre...', Array)
#5 C:\xampp\UTS_Enterprise_msi\system\CodeIgniter.php(825): App\Controllers\Penjadwalan->create16()
#6 C:\xampp\UTS_Enterprise_msi\system\CodeIgniter.php(412): CodeIgniter\CodeIgniter->runController(Object(App\Controllers\Penjadwalan))
#7 C:\xampp\UTS_Enterprise_msi\system\CodeIgniter.php(320): CodeIgniter\CodeIgniter->handleRequest(NULL, Object(Config\Cache), false)
#8 C:\xampp\UTS_Enterprise_msi\public\index.php(37): CodeIgniter\CodeIgniter->run()
#9 C:\xampp\UTS_Enterprise_msi\system\Commands\Server\rewrite.php(43): require_once('C:\\xampp\\UTS_En...')
#10 {main}
CRITICAL - 2023-06-08 08:03:32 --> penjadwalan is not a validation rules group.
#0 C:\xampp\UTS_Enterprise_msi\system\Validation\Validation.php(543): CodeIgniter\Validation\Exceptions\ValidationException::forGroupNotFound('penjadwalan')
#1 C:\xampp\UTS_Enterprise_msi\system\Validation\Validation.php(116): CodeIgniter\Validation\Validation->loadRuleGroup('penjadwalan')
#2 C:\xampp\UTS_Enterprise_msi\app\Controllers\Penjadwalan.php(53): CodeIgniter\Validation\Validation->run(Array, 'penjadwalan')
#3 C:\xampp\UTS_Enterprise_msi\system\CodeIgniter.php(825): App\Controllers\Penjadwalan->store16()
#4 C:\xampp\UTS_Enterprise_msi\system\CodeIgniter.php(412): CodeIgniter\CodeIgniter->runController(Object(App\Controllers\Penjadwalan))
#5 C:\xampp\UTS_Enterprise_msi\system\CodeIgniter.php(320): CodeIgniter\CodeIgniter->handleRequest(NULL, Object(Config\Cache), false)
#6 C:\xampp\UTS_Enterprise_msi\public\index.php(37): CodeIgniter\CodeIgniter->run()
#7 C:\xampp\UTS_Enterprise_msi\system\Commands\Server\rewrite.php(43): require_once('C:\\xampp\\UTS_En...')
#8 {main}
CRITICAL - 2023-06-08 08:07:05 --> Call to undefined method App\Models\Penjadwalan_model::getScheduleByDay
#0 C:\xampp\UTS_Enterprise_msi\app\Controllers\Penjadwalan.php(87): CodeIgniter\Model->__call('getScheduleByDa...', Array)
#1 C:\xampp\UTS_Enterprise_msi\app\Controllers\Penjadwalan.php(60): App\Controllers\Penjadwalan->verifyScheduleAvailability('senin', '14:32', '13:02')
#2 C:\xampp\UTS_Enterprise_msi\system\CodeIgniter.php(825): App\Controllers\Penjadwalan->store16()
#3 C:\xampp\UTS_Enterprise_msi\system\CodeIgniter.php(412): CodeIgniter\CodeIgniter->runController(Object(App\Controllers\Penjadwalan))
#4 C:\xampp\UTS_Enterprise_msi\system\CodeIgniter.php(320): CodeIgniter\CodeIgniter->handleRequest(NULL, Object(Config\Cache), false)
#5 C:\xampp\UTS_Enterprise_msi\public\index.php(37): CodeIgniter\CodeIgniter->run()
#6 C:\xampp\UTS_Enterprise_msi\system\Commands\Server\rewrite.php(43): require_once('C:\\xampp\\UTS_En...')
#7 {main}
CRITICAL - 2023-06-08 08:07:30 --> penjadwalan is not a validation rules group.
#0 C:\xampp\UTS_Enterprise_msi\system\Validation\Validation.php(543): CodeIgniter\Validation\Exceptions\ValidationException::forGroupNotFound('penjadwalan')
#1 C:\xampp\UTS_Enterprise_msi\system\Validation\Validation.php(116): CodeIgniter\Validation\Validation->loadRuleGroup('penjadwalan')
#2 C:\xampp\UTS_Enterprise_msi\app\Controllers\Penjadwalan.php(53): CodeIgniter\Validation\Validation->run(Array, 'penjadwalan')
#3 C:\xampp\UTS_Enterprise_msi\system\CodeIgniter.php(825): App\Controllers\Penjadwalan->store16()
#4 C:\xampp\UTS_Enterprise_msi\system\CodeIgniter.php(412): CodeIgniter\CodeIgniter->runController(Object(App\Controllers\Penjadwalan))
#5 C:\xampp\UTS_Enterprise_msi\system\CodeIgniter.php(320): CodeIgniter\CodeIgniter->handleRequest(NULL, Object(Config\Cache), false)
#6 C:\xampp\UTS_Enterprise_msi\public\index.php(37): CodeIgniter\CodeIgniter->run()
#7 C:\xampp\UTS_Enterprise_msi\system\Commands\Server\rewrite.php(43): require_once('C:\\xampp\\UTS_En...')
#8 {main}
CRITICAL - 2023-06-08 08:07:38 --> Call to undefined method App\Models\Penjadwalan_model::getScheduleByDay
#0 C:\xampp\UTS_Enterprise_msi\app\Controllers\Penjadwalan.php(87): CodeIgniter\Model->__call('getScheduleByDa...', Array)
#1 C:\xampp\UTS_Enterprise_msi\app\Controllers\Penjadwalan.php(60): App\Controllers\Penjadwalan->verifyScheduleAvailability('senin', '14:32', '13:02')
#2 C:\xampp\UTS_Enterprise_msi\system\CodeIgniter.php(825): App\Controllers\Penjadwalan->store16()
#3 C:\xampp\UTS_Enterprise_msi\system\CodeIgniter.php(412): CodeIgniter\CodeIgniter->runController(Object(App\Controllers\Penjadwalan))
#4 C:\xampp\UTS_Enterprise_msi\system\CodeIgniter.php(320): CodeIgniter\CodeIgniter->handleRequest(NULL, Object(Config\Cache), false)
#5 C:\xampp\UTS_Enterprise_msi\public\index.php(37): CodeIgniter\CodeIgniter->run()
#6 C:\xampp\UTS_Enterprise_msi\system\Commands\Server\rewrite.php(43): require_once('C:\\xampp\\UTS_En...')
#7 {main}
CRITICAL - 2023-06-08 08:10:38 --> Undefined variable $dosen0072
#0 C:\xampp\UTS_Enterprise_msi\app\Views\penjadwalan\idx16.php(32): CodeIgniter\Debug\Exceptions->errorHandler(2, 'Undefined varia...', 'C:\\xampp\\UTS_En...', 32)
#1 C:\xampp\UTS_Enterprise_msi\system\View\View.php(210): include('C:\\xampp\\UTS_En...')
#2 C:\xampp\UTS_Enterprise_msi\system\View\View.php(213): CodeIgniter\View\View->CodeIgniter\View\{closure}()
#3 C:\xampp\UTS_Enterprise_msi\system\Common.php(1089): CodeIgniter\View\View->render('penjadwalan/idx...', Array, true)
#4 C:\xampp\UTS_Enterprise_msi\app\Controllers\Penjadwalan.php(28): view('penjadwalan/idx...', Array)
#5 C:\xampp\UTS_Enterprise_msi\system\CodeIgniter.php(825): App\Controllers\Penjadwalan->index()
#6 C:\xampp\UTS_Enterprise_msi\system\CodeIgniter.php(412): CodeIgniter\CodeIgniter->runController(Object(App\Controllers\Penjadwalan))
#7 C:\xampp\UTS_Enterprise_msi\system\CodeIgniter.php(320): CodeIgniter\CodeIgniter->handleRequest(NULL, Object(Config\Cache), false)
#8 C:\xampp\UTS_Enterprise_msi\public\index.php(37): CodeIgniter\CodeIgniter->run()
#9 C:\xampp\UTS_Enterprise_msi\system\Commands\Server\rewrite.php(43): require_once('C:\\xampp\\UTS_En...')
#10 {main}
CRITICAL - 2023-06-08 08:11:55 --> Trying to access array offset on value of type int
#0 C:\xampp\UTS_Enterprise_msi\app\Views\penjadwalan\idx16.php(33): CodeIgniter\Debug\Exceptions->errorHandler(2, 'Trying to acces...', 'C:\\xampp\\UTS_En...', 33)
#1 C:\xampp\UTS_Enterprise_msi\system\View\View.php(210): include('C:\\xampp\\UTS_En...')
#2 C:\xampp\UTS_Enterprise_msi\system\View\View.php(213): CodeIgniter\View\View->CodeIgniter\View\{closure}()
#3 C:\xampp\UTS_Enterprise_msi\system\Common.php(1089): CodeIgniter\View\View->render('penjadwalan/idx...', Array, true)
#4 C:\xampp\UTS_Enterprise_msi\app\Controllers\Penjadwalan.php(28): view('penjadwalan/idx...', Array)
#5 C:\xampp\UTS_Enterprise_msi\system\CodeIgniter.php(825): App\Controllers\Penjadwalan->index()
#6 C:\xampp\UTS_Enterprise_msi\system\CodeIgniter.php(412): CodeIgniter\CodeIgniter->runController(Object(App\Controllers\Penjadwalan))
#7 C:\xampp\UTS_Enterprise_msi\system\CodeIgniter.php(320): CodeIgniter\CodeIgniter->handleRequest(NULL, Object(Config\Cache), false)
#8 C:\xampp\UTS_Enterprise_msi\public\index.php(37): CodeIgniter\CodeIgniter->run()
#9 C:\xampp\UTS_Enterprise_msi\system\Commands\Server\rewrite.php(43): require_once('C:\\xampp\\UTS_En...')
#10 {main}
CRITICAL - 2023-06-08 08:11:55 --> Trying to access array offset on value of type int
#0 C:\xampp\UTS_Enterprise_msi\app\Views\penjadwalan\idx16.php(33): CodeIgniter\Debug\Exceptions->errorHandler(2, 'Trying to acces...', 'C:\\xampp\\UTS_En...', 33)
#1 C:\xampp\UTS_Enterprise_msi\system\View\View.php(210): include('C:\\xampp\\UTS_En...')
#2 C:\xampp\UTS_Enterprise_msi\system\View\View.php(213): CodeIgniter\View\View->CodeIgniter\View\{closure}()
#3 C:\xampp\UTS_Enterprise_msi\system\Common.php(1089): CodeIgniter\View\View->render('penjadwalan/idx...', Array, true)
#4 C:\xampp\UTS_Enterprise_msi\app\Controllers\Penjadwalan.php(28): view('penjadwalan/idx...', Array)
#5 C:\xampp\UTS_Enterprise_msi\system\CodeIgniter.php(825): App\Controllers\Penjadwalan->index()
#6 C:\xampp\UTS_Enterprise_msi\system\CodeIgniter.php(412): CodeIgniter\CodeIgniter->runController(Object(App\Controllers\Penjadwalan))
#7 C:\xampp\UTS_Enterprise_msi\system\CodeIgniter.php(320): CodeIgniter\CodeIgniter->handleRequest(NULL, Object(Config\Cache), false)
#8 C:\xampp\UTS_Enterprise_msi\public\index.php(37): CodeIgniter\CodeIgniter->run()
#9 C:\xampp\UTS_Enterprise_msi\system\Commands\Server\rewrite.php(43): require_once('C:\\xampp\\UTS_En...')
#10 {main}
CRITICAL - 2023-06-08 08:12:03 --> Trying to access array offset on value of type int
#0 C:\xampp\UTS_Enterprise_msi\app\Views\penjadwalan\idx16.php(33): CodeIgniter\Debug\Exceptions->errorHandler(2, 'Trying to acces...', 'C:\\xampp\\UTS_En...', 33)
#1 C:\xampp\UTS_Enterprise_msi\system\View\View.php(210): include('C:\\xampp\\UTS_En...')
#2 C:\xampp\UTS_Enterprise_msi\system\View\View.php(213): CodeIgniter\View\View->CodeIgniter\View\{closure}()
#3 C:\xampp\UTS_Enterprise_msi\system\Common.php(1089): CodeIgniter\View\View->render('penjadwalan/idx...', Array, true)
#4 C:\xampp\UTS_Enterprise_msi\app\Controllers\Penjadwalan.php(28): view('penjadwalan/idx...', Array)
#5 C:\xampp\UTS_Enterprise_msi\system\CodeIgniter.php(825): App\Controllers\Penjadwalan->index()
#6 C:\xampp\UTS_Enterprise_msi\system\CodeIgniter.php(412): CodeIgniter\CodeIgniter->runController(Object(App\Controllers\Penjadwalan))
#7 C:\xampp\UTS_Enterprise_msi\system\CodeIgniter.php(320): CodeIgniter\CodeIgniter->handleRequest(NULL, Object(Config\Cache), false)
#8 C:\xampp\UTS_Enterprise_msi\public\index.php(37): CodeIgniter\CodeIgniter->run()
#9 C:\xampp\UTS_Enterprise_msi\system\Commands\Server\rewrite.php(43): require_once('C:\\xampp\\UTS_En...')
#10 {main}
CRITICAL - 2023-06-08 08:12:04 --> Trying to access array offset on value of type int
#0 C:\xampp\UTS_Enterprise_msi\app\Views\penjadwalan\idx16.php(33): CodeIgniter\Debug\Exceptions->errorHandler(2, 'Trying to acces...', 'C:\\xampp\\UTS_En...', 33)
#1 C:\xampp\UTS_Enterprise_msi\system\View\View.php(210): include('C:\\xampp\\UTS_En...')
#2 C:\xampp\UTS_Enterprise_msi\system\View\View.php(213): CodeIgniter\View\View->CodeIgniter\View\{closure}()
#3 C:\xampp\UTS_Enterprise_msi\system\Common.php(1089): CodeIgniter\View\View->render('penjadwalan/idx...', Array, true)
#4 C:\xampp\UTS_Enterprise_msi\app\Controllers\Penjadwalan.php(28): view('penjadwalan/idx...', Array)
#5 C:\xampp\UTS_Enterprise_msi\system\CodeIgniter.php(825): App\Controllers\Penjadwalan->index()
#6 C:\xampp\UTS_Enterprise_msi\system\CodeIgniter.php(412): CodeIgniter\CodeIgniter->runController(Object(App\Controllers\Penjadwalan))
#7 C:\xampp\UTS_Enterprise_msi\system\CodeIgniter.php(320): CodeIgniter\CodeIgniter->handleRequest(NULL, Object(Config\Cache), false)
#8 C:\xampp\UTS_Enterprise_msi\public\index.php(37): CodeIgniter\CodeIgniter->run()
#9 C:\xampp\UTS_Enterprise_msi\system\Commands\Server\rewrite.php(43): require_once('C:\\xampp\\UTS_En...')
#10 {main}
CRITICAL - 2023-06-08 08:12:49 --> Trying to access array offset on value of type int
#0 C:\xampp\UTS_Enterprise_msi\app\Views\penjadwalan\idx16.php(35): CodeIgniter\Debug\Exceptions->errorHandler(2, 'Trying to acces...', 'C:\\xampp\\UTS_En...', 35)
#1 C:\xampp\UTS_Enterprise_msi\system\View\View.php(210): include('C:\\xampp\\UTS_En...')
#2 C:\xampp\UTS_Enterprise_msi\system\View\View.php(213): CodeIgniter\View\View->CodeIgniter\View\{closure}()
#3 C:\xampp\UTS_Enterprise_msi\system\Common.php(1089): CodeIgniter\View\View->render('penjadwalan/idx...', Array, true)
#4 C:\xampp\UTS_Enterprise_msi\app\Controllers\Penjadwalan.php(28): view('penjadwalan/idx...', Array)
#5 C:\xampp\UTS_Enterprise_msi\system\CodeIgniter.php(825): App\Controllers\Penjadwalan->index()
#6 C:\xampp\UTS_Enterprise_msi\system\CodeIgniter.php(412): CodeIgniter\CodeIgniter->runController(Object(App\Controllers\Penjadwalan))
#7 C:\xampp\UTS_Enterprise_msi\system\CodeIgniter.php(320): CodeIgniter\CodeIgniter->handleRequest(NULL, Object(Config\Cache), false)
#8 C:\xampp\UTS_Enterprise_msi\public\index.php(37): CodeIgniter\CodeIgniter->run()
#9 C:\xampp\UTS_Enterprise_msi\system\Commands\Server\rewrite.php(43): require_once('C:\\xampp\\UTS_En...')
#10 {main}
CRITICAL - 2023-06-08 08:13:46 --> Trying to access array offset on value of type int
#0 C:\xampp\UTS_Enterprise_msi\app\Views\penjadwalan\idx16.php(35): CodeIgniter\Debug\Exceptions->errorHandler(2, 'Trying to acces...', 'C:\\xampp\\UTS_En...', 35)
#1 C:\xampp\UTS_Enterprise_msi\system\View\View.php(210): include('C:\\xampp\\UTS_En...')
#2 C:\xampp\UTS_Enterprise_msi\system\View\View.php(213): CodeIgniter\View\View->CodeIgniter\View\{closure}()
#3 C:\xampp\UTS_Enterprise_msi\system\Common.php(1089): CodeIgniter\View\View->render('penjadwalan/idx...', Array, true)
#4 C:\xampp\UTS_Enterprise_msi\app\Controllers\Penjadwalan.php(28): view('penjadwalan/idx...', Array)
#5 C:\xampp\UTS_Enterprise_msi\system\CodeIgniter.php(825): App\Controllers\Penjadwalan->index()
#6 C:\xampp\UTS_Enterprise_msi\system\CodeIgniter.php(412): CodeIgniter\CodeIgniter->runController(Object(App\Controllers\Penjadwalan))
#7 C:\xampp\UTS_Enterprise_msi\system\CodeIgniter.php(320): CodeIgniter\CodeIgniter->handleRequest(NULL, Object(Config\Cache), false)
#8 C:\xampp\UTS_Enterprise_msi\public\index.php(37): CodeIgniter\CodeIgniter->run()
#9 C:\xampp\UTS_Enterprise_msi\system\Commands\Server\rewrite.php(43): require_once('C:\\xampp\\UTS_En...')
#10 {main}
CRITICAL - 2023-06-08 08:13:47 --> Trying to access array offset on value of type int
#0 C:\xampp\UTS_Enterprise_msi\app\Views\penjadwalan\idx16.php(35): CodeIgniter\Debug\Exceptions->errorHandler(2, 'Trying to acces...', 'C:\\xampp\\UTS_En...', 35)
#1 C:\xampp\UTS_Enterprise_msi\system\View\View.php(210): include('C:\\xampp\\UTS_En...')
#2 C:\xampp\UTS_Enterprise_msi\system\View\View.php(213): CodeIgniter\View\View->CodeIgniter\View\{closure}()
#3 C:\xampp\UTS_Enterprise_msi\system\Common.php(1089): CodeIgniter\View\View->render('penjadwalan/idx...', Array, true)
#4 C:\xampp\UTS_Enterprise_msi\app\Controllers\Penjadwalan.php(28): view('penjadwalan/idx...', Array)
#5 C:\xampp\UTS_Enterprise_msi\system\CodeIgniter.php(825): App\Controllers\Penjadwalan->index()
#6 C:\xampp\UTS_Enterprise_msi\system\CodeIgniter.php(412): CodeIgniter\CodeIgniter->runController(Object(App\Controllers\Penjadwalan))
#7 C:\xampp\UTS_Enterprise_msi\system\CodeIgniter.php(320): CodeIgniter\CodeIgniter->handleRequest(NULL, Object(Config\Cache), false)
#8 C:\xampp\UTS_Enterprise_msi\public\index.php(37): CodeIgniter\CodeIgniter->run()
#9 C:\xampp\UTS_Enterprise_msi\system\Commands\Server\rewrite.php(43): require_once('C:\\xampp\\UTS_En...')
#10 {main}
CRITICAL - 2023-06-08 22:22:28 --> Undefined variable $row
#0 C:\xampp\UTS_Enterprise_msi\app\Views\penjadwalan\create16.php(17): CodeIgniter\Debug\Exceptions->errorHandler(2, 'Undefined varia...', 'C:\\xampp\\UTS_En...', 17)
#1 C:\xampp\UTS_Enterprise_msi\system\View\View.php(210): include('C:\\xampp\\UTS_En...')
#2 C:\xampp\UTS_Enterprise_msi\system\View\View.php(213): CodeIgniter\View\View->CodeIgniter\View\{closure}()
#3 C:\xampp\UTS_Enterprise_msi\system\Common.php(1089): CodeIgniter\View\View->render('penjadwalan/cre...', Array, true)
#4 C:\xampp\UTS_Enterprise_msi\app\Controllers\Penjadwalan.php(45): view('penjadwalan/cre...', Array)
#5 C:\xampp\UTS_Enterprise_msi\system\CodeIgniter.php(825): App\Controllers\Penjadwalan->create16()
#6 C:\xampp\UTS_Enterprise_msi\system\CodeIgniter.php(412): CodeIgniter\CodeIgniter->runController(Object(App\Controllers\Penjadwalan))
#7 C:\xampp\UTS_Enterprise_msi\system\CodeIgniter.php(320): CodeIgniter\CodeIgniter->handleRequest(NULL, Object(Config\Cache), false)
#8 C:\xampp\UTS_Enterprise_msi\public\index.php(37): CodeIgniter\CodeIgniter->run()
#9 C:\xampp\UTS_Enterprise_msi\system\Commands\Server\rewrite.php(43): require_once('C:\\xampp\\UTS_En...')
#10 {main}
CRITICAL - 2023-06-08 22:22:56 --> Undefined variable $row
#0 C:\xampp\UTS_Enterprise_msi\app\Views\penjadwalan\create16.php(60): CodeIgniter\Debug\Exceptions->errorHandler(2, 'Undefined varia...', 'C:\\xampp\\UTS_En...', 60)
#1 C:\xampp\UTS_Enterprise_msi\system\View\View.php(210): include('C:\\xampp\\UTS_En...')
#2 C:\xampp\UTS_Enterprise_msi\system\View\View.php(213): CodeIgniter\View\View->CodeIgniter\View\{closure}()
#3 C:\xampp\UTS_Enterprise_msi\system\Common.php(1089): CodeIgniter\View\View->render('penjadwalan/cre...', Array, true)
#4 C:\xampp\UTS_Enterprise_msi\app\Controllers\Penjadwalan.php(45): view('penjadwalan/cre...', Array)
#5 C:\xampp\UTS_Enterprise_msi\system\CodeIgniter.php(825): App\Controllers\Penjadwalan->create16()
#6 C:\xampp\UTS_Enterprise_msi\system\CodeIgniter.php(412): CodeIgniter\CodeIgniter->runController(Object(App\Controllers\Penjadwalan))
#7 C:\xampp\UTS_Enterprise_msi\system\CodeIgniter.php(320): CodeIgniter\CodeIgniter->handleRequest(NULL, Object(Config\Cache), false)
#8 C:\xampp\UTS_Enterprise_msi\public\index.php(37): CodeIgniter\CodeIgniter->run()
#9 C:\xampp\UTS_Enterprise_msi\system\Commands\Server\rewrite.php(43): require_once('C:\\xampp\\UTS_En...')
#10 {main}
CRITICAL - 2023-06-08 22:24:35 --> Undefined variable $j
#0 C:\xampp\UTS_Enterprise_msi\app\Views\penjadwalan\create16.php(60): CodeIgniter\Debug\Exceptions->errorHandler(2, 'Undefined varia...', 'C:\\xampp\\UTS_En...', 60)
#1 C:\xampp\UTS_Enterprise_msi\system\View\View.php(210): include('C:\\xampp\\UTS_En...')
#2 C:\xampp\UTS_Enterprise_msi\system\View\View.php(213): CodeIgniter\View\View->CodeIgniter\View\{closure}()
#3 C:\xampp\UTS_Enterprise_msi\system\Common.php(1089): CodeIgniter\View\View->render('penjadwalan/cre...', Array, true)
#4 C:\xampp\UTS_Enterprise_msi\app\Controllers\Penjadwalan.php(45): view('penjadwalan/cre...', Array)
#5 C:\xampp\UTS_Enterprise_msi\system\CodeIgniter.php(825): App\Controllers\Penjadwalan->create16()
#6 C:\xampp\UTS_Enterprise_msi\system\CodeIgniter.php(412): CodeIgniter\CodeIgniter->runController(Object(App\Controllers\Penjadwalan))
#7 C:\xampp\UTS_Enterprise_msi\system\CodeIgniter.php(320): CodeIgniter\CodeIgniter->handleRequest(NULL, Object(Config\Cache), false)
#8 C:\xampp\UTS_Enterprise_msi\public\index.php(37): CodeIgniter\CodeIgniter->run()
#9 C:\xampp\UTS_Enterprise_msi\system\Commands\Server\rewrite.php(43): require_once('C:\\xampp\\UTS_En...')
#10 {main}
CRITICAL - 2023-06-08 22:24:44 --> Undefined variable $g
#0 C:\xampp\UTS_Enterprise_msi\app\Views\penjadwalan\create16.php(60): CodeIgniter\Debug\Exceptions->errorHandler(2, 'Undefined varia...', 'C:\\xampp\\UTS_En...', 60)
#1 C:\xampp\UTS_Enterprise_msi\system\View\View.php(210): include('C:\\xampp\\UTS_En...')
#2 C:\xampp\UTS_Enterprise_msi\system\View\View.php(213): CodeIgniter\View\View->CodeIgniter\View\{closure}()
#3 C:\xampp\UTS_Enterprise_msi\system\Common.php(1089): CodeIgniter\View\View->render('penjadwalan/cre...', Array, true)
#4 C:\xampp\UTS_Enterprise_msi\app\Controllers\Penjadwalan.php(45): view('penjadwalan/cre...', Array)
#5 C:\xampp\UTS_Enterprise_msi\system\CodeIgniter.php(825): App\Controllers\Penjadwalan->create16()
#6 C:\xampp\UTS_Enterprise_msi\system\CodeIgniter.php(412): CodeIgniter\CodeIgniter->runController(Object(App\Controllers\Penjadwalan))
#7 C:\xampp\UTS_Enterprise_msi\system\CodeIgniter.php(320): CodeIgniter\CodeIgniter->handleRequest(NULL, Object(Config\Cache), false)
#8 C:\xampp\UTS_Enterprise_msi\public\index.php(37): CodeIgniter\CodeIgniter->run()
#9 C:\xampp\UTS_Enterprise_msi\system\Commands\Server\rewrite.php(43): require_once('C:\\xampp\\UTS_En...')
#10 {main}
CRITICAL - 2023-06-08 22:24:57 --> Undefined array key "id"
#0 C:\xampp\UTS_Enterprise_msi\app\Views\penjadwalan\create16.php(60): CodeIgniter\Debug\Exceptions->errorHandler(2, 'Undefined array...', 'C:\\xampp\\UTS_En...', 60)
#1 C:\xampp\UTS_Enterprise_msi\system\View\View.php(210): include('C:\\xampp\\UTS_En...')
#2 C:\xampp\UTS_Enterprise_msi\system\View\View.php(213): CodeIgniter\View\View->CodeIgniter\View\{closure}()
#3 C:\xampp\UTS_Enterprise_msi\system\Common.php(1089): CodeIgniter\View\View->render('penjadwalan/cre...', Array, true)
#4 C:\xampp\UTS_Enterprise_msi\app\Controllers\Penjadwalan.php(45): view('penjadwalan/cre...', Array)
#5 C:\xampp\UTS_Enterprise_msi\system\CodeIgniter.php(825): App\Controllers\Penjadwalan->create16()
#6 C:\xampp\UTS_Enterprise_msi\system\CodeIgniter.php(412): CodeIgniter\CodeIgniter->runController(Object(App\Controllers\Penjadwalan))
#7 C:\xampp\UTS_Enterprise_msi\system\CodeIgniter.php(320): CodeIgniter\CodeIgniter->handleRequest(NULL, Object(Config\Cache), false)
#8 C:\xampp\UTS_Enterprise_msi\public\index.php(37): CodeIgniter\CodeIgniter->run()
#9 C:\xampp\UTS_Enterprise_msi\system\Commands\Server\rewrite.php(43): require_once('C:\\xampp\\UTS_En...')
#10 {main}
CRITICAL - 2023-06-08 22:25:06 --> Undefined array key "id_pegawai"
#0 C:\xampp\UTS_Enterprise_msi\app\Views\penjadwalan\create16.php(60): CodeIgniter\Debug\Exceptions->errorHandler(2, 'Undefined array...', 'C:\\xampp\\UTS_En...', 60)
#1 C:\xampp\UTS_Enterprise_msi\system\View\View.php(210): include('C:\\xampp\\UTS_En...')
#2 C:\xampp\UTS_Enterprise_msi\system\View\View.php(213): CodeIgniter\View\View->CodeIgniter\View\{closure}()
#3 C:\xampp\UTS_Enterprise_msi\system\Common.php(1089): CodeIgniter\View\View->render('penjadwalan/cre...', Array, true)
#4 C:\xampp\UTS_Enterprise_msi\app\Controllers\Penjadwalan.php(45): view('penjadwalan/cre...', Array)
#5 C:\xampp\UTS_Enterprise_msi\system\CodeIgniter.php(825): App\Controllers\Penjadwalan->create16()
#6 C:\xampp\UTS_Enterprise_msi\system\CodeIgniter.php(412): CodeIgniter\CodeIgniter->runController(Object(App\Controllers\Penjadwalan))
#7 C:\xampp\UTS_Enterprise_msi\system\CodeIgniter.php(320): CodeIgniter\CodeIgniter->handleRequest(NULL, Object(Config\Cache), false)
#8 C:\xampp\UTS_Enterprise_msi\public\index.php(37): CodeIgniter\CodeIgniter->run()
#9 C:\xampp\UTS_Enterprise_msi\system\Commands\Server\rewrite.php(43): require_once('C:\\xampp\\UTS_En...')
#10 {main}
