CRITICAL - 2023-06-10 00:04:48 --> Invalid file: penjadwalan.php
#0 C:\xampp\UTS_Enterprise_msi\system\View\View.php(198): CodeIgniter\Exceptions\FrameworkException::forInvalidFile('penjadwalan.php')
#1 C:\xampp\UTS_Enterprise_msi\system\Common.php(1089): CodeIgniter\View\View->render('penjadwalan', Array, true)
#2 C:\xampp\UTS_Enterprise_msi\app\Controllers\Penjadwalan.php(45): view('penjadwalan', Array)
#3 C:\xampp\UTS_Enterprise_msi\system\CodeIgniter.php(825): App\Controllers\Penjadwalan->index()
#4 C:\xampp\UTS_Enterprise_msi\system\CodeIgniter.php(412): CodeIgniter\CodeIgniter->runController(Object(App\Controllers\Penjadwalan))
#5 C:\xampp\UTS_Enterprise_msi\system\CodeIgniter.php(320): CodeIgniter\CodeIgniter->handleRequest(NULL, Object(Config\Cache), false)
#6 C:\xampp\UTS_Enterprise_msi\public\index.php(37): CodeIgniter\CodeIgniter->run()
#7 C:\xampp\UTS_Enterprise_msi\system\Commands\Server\rewrite.php(43): require_once('C:\\xampp\\UTS_En...')
#8 {main}
CRITICAL - 2023-06-10 00:27:54 --> Undefined variable $no
#0 C:\xampp\UTS_Enterprise_msi\app\Views\penjadwalan\view.php(59): CodeIgniter\Debug\Exceptions->errorHandler(2, 'Undefined varia...', 'C:\\xampp\\UTS_En...', 59)
#1 C:\xampp\UTS_Enterprise_msi\system\View\View.php(210): include('C:\\xampp\\UTS_En...')
#2 C:\xampp\UTS_Enterprise_msi\system\View\View.php(213): CodeIgniter\View\View->CodeIgniter\View\{closure}()
#3 C:\xampp\UTS_Enterprise_msi\system\Common.php(1089): CodeIgniter\View\View->render('penjadwalan/vie...', Array, true)
#4 C:\xampp\UTS_Enterprise_msi\app\Controllers\Penjadwalan.php(60): view('penjadwalan/vie...', Array)
#5 C:\xampp\UTS_Enterprise_msi\system\CodeIgniter.php(825): App\Controllers\Penjadwalan->view()
#6 C:\xampp\UTS_Enterprise_msi\system\CodeIgniter.php(412): CodeIgniter\CodeIgniter->runController(Object(App\Controllers\Penjadwalan))
#7 C:\xampp\UTS_Enterprise_msi\system\CodeIgniter.php(320): CodeIgniter\CodeIgniter->handleRequest(NULL, Object(Config\Cache), false)
#8 C:\xampp\UTS_Enterprise_msi\public\index.php(37): CodeIgniter\CodeIgniter->run()
#9 C:\xampp\UTS_Enterprise_msi\system\Commands\Server\rewrite.php(43): require_once('C:\\xampp\\UTS_En...')
#10 {main}
CRITICAL - 2023-06-10 00:31:12 --> syntax error, unexpected token "endforeach", expecting end of file
#0 C:\xampp\UTS_Enterprise_msi\system\View\View.php(213): CodeIgniter\View\View->CodeIgniter\View\{closure}()
#1 C:\xampp\UTS_Enterprise_msi\system\Common.php(1089): CodeIgniter\View\View->render('penjadwalan/vie...', Array, true)
#2 C:\xampp\UTS_Enterprise_msi\app\Controllers\Penjadwalan.php(60): view('penjadwalan/vie...', Array)
#3 C:\xampp\UTS_Enterprise_msi\system\CodeIgniter.php(825): App\Controllers\Penjadwalan->view()
#4 C:\xampp\UTS_Enterprise_msi\system\CodeIgniter.php(412): CodeIgniter\CodeIgniter->runController(Object(App\Controllers\Penjadwalan))
#5 C:\xampp\UTS_Enterprise_msi\system\CodeIgniter.php(320): CodeIgniter\CodeIgniter->handleRequest(NULL, Object(Config\Cache), false)
#6 C:\xampp\UTS_Enterprise_msi\public\index.php(37): CodeIgniter\CodeIgniter->run()
#7 C:\xampp\UTS_Enterprise_msi\system\Commands\Server\rewrite.php(43): require_once('C:\\xampp\\UTS_En...')
#8 {main}
CRITICAL - 2023-06-10 00:43:16 --> syntax error, unexpected token "&&", expecting "->" or "?->" or "{" or "["
#0 C:\xampp\UTS_Enterprise_msi\system\View\View.php(213): CodeIgniter\View\View->CodeIgniter\View\{closure}()
#1 C:\xampp\UTS_Enterprise_msi\system\Common.php(1089): CodeIgniter\View\View->render('penjadwalan/vie...', Array, true)
#2 C:\xampp\UTS_Enterprise_msi\app\Controllers\Penjadwalan.php(60): view('penjadwalan/vie...', Array)
#3 C:\xampp\UTS_Enterprise_msi\system\CodeIgniter.php(825): App\Controllers\Penjadwalan->view()
#4 C:\xampp\UTS_Enterprise_msi\system\CodeIgniter.php(412): CodeIgniter\CodeIgniter->runController(Object(App\Controllers\Penjadwalan))
#5 C:\xampp\UTS_Enterprise_msi\system\CodeIgniter.php(320): CodeIgniter\CodeIgniter->handleRequest(NULL, Object(Config\Cache), false)
#6 C:\xampp\UTS_Enterprise_msi\public\index.php(37): CodeIgniter\CodeIgniter->run()
#7 C:\xampp\UTS_Enterprise_msi\system\Commands\Server\rewrite.php(43): require_once('C:\\xampp\\UTS_En...')
#8 {main}
CRITICAL - 2023-06-10 00:55:55 --> Unsupported operand types: string & bool
#0 C:\xampp\UTS_Enterprise_msi\system\View\View.php(210): include()
#1 C:\xampp\UTS_Enterprise_msi\system\View\View.php(213): CodeIgniter\View\View->CodeIgniter\View\{closure}()
#2 C:\xampp\UTS_Enterprise_msi\system\Common.php(1089): CodeIgniter\View\View->render('penjadwalan/vie...', Array, true)
#3 C:\xampp\UTS_Enterprise_msi\app\Controllers\Penjadwalan.php(60): view('penjadwalan/vie...', Array)
#4 C:\xampp\UTS_Enterprise_msi\system\CodeIgniter.php(825): App\Controllers\Penjadwalan->view()
#5 C:\xampp\UTS_Enterprise_msi\system\CodeIgniter.php(412): CodeIgniter\CodeIgniter->runController(Object(App\Controllers\Penjadwalan))
#6 C:\xampp\UTS_Enterprise_msi\system\CodeIgniter.php(320): CodeIgniter\CodeIgniter->handleRequest(NULL, Object(Config\Cache), false)
#7 C:\xampp\UTS_Enterprise_msi\public\index.php(37): CodeIgniter\CodeIgniter->run()
#8 C:\xampp\UTS_Enterprise_msi\system\Commands\Server\rewrite.php(43): require_once('C:\\xampp\\UTS_En...')
#9 {main}
CRITICAL - 2023-06-10 01:10:48 --> Unsupported operand types: bool | string
#0 C:\xampp\UTS_Enterprise_msi\system\View\View.php(210): include()
#1 C:\xampp\UTS_Enterprise_msi\system\View\View.php(213): CodeIgniter\View\View->CodeIgniter\View\{closure}()
#2 C:\xampp\UTS_Enterprise_msi\system\Common.php(1089): CodeIgniter\View\View->render('penjadwalan/vie...', Array, true)
#3 C:\xampp\UTS_Enterprise_msi\app\Controllers\Penjadwalan.php(60): view('penjadwalan/vie...', Array)
#4 C:\xampp\UTS_Enterprise_msi\system\CodeIgniter.php(825): App\Controllers\Penjadwalan->view()
#5 C:\xampp\UTS_Enterprise_msi\system\CodeIgniter.php(412): CodeIgniter\CodeIgniter->runController(Object(App\Controllers\Penjadwalan))
#6 C:\xampp\UTS_Enterprise_msi\system\CodeIgniter.php(320): CodeIgniter\CodeIgniter->handleRequest(NULL, Object(Config\Cache), false)
#7 C:\xampp\UTS_Enterprise_msi\public\index.php(37): CodeIgniter\CodeIgniter->run()
#8 C:\xampp\UTS_Enterprise_msi\system\Commands\Server\rewrite.php(43): require_once('C:\\xampp\\UTS_En...')
#9 {main}
CRITICAL - 2023-06-10 01:13:46 --> syntax error, unexpected token "endforeach", expecting "elseif" or "else" or "endif"
#0 C:\xampp\UTS_Enterprise_msi\system\View\View.php(213): CodeIgniter\View\View->CodeIgniter\View\{closure}()
#1 C:\xampp\UTS_Enterprise_msi\system\Common.php(1089): CodeIgniter\View\View->render('penjadwalan/vie...', Array, true)
#2 C:\xampp\UTS_Enterprise_msi\app\Controllers\Penjadwalan.php(60): view('penjadwalan/vie...', Array)
#3 C:\xampp\UTS_Enterprise_msi\system\CodeIgniter.php(825): App\Controllers\Penjadwalan->view()
#4 C:\xampp\UTS_Enterprise_msi\system\CodeIgniter.php(412): CodeIgniter\CodeIgniter->runController(Object(App\Controllers\Penjadwalan))
#5 C:\xampp\UTS_Enterprise_msi\system\CodeIgniter.php(320): CodeIgniter\CodeIgniter->handleRequest(NULL, Object(Config\Cache), false)
#6 C:\xampp\UTS_Enterprise_msi\public\index.php(37): CodeIgniter\CodeIgniter->run()
#7 C:\xampp\UTS_Enterprise_msi\system\Commands\Server\rewrite.php(43): require_once('C:\\xampp\\UTS_En...')
#8 {main}
CRITICAL - 2023-06-10 01:23:10 --> Unsupported operand types: bool | string
#0 C:\xampp\UTS_Enterprise_msi\system\View\View.php(210): include()
#1 C:\xampp\UTS_Enterprise_msi\system\View\View.php(213): CodeIgniter\View\View->CodeIgniter\View\{closure}()
#2 C:\xampp\UTS_Enterprise_msi\system\Common.php(1089): CodeIgniter\View\View->render('penjadwalan/vie...', Array, true)
#3 C:\xampp\UTS_Enterprise_msi\app\Controllers\Penjadwalan.php(60): view('penjadwalan/vie...', Array)
#4 C:\xampp\UTS_Enterprise_msi\system\CodeIgniter.php(825): App\Controllers\Penjadwalan->view()
#5 C:\xampp\UTS_Enterprise_msi\system\CodeIgniter.php(412): CodeIgniter\CodeIgniter->runController(Object(App\Controllers\Penjadwalan))
#6 C:\xampp\UTS_Enterprise_msi\system\CodeIgniter.php(320): CodeIgniter\CodeIgniter->handleRequest(NULL, Object(Config\Cache), false)
#7 C:\xampp\UTS_Enterprise_msi\public\index.php(37): CodeIgniter\CodeIgniter->run()
#8 C:\xampp\UTS_Enterprise_msi\system\Commands\Server\rewrite.php(43): require_once('C:\\xampp\\UTS_En...')
#9 {main}
CRITICAL - 2023-06-10 02:19:54 --> Call to undefined method App\Models\Penjadwalan_model::insertSchedule
#0 C:\xampp\UTS_Enterprise_msi\app\Controllers\Penjadwalan.php(76): CodeIgniter\Model->__call('insertSchedule', Array)
#1 C:\xampp\UTS_Enterprise_msi\system\CodeIgniter.php(825): App\Controllers\Penjadwalan->create16()
#2 C:\xampp\UTS_Enterprise_msi\system\CodeIgniter.php(412): CodeIgniter\CodeIgniter->runController(Object(App\Controllers\Penjadwalan))
#3 C:\xampp\UTS_Enterprise_msi\system\CodeIgniter.php(320): CodeIgniter\CodeIgniter->handleRequest(NULL, Object(Config\Cache), false)
#4 C:\xampp\UTS_Enterprise_msi\public\index.php(37): CodeIgniter\CodeIgniter->run()
#5 C:\xampp\UTS_Enterprise_msi\system\Commands\Server\rewrite.php(43): require_once('C:\\xampp\\UTS_En...')
#6 {main}
CRITICAL - 2023-06-10 02:22:28 --> Undefined array key "id_pegawai"
#0 C:\xampp\UTS_Enterprise_msi\app\Controllers\Penjadwalan.php(73): CodeIgniter\Debug\Exceptions->errorHandler(2, 'Undefined array...', 'C:\\xampp\\UTS_En...', 73)
#1 C:\xampp\UTS_Enterprise_msi\system\CodeIgniter.php(825): App\Controllers\Penjadwalan->create16()
#2 C:\xampp\UTS_Enterprise_msi\system\CodeIgniter.php(412): CodeIgniter\CodeIgniter->runController(Object(App\Controllers\Penjadwalan))
#3 C:\xampp\UTS_Enterprise_msi\system\CodeIgniter.php(320): CodeIgniter\CodeIgniter->handleRequest(NULL, Object(Config\Cache), false)
#4 C:\xampp\UTS_Enterprise_msi\public\index.php(37): CodeIgniter\CodeIgniter->run()
#5 C:\xampp\UTS_Enterprise_msi\system\Commands\Server\rewrite.php(43): require_once('C:\\xampp\\UTS_En...')
#6 {main}
ERROR - 2023-06-10 02:37:17 --> Unknown column 'keterangan' in 'field list'
CRITICAL - 2023-06-10 02:37:17 --> Unknown column 'keterangan' in 'field list'
#0 C:\xampp\UTS_Enterprise_msi\system\Database\MySQLi\Connection.php(292): mysqli->query('INSERT INTO `pe...', 0)
#1 C:\xampp\UTS_Enterprise_msi\system\Database\BaseConnection.php(670): CodeIgniter\Database\MySQLi\Connection->execute('INSERT INTO `pe...')
#2 C:\xampp\UTS_Enterprise_msi\system\Database\BaseConnection.php(598): CodeIgniter\Database\BaseConnection->simpleQuery('INSERT INTO `pe...')
#3 C:\xampp\UTS_Enterprise_msi\system\Database\BaseBuilder.php(1771): CodeIgniter\Database\BaseConnection->query('INSERT INTO `pe...', Array, false)
#4 C:\xampp\UTS_Enterprise_msi\app\Models\Penjadwalan_model.php(24): CodeIgniter\Database\BaseBuilder->insert(Array)
#5 C:\xampp\UTS_Enterprise_msi\app\Controllers\Penjadwalan.php(83): App\Models\Penjadwalan_model->insertCategory(Array)
#6 C:\xampp\UTS_Enterprise_msi\system\CodeIgniter.php(825): App\Controllers\Penjadwalan->create16()
#7 C:\xampp\UTS_Enterprise_msi\system\CodeIgniter.php(412): CodeIgniter\CodeIgniter->runController(Object(App\Controllers\Penjadwalan))
#8 C:\xampp\UTS_Enterprise_msi\system\CodeIgniter.php(320): CodeIgniter\CodeIgniter->handleRequest(NULL, Object(Config\Cache), false)
#9 C:\xampp\UTS_Enterprise_msi\public\index.php(37): CodeIgniter\CodeIgniter->run()
#10 C:\xampp\UTS_Enterprise_msi\system\Commands\Server\rewrite.php(43): require_once('C:\\xampp\\UTS_En...')
#11 {main}
ERROR - 2023-06-10 02:37:53 --> Column 'id_pegawai' cannot be null
CRITICAL - 2023-06-10 02:37:53 --> Column 'id_pegawai' cannot be null
#0 C:\xampp\UTS_Enterprise_msi\system\Database\MySQLi\Connection.php(292): mysqli->query('INSERT INTO `pe...', 0)
#1 C:\xampp\UTS_Enterprise_msi\system\Database\BaseConnection.php(670): CodeIgniter\Database\MySQLi\Connection->execute('INSERT INTO `pe...')
#2 C:\xampp\UTS_Enterprise_msi\system\Database\BaseConnection.php(598): CodeIgniter\Database\BaseConnection->simpleQuery('INSERT INTO `pe...')
#3 C:\xampp\UTS_Enterprise_msi\system\Database\BaseBuilder.php(1771): CodeIgniter\Database\BaseConnection->query('INSERT INTO `pe...', Array, false)
#4 C:\xampp\UTS_Enterprise_msi\app\Models\Penjadwalan_model.php(24): CodeIgniter\Database\BaseBuilder->insert(Array)
#5 C:\xampp\UTS_Enterprise_msi\app\Controllers\Penjadwalan.php(81): App\Models\Penjadwalan_model->insertCategory(Array)
#6 C:\xampp\UTS_Enterprise_msi\system\CodeIgniter.php(825): App\Controllers\Penjadwalan->create16()
#7 C:\xampp\UTS_Enterprise_msi\system\CodeIgniter.php(412): CodeIgniter\CodeIgniter->runController(Object(App\Controllers\Penjadwalan))
#8 C:\xampp\UTS_Enterprise_msi\system\CodeIgniter.php(320): CodeIgniter\CodeIgniter->handleRequest(NULL, Object(Config\Cache), false)
#9 C:\xampp\UTS_Enterprise_msi\public\index.php(37): CodeIgniter\CodeIgniter->run()
#10 C:\xampp\UTS_Enterprise_msi\system\Commands\Server\rewrite.php(43): require_once('C:\\xampp\\UTS_En...')
#11 {main}
ERROR - 2023-06-10 02:38:20 --> Column 'hari' cannot be null
CRITICAL - 2023-06-10 02:38:20 --> Column 'hari' cannot be null
#0 C:\xampp\UTS_Enterprise_msi\system\Database\MySQLi\Connection.php(292): mysqli->query('INSERT INTO `pe...', 0)
#1 C:\xampp\UTS_Enterprise_msi\system\Database\BaseConnection.php(670): CodeIgniter\Database\MySQLi\Connection->execute('INSERT INTO `pe...')
#2 C:\xampp\UTS_Enterprise_msi\system\Database\BaseConnection.php(598): CodeIgniter\Database\BaseConnection->simpleQuery('INSERT INTO `pe...')
#3 C:\xampp\UTS_Enterprise_msi\system\Database\BaseBuilder.php(1771): CodeIgniter\Database\BaseConnection->query('INSERT INTO `pe...', Array, false)
#4 C:\xampp\UTS_Enterprise_msi\app\Models\Penjadwalan_model.php(24): CodeIgniter\Database\BaseBuilder->insert(Array)
#5 C:\xampp\UTS_Enterprise_msi\app\Controllers\Penjadwalan.php(81): App\Models\Penjadwalan_model->insertCategory(Array)
#6 C:\xampp\UTS_Enterprise_msi\system\CodeIgniter.php(825): App\Controllers\Penjadwalan->create16()
#7 C:\xampp\UTS_Enterprise_msi\system\CodeIgniter.php(412): CodeIgniter\CodeIgniter->runController(Object(App\Controllers\Penjadwalan))
#8 C:\xampp\UTS_Enterprise_msi\system\CodeIgniter.php(320): CodeIgniter\CodeIgniter->handleRequest(NULL, Object(Config\Cache), false)
#9 C:\xampp\UTS_Enterprise_msi\public\index.php(37): CodeIgniter\CodeIgniter->run()
#10 C:\xampp\UTS_Enterprise_msi\system\Commands\Server\rewrite.php(43): require_once('C:\\xampp\\UTS_En...')
#11 {main}
CRITICAL - 2023-06-10 02:38:50 --> Undefined array key "id_pegawai"
#0 C:\xampp\UTS_Enterprise_msi\app\Controllers\Penjadwalan.php(73): CodeIgniter\Debug\Exceptions->errorHandler(2, 'Undefined array...', 'C:\\xampp\\UTS_En...', 73)
#1 C:\xampp\UTS_Enterprise_msi\system\CodeIgniter.php(825): App\Controllers\Penjadwalan->create16()
#2 C:\xampp\UTS_Enterprise_msi\system\CodeIgniter.php(412): CodeIgniter\CodeIgniter->runController(Object(App\Controllers\Penjadwalan))
#3 C:\xampp\UTS_Enterprise_msi\system\CodeIgniter.php(320): CodeIgniter\CodeIgniter->handleRequest(NULL, Object(Config\Cache), false)
#4 C:\xampp\UTS_Enterprise_msi\public\index.php(37): CodeIgniter\CodeIgniter->run()
#5 C:\xampp\UTS_Enterprise_msi\system\Commands\Server\rewrite.php(43): require_once('C:\\xampp\\UTS_En...')
#6 {main}
CRITICAL - 2023-06-10 02:39:02 --> Undefined array key "id_pegawai"
#0 C:\xampp\UTS_Enterprise_msi\app\Controllers\Penjadwalan.php(73): CodeIgniter\Debug\Exceptions->errorHandler(2, 'Undefined array...', 'C:\\xampp\\UTS_En...', 73)
#1 C:\xampp\UTS_Enterprise_msi\system\CodeIgniter.php(825): App\Controllers\Penjadwalan->create16()
#2 C:\xampp\UTS_Enterprise_msi\system\CodeIgniter.php(412): CodeIgniter\CodeIgniter->runController(Object(App\Controllers\Penjadwalan))
#3 C:\xampp\UTS_Enterprise_msi\system\CodeIgniter.php(320): CodeIgniter\CodeIgniter->handleRequest(NULL, Object(Config\Cache), false)
#4 C:\xampp\UTS_Enterprise_msi\public\index.php(37): CodeIgniter\CodeIgniter->run()
#5 C:\xampp\UTS_Enterprise_msi\system\Commands\Server\rewrite.php(43): require_once('C:\\xampp\\UTS_En...')
#6 {main}
CRITICAL - 2023-06-10 02:40:26 --> Undefined array key "id_pegawai"
#0 C:\xampp\UTS_Enterprise_msi\app\Controllers\Penjadwalan.php(73): CodeIgniter\Debug\Exceptions->errorHandler(2, 'Undefined array...', 'C:\\xampp\\UTS_En...', 73)
#1 C:\xampp\UTS_Enterprise_msi\system\CodeIgniter.php(825): App\Controllers\Penjadwalan->create16()
#2 C:\xampp\UTS_Enterprise_msi\system\CodeIgniter.php(412): CodeIgniter\CodeIgniter->runController(Object(App\Controllers\Penjadwalan))
#3 C:\xampp\UTS_Enterprise_msi\system\CodeIgniter.php(320): CodeIgniter\CodeIgniter->handleRequest(NULL, Object(Config\Cache), false)
#4 C:\xampp\UTS_Enterprise_msi\public\index.php(37): CodeIgniter\CodeIgniter->run()
#5 C:\xampp\UTS_Enterprise_msi\system\Commands\Server\rewrite.php(43): require_once('C:\\xampp\\UTS_En...')
#6 {main}
CRITICAL - 2023-06-10 02:42:53 --> Undefined array key "hari"
#0 C:\xampp\UTS_Enterprise_msi\app\Controllers\Penjadwalan.php(74): CodeIgniter\Debug\Exceptions->errorHandler(2, 'Undefined array...', 'C:\\xampp\\UTS_En...', 74)
#1 C:\xampp\UTS_Enterprise_msi\system\CodeIgniter.php(825): App\Controllers\Penjadwalan->create16()
#2 C:\xampp\UTS_Enterprise_msi\system\CodeIgniter.php(412): CodeIgniter\CodeIgniter->runController(Object(App\Controllers\Penjadwalan))
#3 C:\xampp\UTS_Enterprise_msi\system\CodeIgniter.php(320): CodeIgniter\CodeIgniter->handleRequest(NULL, Object(Config\Cache), false)
#4 C:\xampp\UTS_Enterprise_msi\public\index.php(37): CodeIgniter\CodeIgniter->run()
#5 C:\xampp\UTS_Enterprise_msi\system\Commands\Server\rewrite.php(43): require_once('C:\\xampp\\UTS_En...')
#6 {main}
CRITICAL - 2023-06-10 02:43:48 --> Call to undefined method App\Models\Penjadwalan_model::insertSchedule
#0 C:\xampp\UTS_Enterprise_msi\app\Controllers\Penjadwalan.php(76): CodeIgniter\Model->__call('insertSchedule', Array)
#1 C:\xampp\UTS_Enterprise_msi\system\CodeIgniter.php(825): App\Controllers\Penjadwalan->create16()
#2 C:\xampp\UTS_Enterprise_msi\system\CodeIgniter.php(412): CodeIgniter\CodeIgniter->runController(Object(App\Controllers\Penjadwalan))
#3 C:\xampp\UTS_Enterprise_msi\system\CodeIgniter.php(320): CodeIgniter\CodeIgniter->handleRequest(NULL, Object(Config\Cache), false)
#4 C:\xampp\UTS_Enterprise_msi\public\index.php(37): CodeIgniter\CodeIgniter->run()
#5 C:\xampp\UTS_Enterprise_msi\system\Commands\Server\rewrite.php(43): require_once('C:\\xampp\\UTS_En...')
#6 {main}
CRITICAL - 2023-06-10 03:14:25 --> syntax error, unexpected token "return", expecting "function" or "const"
#0 C:\xampp\UTS_Enterprise_msi\system\Router\Router.php(175): CodeIgniter\Router\Router->autoRoute('penjadwalan/cre...')
#1 C:\xampp\UTS_Enterprise_msi\system\CodeIgniter.php(719): CodeIgniter\Router\Router->handle('penjadwalan/cre...')
#2 C:\xampp\UTS_Enterprise_msi\system\CodeIgniter.php(361): CodeIgniter\CodeIgniter->tryToRouteIt(Object(CodeIgniter\Router\RouteCollection))
#3 C:\xampp\UTS_Enterprise_msi\system\CodeIgniter.php(320): CodeIgniter\CodeIgniter->handleRequest(NULL, Object(Config\Cache), false)
#4 C:\xampp\UTS_Enterprise_msi\public\index.php(37): CodeIgniter\CodeIgniter->run()
#5 C:\xampp\UTS_Enterprise_msi\system\Commands\Server\rewrite.php(43): require_once('C:\\xampp\\UTS_En...')
#6 {main}
CRITICAL - 2023-06-10 03:14:36 --> syntax error, unexpected token "return", expecting "function" or "const"
#0 C:\xampp\UTS_Enterprise_msi\system\Router\Router.php(175): CodeIgniter\Router\Router->autoRoute('penjadwalan/cre...')
#1 C:\xampp\UTS_Enterprise_msi\system\CodeIgniter.php(719): CodeIgniter\Router\Router->handle('penjadwalan/cre...')
#2 C:\xampp\UTS_Enterprise_msi\system\CodeIgniter.php(361): CodeIgniter\CodeIgniter->tryToRouteIt(Object(CodeIgniter\Router\RouteCollection))
#3 C:\xampp\UTS_Enterprise_msi\system\CodeIgniter.php(320): CodeIgniter\CodeIgniter->handleRequest(NULL, Object(Config\Cache), false)
#4 C:\xampp\UTS_Enterprise_msi\public\index.php(37): CodeIgniter\CodeIgniter->run()
#5 C:\xampp\UTS_Enterprise_msi\system\Commands\Server\rewrite.php(43): require_once('C:\\xampp\\UTS_En...')
#6 {main}
ERROR - 2023-06-10 21:33:33 --> Cannot add or update a child row: a foreign key constraint fails (`db_msi_sugihwaras_rev_1`.`user`, CONSTRAINT `user_ibfk_1` FOREIGN KEY (`id_pegawai`) REFERENCES `pegawai` (`id_pegawai`))
CRITICAL - 2023-06-10 21:33:33 --> Cannot add or update a child row: a foreign key constraint fails (`db_msi_sugihwaras_rev_1`.`user`, CONSTRAINT `user_ibfk_1` FOREIGN KEY (`id_pegawai`) REFERENCES `pegawai` (`id_pegawai`))
#0 C:\xampp\UTS_Enterprise_msi\system\Database\MySQLi\Connection.php(292): mysqli->query('INSERT INTO `us...', 0)
#1 C:\xampp\UTS_Enterprise_msi\system\Database\BaseConnection.php(670): CodeIgniter\Database\MySQLi\Connection->execute('INSERT INTO `us...')
#2 C:\xampp\UTS_Enterprise_msi\system\Database\BaseConnection.php(598): CodeIgniter\Database\BaseConnection->simpleQuery('INSERT INTO `us...')
#3 C:\xampp\UTS_Enterprise_msi\system\Database\BaseBuilder.php(1771): CodeIgniter\Database\BaseConnection->query('INSERT INTO `us...', Array, false)
#4 C:\xampp\UTS_Enterprise_msi\app\Models\Auth_model.php(55): CodeIgniter\Database\BaseBuilder->insert(Array)
#5 C:\xampp\UTS_Enterprise_msi\app\Controllers\Auth.php(143): App\Models\Auth_model->register(Array)
#6 C:\xampp\UTS_Enterprise_msi\system\CodeIgniter.php(825): App\Controllers\Auth->proses_register()
#7 C:\xampp\UTS_Enterprise_msi\system\CodeIgniter.php(412): CodeIgniter\CodeIgniter->runController(Object(App\Controllers\Auth))
#8 C:\xampp\UTS_Enterprise_msi\system\CodeIgniter.php(320): CodeIgniter\CodeIgniter->handleRequest(NULL, Object(Config\Cache), false)
#9 C:\xampp\UTS_Enterprise_msi\public\index.php(37): CodeIgniter\CodeIgniter->run()
#10 C:\xampp\UTS_Enterprise_msi\system\Commands\Server\rewrite.php(43): require_once('C:\\xampp\\UTS_En...')
#11 {main}
ERROR - 2023-06-10 21:33:46 --> Cannot add or update a child row: a foreign key constraint fails (`db_msi_sugihwaras_rev_1`.`user`, CONSTRAINT `user_ibfk_1` FOREIGN KEY (`id_pegawai`) REFERENCES `pegawai` (`id_pegawai`))
CRITICAL - 2023-06-10 21:33:46 --> Cannot add or update a child row: a foreign key constraint fails (`db_msi_sugihwaras_rev_1`.`user`, CONSTRAINT `user_ibfk_1` FOREIGN KEY (`id_pegawai`) REFERENCES `pegawai` (`id_pegawai`))
#0 C:\xampp\UTS_Enterprise_msi\system\Database\MySQLi\Connection.php(292): mysqli->query('INSERT INTO `us...', 0)
#1 C:\xampp\UTS_Enterprise_msi\system\Database\BaseConnection.php(670): CodeIgniter\Database\MySQLi\Connection->execute('INSERT INTO `us...')
#2 C:\xampp\UTS_Enterprise_msi\system\Database\BaseConnection.php(598): CodeIgniter\Database\BaseConnection->simpleQuery('INSERT INTO `us...')
#3 C:\xampp\UTS_Enterprise_msi\system\Database\BaseBuilder.php(1771): CodeIgniter\Database\BaseConnection->query('INSERT INTO `us...', Array, false)
#4 C:\xampp\UTS_Enterprise_msi\app\Models\Auth_model.php(55): CodeIgniter\Database\BaseBuilder->insert(Array)
#5 C:\xampp\UTS_Enterprise_msi\app\Controllers\Auth.php(143): App\Models\Auth_model->register(Array)
#6 C:\xampp\UTS_Enterprise_msi\system\CodeIgniter.php(825): App\Controllers\Auth->proses_register()
#7 C:\xampp\UTS_Enterprise_msi\system\CodeIgniter.php(412): CodeIgniter\CodeIgniter->runController(Object(App\Controllers\Auth))
#8 C:\xampp\UTS_Enterprise_msi\system\CodeIgniter.php(320): CodeIgniter\CodeIgniter->handleRequest(NULL, Object(Config\Cache), false)
#9 C:\xampp\UTS_Enterprise_msi\public\index.php(37): CodeIgniter\CodeIgniter->run()
#10 C:\xampp\UTS_Enterprise_msi\system\Commands\Server\rewrite.php(43): require_once('C:\\xampp\\UTS_En...')
#11 {main}
ERROR - 2023-06-10 21:33:52 --> Cannot add or update a child row: a foreign key constraint fails (`db_msi_sugihwaras_rev_1`.`user`, CONSTRAINT `user_ibfk_1` FOREIGN KEY (`id_pegawai`) REFERENCES `pegawai` (`id_pegawai`))
CRITICAL - 2023-06-10 21:33:52 --> Cannot add or update a child row: a foreign key constraint fails (`db_msi_sugihwaras_rev_1`.`user`, CONSTRAINT `user_ibfk_1` FOREIGN KEY (`id_pegawai`) REFERENCES `pegawai` (`id_pegawai`))
#0 C:\xampp\UTS_Enterprise_msi\system\Database\MySQLi\Connection.php(292): mysqli->query('INSERT INTO `us...', 0)
#1 C:\xampp\UTS_Enterprise_msi\system\Database\BaseConnection.php(670): CodeIgniter\Database\MySQLi\Connection->execute('INSERT INTO `us...')
#2 C:\xampp\UTS_Enterprise_msi\system\Database\BaseConnection.php(598): CodeIgniter\Database\BaseConnection->simpleQuery('INSERT INTO `us...')
#3 C:\xampp\UTS_Enterprise_msi\system\Database\BaseBuilder.php(1771): CodeIgniter\Database\BaseConnection->query('INSERT INTO `us...', Array, false)
#4 C:\xampp\UTS_Enterprise_msi\app\Models\Auth_model.php(55): CodeIgniter\Database\BaseBuilder->insert(Array)
#5 C:\xampp\UTS_Enterprise_msi\app\Controllers\Auth.php(143): App\Models\Auth_model->register(Array)
#6 C:\xampp\UTS_Enterprise_msi\system\CodeIgniter.php(825): App\Controllers\Auth->proses_register()
#7 C:\xampp\UTS_Enterprise_msi\system\CodeIgniter.php(412): CodeIgniter\CodeIgniter->runController(Object(App\Controllers\Auth))
#8 C:\xampp\UTS_Enterprise_msi\system\CodeIgniter.php(320): CodeIgniter\CodeIgniter->handleRequest(NULL, Object(Config\Cache), false)
#9 C:\xampp\UTS_Enterprise_msi\public\index.php(37): CodeIgniter\CodeIgniter->run()
#10 C:\xampp\UTS_Enterprise_msi\system\Commands\Server\rewrite.php(43): require_once('C:\\xampp\\UTS_En...')
#11 {main}
