ERROR - 2023-05-04 22:43:29 --> Table 'db_msi_sugihwaras.pembelajaran' doesn't exist
CRITICAL - 2023-05-04 22:43:29 --> Table 'db_msi_sugihwaras.pembelajaran' doesn't exist
#0 C:\xampp\htdocs\msi_baru2\system\Database\MySQLi\Connection.php(292): mysqli->query('SELECT *\nFROM `...', 0)
#1 C:\xampp\htdocs\msi_baru2\system\Database\BaseConnection.php(670): CodeIgniter\Database\MySQLi\Connection->execute('SELECT *\nFROM `...')
#2 C:\xampp\htdocs\msi_baru2\system\Database\BaseConnection.php(598): CodeIgniter\Database\BaseConnection->simpleQuery('SELECT *\nFROM `...')
#3 C:\xampp\htdocs\msi_baru2\system\Database\BaseBuilder.php(1455): CodeIgniter\Database\BaseConnection->query('SELECT *\nFROM `...', Array, false)
#4 C:\xampp\htdocs\msi_baru2\system\Model.php(183): CodeIgniter\Database\BaseBuilder->get()
#5 C:\xampp\htdocs\msi_baru2\system\BaseModel.php(584): CodeIgniter\Model->doFindAll(0, 0)
#6 C:\xampp\htdocs\msi_baru2\app\Controllers\Pembelajaran.php(30): CodeIgniter\BaseModel->findAll()
#7 C:\xampp\htdocs\msi_baru2\system\CodeIgniter.php(825): App\Controllers\Pembelajaran->index()
#8 C:\xampp\htdocs\msi_baru2\system\CodeIgniter.php(412): CodeIgniter\CodeIgniter->runController(Object(App\Controllers\Pembelajaran))
#9 C:\xampp\htdocs\msi_baru2\system\CodeIgniter.php(320): CodeIgniter\CodeIgniter->handleRequest(NULL, Object(Config\Cache), false)
#10 C:\xampp\htdocs\msi_baru2\public\index.php(37): CodeIgniter\CodeIgniter->run()
#11 C:\xampp\htdocs\msi_baru2\system\Commands\Server\rewrite.php(43): require_once('C:\\xampp\\htdocs...')
#12 {main}
ERROR - 2023-05-04 22:43:38 --> Table 'db_msi_sugihwaras.pembelajaran' doesn't exist
CRITICAL - 2023-05-04 22:43:38 --> Table 'db_msi_sugihwaras.pembelajaran' doesn't exist
#0 C:\xampp\htdocs\msi_baru2\system\Database\MySQLi\Connection.php(292): mysqli->query('SELECT *\nFROM `...', 0)
#1 C:\xampp\htdocs\msi_baru2\system\Database\BaseConnection.php(670): CodeIgniter\Database\MySQLi\Connection->execute('SELECT *\nFROM `...')
#2 C:\xampp\htdocs\msi_baru2\system\Database\BaseConnection.php(598): CodeIgniter\Database\BaseConnection->simpleQuery('SELECT *\nFROM `...')
#3 C:\xampp\htdocs\msi_baru2\system\Database\BaseBuilder.php(1455): CodeIgniter\Database\BaseConnection->query('SELECT *\nFROM `...', Array, false)
#4 C:\xampp\htdocs\msi_baru2\system\Model.php(183): CodeIgniter\Database\BaseBuilder->get()
#5 C:\xampp\htdocs\msi_baru2\system\BaseModel.php(584): CodeIgniter\Model->doFindAll(0, 0)
#6 C:\xampp\htdocs\msi_baru2\app\Controllers\Pembelajaran.php(30): CodeIgniter\BaseModel->findAll()
#7 C:\xampp\htdocs\msi_baru2\system\CodeIgniter.php(825): App\Controllers\Pembelajaran->index()
#8 C:\xampp\htdocs\msi_baru2\system\CodeIgniter.php(412): CodeIgniter\CodeIgniter->runController(Object(App\Controllers\Pembelajaran))
#9 C:\xampp\htdocs\msi_baru2\system\CodeIgniter.php(320): CodeIgniter\CodeIgniter->handleRequest(NULL, Object(Config\Cache), false)
#10 C:\xampp\htdocs\msi_baru2\public\index.php(37): CodeIgniter\CodeIgniter->run()
#11 C:\xampp\htdocs\msi_baru2\system\Commands\Server\rewrite.php(43): require_once('C:\\xampp\\htdocs...')
#12 {main}
CRITICAL - 2023-05-04 22:45:36 --> Invalid file: pembelajaran/show.php
#0 C:\xampp\htdocs\msi_baru2\system\View\View.php(198): CodeIgniter\Exceptions\FrameworkException::forInvalidFile('pembelajaran/sh...')
#1 C:\xampp\htdocs\msi_baru2\system\Common.php(1089): CodeIgniter\View\View->render('pembelajaran/sh...', Array, true)
#2 C:\xampp\htdocs\msi_baru2\app\Controllers\Pembelajaran.php(136): view('pembelajaran/sh...', Array)
#3 C:\xampp\htdocs\msi_baru2\system\CodeIgniter.php(825): App\Controllers\Pembelajaran->show11('1')
#4 C:\xampp\htdocs\msi_baru2\system\CodeIgniter.php(412): CodeIgniter\CodeIgniter->runController(Object(App\Controllers\Pembelajaran))
#5 C:\xampp\htdocs\msi_baru2\system\CodeIgniter.php(320): CodeIgniter\CodeIgniter->handleRequest(NULL, Object(Config\Cache), false)
#6 C:\xampp\htdocs\msi_baru2\public\index.php(37): CodeIgniter\CodeIgniter->run()
#7 C:\xampp\htdocs\msi_baru2\system\Commands\Server\rewrite.php(43): require_once('C:\\xampp\\htdocs...')
#8 {main}
CRITICAL - 2023-05-04 22:48:09 --> Invalid file: pembelajaran/show.php
#0 C:\xampp\htdocs\msi_baru2\system\View\View.php(198): CodeIgniter\Exceptions\FrameworkException::forInvalidFile('pembelajaran/sh...')
#1 C:\xampp\htdocs\msi_baru2\system\Common.php(1089): CodeIgniter\View\View->render('pembelajaran/sh...', Array, true)
#2 C:\xampp\htdocs\msi_baru2\app\Controllers\Pembelajaran.php(136): view('pembelajaran/sh...', Array)
#3 C:\xampp\htdocs\msi_baru2\system\CodeIgniter.php(825): App\Controllers\Pembelajaran->show11('1')
#4 C:\xampp\htdocs\msi_baru2\system\CodeIgniter.php(412): CodeIgniter\CodeIgniter->runController(Object(App\Controllers\Pembelajaran))
#5 C:\xampp\htdocs\msi_baru2\system\CodeIgniter.php(320): CodeIgniter\CodeIgniter->handleRequest(NULL, Object(Config\Cache), false)
#6 C:\xampp\htdocs\msi_baru2\public\index.php(37): CodeIgniter\CodeIgniter->run()
#7 C:\xampp\htdocs\msi_baru2\system\Commands\Server\rewrite.php(43): require_once('C:\\xampp\\htdocs...')
#8 {main}
CRITICAL - 2023-05-04 23:00:58 --> Invalid file: pembelajaran/show.php
#0 C:\xampp\htdocs\msi_baru2\system\View\View.php(198): CodeIgniter\Exceptions\FrameworkException::forInvalidFile('pembelajaran/sh...')
#1 C:\xampp\htdocs\msi_baru2\system\Common.php(1089): CodeIgniter\View\View->render('pembelajaran/sh...', Array, true)
#2 C:\xampp\htdocs\msi_baru2\app\Controllers\Pembelajaran.php(136): view('pembelajaran/sh...', Array)
#3 C:\xampp\htdocs\msi_baru2\system\CodeIgniter.php(825): App\Controllers\Pembelajaran->show11('1')
#4 C:\xampp\htdocs\msi_baru2\system\CodeIgniter.php(412): CodeIgniter\CodeIgniter->runController(Object(App\Controllers\Pembelajaran))
#5 C:\xampp\htdocs\msi_baru2\system\CodeIgniter.php(320): CodeIgniter\CodeIgniter->handleRequest(NULL, Object(Config\Cache), false)
#6 C:\xampp\htdocs\msi_baru2\public\index.php(37): CodeIgniter\CodeIgniter->run()
#7 C:\xampp\htdocs\msi_baru2\system\Commands\Server\rewrite.php(43): require_once('C:\\xampp\\htdocs...')
#8 {main}
CRITICAL - 2023-05-04 23:01:54 --> Undefined variable $product
#0 C:\xampp\htdocs\msi_baru2\app\Views\pembelajaran\show11.php(29): CodeIgniter\Debug\Exceptions->errorHandler(2, 'Undefined varia...', 'C:\\xampp\\htdocs...', 29)
#1 C:\xampp\htdocs\msi_baru2\system\View\View.php(210): include('C:\\xampp\\htdocs...')
#2 C:\xampp\htdocs\msi_baru2\system\View\View.php(213): CodeIgniter\View\View->CodeIgniter\View\{closure}()
#3 C:\xampp\htdocs\msi_baru2\system\Common.php(1089): CodeIgniter\View\View->render('pembelajaran/sh...', Array, true)
#4 C:\xampp\htdocs\msi_baru2\app\Controllers\Pembelajaran.php(136): view('pembelajaran/sh...', Array)
#5 C:\xampp\htdocs\msi_baru2\system\CodeIgniter.php(825): App\Controllers\Pembelajaran->show11('1')
#6 C:\xampp\htdocs\msi_baru2\system\CodeIgniter.php(412): CodeIgniter\CodeIgniter->runController(Object(App\Controllers\Pembelajaran))
#7 C:\xampp\htdocs\msi_baru2\system\CodeIgniter.php(320): CodeIgniter\CodeIgniter->handleRequest(NULL, Object(Config\Cache), false)
#8 C:\xampp\htdocs\msi_baru2\public\index.php(37): CodeIgniter\CodeIgniter->run()
#9 C:\xampp\htdocs\msi_baru2\system\Commands\Server\rewrite.php(43): require_once('C:\\xampp\\htdocs...')
#10 {main}
