ERROR - 2023-06-06 00:55:27 --> Duplicate entry 'BK-01' for key 'PRIMARY'
CRITICAL - 2023-06-06 00:55:27 --> Duplicate entry 'BK-01' for key 'PRIMARY'
#0 C:\xampp\UTS_Enterprise_msi\system\Database\MySQLi\Connection.php(292): mysqli->query('INSERT INTO `sa...', 0)
#1 C:\xampp\UTS_Enterprise_msi\system\Database\BaseConnection.php(670): CodeIgniter\Database\MySQLi\Connection->execute('INSERT INTO `sa...')
#2 C:\xampp\UTS_Enterprise_msi\system\Database\BaseConnection.php(598): CodeIgniter\Database\BaseConnection->simpleQuery('INSERT INTO `sa...')
#3 C:\xampp\UTS_Enterprise_msi\system\Database\BaseBuilder.php(1771): CodeIgniter\Database\BaseConnection->query('INSERT INTO `sa...', Array, false)
#4 C:\xampp\UTS_Enterprise_msi\app\Models\Sarpras_model.php(25): CodeIgniter\Database\BaseBuilder->insert(Array)
#5 C:\xampp\UTS_Enterprise_msi\app\Controllers\Sarpras.php(89): App\Models\Sarpras_model->insertCategory(Array)
#6 C:\xampp\UTS_Enterprise_msi\system\CodeIgniter.php(825): App\Controllers\Sarpras->store12()
#7 C:\xampp\UTS_Enterprise_msi\system\CodeIgniter.php(412): CodeIgniter\CodeIgniter->runController(Object(App\Controllers\Sarpras))
#8 C:\xampp\UTS_Enterprise_msi\system\CodeIgniter.php(320): CodeIgniter\CodeIgniter->handleRequest(NULL, Object(Config\Cache), false)
#9 C:\xampp\UTS_Enterprise_msi\public\index.php(37): CodeIgniter\CodeIgniter->run()
#10 C:\xampp\UTS_Enterprise_msi\system\Commands\Server\rewrite.php(43): require_once('C:\\xampp\\UTS_En...')
#11 {main}
CRITICAL - 2023-06-06 00:57:13 --> Too few arguments to function App\Controllers\Sarpras::edit12(), 0 passed in C:\xampp\UTS_Enterprise_msi\system\CodeIgniter.php on line 825 and exactly 1 expected
#0 C:\xampp\UTS_Enterprise_msi\system\CodeIgniter.php(825): App\Controllers\Sarpras->edit12()
#1 C:\xampp\UTS_Enterprise_msi\system\CodeIgniter.php(412): CodeIgniter\CodeIgniter->runController(Object(App\Controllers\Sarpras))
#2 C:\xampp\UTS_Enterprise_msi\system\CodeIgniter.php(320): CodeIgniter\CodeIgniter->handleRequest(NULL, Object(Config\Cache), false)
#3 C:\xampp\UTS_Enterprise_msi\public\index.php(37): CodeIgniter\CodeIgniter->run()
#4 C:\xampp\UTS_Enterprise_msi\system\Commands\Server\rewrite.php(43): require_once('C:\\xampp\\UTS_En...')
#5 {main}
CRITICAL - 2023-06-06 00:57:32 --> Too few arguments to function App\Controllers\Sarpras::edit12(), 0 passed in C:\xampp\UTS_Enterprise_msi\system\CodeIgniter.php on line 825 and exactly 1 expected
#0 C:\xampp\UTS_Enterprise_msi\system\CodeIgniter.php(825): App\Controllers\Sarpras->edit12()
#1 C:\xampp\UTS_Enterprise_msi\system\CodeIgniter.php(412): CodeIgniter\CodeIgniter->runController(Object(App\Controllers\Sarpras))
#2 C:\xampp\UTS_Enterprise_msi\system\CodeIgniter.php(320): CodeIgniter\CodeIgniter->handleRequest(NULL, Object(Config\Cache), false)
#3 C:\xampp\UTS_Enterprise_msi\public\index.php(37): CodeIgniter\CodeIgniter->run()
#4 C:\xampp\UTS_Enterprise_msi\system\Commands\Server\rewrite.php(43): require_once('C:\\xampp\\UTS_En...')
#5 {main}
CRITICAL - 2023-06-06 01:08:03 --> Call to undefined method App\Models\Dataguru_model::deleteDataguru
#0 C:\xampp\UTS_Enterprise_msi\app\Controllers\Dataguru.php(170): CodeIgniter\Model->__call('deleteDataguru', Array)
#1 C:\xampp\UTS_Enterprise_msi\system\CodeIgniter.php(825): App\Controllers\Dataguru->delete3('peg01')
#2 C:\xampp\UTS_Enterprise_msi\system\CodeIgniter.php(412): CodeIgniter\CodeIgniter->runController(Object(App\Controllers\Dataguru))
#3 C:\xampp\UTS_Enterprise_msi\system\CodeIgniter.php(320): CodeIgniter\CodeIgniter->handleRequest(NULL, Object(Config\Cache), false)
#4 C:\xampp\UTS_Enterprise_msi\public\index.php(37): CodeIgniter\CodeIgniter->run()
#5 C:\xampp\UTS_Enterprise_msi\system\Commands\Server\rewrite.php(43): require_once('C:\\xampp\\UTS_En...')
#6 {main}
CRITICAL - 2023-06-06 01:09:20 --> The original file is not a valid file.
#0 C:\xampp\UTS_Enterprise_msi\system\HTTP\Files\UploadedFile.php(137): CodeIgniter\HTTP\Exceptions\HTTPException::forInvalidFile()
#1 C:\xampp\UTS_Enterprise_msi\app\Controllers\Emis.php(156): CodeIgniter\HTTP\Files\UploadedFile->move('C:\\xampp\\UTS_En...', '')
#2 C:\xampp\UTS_Enterprise_msi\system\CodeIgniter.php(825): App\Controllers\Emis->update2()
#3 C:\xampp\UTS_Enterprise_msi\system\CodeIgniter.php(412): CodeIgniter\CodeIgniter->runController(Object(App\Controllers\Emis))
#4 C:\xampp\UTS_Enterprise_msi\system\CodeIgniter.php(320): CodeIgniter\CodeIgniter->handleRequest(NULL, Object(Config\Cache), false)
#5 C:\xampp\UTS_Enterprise_msi\public\index.php(37): CodeIgniter\CodeIgniter->run()
#6 C:\xampp\UTS_Enterprise_msi\system\Commands\Server\rewrite.php(43): require_once('C:\\xampp\\UTS_En...')
#7 {main}
CRITICAL - 2023-06-06 01:29:46 --> Trying to access array offset on value of type null
#0 C:\xampp\UTS_Enterprise_msi\app\Views\penjadwalan\edit16.php(40): CodeIgniter\Debug\Exceptions->errorHandler(8, 'Trying to acces...', 'C:\\xampp\\UTS_En...', 40, Array)
#1 C:\xampp\UTS_Enterprise_msi\system\View\View.php(210): include('C:\\xampp\\UTS_En...')
#2 C:\xampp\UTS_Enterprise_msi\system\View\View.php(213): CodeIgniter\View\View->CodeIgniter\View\{closure}()
#3 C:\xampp\UTS_Enterprise_msi\system\Common.php(1089): CodeIgniter\View\View->render('penjadwalan/edi...', Array, true)
#4 C:\xampp\UTS_Enterprise_msi\app\Controllers\Penjadwalan.php(79): view('penjadwalan/edi...', Array)
#5 C:\xampp\UTS_Enterprise_msi\system\CodeIgniter.php(825): App\Controllers\Penjadwalan->edit16('2020')
#6 C:\xampp\UTS_Enterprise_msi\system\CodeIgniter.php(412): CodeIgniter\CodeIgniter->runController(Object(App\Controllers\Penjadwalan))
#7 C:\xampp\UTS_Enterprise_msi\system\CodeIgniter.php(320): CodeIgniter\CodeIgniter->handleRequest(NULL, Object(Config\Cache), false)
#8 C:\xampp\UTS_Enterprise_msi\public\index.php(37): CodeIgniter\CodeIgniter->run()
#9 C:\xampp\UTS_Enterprise_msi\system\Commands\Server\rewrite.php(43): require_once('C:\\xampp\\UTS_En...')
#10 {main}
CRITICAL - 2023-06-06 01:36:17 --> Call to undefined method App\Models\Dataguru_model::deleteDataguru
#0 C:\xampp\UTS_Enterprise_msi\app\Controllers\Dataguru.php(170): CodeIgniter\Model->__call('deleteDataguru', Array)
#1 C:\xampp\UTS_Enterprise_msi\system\CodeIgniter.php(825): App\Controllers\Dataguru->delete3('ND-02')
#2 C:\xampp\UTS_Enterprise_msi\system\CodeIgniter.php(412): CodeIgniter\CodeIgniter->runController(Object(App\Controllers\Dataguru))
#3 C:\xampp\UTS_Enterprise_msi\system\CodeIgniter.php(320): CodeIgniter\CodeIgniter->handleRequest(NULL, Object(Config\Cache), false)
#4 C:\xampp\UTS_Enterprise_msi\public\index.php(37): CodeIgniter\CodeIgniter->run()
#5 C:\xampp\UTS_Enterprise_msi\system\Commands\Server\rewrite.php(43): require_once('C:\\xampp\\UTS_En...')
#6 {main}
CRITICAL - 2023-06-06 01:42:10 --> Trying to access array offset on value of type null
#0 C:\xampp\UTS_Enterprise_msi\app\Views\spp\show4.php(28): CodeIgniter\Debug\Exceptions->errorHandler(8, 'Trying to acces...', 'C:\\xampp\\UTS_En...', 28, Array)
#1 C:\xampp\UTS_Enterprise_msi\system\View\View.php(210): include('C:\\xampp\\UTS_En...')
#2 C:\xampp\UTS_Enterprise_msi\system\View\View.php(213): CodeIgniter\View\View->CodeIgniter\View\{closure}()
#3 C:\xampp\UTS_Enterprise_msi\system\Common.php(1089): CodeIgniter\View\View->render('spp/show4', Array, true)
#4 C:\xampp\UTS_Enterprise_msi\app\Controllers\Spp.php(103): view('spp/show4', Array)
#5 C:\xampp\UTS_Enterprise_msi\system\CodeIgniter.php(825): App\Controllers\Spp->show4('17')
#6 C:\xampp\UTS_Enterprise_msi\system\CodeIgniter.php(412): CodeIgniter\CodeIgniter->runController(Object(App\Controllers\Spp))
#7 C:\xampp\UTS_Enterprise_msi\system\CodeIgniter.php(320): CodeIgniter\CodeIgniter->handleRequest(NULL, Object(Config\Cache), false)
#8 C:\xampp\UTS_Enterprise_msi\public\index.php(37): CodeIgniter\CodeIgniter->run()
#9 C:\xampp\UTS_Enterprise_msi\system\Commands\Server\rewrite.php(43): require_once('C:\\xampp\\UTS_En...')
#10 {main}
CRITICAL - 2023-06-06 01:44:48 --> Trying to access array offset on value of type null
#0 C:\xampp\UTS_Enterprise_msi\app\Views\spp\show4.php(28): CodeIgniter\Debug\Exceptions->errorHandler(8, 'Trying to acces...', 'C:\\xampp\\UTS_En...', 28, Array)
#1 C:\xampp\UTS_Enterprise_msi\system\View\View.php(210): include('C:\\xampp\\UTS_En...')
#2 C:\xampp\UTS_Enterprise_msi\system\View\View.php(213): CodeIgniter\View\View->CodeIgniter\View\{closure}()
#3 C:\xampp\UTS_Enterprise_msi\system\Common.php(1089): CodeIgniter\View\View->render('spp/show4', Array, true)
#4 C:\xampp\UTS_Enterprise_msi\app\Controllers\Spp.php(103): view('spp/show4', Array)
#5 C:\xampp\UTS_Enterprise_msi\system\CodeIgniter.php(825): App\Controllers\Spp->show4('88888')
#6 C:\xampp\UTS_Enterprise_msi\system\CodeIgniter.php(412): CodeIgniter\CodeIgniter->runController(Object(App\Controllers\Spp))
#7 C:\xampp\UTS_Enterprise_msi\system\CodeIgniter.php(320): CodeIgniter\CodeIgniter->handleRequest(NULL, Object(Config\Cache), false)
#8 C:\xampp\UTS_Enterprise_msi\public\index.php(37): CodeIgniter\CodeIgniter->run()
#9 C:\xampp\UTS_Enterprise_msi\system\Commands\Server\rewrite.php(43): require_once('C:\\xampp\\UTS_En...')
#10 {main}
CRITICAL - 2023-06-06 01:47:22 --> Trying to access array offset on value of type null
#0 C:\xampp\UTS_Enterprise_msi\app\Views\spp\show4.php(28): CodeIgniter\Debug\Exceptions->errorHandler(8, 'Trying to acces...', 'C:\\xampp\\UTS_En...', 28, Array)
#1 C:\xampp\UTS_Enterprise_msi\system\View\View.php(210): include('C:\\xampp\\UTS_En...')
#2 C:\xampp\UTS_Enterprise_msi\system\View\View.php(213): CodeIgniter\View\View->CodeIgniter\View\{closure}()
#3 C:\xampp\UTS_Enterprise_msi\system\Common.php(1089): CodeIgniter\View\View->render('spp/show4', Array, true)
#4 C:\xampp\UTS_Enterprise_msi\app\Controllers\Spp.php(103): view('spp/show4', Array)
#5 C:\xampp\UTS_Enterprise_msi\system\CodeIgniter.php(825): App\Controllers\Spp->show4('88888')
#6 C:\xampp\UTS_Enterprise_msi\system\CodeIgniter.php(412): CodeIgniter\CodeIgniter->runController(Object(App\Controllers\Spp))
#7 C:\xampp\UTS_Enterprise_msi\system\CodeIgniter.php(320): CodeIgniter\CodeIgniter->handleRequest(NULL, Object(Config\Cache), false)
#8 C:\xampp\UTS_Enterprise_msi\public\index.php(37): CodeIgniter\CodeIgniter->run()
#9 C:\xampp\UTS_Enterprise_msi\system\Commands\Server\rewrite.php(43): require_once('C:\\xampp\\UTS_En...')
#10 {main}
CRITICAL - 2023-06-06 01:47:22 --> Trying to access array offset on value of type null
#0 C:\xampp\UTS_Enterprise_msi\app\Views\spp\show4.php(28): CodeIgniter\Debug\Exceptions->errorHandler(8, 'Trying to acces...', 'C:\\xampp\\UTS_En...', 28, Array)
#1 C:\xampp\UTS_Enterprise_msi\system\View\View.php(210): include('C:\\xampp\\UTS_En...')
#2 C:\xampp\UTS_Enterprise_msi\system\View\View.php(213): CodeIgniter\View\View->CodeIgniter\View\{closure}()
#3 C:\xampp\UTS_Enterprise_msi\system\Common.php(1089): CodeIgniter\View\View->render('spp/show4', Array, true)
#4 C:\xampp\UTS_Enterprise_msi\app\Controllers\Spp.php(103): view('spp/show4', Array)
#5 C:\xampp\UTS_Enterprise_msi\system\CodeIgniter.php(825): App\Controllers\Spp->show4('88888')
#6 C:\xampp\UTS_Enterprise_msi\system\CodeIgniter.php(412): CodeIgniter\CodeIgniter->runController(Object(App\Controllers\Spp))
#7 C:\xampp\UTS_Enterprise_msi\system\CodeIgniter.php(320): CodeIgniter\CodeIgniter->handleRequest(NULL, Object(Config\Cache), false)
#8 C:\xampp\UTS_Enterprise_msi\public\index.php(37): CodeIgniter\CodeIgniter->run()
#9 C:\xampp\UTS_Enterprise_msi\system\Commands\Server\rewrite.php(43): require_once('C:\\xampp\\UTS_En...')
#10 {main}
CRITICAL - 2023-06-06 01:47:36 --> Trying to access array offset on value of type null
#0 C:\xampp\UTS_Enterprise_msi\app\Views\spp\show4.php(28): CodeIgniter\Debug\Exceptions->errorHandler(8, 'Trying to acces...', 'C:\\xampp\\UTS_En...', 28, Array)
#1 C:\xampp\UTS_Enterprise_msi\system\View\View.php(210): include('C:\\xampp\\UTS_En...')
#2 C:\xampp\UTS_Enterprise_msi\system\View\View.php(213): CodeIgniter\View\View->CodeIgniter\View\{closure}()
#3 C:\xampp\UTS_Enterprise_msi\system\Common.php(1089): CodeIgniter\View\View->render('spp/show4', Array, true)
#4 C:\xampp\UTS_Enterprise_msi\app\Controllers\Spp.php(103): view('spp/show4', Array)
#5 C:\xampp\UTS_Enterprise_msi\system\CodeIgniter.php(825): App\Controllers\Spp->show4('88888')
#6 C:\xampp\UTS_Enterprise_msi\system\CodeIgniter.php(412): CodeIgniter\CodeIgniter->runController(Object(App\Controllers\Spp))
#7 C:\xampp\UTS_Enterprise_msi\system\CodeIgniter.php(320): CodeIgniter\CodeIgniter->handleRequest(NULL, Object(Config\Cache), false)
#8 C:\xampp\UTS_Enterprise_msi\public\index.php(37): CodeIgniter\CodeIgniter->run()
#9 C:\xampp\UTS_Enterprise_msi\system\Commands\Server\rewrite.php(43): require_once('C:\\xampp\\UTS_En...')
#10 {main}
CRITICAL - 2023-06-06 01:48:25 --> Trying to access array offset on value of type null
#0 C:\xampp\UTS_Enterprise_msi\app\Views\spp\show4.php(28): CodeIgniter\Debug\Exceptions->errorHandler(8, 'Trying to acces...', 'C:\\xampp\\UTS_En...', 28, Array)
#1 C:\xampp\UTS_Enterprise_msi\system\View\View.php(210): include('C:\\xampp\\UTS_En...')
#2 C:\xampp\UTS_Enterprise_msi\system\View\View.php(213): CodeIgniter\View\View->CodeIgniter\View\{closure}()
#3 C:\xampp\UTS_Enterprise_msi\system\Common.php(1089): CodeIgniter\View\View->render('spp/show4', Array, true)
#4 C:\xampp\UTS_Enterprise_msi\app\Controllers\Spp.php(103): view('spp/show4', Array)
#5 C:\xampp\UTS_Enterprise_msi\system\CodeIgniter.php(825): App\Controllers\Spp->show4('88888')
#6 C:\xampp\UTS_Enterprise_msi\system\CodeIgniter.php(412): CodeIgniter\CodeIgniter->runController(Object(App\Controllers\Spp))
#7 C:\xampp\UTS_Enterprise_msi\system\CodeIgniter.php(320): CodeIgniter\CodeIgniter->handleRequest(NULL, Object(Config\Cache), false)
#8 C:\xampp\UTS_Enterprise_msi\public\index.php(37): CodeIgniter\CodeIgniter->run()
#9 C:\xampp\UTS_Enterprise_msi\system\Commands\Server\rewrite.php(43): require_once('C:\\xampp\\UTS_En...')
#10 {main}
CRITICAL - 2023-06-06 01:48:32 --> Trying to access array offset on value of type null
#0 C:\xampp\UTS_Enterprise_msi\app\Views\spp\show4.php(28): CodeIgniter\Debug\Exceptions->errorHandler(8, 'Trying to acces...', 'C:\\xampp\\UTS_En...', 28, Array)
#1 C:\xampp\UTS_Enterprise_msi\system\View\View.php(210): include('C:\\xampp\\UTS_En...')
#2 C:\xampp\UTS_Enterprise_msi\system\View\View.php(213): CodeIgniter\View\View->CodeIgniter\View\{closure}()
#3 C:\xampp\UTS_Enterprise_msi\system\Common.php(1089): CodeIgniter\View\View->render('spp/show4', Array, true)
#4 C:\xampp\UTS_Enterprise_msi\app\Controllers\Spp.php(103): view('spp/show4', Array)
#5 C:\xampp\UTS_Enterprise_msi\system\CodeIgniter.php(825): App\Controllers\Spp->show4('0P92K')
#6 C:\xampp\UTS_Enterprise_msi\system\CodeIgniter.php(412): CodeIgniter\CodeIgniter->runController(Object(App\Controllers\Spp))
#7 C:\xampp\UTS_Enterprise_msi\system\CodeIgniter.php(320): CodeIgniter\CodeIgniter->handleRequest(NULL, Object(Config\Cache), false)
#8 C:\xampp\UTS_Enterprise_msi\public\index.php(37): CodeIgniter\CodeIgniter->run()
#9 C:\xampp\UTS_Enterprise_msi\system\Commands\Server\rewrite.php(43): require_once('C:\\xampp\\UTS_En...')
#10 {main}
CRITICAL - 2023-06-06 01:49:02 --> Trying to access array offset on value of type null
#0 C:\xampp\UTS_Enterprise_msi\app\Views\spp\show4.php(28): CodeIgniter\Debug\Exceptions->errorHandler(8, 'Trying to acces...', 'C:\\xampp\\UTS_En...', 28, Array)
#1 C:\xampp\UTS_Enterprise_msi\system\View\View.php(210): include('C:\\xampp\\UTS_En...')
#2 C:\xampp\UTS_Enterprise_msi\system\View\View.php(213): CodeIgniter\View\View->CodeIgniter\View\{closure}()
#3 C:\xampp\UTS_Enterprise_msi\system\Common.php(1089): CodeIgniter\View\View->render('spp/show4', Array, true)
#4 C:\xampp\UTS_Enterprise_msi\app\Controllers\Spp.php(103): view('spp/show4', Array)
#5 C:\xampp\UTS_Enterprise_msi\system\CodeIgniter.php(825): App\Controllers\Spp->show4('0P92K')
#6 C:\xampp\UTS_Enterprise_msi\system\CodeIgniter.php(412): CodeIgniter\CodeIgniter->runController(Object(App\Controllers\Spp))
#7 C:\xampp\UTS_Enterprise_msi\system\CodeIgniter.php(320): CodeIgniter\CodeIgniter->handleRequest(NULL, Object(Config\Cache), false)
#8 C:\xampp\UTS_Enterprise_msi\public\index.php(37): CodeIgniter\CodeIgniter->run()
#9 C:\xampp\UTS_Enterprise_msi\system\Commands\Server\rewrite.php(43): require_once('C:\\xampp\\UTS_En...')
#10 {main}
CRITICAL - 2023-06-06 01:49:28 --> Trying to access array offset on value of type null
#0 C:\xampp\UTS_Enterprise_msi\app\Views\spp\show4.php(28): CodeIgniter\Debug\Exceptions->errorHandler(8, 'Trying to acces...', 'C:\\xampp\\UTS_En...', 28, Array)
#1 C:\xampp\UTS_Enterprise_msi\system\View\View.php(210): include('C:\\xampp\\UTS_En...')
#2 C:\xampp\UTS_Enterprise_msi\system\View\View.php(213): CodeIgniter\View\View->CodeIgniter\View\{closure}()
#3 C:\xampp\UTS_Enterprise_msi\system\Common.php(1089): CodeIgniter\View\View->render('spp/show4', Array, true)
#4 C:\xampp\UTS_Enterprise_msi\app\Controllers\Spp.php(103): view('spp/show4', Array)
#5 C:\xampp\UTS_Enterprise_msi\system\CodeIgniter.php(825): App\Controllers\Spp->show4('88888')
#6 C:\xampp\UTS_Enterprise_msi\system\CodeIgniter.php(412): CodeIgniter\CodeIgniter->runController(Object(App\Controllers\Spp))
#7 C:\xampp\UTS_Enterprise_msi\system\CodeIgniter.php(320): CodeIgniter\CodeIgniter->handleRequest(NULL, Object(Config\Cache), false)
#8 C:\xampp\UTS_Enterprise_msi\public\index.php(37): CodeIgniter\CodeIgniter->run()
#9 C:\xampp\UTS_Enterprise_msi\system\Commands\Server\rewrite.php(43): require_once('C:\\xampp\\UTS_En...')
#10 {main}
CRITICAL - 2023-06-06 01:49:38 --> Trying to access array offset on value of type null
#0 C:\xampp\UTS_Enterprise_msi\app\Views\spp\show4.php(28): CodeIgniter\Debug\Exceptions->errorHandler(8, 'Trying to acces...', 'C:\\xampp\\UTS_En...', 28, Array)
#1 C:\xampp\UTS_Enterprise_msi\system\View\View.php(210): include('C:\\xampp\\UTS_En...')
#2 C:\xampp\UTS_Enterprise_msi\system\View\View.php(213): CodeIgniter\View\View->CodeIgniter\View\{closure}()
#3 C:\xampp\UTS_Enterprise_msi\system\Common.php(1089): CodeIgniter\View\View->render('spp/show4', Array, true)
#4 C:\xampp\UTS_Enterprise_msi\app\Controllers\Spp.php(103): view('spp/show4', Array)
#5 C:\xampp\UTS_Enterprise_msi\system\CodeIgniter.php(825): App\Controllers\Spp->show4('88888')
#6 C:\xampp\UTS_Enterprise_msi\system\CodeIgniter.php(412): CodeIgniter\CodeIgniter->runController(Object(App\Controllers\Spp))
#7 C:\xampp\UTS_Enterprise_msi\system\CodeIgniter.php(320): CodeIgniter\CodeIgniter->handleRequest(NULL, Object(Config\Cache), false)
#8 C:\xampp\UTS_Enterprise_msi\public\index.php(37): CodeIgniter\CodeIgniter->run()
#9 C:\xampp\UTS_Enterprise_msi\system\Commands\Server\rewrite.php(43): require_once('C:\\xampp\\UTS_En...')
#10 {main}
ERROR - 2023-06-06 01:54:28 --> Duplicate entry 'BK-01' for key 'PRIMARY'
CRITICAL - 2023-06-06 01:54:28 --> Duplicate entry 'BK-01' for key 'PRIMARY'
#0 C:\xampp\UTS_Enterprise_msi\system\Database\MySQLi\Connection.php(292): mysqli->query('INSERT INTO `sa...', 0)
#1 C:\xampp\UTS_Enterprise_msi\system\Database\BaseConnection.php(670): CodeIgniter\Database\MySQLi\Connection->execute('INSERT INTO `sa...')
#2 C:\xampp\UTS_Enterprise_msi\system\Database\BaseConnection.php(598): CodeIgniter\Database\BaseConnection->simpleQuery('INSERT INTO `sa...')
#3 C:\xampp\UTS_Enterprise_msi\system\Database\BaseBuilder.php(1771): CodeIgniter\Database\BaseConnection->query('INSERT INTO `sa...', Array, false)
#4 C:\xampp\UTS_Enterprise_msi\app\Models\Sarpras_model.php(25): CodeIgniter\Database\BaseBuilder->insert(Array)
#5 C:\xampp\UTS_Enterprise_msi\app\Controllers\Sarpras.php(89): App\Models\Sarpras_model->insertCategory(Array)
#6 C:\xampp\UTS_Enterprise_msi\system\CodeIgniter.php(825): App\Controllers\Sarpras->store12()
#7 C:\xampp\UTS_Enterprise_msi\system\CodeIgniter.php(412): CodeIgniter\CodeIgniter->runController(Object(App\Controllers\Sarpras))
#8 C:\xampp\UTS_Enterprise_msi\system\CodeIgniter.php(320): CodeIgniter\CodeIgniter->handleRequest(NULL, Object(Config\Cache), false)
#9 C:\xampp\UTS_Enterprise_msi\public\index.php(37): CodeIgniter\CodeIgniter->run()
#10 C:\xampp\UTS_Enterprise_msi\system\Commands\Server\rewrite.php(43): require_once('C:\\xampp\\UTS_En...')
#11 {main}
CRITICAL - 2023-06-06 02:02:15 --> Invalid file: peminjaman/show13.php
#0 C:\xampp\UTS_Enterprise_msi\system\View\View.php(198): CodeIgniter\Exceptions\FrameworkException::forInvalidFile('peminjaman/show...')
#1 C:\xampp\UTS_Enterprise_msi\system\Common.php(1089): CodeIgniter\View\View->render('peminjaman/show...', Array, true)
#2 C:\xampp\UTS_Enterprise_msi\app\Controllers\Peminjaman.php(144): view('peminjaman/show...', Array)
#3 C:\xampp\UTS_Enterprise_msi\system\CodeIgniter.php(825): App\Controllers\Peminjaman->show13('2')
#4 C:\xampp\UTS_Enterprise_msi\system\CodeIgniter.php(412): CodeIgniter\CodeIgniter->runController(Object(App\Controllers\Peminjaman))
#5 C:\xampp\UTS_Enterprise_msi\system\CodeIgniter.php(320): CodeIgniter\CodeIgniter->handleRequest(NULL, Object(Config\Cache), false)
#6 C:\xampp\UTS_Enterprise_msi\public\index.php(37): CodeIgniter\CodeIgniter->run()
#7 C:\xampp\UTS_Enterprise_msi\system\Commands\Server\rewrite.php(43): require_once('C:\\xampp\\UTS_En...')
#8 {main}
ERROR - 2023-06-06 02:06:05 --> Unknown column 'keterangan' in 'field list'
CRITICAL - 2023-06-06 02:06:05 --> Unknown column 'keterangan' in 'field list'
#0 C:\xampp\UTS_Enterprise_msi\system\Database\MySQLi\Connection.php(292): mysqli->query('UPDATE `pegawai...', 0)
#1 C:\xampp\UTS_Enterprise_msi\system\Database\BaseConnection.php(670): CodeIgniter\Database\MySQLi\Connection->execute('UPDATE `pegawai...')
#2 C:\xampp\UTS_Enterprise_msi\system\Database\BaseConnection.php(598): CodeIgniter\Database\BaseConnection->simpleQuery('UPDATE `pegawai...')
#3 C:\xampp\UTS_Enterprise_msi\system\Database\BaseBuilder.php(1913): CodeIgniter\Database\BaseConnection->query('UPDATE `pegawai...', Array, false)
#4 C:\xampp\UTS_Enterprise_msi\app\Models\Dataguru_model.php(32): CodeIgniter\Database\BaseBuilder->update(Array, Array)
#5 C:\xampp\UTS_Enterprise_msi\app\Controllers\Peminjaman.php(134): App\Models\Dataguru_model->updateCategory(Array, NULL)
#6 C:\xampp\UTS_Enterprise_msi\system\CodeIgniter.php(825): App\Controllers\Peminjaman->update13()
#7 C:\xampp\UTS_Enterprise_msi\system\CodeIgniter.php(412): CodeIgniter\CodeIgniter->runController(Object(App\Controllers\Peminjaman))
#8 C:\xampp\UTS_Enterprise_msi\system\CodeIgniter.php(320): CodeIgniter\CodeIgniter->handleRequest(NULL, Object(Config\Cache), false)
#9 C:\xampp\UTS_Enterprise_msi\public\index.php(37): CodeIgniter\CodeIgniter->run()
#10 C:\xampp\UTS_Enterprise_msi\system\Commands\Server\rewrite.php(43): require_once('C:\\xampp\\UTS_En...')
#11 {main}
CRITICAL - 2023-06-06 02:12:10 --> Invalid file: peminjaman/show13.php
#0 C:\xampp\UTS_Enterprise_msi\system\View\View.php(198): CodeIgniter\Exceptions\FrameworkException::forInvalidFile('peminjaman/show...')
#1 C:\xampp\UTS_Enterprise_msi\system\Common.php(1089): CodeIgniter\View\View->render('peminjaman/show...', Array, true)
#2 C:\xampp\UTS_Enterprise_msi\app\Controllers\Peminjaman.php(145): view('peminjaman/show...', Array)
#3 C:\xampp\UTS_Enterprise_msi\system\CodeIgniter.php(825): App\Controllers\Peminjaman->show13('2')
#4 C:\xampp\UTS_Enterprise_msi\system\CodeIgniter.php(412): CodeIgniter\CodeIgniter->runController(Object(App\Controllers\Peminjaman))
#5 C:\xampp\UTS_Enterprise_msi\system\CodeIgniter.php(320): CodeIgniter\CodeIgniter->handleRequest(NULL, Object(Config\Cache), false)
#6 C:\xampp\UTS_Enterprise_msi\public\index.php(37): CodeIgniter\CodeIgniter->run()
#7 C:\xampp\UTS_Enterprise_msi\system\Commands\Server\rewrite.php(43): require_once('C:\\xampp\\UTS_En...')
#8 {main}
CRITICAL - 2023-06-06 02:23:27 --> Undefined index: nis
#0 C:\xampp\UTS_Enterprise_msi\app\Views\peminjaman\edit13.php(40): CodeIgniter\Debug\Exceptions->errorHandler(8, 'Undefined index...', 'C:\\xampp\\UTS_En...', 40, Array)
#1 C:\xampp\UTS_Enterprise_msi\system\View\View.php(210): include('C:\\xampp\\UTS_En...')
#2 C:\xampp\UTS_Enterprise_msi\system\View\View.php(213): CodeIgniter\View\View->CodeIgniter\View\{closure}()
#3 C:\xampp\UTS_Enterprise_msi\system\Common.php(1089): CodeIgniter\View\View->render('peminjaman/edit...', Array, true)
#4 C:\xampp\UTS_Enterprise_msi\app\Controllers\Peminjaman.php(114): view('peminjaman/edit...', Array)
#5 C:\xampp\UTS_Enterprise_msi\system\CodeIgniter.php(825): App\Controllers\Peminjaman->edit13('2')
#6 C:\xampp\UTS_Enterprise_msi\system\CodeIgniter.php(412): CodeIgniter\CodeIgniter->runController(Object(App\Controllers\Peminjaman))
#7 C:\xampp\UTS_Enterprise_msi\system\CodeIgniter.php(320): CodeIgniter\CodeIgniter->handleRequest(NULL, Object(Config\Cache), false)
#8 C:\xampp\UTS_Enterprise_msi\public\index.php(37): CodeIgniter\CodeIgniter->run()
#9 C:\xampp\UTS_Enterprise_msi\system\Commands\Server\rewrite.php(43): require_once('C:\\xampp\\UTS_En...')
#10 {main}
CRITICAL - 2023-06-06 02:48:27 --> Invalid file: pengeluaran_sarpras/show15.php
#0 C:\xampp\UTS_Enterprise_msi\system\View\View.php(198): CodeIgniter\Exceptions\FrameworkException::forInvalidFile('pengeluaran_sar...')
#1 C:\xampp\UTS_Enterprise_msi\system\Common.php(1089): CodeIgniter\View\View->render('pengeluaran_sar...', Array, true)
#2 C:\xampp\UTS_Enterprise_msi\app\Controllers\Pengeluaransarpras.php(159): view('pengeluaran_sar...', Array)
#3 C:\xampp\UTS_Enterprise_msi\system\CodeIgniter.php(825): App\Controllers\Pengeluaransarpras->show15('2020')
#4 C:\xampp\UTS_Enterprise_msi\system\CodeIgniter.php(412): CodeIgniter\CodeIgniter->runController(Object(App\Controllers\Pengeluaransarpras))
#5 C:\xampp\UTS_Enterprise_msi\system\CodeIgniter.php(320): CodeIgniter\CodeIgniter->handleRequest(NULL, Object(Config\Cache), false)
#6 C:\xampp\UTS_Enterprise_msi\public\index.php(37): CodeIgniter\CodeIgniter->run()
#7 C:\xampp\UTS_Enterprise_msi\system\Commands\Server\rewrite.php(43): require_once('C:\\xampp\\UTS_En...')
#8 {main}
CRITICAL - 2023-06-06 02:50:10 --> Undefined index: foto
#0 C:\xampp\UTS_Enterprise_msi\app\Views\pengeluaransarpras\show15.php(29): CodeIgniter\Debug\Exceptions->errorHandler(8, 'Undefined index...', 'C:\\xampp\\UTS_En...', 29, Array)
#1 C:\xampp\UTS_Enterprise_msi\system\View\View.php(210): include('C:\\xampp\\UTS_En...')
#2 C:\xampp\UTS_Enterprise_msi\system\View\View.php(213): CodeIgniter\View\View->CodeIgniter\View\{closure}()
#3 C:\xampp\UTS_Enterprise_msi\system\Common.php(1089): CodeIgniter\View\View->render('pengeluaransarp...', Array, true)
#4 C:\xampp\UTS_Enterprise_msi\app\Controllers\Pengeluaransarpras.php(159): view('pengeluaransarp...', Array)
#5 C:\xampp\UTS_Enterprise_msi\system\CodeIgniter.php(825): App\Controllers\Pengeluaransarpras->show15('2020')
#6 C:\xampp\UTS_Enterprise_msi\system\CodeIgniter.php(412): CodeIgniter\CodeIgniter->runController(Object(App\Controllers\Pengeluaransarpras))
#7 C:\xampp\UTS_Enterprise_msi\system\CodeIgniter.php(320): CodeIgniter\CodeIgniter->handleRequest(NULL, Object(Config\Cache), false)
#8 C:\xampp\UTS_Enterprise_msi\public\index.php(37): CodeIgniter\CodeIgniter->run()
#9 C:\xampp\UTS_Enterprise_msi\system\Commands\Server\rewrite.php(43): require_once('C:\\xampp\\UTS_En...')
#10 {main}
CRITICAL - 2023-06-06 02:50:46 --> Undefined variable: pengeluaran_sarpras
#0 C:\xampp\UTS_Enterprise_msi\app\Views\pengeluaransarpras\show15.php(29): CodeIgniter\Debug\Exceptions->errorHandler(8, 'Undefined varia...', 'C:\\xampp\\UTS_En...', 29, Array)
#1 C:\xampp\UTS_Enterprise_msi\system\View\View.php(210): include('C:\\xampp\\UTS_En...')
#2 C:\xampp\UTS_Enterprise_msi\system\View\View.php(213): CodeIgniter\View\View->CodeIgniter\View\{closure}()
#3 C:\xampp\UTS_Enterprise_msi\system\Common.php(1089): CodeIgniter\View\View->render('pengeluaransarp...', Array, true)
#4 C:\xampp\UTS_Enterprise_msi\app\Controllers\Pengeluaransarpras.php(159): view('pengeluaransarp...', Array)
#5 C:\xampp\UTS_Enterprise_msi\system\CodeIgniter.php(825): App\Controllers\Pengeluaransarpras->show15('2020')
#6 C:\xampp\UTS_Enterprise_msi\system\CodeIgniter.php(412): CodeIgniter\CodeIgniter->runController(Object(App\Controllers\Pengeluaransarpras))
#7 C:\xampp\UTS_Enterprise_msi\system\CodeIgniter.php(320): CodeIgniter\CodeIgniter->handleRequest(NULL, Object(Config\Cache), false)
#8 C:\xampp\UTS_Enterprise_msi\public\index.php(37): CodeIgniter\CodeIgniter->run()
#9 C:\xampp\UTS_Enterprise_msi\system\Commands\Server\rewrite.php(43): require_once('C:\\xampp\\UTS_En...')
#10 {main}
CRITICAL - 2023-06-06 02:50:47 --> Undefined variable: pengeluaran_sarpras
#0 C:\xampp\UTS_Enterprise_msi\app\Views\pengeluaransarpras\show15.php(29): CodeIgniter\Debug\Exceptions->errorHandler(8, 'Undefined varia...', 'C:\\xampp\\UTS_En...', 29, Array)
#1 C:\xampp\UTS_Enterprise_msi\system\View\View.php(210): include('C:\\xampp\\UTS_En...')
#2 C:\xampp\UTS_Enterprise_msi\system\View\View.php(213): CodeIgniter\View\View->CodeIgniter\View\{closure}()
#3 C:\xampp\UTS_Enterprise_msi\system\Common.php(1089): CodeIgniter\View\View->render('pengeluaransarp...', Array, true)
#4 C:\xampp\UTS_Enterprise_msi\app\Controllers\Pengeluaransarpras.php(159): view('pengeluaransarp...', Array)
#5 C:\xampp\UTS_Enterprise_msi\system\CodeIgniter.php(825): App\Controllers\Pengeluaransarpras->show15('2020')
#6 C:\xampp\UTS_Enterprise_msi\system\CodeIgniter.php(412): CodeIgniter\CodeIgniter->runController(Object(App\Controllers\Pengeluaransarpras))
#7 C:\xampp\UTS_Enterprise_msi\system\CodeIgniter.php(320): CodeIgniter\CodeIgniter->handleRequest(NULL, Object(Config\Cache), false)
#8 C:\xampp\UTS_Enterprise_msi\public\index.php(37): CodeIgniter\CodeIgniter->run()
#9 C:\xampp\UTS_Enterprise_msi\system\Commands\Server\rewrite.php(43): require_once('C:\\xampp\\UTS_En...')
#10 {main}
CRITICAL - 2023-06-06 02:51:11 --> Undefined index: foto
#0 C:\xampp\UTS_Enterprise_msi\app\Views\pengeluaransarpras\show15.php(29): CodeIgniter\Debug\Exceptions->errorHandler(8, 'Undefined index...', 'C:\\xampp\\UTS_En...', 29, Array)
#1 C:\xampp\UTS_Enterprise_msi\system\View\View.php(210): include('C:\\xampp\\UTS_En...')
#2 C:\xampp\UTS_Enterprise_msi\system\View\View.php(213): CodeIgniter\View\View->CodeIgniter\View\{closure}()
#3 C:\xampp\UTS_Enterprise_msi\system\Common.php(1089): CodeIgniter\View\View->render('pengeluaransarp...', Array, true)
#4 C:\xampp\UTS_Enterprise_msi\app\Controllers\Pengeluaransarpras.php(159): view('pengeluaransarp...', Array)
#5 C:\xampp\UTS_Enterprise_msi\system\CodeIgniter.php(825): App\Controllers\Pengeluaransarpras->show15('2020')
#6 C:\xampp\UTS_Enterprise_msi\system\CodeIgniter.php(412): CodeIgniter\CodeIgniter->runController(Object(App\Controllers\Pengeluaransarpras))
#7 C:\xampp\UTS_Enterprise_msi\system\CodeIgniter.php(320): CodeIgniter\CodeIgniter->handleRequest(NULL, Object(Config\Cache), false)
#8 C:\xampp\UTS_Enterprise_msi\public\index.php(37): CodeIgniter\CodeIgniter->run()
#9 C:\xampp\UTS_Enterprise_msi\system\Commands\Server\rewrite.php(43): require_once('C:\\xampp\\UTS_En...')
#10 {main}
CRITICAL - 2023-06-06 02:51:12 --> Undefined index: foto
#0 C:\xampp\UTS_Enterprise_msi\app\Views\pengeluaransarpras\show15.php(29): CodeIgniter\Debug\Exceptions->errorHandler(8, 'Undefined index...', 'C:\\xampp\\UTS_En...', 29, Array)
#1 C:\xampp\UTS_Enterprise_msi\system\View\View.php(210): include('C:\\xampp\\UTS_En...')
#2 C:\xampp\UTS_Enterprise_msi\system\View\View.php(213): CodeIgniter\View\View->CodeIgniter\View\{closure}()
#3 C:\xampp\UTS_Enterprise_msi\system\Common.php(1089): CodeIgniter\View\View->render('pengeluaransarp...', Array, true)
#4 C:\xampp\UTS_Enterprise_msi\app\Controllers\Pengeluaransarpras.php(159): view('pengeluaransarp...', Array)
#5 C:\xampp\UTS_Enterprise_msi\system\CodeIgniter.php(825): App\Controllers\Pengeluaransarpras->show15('2020')
#6 C:\xampp\UTS_Enterprise_msi\system\CodeIgniter.php(412): CodeIgniter\CodeIgniter->runController(Object(App\Controllers\Pengeluaransarpras))
#7 C:\xampp\UTS_Enterprise_msi\system\CodeIgniter.php(320): CodeIgniter\CodeIgniter->handleRequest(NULL, Object(Config\Cache), false)
#8 C:\xampp\UTS_Enterprise_msi\public\index.php(37): CodeIgniter\CodeIgniter->run()
#9 C:\xampp\UTS_Enterprise_msi\system\Commands\Server\rewrite.php(43): require_once('C:\\xampp\\UTS_En...')
#10 {main}
CRITICAL - 2023-06-06 02:51:36 --> Undefined variable: pengeluaran_sarpras
#0 C:\xampp\UTS_Enterprise_msi\app\Views\pengeluaransarpras\show15.php(29): CodeIgniter\Debug\Exceptions->errorHandler(8, 'Undefined varia...', 'C:\\xampp\\UTS_En...', 29, Array)
#1 C:\xampp\UTS_Enterprise_msi\system\View\View.php(210): include('C:\\xampp\\UTS_En...')
#2 C:\xampp\UTS_Enterprise_msi\system\View\View.php(213): CodeIgniter\View\View->CodeIgniter\View\{closure}()
#3 C:\xampp\UTS_Enterprise_msi\system\Common.php(1089): CodeIgniter\View\View->render('pengeluaransarp...', Array, true)
#4 C:\xampp\UTS_Enterprise_msi\app\Controllers\Pengeluaransarpras.php(159): view('pengeluaransarp...', Array)
#5 C:\xampp\UTS_Enterprise_msi\system\CodeIgniter.php(825): App\Controllers\Pengeluaransarpras->show15('2020')
#6 C:\xampp\UTS_Enterprise_msi\system\CodeIgniter.php(412): CodeIgniter\CodeIgniter->runController(Object(App\Controllers\Pengeluaransarpras))
#7 C:\xampp\UTS_Enterprise_msi\system\CodeIgniter.php(320): CodeIgniter\CodeIgniter->handleRequest(NULL, Object(Config\Cache), false)
#8 C:\xampp\UTS_Enterprise_msi\public\index.php(37): CodeIgniter\CodeIgniter->run()
#9 C:\xampp\UTS_Enterprise_msi\system\Commands\Server\rewrite.php(43): require_once('C:\\xampp\\UTS_En...')
#10 {main}
CRITICAL - 2023-06-06 02:52:34 --> Undefined variable: pengeluaran_sarpras
#0 C:\xampp\UTS_Enterprise_msi\app\Views\pengeluaransarpras\show15.php(29): CodeIgniter\Debug\Exceptions->errorHandler(8, 'Undefined varia...', 'C:\\xampp\\UTS_En...', 29, Array)
#1 C:\xampp\UTS_Enterprise_msi\system\View\View.php(210): include('C:\\xampp\\UTS_En...')
#2 C:\xampp\UTS_Enterprise_msi\system\View\View.php(213): CodeIgniter\View\View->CodeIgniter\View\{closure}()
#3 C:\xampp\UTS_Enterprise_msi\system\Common.php(1089): CodeIgniter\View\View->render('pengeluaransarp...', Array, true)
#4 C:\xampp\UTS_Enterprise_msi\app\Controllers\Pengeluaransarpras.php(159): view('pengeluaransarp...', Array)
#5 C:\xampp\UTS_Enterprise_msi\system\CodeIgniter.php(825): App\Controllers\Pengeluaransarpras->show15('2020')
#6 C:\xampp\UTS_Enterprise_msi\system\CodeIgniter.php(412): CodeIgniter\CodeIgniter->runController(Object(App\Controllers\Pengeluaransarpras))
#7 C:\xampp\UTS_Enterprise_msi\system\CodeIgniter.php(320): CodeIgniter\CodeIgniter->handleRequest(NULL, Object(Config\Cache), false)
#8 C:\xampp\UTS_Enterprise_msi\public\index.php(37): CodeIgniter\CodeIgniter->run()
#9 C:\xampp\UTS_Enterprise_msi\system\Commands\Server\rewrite.php(43): require_once('C:\\xampp\\UTS_En...')
#10 {main}
CRITICAL - 2023-06-06 02:52:35 --> Undefined variable: pengeluaran_sarpras
#0 C:\xampp\UTS_Enterprise_msi\app\Views\pengeluaransarpras\show15.php(29): CodeIgniter\Debug\Exceptions->errorHandler(8, 'Undefined varia...', 'C:\\xampp\\UTS_En...', 29, Array)
#1 C:\xampp\UTS_Enterprise_msi\system\View\View.php(210): include('C:\\xampp\\UTS_En...')
#2 C:\xampp\UTS_Enterprise_msi\system\View\View.php(213): CodeIgniter\View\View->CodeIgniter\View\{closure}()
#3 C:\xampp\UTS_Enterprise_msi\system\Common.php(1089): CodeIgniter\View\View->render('pengeluaransarp...', Array, true)
#4 C:\xampp\UTS_Enterprise_msi\app\Controllers\Pengeluaransarpras.php(159): view('pengeluaransarp...', Array)
#5 C:\xampp\UTS_Enterprise_msi\system\CodeIgniter.php(825): App\Controllers\Pengeluaransarpras->show15('2020')
#6 C:\xampp\UTS_Enterprise_msi\system\CodeIgniter.php(412): CodeIgniter\CodeIgniter->runController(Object(App\Controllers\Pengeluaransarpras))
#7 C:\xampp\UTS_Enterprise_msi\system\CodeIgniter.php(320): CodeIgniter\CodeIgniter->handleRequest(NULL, Object(Config\Cache), false)
#8 C:\xampp\UTS_Enterprise_msi\public\index.php(37): CodeIgniter\CodeIgniter->run()
#9 C:\xampp\UTS_Enterprise_msi\system\Commands\Server\rewrite.php(43): require_once('C:\\xampp\\UTS_En...')
#10 {main}
CRITICAL - 2023-06-06 02:54:04 --> Undefined variable: pengeluaran_sarpras
#0 C:\xampp\UTS_Enterprise_msi\app\Views\pengeluaransarpras\show15.php(29): CodeIgniter\Debug\Exceptions->errorHandler(8, 'Undefined varia...', 'C:\\xampp\\UTS_En...', 29, Array)
#1 C:\xampp\UTS_Enterprise_msi\system\View\View.php(210): include('C:\\xampp\\UTS_En...')
#2 C:\xampp\UTS_Enterprise_msi\system\View\View.php(213): CodeIgniter\View\View->CodeIgniter\View\{closure}()
#3 C:\xampp\UTS_Enterprise_msi\system\Common.php(1089): CodeIgniter\View\View->render('Pengeluaransarp...', Array, true)
#4 C:\xampp\UTS_Enterprise_msi\app\Controllers\Pengeluaransarpras.php(159): view('Pengeluaransarp...', Array)
#5 C:\xampp\UTS_Enterprise_msi\system\CodeIgniter.php(825): App\Controllers\Pengeluaransarpras->show15('2020')
#6 C:\xampp\UTS_Enterprise_msi\system\CodeIgniter.php(412): CodeIgniter\CodeIgniter->runController(Object(App\Controllers\Pengeluaransarpras))
#7 C:\xampp\UTS_Enterprise_msi\system\CodeIgniter.php(320): CodeIgniter\CodeIgniter->handleRequest(NULL, Object(Config\Cache), false)
#8 C:\xampp\UTS_Enterprise_msi\public\index.php(37): CodeIgniter\CodeIgniter->run()
#9 C:\xampp\UTS_Enterprise_msi\system\Commands\Server\rewrite.php(43): require_once('C:\\xampp\\UTS_En...')
#10 {main}
CRITICAL - 2023-06-06 02:54:05 --> Undefined variable: pengeluaran_sarpras
#0 C:\xampp\UTS_Enterprise_msi\app\Views\pengeluaransarpras\show15.php(29): CodeIgniter\Debug\Exceptions->errorHandler(8, 'Undefined varia...', 'C:\\xampp\\UTS_En...', 29, Array)
#1 C:\xampp\UTS_Enterprise_msi\system\View\View.php(210): include('C:\\xampp\\UTS_En...')
#2 C:\xampp\UTS_Enterprise_msi\system\View\View.php(213): CodeIgniter\View\View->CodeIgniter\View\{closure}()
#3 C:\xampp\UTS_Enterprise_msi\system\Common.php(1089): CodeIgniter\View\View->render('Pengeluaransarp...', Array, true)
#4 C:\xampp\UTS_Enterprise_msi\app\Controllers\Pengeluaransarpras.php(159): view('Pengeluaransarp...', Array)
#5 C:\xampp\UTS_Enterprise_msi\system\CodeIgniter.php(825): App\Controllers\Pengeluaransarpras->show15('2020')
#6 C:\xampp\UTS_Enterprise_msi\system\CodeIgniter.php(412): CodeIgniter\CodeIgniter->runController(Object(App\Controllers\Pengeluaransarpras))
#7 C:\xampp\UTS_Enterprise_msi\system\CodeIgniter.php(320): CodeIgniter\CodeIgniter->handleRequest(NULL, Object(Config\Cache), false)
#8 C:\xampp\UTS_Enterprise_msi\public\index.php(37): CodeIgniter\CodeIgniter->run()
#9 C:\xampp\UTS_Enterprise_msi\system\Commands\Server\rewrite.php(43): require_once('C:\\xampp\\UTS_En...')
#10 {main}
CRITICAL - 2023-06-06 02:54:06 --> Undefined variable: pengeluaran_sarpras
#0 C:\xampp\UTS_Enterprise_msi\app\Views\pengeluaransarpras\show15.php(29): CodeIgniter\Debug\Exceptions->errorHandler(8, 'Undefined varia...', 'C:\\xampp\\UTS_En...', 29, Array)
#1 C:\xampp\UTS_Enterprise_msi\system\View\View.php(210): include('C:\\xampp\\UTS_En...')
#2 C:\xampp\UTS_Enterprise_msi\system\View\View.php(213): CodeIgniter\View\View->CodeIgniter\View\{closure}()
#3 C:\xampp\UTS_Enterprise_msi\system\Common.php(1089): CodeIgniter\View\View->render('Pengeluaransarp...', Array, true)
#4 C:\xampp\UTS_Enterprise_msi\app\Controllers\Pengeluaransarpras.php(159): view('Pengeluaransarp...', Array)
#5 C:\xampp\UTS_Enterprise_msi\system\CodeIgniter.php(825): App\Controllers\Pengeluaransarpras->show15('2020')
#6 C:\xampp\UTS_Enterprise_msi\system\CodeIgniter.php(412): CodeIgniter\CodeIgniter->runController(Object(App\Controllers\Pengeluaransarpras))
#7 C:\xampp\UTS_Enterprise_msi\system\CodeIgniter.php(320): CodeIgniter\CodeIgniter->handleRequest(NULL, Object(Config\Cache), false)
#8 C:\xampp\UTS_Enterprise_msi\public\index.php(37): CodeIgniter\CodeIgniter->run()
#9 C:\xampp\UTS_Enterprise_msi\system\Commands\Server\rewrite.php(43): require_once('C:\\xampp\\UTS_En...')
#10 {main}
CRITICAL - 2023-06-06 02:55:17 --> Undefined variable: pengeluaran_sarpras
#0 C:\xampp\UTS_Enterprise_msi\app\Views\pengeluaransarpras\show15.php(29): CodeIgniter\Debug\Exceptions->errorHandler(8, 'Undefined varia...', 'C:\\xampp\\UTS_En...', 29, Array)
#1 C:\xampp\UTS_Enterprise_msi\system\View\View.php(210): include('C:\\xampp\\UTS_En...')
#2 C:\xampp\UTS_Enterprise_msi\system\View\View.php(213): CodeIgniter\View\View->CodeIgniter\View\{closure}()
#3 C:\xampp\UTS_Enterprise_msi\system\Common.php(1089): CodeIgniter\View\View->render('pengeluaransarp...', Array, true)
#4 C:\xampp\UTS_Enterprise_msi\app\Controllers\Pengeluaransarpras.php(159): view('pengeluaransarp...', Array)
#5 C:\xampp\UTS_Enterprise_msi\system\CodeIgniter.php(825): App\Controllers\Pengeluaransarpras->show15('2020')
#6 C:\xampp\UTS_Enterprise_msi\system\CodeIgniter.php(412): CodeIgniter\CodeIgniter->runController(Object(App\Controllers\Pengeluaransarpras))
#7 C:\xampp\UTS_Enterprise_msi\system\CodeIgniter.php(320): CodeIgniter\CodeIgniter->handleRequest(NULL, Object(Config\Cache), false)
#8 C:\xampp\UTS_Enterprise_msi\public\index.php(37): CodeIgniter\CodeIgniter->run()
#9 C:\xampp\UTS_Enterprise_msi\system\Commands\Server\rewrite.php(43): require_once('C:\\xampp\\UTS_En...')
#10 {main}
CRITICAL - 2023-06-06 02:55:42 --> Undefined index: foto
#0 C:\xampp\UTS_Enterprise_msi\app\Views\pengeluaransarpras\show15.php(29): CodeIgniter\Debug\Exceptions->errorHandler(8, 'Undefined index...', 'C:\\xampp\\UTS_En...', 29, Array)
#1 C:\xampp\UTS_Enterprise_msi\system\View\View.php(210): include('C:\\xampp\\UTS_En...')
#2 C:\xampp\UTS_Enterprise_msi\system\View\View.php(213): CodeIgniter\View\View->CodeIgniter\View\{closure}()
#3 C:\xampp\UTS_Enterprise_msi\system\Common.php(1089): CodeIgniter\View\View->render('pengeluaransarp...', Array, true)
#4 C:\xampp\UTS_Enterprise_msi\app\Controllers\Pengeluaransarpras.php(159): view('pengeluaransarp...', Array)
#5 C:\xampp\UTS_Enterprise_msi\system\CodeIgniter.php(825): App\Controllers\Pengeluaransarpras->show15('2020')
#6 C:\xampp\UTS_Enterprise_msi\system\CodeIgniter.php(412): CodeIgniter\CodeIgniter->runController(Object(App\Controllers\Pengeluaransarpras))
#7 C:\xampp\UTS_Enterprise_msi\system\CodeIgniter.php(320): CodeIgniter\CodeIgniter->handleRequest(NULL, Object(Config\Cache), false)
#8 C:\xampp\UTS_Enterprise_msi\public\index.php(37): CodeIgniter\CodeIgniter->run()
#9 C:\xampp\UTS_Enterprise_msi\system\Commands\Server\rewrite.php(43): require_once('C:\\xampp\\UTS_En...')
#10 {main}
CRITICAL - 2023-06-06 02:56:08 --> Undefined variable: pengeluaran_sarpras
#0 C:\xampp\UTS_Enterprise_msi\app\Views\pengeluaransarpras\show15.php(29): CodeIgniter\Debug\Exceptions->errorHandler(8, 'Undefined varia...', 'C:\\xampp\\UTS_En...', 29, Array)
#1 C:\xampp\UTS_Enterprise_msi\system\View\View.php(210): include('C:\\xampp\\UTS_En...')
#2 C:\xampp\UTS_Enterprise_msi\system\View\View.php(213): CodeIgniter\View\View->CodeIgniter\View\{closure}()
#3 C:\xampp\UTS_Enterprise_msi\system\Common.php(1089): CodeIgniter\View\View->render('pengeluaransarp...', Array, true)
#4 C:\xampp\UTS_Enterprise_msi\app\Controllers\Pengeluaransarpras.php(159): view('pengeluaransarp...', Array)
#5 C:\xampp\UTS_Enterprise_msi\system\CodeIgniter.php(825): App\Controllers\Pengeluaransarpras->show15('2020')
#6 C:\xampp\UTS_Enterprise_msi\system\CodeIgniter.php(412): CodeIgniter\CodeIgniter->runController(Object(App\Controllers\Pengeluaransarpras))
#7 C:\xampp\UTS_Enterprise_msi\system\CodeIgniter.php(320): CodeIgniter\CodeIgniter->handleRequest(NULL, Object(Config\Cache), false)
#8 C:\xampp\UTS_Enterprise_msi\public\index.php(37): CodeIgniter\CodeIgniter->run()
#9 C:\xampp\UTS_Enterprise_msi\system\Commands\Server\rewrite.php(43): require_once('C:\\xampp\\UTS_En...')
#10 {main}
CRITICAL - 2023-06-06 02:56:27 --> Undefined variable: pengeluaran_sarpras
#0 C:\xampp\UTS_Enterprise_msi\app\Views\pengeluaransarpras\show15.php(35): CodeIgniter\Debug\Exceptions->errorHandler(8, 'Undefined varia...', 'C:\\xampp\\UTS_En...', 35, Array)
#1 C:\xampp\UTS_Enterprise_msi\system\View\View.php(210): include('C:\\xampp\\UTS_En...')
#2 C:\xampp\UTS_Enterprise_msi\system\View\View.php(213): CodeIgniter\View\View->CodeIgniter\View\{closure}()
#3 C:\xampp\UTS_Enterprise_msi\system\Common.php(1089): CodeIgniter\View\View->render('pengeluaransarp...', Array, true)
#4 C:\xampp\UTS_Enterprise_msi\app\Controllers\Pengeluaransarpras.php(159): view('pengeluaransarp...', Array)
#5 C:\xampp\UTS_Enterprise_msi\system\CodeIgniter.php(825): App\Controllers\Pengeluaransarpras->show15('2020')
#6 C:\xampp\UTS_Enterprise_msi\system\CodeIgniter.php(412): CodeIgniter\CodeIgniter->runController(Object(App\Controllers\Pengeluaransarpras))
#7 C:\xampp\UTS_Enterprise_msi\system\CodeIgniter.php(320): CodeIgniter\CodeIgniter->handleRequest(NULL, Object(Config\Cache), false)
#8 C:\xampp\UTS_Enterprise_msi\public\index.php(37): CodeIgniter\CodeIgniter->run()
#9 C:\xampp\UTS_Enterprise_msi\system\Commands\Server\rewrite.php(43): require_once('C:\\xampp\\UTS_En...')
#10 {main}
CRITICAL - 2023-06-06 02:57:57 --> Invalid file: peminjaman/show13.php
#0 C:\xampp\UTS_Enterprise_msi\system\View\View.php(198): CodeIgniter\Exceptions\FrameworkException::forInvalidFile('peminjaman/show...')
#1 C:\xampp\UTS_Enterprise_msi\system\Common.php(1089): CodeIgniter\View\View->render('peminjaman/show...', Array, true)
#2 C:\xampp\UTS_Enterprise_msi\app\Controllers\Peminjaman.php(145): view('peminjaman/show...', Array)
#3 C:\xampp\UTS_Enterprise_msi\system\CodeIgniter.php(825): App\Controllers\Peminjaman->show13('1')
#4 C:\xampp\UTS_Enterprise_msi\system\CodeIgniter.php(412): CodeIgniter\CodeIgniter->runController(Object(App\Controllers\Peminjaman))
#5 C:\xampp\UTS_Enterprise_msi\system\CodeIgniter.php(320): CodeIgniter\CodeIgniter->handleRequest(NULL, Object(Config\Cache), false)
#6 C:\xampp\UTS_Enterprise_msi\public\index.php(37): CodeIgniter\CodeIgniter->run()
#7 C:\xampp\UTS_Enterprise_msi\system\Commands\Server\rewrite.php(43): require_once('C:\\xampp\\UTS_En...')
#8 {main}
CRITICAL - 2023-06-06 03:09:07 --> Trying to access array offset on value of type null
#0 C:\xampp\UTS_Enterprise_msi\app\Views\pengeluaransarpras\show15.php(29): CodeIgniter\Debug\Exceptions->errorHandler(8, 'Trying to acces...', 'C:\\xampp\\UTS_En...', 29, Array)
#1 C:\xampp\UTS_Enterprise_msi\system\View\View.php(210): include('C:\\xampp\\UTS_En...')
#2 C:\xampp\UTS_Enterprise_msi\system\View\View.php(213): CodeIgniter\View\View->CodeIgniter\View\{closure}()
#3 C:\xampp\UTS_Enterprise_msi\system\Common.php(1089): CodeIgniter\View\View->render('pengeluaransarp...', Array, true)
#4 C:\xampp\UTS_Enterprise_msi\app\Controllers\Pengeluaransarpras.php(159): view('pengeluaransarp...', Array)
#5 C:\xampp\UTS_Enterprise_msi\system\CodeIgniter.php(825): App\Controllers\Pengeluaransarpras->show15('93K3')
#6 C:\xampp\UTS_Enterprise_msi\system\CodeIgniter.php(412): CodeIgniter\CodeIgniter->runController(Object(App\Controllers\Pengeluaransarpras))
#7 C:\xampp\UTS_Enterprise_msi\system\CodeIgniter.php(320): CodeIgniter\CodeIgniter->handleRequest(NULL, Object(Config\Cache), false)
#8 C:\xampp\UTS_Enterprise_msi\public\index.php(37): CodeIgniter\CodeIgniter->run()
#9 C:\xampp\UTS_Enterprise_msi\system\Commands\Server\rewrite.php(43): require_once('C:\\xampp\\UTS_En...')
#10 {main}
CRITICAL - 2023-06-06 03:09:18 --> Trying to access array offset on value of type null
#0 C:\xampp\UTS_Enterprise_msi\app\Views\pengeluaransarpras\show15.php(29): CodeIgniter\Debug\Exceptions->errorHandler(8, 'Trying to acces...', 'C:\\xampp\\UTS_En...', 29, Array)
#1 C:\xampp\UTS_Enterprise_msi\system\View\View.php(210): include('C:\\xampp\\UTS_En...')
#2 C:\xampp\UTS_Enterprise_msi\system\View\View.php(213): CodeIgniter\View\View->CodeIgniter\View\{closure}()
#3 C:\xampp\UTS_Enterprise_msi\system\Common.php(1089): CodeIgniter\View\View->render('pengeluaransarp...', Array, true)
#4 C:\xampp\UTS_Enterprise_msi\app\Controllers\Pengeluaransarpras.php(159): view('pengeluaransarp...', Array)
#5 C:\xampp\UTS_Enterprise_msi\system\CodeIgniter.php(825): App\Controllers\Pengeluaransarpras->show15('FR-01')
#6 C:\xampp\UTS_Enterprise_msi\system\CodeIgniter.php(412): CodeIgniter\CodeIgniter->runController(Object(App\Controllers\Pengeluaransarpras))
#7 C:\xampp\UTS_Enterprise_msi\system\CodeIgniter.php(320): CodeIgniter\CodeIgniter->handleRequest(NULL, Object(Config\Cache), false)
#8 C:\xampp\UTS_Enterprise_msi\public\index.php(37): CodeIgniter\CodeIgniter->run()
#9 C:\xampp\UTS_Enterprise_msi\system\Commands\Server\rewrite.php(43): require_once('C:\\xampp\\UTS_En...')
#10 {main}
CRITICAL - 2023-06-06 03:13:13 --> Trying to access array offset on value of type null
#0 C:\xampp\UTS_Enterprise_msi\app\Views\pengeluaransarpras\edit15.php(41): CodeIgniter\Debug\Exceptions->errorHandler(8, 'Trying to acces...', 'C:\\xampp\\UTS_En...', 41, Array)
#1 C:\xampp\UTS_Enterprise_msi\system\View\View.php(210): include('C:\\xampp\\UTS_En...')
#2 C:\xampp\UTS_Enterprise_msi\system\View\View.php(213): CodeIgniter\View\View->CodeIgniter\View\{closure}()
#3 C:\xampp\UTS_Enterprise_msi\system\Common.php(1089): CodeIgniter\View\View->render('pengeluaransarp...', Array, true)
#4 C:\xampp\UTS_Enterprise_msi\app\Controllers\Pengeluaransarpras.php(118): view('pengeluaransarp...', Array)
#5 C:\xampp\UTS_Enterprise_msi\system\CodeIgniter.php(825): App\Controllers\Pengeluaransarpras->edit15('93K3')
#6 C:\xampp\UTS_Enterprise_msi\system\CodeIgniter.php(412): CodeIgniter\CodeIgniter->runController(Object(App\Controllers\Pengeluaransarpras))
#7 C:\xampp\UTS_Enterprise_msi\system\CodeIgniter.php(320): CodeIgniter\CodeIgniter->handleRequest(NULL, Object(Config\Cache), false)
#8 C:\xampp\UTS_Enterprise_msi\public\index.php(37): CodeIgniter\CodeIgniter->run()
#9 C:\xampp\UTS_Enterprise_msi\system\Commands\Server\rewrite.php(43): require_once('C:\\xampp\\UTS_En...')
#10 {main}
CRITICAL - 2023-06-06 03:52:20 --> Invalid file: siswaprofil/edit17.php
#0 C:\xampp\UTS_Enterprise_msi\system\View\View.php(198): CodeIgniter\Exceptions\FrameworkException::forInvalidFile('siswaprofil/edi...')
#1 C:\xampp\UTS_Enterprise_msi\system\Common.php(1089): CodeIgniter\View\View->render('siswaprofil/edi...', Array, true)
#2 C:\xampp\UTS_Enterprise_msi\app\Controllers\Siswaprofil.php(118): view('siswaprofil/edi...', Array)
#3 C:\xampp\UTS_Enterprise_msi\system\CodeIgniter.php(825): App\Controllers\Siswaprofil->edit17('FR-01')
#4 C:\xampp\UTS_Enterprise_msi\system\CodeIgniter.php(412): CodeIgniter\CodeIgniter->runController(Object(App\Controllers\Siswaprofil))
#5 C:\xampp\UTS_Enterprise_msi\system\CodeIgniter.php(320): CodeIgniter\CodeIgniter->handleRequest(NULL, Object(Config\Cache), false)
#6 C:\xampp\UTS_Enterprise_msi\public\index.php(37): CodeIgniter\CodeIgniter->run()
#7 C:\xampp\UTS_Enterprise_msi\system\Commands\Server\rewrite.php(43): require_once('C:\\xampp\\UTS_En...')
#8 {main}
CRITICAL - 2023-06-06 03:53:06 --> Trying to access array offset on value of type null
#0 C:\xampp\UTS_Enterprise_msi\app\Views\siswaprofil\edit17.php(41): CodeIgniter\Debug\Exceptions->errorHandler(8, 'Trying to acces...', 'C:\\xampp\\UTS_En...', 41, Array)
#1 C:\xampp\UTS_Enterprise_msi\system\View\View.php(210): include('C:\\xampp\\UTS_En...')
#2 C:\xampp\UTS_Enterprise_msi\system\View\View.php(213): CodeIgniter\View\View->CodeIgniter\View\{closure}()
#3 C:\xampp\UTS_Enterprise_msi\system\Common.php(1089): CodeIgniter\View\View->render('siswaprofil/edi...', Array, true)
#4 C:\xampp\UTS_Enterprise_msi\app\Controllers\Siswaprofil.php(118): view('siswaprofil/edi...', Array)
#5 C:\xampp\UTS_Enterprise_msi\system\CodeIgniter.php(825): App\Controllers\Siswaprofil->edit17('FR-01')
#6 C:\xampp\UTS_Enterprise_msi\system\CodeIgniter.php(412): CodeIgniter\CodeIgniter->runController(Object(App\Controllers\Siswaprofil))
#7 C:\xampp\UTS_Enterprise_msi\system\CodeIgniter.php(320): CodeIgniter\CodeIgniter->handleRequest(NULL, Object(Config\Cache), false)
#8 C:\xampp\UTS_Enterprise_msi\public\index.php(37): CodeIgniter\CodeIgniter->run()
#9 C:\xampp\UTS_Enterprise_msi\system\Commands\Server\rewrite.php(43): require_once('C:\\xampp\\UTS_En...')
#10 {main}
ERROR - 2023-06-06 04:07:20 --> Cannot add or update a child row: a foreign key constraint fails (`db_msi_sugihwaras_rev_1`.`user`, CONSTRAINT `user_ibfk_1` FOREIGN KEY (`id_pegawai`) REFERENCES `pegawai` (`id_pegawai`))
CRITICAL - 2023-06-06 04:07:20 --> Cannot add or update a child row: a foreign key constraint fails (`db_msi_sugihwaras_rev_1`.`user`, CONSTRAINT `user_ibfk_1` FOREIGN KEY (`id_pegawai`) REFERENCES `pegawai` (`id_pegawai`))
#0 C:\xampp\UTS_Enterprise_msi\system\Database\MySQLi\Connection.php(292): mysqli->query('INSERT INTO `us...', 0)
#1 C:\xampp\UTS_Enterprise_msi\system\Database\BaseConnection.php(670): CodeIgniter\Database\MySQLi\Connection->execute('INSERT INTO `us...')
#2 C:\xampp\UTS_Enterprise_msi\system\Database\BaseConnection.php(598): CodeIgniter\Database\BaseConnection->simpleQuery('INSERT INTO `us...')
#3 C:\xampp\UTS_Enterprise_msi\system\Database\BaseBuilder.php(1771): CodeIgniter\Database\BaseConnection->query('INSERT INTO `us...', Array, false)
#4 C:\xampp\UTS_Enterprise_msi\app\Models\Auth_model.php(42): CodeIgniter\Database\BaseBuilder->insert(Array)
#5 C:\xampp\UTS_Enterprise_msi\app\Controllers\Auth.php(143): App\Models\Auth_model->register(Array)
#6 C:\xampp\UTS_Enterprise_msi\system\CodeIgniter.php(825): App\Controllers\Auth->proses_register()
#7 C:\xampp\UTS_Enterprise_msi\system\CodeIgniter.php(412): CodeIgniter\CodeIgniter->runController(Object(App\Controllers\Auth))
#8 C:\xampp\UTS_Enterprise_msi\system\CodeIgniter.php(320): CodeIgniter\CodeIgniter->handleRequest(NULL, Object(Config\Cache), false)
#9 C:\xampp\UTS_Enterprise_msi\public\index.php(37): CodeIgniter\CodeIgniter->run()
#10 C:\xampp\UTS_Enterprise_msi\system\Commands\Server\rewrite.php(43): require_once('C:\\xampp\\UTS_En...')
#11 {main}
ERROR - 2023-06-06 04:32:21 --> Cannot add or update a child row: a foreign key constraint fails (`db_msi_sugihwaras_rev_1`.`user`, CONSTRAINT `user_ibfk_1` FOREIGN KEY (`id_pegawai`) REFERENCES `pegawai` (`id_pegawai`))
CRITICAL - 2023-06-06 04:32:21 --> Cannot add or update a child row: a foreign key constraint fails (`db_msi_sugihwaras_rev_1`.`user`, CONSTRAINT `user_ibfk_1` FOREIGN KEY (`id_pegawai`) REFERENCES `pegawai` (`id_pegawai`))
#0 C:\xampp\UTS_Enterprise_msi\system\Database\MySQLi\Connection.php(292): mysqli->query('INSERT INTO `us...', 0)
#1 C:\xampp\UTS_Enterprise_msi\system\Database\BaseConnection.php(670): CodeIgniter\Database\MySQLi\Connection->execute('INSERT INTO `us...')
#2 C:\xampp\UTS_Enterprise_msi\system\Database\BaseConnection.php(598): CodeIgniter\Database\BaseConnection->simpleQuery('INSERT INTO `us...')
#3 C:\xampp\UTS_Enterprise_msi\system\Database\BaseBuilder.php(1771): CodeIgniter\Database\BaseConnection->query('INSERT INTO `us...', Array, false)
#4 C:\xampp\UTS_Enterprise_msi\app\Models\Auth_model.php(55): CodeIgniter\Database\BaseBuilder->insert(Array)
#5 C:\xampp\UTS_Enterprise_msi\app\Controllers\Auth.php(143): App\Models\Auth_model->register(Array)
#6 C:\xampp\UTS_Enterprise_msi\system\CodeIgniter.php(825): App\Controllers\Auth->proses_register()
#7 C:\xampp\UTS_Enterprise_msi\system\CodeIgniter.php(412): CodeIgniter\CodeIgniter->runController(Object(App\Controllers\Auth))
#8 C:\xampp\UTS_Enterprise_msi\system\CodeIgniter.php(320): CodeIgniter\CodeIgniter->handleRequest(NULL, Object(Config\Cache), false)
#9 C:\xampp\UTS_Enterprise_msi\public\index.php(37): CodeIgniter\CodeIgniter->run()
#10 C:\xampp\UTS_Enterprise_msi\system\Commands\Server\rewrite.php(43): require_once('C:\\xampp\\UTS_En...')
#11 {main}
ERROR - 2023-06-06 04:32:27 --> Cannot add or update a child row: a foreign key constraint fails (`db_msi_sugihwaras_rev_1`.`user`, CONSTRAINT `user_ibfk_1` FOREIGN KEY (`id_pegawai`) REFERENCES `pegawai` (`id_pegawai`))
CRITICAL - 2023-06-06 04:32:27 --> Cannot add or update a child row: a foreign key constraint fails (`db_msi_sugihwaras_rev_1`.`user`, CONSTRAINT `user_ibfk_1` FOREIGN KEY (`id_pegawai`) REFERENCES `pegawai` (`id_pegawai`))
#0 C:\xampp\UTS_Enterprise_msi\system\Database\MySQLi\Connection.php(292): mysqli->query('INSERT INTO `us...', 0)
#1 C:\xampp\UTS_Enterprise_msi\system\Database\BaseConnection.php(670): CodeIgniter\Database\MySQLi\Connection->execute('INSERT INTO `us...')
#2 C:\xampp\UTS_Enterprise_msi\system\Database\BaseConnection.php(598): CodeIgniter\Database\BaseConnection->simpleQuery('INSERT INTO `us...')
#3 C:\xampp\UTS_Enterprise_msi\system\Database\BaseBuilder.php(1771): CodeIgniter\Database\BaseConnection->query('INSERT INTO `us...', Array, false)
#4 C:\xampp\UTS_Enterprise_msi\app\Models\Auth_model.php(55): CodeIgniter\Database\BaseBuilder->insert(Array)
#5 C:\xampp\UTS_Enterprise_msi\app\Controllers\Auth.php(143): App\Models\Auth_model->register(Array)
#6 C:\xampp\UTS_Enterprise_msi\system\CodeIgniter.php(825): App\Controllers\Auth->proses_register()
#7 C:\xampp\UTS_Enterprise_msi\system\CodeIgniter.php(412): CodeIgniter\CodeIgniter->runController(Object(App\Controllers\Auth))
#8 C:\xampp\UTS_Enterprise_msi\system\CodeIgniter.php(320): CodeIgniter\CodeIgniter->handleRequest(NULL, Object(Config\Cache), false)
#9 C:\xampp\UTS_Enterprise_msi\public\index.php(37): CodeIgniter\CodeIgniter->run()
#10 C:\xampp\UTS_Enterprise_msi\system\Commands\Server\rewrite.php(43): require_once('C:\\xampp\\UTS_En...')
#11 {main}
ERROR - 2023-06-06 04:52:12 --> Cannot add or update a child row: a foreign key constraint fails (`db_msi_sugihwaras_rev_1`.`user`, CONSTRAINT `user_ibfk_1` FOREIGN KEY (`id_pegawai`) REFERENCES `pegawai` (`id_pegawai`))
CRITICAL - 2023-06-06 04:52:12 --> Cannot add or update a child row: a foreign key constraint fails (`db_msi_sugihwaras_rev_1`.`user`, CONSTRAINT `user_ibfk_1` FOREIGN KEY (`id_pegawai`) REFERENCES `pegawai` (`id_pegawai`))
#0 C:\xampp\UTS_Enterprise_msi\system\Database\MySQLi\Connection.php(292): mysqli->query('INSERT INTO `us...', 0)
#1 C:\xampp\UTS_Enterprise_msi\system\Database\BaseConnection.php(670): CodeIgniter\Database\MySQLi\Connection->execute('INSERT INTO `us...')
#2 C:\xampp\UTS_Enterprise_msi\system\Database\BaseConnection.php(598): CodeIgniter\Database\BaseConnection->simpleQuery('INSERT INTO `us...')
#3 C:\xampp\UTS_Enterprise_msi\system\Database\BaseBuilder.php(1771): CodeIgniter\Database\BaseConnection->query('INSERT INTO `us...', Array, false)
#4 C:\xampp\UTS_Enterprise_msi\app\Models\Auth_model.php(55): CodeIgniter\Database\BaseBuilder->insert(Array)
#5 C:\xampp\UTS_Enterprise_msi\app\Controllers\Auth.php(143): App\Models\Auth_model->register(Array)
#6 C:\xampp\UTS_Enterprise_msi\system\CodeIgniter.php(825): App\Controllers\Auth->proses_register()
#7 C:\xampp\UTS_Enterprise_msi\system\CodeIgniter.php(412): CodeIgniter\CodeIgniter->runController(Object(App\Controllers\Auth))
#8 C:\xampp\UTS_Enterprise_msi\system\CodeIgniter.php(320): CodeIgniter\CodeIgniter->handleRequest(NULL, Object(Config\Cache), false)
#9 C:\xampp\UTS_Enterprise_msi\public\index.php(37): CodeIgniter\CodeIgniter->run()
#10 C:\xampp\UTS_Enterprise_msi\system\Commands\Server\rewrite.php(43): require_once('C:\\xampp\\UTS_En...')
#11 {main}
ERROR - 2023-06-06 04:53:19 --> Cannot add or update a child row: a foreign key constraint fails (`db_msi_sugihwaras_rev_1`.`user`, CONSTRAINT `user_ibfk_2` FOREIGN KEY (`id_pegawai`) REFERENCES `emis` (`nis`))
CRITICAL - 2023-06-06 04:53:19 --> Cannot add or update a child row: a foreign key constraint fails (`db_msi_sugihwaras_rev_1`.`user`, CONSTRAINT `user_ibfk_2` FOREIGN KEY (`id_pegawai`) REFERENCES `emis` (`nis`))
#0 C:\xampp\UTS_Enterprise_msi\system\Database\MySQLi\Connection.php(292): mysqli->query('INSERT INTO `us...', 0)
#1 C:\xampp\UTS_Enterprise_msi\system\Database\BaseConnection.php(670): CodeIgniter\Database\MySQLi\Connection->execute('INSERT INTO `us...')
#2 C:\xampp\UTS_Enterprise_msi\system\Database\BaseConnection.php(598): CodeIgniter\Database\BaseConnection->simpleQuery('INSERT INTO `us...')
#3 C:\xampp\UTS_Enterprise_msi\system\Database\BaseBuilder.php(1771): CodeIgniter\Database\BaseConnection->query('INSERT INTO `us...', Array, false)
#4 C:\xampp\UTS_Enterprise_msi\app\Models\Auth_model.php(55): CodeIgniter\Database\BaseBuilder->insert(Array)
#5 C:\xampp\UTS_Enterprise_msi\app\Controllers\Auth.php(143): App\Models\Auth_model->register(Array)
#6 C:\xampp\UTS_Enterprise_msi\system\CodeIgniter.php(825): App\Controllers\Auth->proses_register()
#7 C:\xampp\UTS_Enterprise_msi\system\CodeIgniter.php(412): CodeIgniter\CodeIgniter->runController(Object(App\Controllers\Auth))
#8 C:\xampp\UTS_Enterprise_msi\system\CodeIgniter.php(320): CodeIgniter\CodeIgniter->handleRequest(NULL, Object(Config\Cache), false)
#9 C:\xampp\UTS_Enterprise_msi\public\index.php(37): CodeIgniter\CodeIgniter->run()
#10 C:\xampp\UTS_Enterprise_msi\system\Commands\Server\rewrite.php(43): require_once('C:\\xampp\\UTS_En...')
#11 {main}
