ERROR - 2023-04-11 05:46:02 --> Unknown column 'jenis_kel' in 'where clause'
CRITICAL - 2023-04-11 05:46:02 --> Unknown column 'jenis_kel' in 'where clause'
#0 C:\xampp\htdocs\ci4_PERPUS _nadya\system\Database\MySQLi\Connection.php(292): mysqli->query('SELECT *\nFROM `...', 0)
#1 C:\xampp\htdocs\ci4_PERPUS _nadya\system\Database\BaseConnection.php(670): CodeIgniter\Database\MySQLi\Connection->execute('SELECT *\nFROM `...')
#2 C:\xampp\htdocs\ci4_PERPUS _nadya\system\Database\BaseConnection.php(598): CodeIgniter\Database\BaseConnection->simpleQuery('SELECT *\nFROM `...')
#3 C:\xampp\htdocs\ci4_PERPUS _nadya\system\Database\BaseBuilder.php(1455): CodeIgniter\Database\BaseConnection->query('SELECT *\nFROM `...', Array, false)
#4 C:\xampp\htdocs\ci4_PERPUS _nadya\system\Model.php(183): CodeIgniter\Database\BaseBuilder->get()
#5 C:\xampp\htdocs\ci4_PERPUS _nadya\system\BaseModel.php(584): CodeIgniter\Model->doFindAll(0, 0)
#6 C:\xampp\htdocs\ci4_PERPUS _nadya\app\Controllers\Spp.php(30): CodeIgniter\BaseModel->findAll()
#7 C:\xampp\htdocs\ci4_PERPUS _nadya\system\CodeIgniter.php(825): App\Controllers\Spp->index()
#8 C:\xampp\htdocs\ci4_PERPUS _nadya\system\CodeIgniter.php(412): CodeIgniter\CodeIgniter->runController(Object(App\Controllers\Spp))
#9 C:\xampp\htdocs\ci4_PERPUS _nadya\system\CodeIgniter.php(320): CodeIgniter\CodeIgniter->handleRequest(NULL, Object(Config\Cache), false)
#10 C:\xampp\htdocs\ci4_PERPUS _nadya\public\index.php(37): CodeIgniter\CodeIgniter->run()
#11 C:\xampp\htdocs\ci4_PERPUS _nadya\system\Commands\Server\rewrite.php(43): require_once('C:\\xampp\\htdocs...')
#12 {main}
ERROR - 2023-04-11 05:46:10 --> Unknown column 'jenis_kel' in 'where clause'
CRITICAL - 2023-04-11 05:46:10 --> Unknown column 'jenis_kel' in 'where clause'
#0 C:\xampp\htdocs\ci4_PERPUS _nadya\system\Database\MySQLi\Connection.php(292): mysqli->query('SELECT *\nFROM `...', 0)
#1 C:\xampp\htdocs\ci4_PERPUS _nadya\system\Database\BaseConnection.php(670): CodeIgniter\Database\MySQLi\Connection->execute('SELECT *\nFROM `...')
#2 C:\xampp\htdocs\ci4_PERPUS _nadya\system\Database\BaseConnection.php(598): CodeIgniter\Database\BaseConnection->simpleQuery('SELECT *\nFROM `...')
#3 C:\xampp\htdocs\ci4_PERPUS _nadya\system\Database\BaseBuilder.php(1455): CodeIgniter\Database\BaseConnection->query('SELECT *\nFROM `...', Array, false)
#4 C:\xampp\htdocs\ci4_PERPUS _nadya\system\Model.php(183): CodeIgniter\Database\BaseBuilder->get()
#5 C:\xampp\htdocs\ci4_PERPUS _nadya\system\BaseModel.php(584): CodeIgniter\Model->doFindAll(0, 0)
#6 C:\xampp\htdocs\ci4_PERPUS _nadya\app\Controllers\Spp.php(30): CodeIgniter\BaseModel->findAll()
#7 C:\xampp\htdocs\ci4_PERPUS _nadya\system\CodeIgniter.php(825): App\Controllers\Spp->index()
#8 C:\xampp\htdocs\ci4_PERPUS _nadya\system\CodeIgniter.php(412): CodeIgniter\CodeIgniter->runController(Object(App\Controllers\Spp))
#9 C:\xampp\htdocs\ci4_PERPUS _nadya\system\CodeIgniter.php(320): CodeIgniter\CodeIgniter->handleRequest(NULL, Object(Config\Cache), false)
#10 C:\xampp\htdocs\ci4_PERPUS _nadya\public\index.php(37): CodeIgniter\CodeIgniter->run()
#11 C:\xampp\htdocs\ci4_PERPUS _nadya\system\Commands\Server\rewrite.php(43): require_once('C:\\xampp\\htdocs...')
#12 {main}
ERROR - 2023-04-11 05:47:31 --> Unknown column 'jenis_kel' in 'where clause'
CRITICAL - 2023-04-11 05:47:31 --> Unknown column 'jenis_kel' in 'where clause'
#0 C:\xampp\htdocs\ci4_PERPUS _nadya\system\Database\MySQLi\Connection.php(292): mysqli->query('SELECT *\nFROM `...', 0)
#1 C:\xampp\htdocs\ci4_PERPUS _nadya\system\Database\BaseConnection.php(670): CodeIgniter\Database\MySQLi\Connection->execute('SELECT *\nFROM `...')
#2 C:\xampp\htdocs\ci4_PERPUS _nadya\system\Database\BaseConnection.php(598): CodeIgniter\Database\BaseConnection->simpleQuery('SELECT *\nFROM `...')
#3 C:\xampp\htdocs\ci4_PERPUS _nadya\system\Database\BaseBuilder.php(1455): CodeIgniter\Database\BaseConnection->query('SELECT *\nFROM `...', Array, false)
#4 C:\xampp\htdocs\ci4_PERPUS _nadya\system\Model.php(183): CodeIgniter\Database\BaseBuilder->get()
#5 C:\xampp\htdocs\ci4_PERPUS _nadya\system\BaseModel.php(584): CodeIgniter\Model->doFindAll(0, 0)
#6 C:\xampp\htdocs\ci4_PERPUS _nadya\app\Controllers\Spp.php(30): CodeIgniter\BaseModel->findAll()
#7 C:\xampp\htdocs\ci4_PERPUS _nadya\system\CodeIgniter.php(825): App\Controllers\Spp->index()
#8 C:\xampp\htdocs\ci4_PERPUS _nadya\system\CodeIgniter.php(412): CodeIgniter\CodeIgniter->runController(Object(App\Controllers\Spp))
#9 C:\xampp\htdocs\ci4_PERPUS _nadya\system\CodeIgniter.php(320): CodeIgniter\CodeIgniter->handleRequest(NULL, Object(Config\Cache), false)
#10 C:\xampp\htdocs\ci4_PERPUS _nadya\public\index.php(37): CodeIgniter\CodeIgniter->run()
#11 C:\xampp\htdocs\ci4_PERPUS _nadya\system\Commands\Server\rewrite.php(43): require_once('C:\\xampp\\htdocs...')
#12 {main}
ERROR - 2023-04-11 05:49:17 --> Unknown column 'jenis_kel' in 'where clause'
CRITICAL - 2023-04-11 05:49:17 --> Unknown column 'jenis_kel' in 'where clause'
#0 C:\xampp\htdocs\ci4_PERPUS _nadya\system\Database\MySQLi\Connection.php(292): mysqli->query('SELECT *\nFROM `...', 0)
#1 C:\xampp\htdocs\ci4_PERPUS _nadya\system\Database\BaseConnection.php(670): CodeIgniter\Database\MySQLi\Connection->execute('SELECT *\nFROM `...')
#2 C:\xampp\htdocs\ci4_PERPUS _nadya\system\Database\BaseConnection.php(598): CodeIgniter\Database\BaseConnection->simpleQuery('SELECT *\nFROM `...')
#3 C:\xampp\htdocs\ci4_PERPUS _nadya\system\Database\BaseBuilder.php(1455): CodeIgniter\Database\BaseConnection->query('SELECT *\nFROM `...', Array, false)
#4 C:\xampp\htdocs\ci4_PERPUS _nadya\system\Model.php(183): CodeIgniter\Database\BaseBuilder->get()
#5 C:\xampp\htdocs\ci4_PERPUS _nadya\system\BaseModel.php(584): CodeIgniter\Model->doFindAll(0, 0)
#6 C:\xampp\htdocs\ci4_PERPUS _nadya\app\Controllers\Spp.php(30): CodeIgniter\BaseModel->findAll()
#7 C:\xampp\htdocs\ci4_PERPUS _nadya\system\CodeIgniter.php(825): App\Controllers\Spp->index()
#8 C:\xampp\htdocs\ci4_PERPUS _nadya\system\CodeIgniter.php(412): CodeIgniter\CodeIgniter->runController(Object(App\Controllers\Spp))
#9 C:\xampp\htdocs\ci4_PERPUS _nadya\system\CodeIgniter.php(320): CodeIgniter\CodeIgniter->handleRequest(NULL, Object(Config\Cache), false)
#10 C:\xampp\htdocs\ci4_PERPUS _nadya\public\index.php(37): CodeIgniter\CodeIgniter->run()
#11 C:\xampp\htdocs\ci4_PERPUS _nadya\system\Commands\Server\rewrite.php(43): require_once('C:\\xampp\\htdocs...')
#12 {main}
ERROR - 2023-04-11 09:18:39 --> Unknown column 'jenis_kel' in 'where clause'
CRITICAL - 2023-04-11 09:18:39 --> Unknown column 'jenis_kel' in 'where clause'
#0 C:\xampp\htdocs\ci4_PERPUS _nadya\system\Database\MySQLi\Connection.php(292): mysqli->query('SELECT *\nFROM `...', 0)
#1 C:\xampp\htdocs\ci4_PERPUS _nadya\system\Database\BaseConnection.php(670): CodeIgniter\Database\MySQLi\Connection->execute('SELECT *\nFROM `...')
#2 C:\xampp\htdocs\ci4_PERPUS _nadya\system\Database\BaseConnection.php(598): CodeIgniter\Database\BaseConnection->simpleQuery('SELECT *\nFROM `...')
#3 C:\xampp\htdocs\ci4_PERPUS _nadya\system\Database\BaseBuilder.php(1455): CodeIgniter\Database\BaseConnection->query('SELECT *\nFROM `...', Array, false)
#4 C:\xampp\htdocs\ci4_PERPUS _nadya\system\Model.php(183): CodeIgniter\Database\BaseBuilder->get()
#5 C:\xampp\htdocs\ci4_PERPUS _nadya\system\BaseModel.php(584): CodeIgniter\Model->doFindAll(0, 0)
#6 C:\xampp\htdocs\ci4_PERPUS _nadya\app\Controllers\Spp.php(30): CodeIgniter\BaseModel->findAll()
#7 C:\xampp\htdocs\ci4_PERPUS _nadya\system\CodeIgniter.php(825): App\Controllers\Spp->index()
#8 C:\xampp\htdocs\ci4_PERPUS _nadya\system\CodeIgniter.php(412): CodeIgniter\CodeIgniter->runController(Object(App\Controllers\Spp))
#9 C:\xampp\htdocs\ci4_PERPUS _nadya\system\CodeIgniter.php(320): CodeIgniter\CodeIgniter->handleRequest(NULL, Object(Config\Cache), false)
#10 C:\xampp\htdocs\ci4_PERPUS _nadya\public\index.php(37): CodeIgniter\CodeIgniter->run()
#11 C:\xampp\htdocs\ci4_PERPUS _nadya\system\Commands\Server\rewrite.php(43): require_once('C:\\xampp\\htdocs...')
#12 {main}
ERROR - 2023-04-11 09:19:20 --> Unknown column 'jenis_kel' in 'where clause'
CRITICAL - 2023-04-11 09:19:20 --> Unknown column 'jenis_kel' in 'where clause'
#0 C:\xampp\htdocs\ci4_PERPUS _nadya\system\Database\MySQLi\Connection.php(292): mysqli->query('SELECT *\nFROM `...', 0)
#1 C:\xampp\htdocs\ci4_PERPUS _nadya\system\Database\BaseConnection.php(670): CodeIgniter\Database\MySQLi\Connection->execute('SELECT *\nFROM `...')
#2 C:\xampp\htdocs\ci4_PERPUS _nadya\system\Database\BaseConnection.php(598): CodeIgniter\Database\BaseConnection->simpleQuery('SELECT *\nFROM `...')
#3 C:\xampp\htdocs\ci4_PERPUS _nadya\system\Database\BaseBuilder.php(1455): CodeIgniter\Database\BaseConnection->query('SELECT *\nFROM `...', Array, false)
#4 C:\xampp\htdocs\ci4_PERPUS _nadya\system\Model.php(183): CodeIgniter\Database\BaseBuilder->get()
#5 C:\xampp\htdocs\ci4_PERPUS _nadya\system\BaseModel.php(584): CodeIgniter\Model->doFindAll(0, 0)
#6 C:\xampp\htdocs\ci4_PERPUS _nadya\app\Controllers\Spp.php(30): CodeIgniter\BaseModel->findAll()
#7 C:\xampp\htdocs\ci4_PERPUS _nadya\system\CodeIgniter.php(825): App\Controllers\Spp->index()
#8 C:\xampp\htdocs\ci4_PERPUS _nadya\system\CodeIgniter.php(412): CodeIgniter\CodeIgniter->runController(Object(App\Controllers\Spp))
#9 C:\xampp\htdocs\ci4_PERPUS _nadya\system\CodeIgniter.php(320): CodeIgniter\CodeIgniter->handleRequest(NULL, Object(Config\Cache), false)
#10 C:\xampp\htdocs\ci4_PERPUS _nadya\public\index.php(37): CodeIgniter\CodeIgniter->run()
#11 C:\xampp\htdocs\ci4_PERPUS _nadya\system\Commands\Server\rewrite.php(43): require_once('C:\\xampp\\htdocs...')
#12 {main}
ERROR - 2023-04-11 09:19:31 --> Unknown column 'jenis_kel' in 'where clause'
CRITICAL - 2023-04-11 09:19:31 --> Unknown column 'jenis_kel' in 'where clause'
#0 C:\xampp\htdocs\ci4_PERPUS _nadya\system\Database\MySQLi\Connection.php(292): mysqli->query('SELECT *\nFROM `...', 0)
#1 C:\xampp\htdocs\ci4_PERPUS _nadya\system\Database\BaseConnection.php(670): CodeIgniter\Database\MySQLi\Connection->execute('SELECT *\nFROM `...')
#2 C:\xampp\htdocs\ci4_PERPUS _nadya\system\Database\BaseConnection.php(598): CodeIgniter\Database\BaseConnection->simpleQuery('SELECT *\nFROM `...')
#3 C:\xampp\htdocs\ci4_PERPUS _nadya\system\Database\BaseBuilder.php(1455): CodeIgniter\Database\BaseConnection->query('SELECT *\nFROM `...', Array, false)
#4 C:\xampp\htdocs\ci4_PERPUS _nadya\system\Model.php(183): CodeIgniter\Database\BaseBuilder->get()
#5 C:\xampp\htdocs\ci4_PERPUS _nadya\system\BaseModel.php(584): CodeIgniter\Model->doFindAll(0, 0)
#6 C:\xampp\htdocs\ci4_PERPUS _nadya\app\Controllers\Spp.php(30): CodeIgniter\BaseModel->findAll()
#7 C:\xampp\htdocs\ci4_PERPUS _nadya\system\CodeIgniter.php(825): App\Controllers\Spp->index()
#8 C:\xampp\htdocs\ci4_PERPUS _nadya\system\CodeIgniter.php(412): CodeIgniter\CodeIgniter->runController(Object(App\Controllers\Spp))
#9 C:\xampp\htdocs\ci4_PERPUS _nadya\system\CodeIgniter.php(320): CodeIgniter\CodeIgniter->handleRequest(NULL, Object(Config\Cache), false)
#10 C:\xampp\htdocs\ci4_PERPUS _nadya\public\index.php(37): CodeIgniter\CodeIgniter->run()
#11 C:\xampp\htdocs\ci4_PERPUS _nadya\system\Commands\Server\rewrite.php(43): require_once('C:\\xampp\\htdocs...')
#12 {main}
ERROR - 2023-04-11 09:19:38 --> Unknown column 'jenis_kel' in 'where clause'
CRITICAL - 2023-04-11 09:19:38 --> Unknown column 'jenis_kel' in 'where clause'
#0 C:\xampp\htdocs\ci4_PERPUS _nadya\system\Database\MySQLi\Connection.php(292): mysqli->query('SELECT *\nFROM `...', 0)
#1 C:\xampp\htdocs\ci4_PERPUS _nadya\system\Database\BaseConnection.php(670): CodeIgniter\Database\MySQLi\Connection->execute('SELECT *\nFROM `...')
#2 C:\xampp\htdocs\ci4_PERPUS _nadya\system\Database\BaseConnection.php(598): CodeIgniter\Database\BaseConnection->simpleQuery('SELECT *\nFROM `...')
#3 C:\xampp\htdocs\ci4_PERPUS _nadya\system\Database\BaseBuilder.php(1455): CodeIgniter\Database\BaseConnection->query('SELECT *\nFROM `...', Array, false)
#4 C:\xampp\htdocs\ci4_PERPUS _nadya\system\Model.php(183): CodeIgniter\Database\BaseBuilder->get()
#5 C:\xampp\htdocs\ci4_PERPUS _nadya\system\BaseModel.php(584): CodeIgniter\Model->doFindAll(0, 0)
#6 C:\xampp\htdocs\ci4_PERPUS _nadya\app\Controllers\Spp.php(30): CodeIgniter\BaseModel->findAll()
#7 C:\xampp\htdocs\ci4_PERPUS _nadya\system\CodeIgniter.php(825): App\Controllers\Spp->index()
#8 C:\xampp\htdocs\ci4_PERPUS _nadya\system\CodeIgniter.php(412): CodeIgniter\CodeIgniter->runController(Object(App\Controllers\Spp))
#9 C:\xampp\htdocs\ci4_PERPUS _nadya\system\CodeIgniter.php(320): CodeIgniter\CodeIgniter->handleRequest(NULL, Object(Config\Cache), false)
#10 C:\xampp\htdocs\ci4_PERPUS _nadya\public\index.php(37): CodeIgniter\CodeIgniter->run()
#11 C:\xampp\htdocs\ci4_PERPUS _nadya\system\Commands\Server\rewrite.php(43): require_once('C:\\xampp\\htdocs...')
#12 {main}
ERROR - 2023-04-11 09:19:47 --> Unknown column 'jenis_kel' in 'where clause'
CRITICAL - 2023-04-11 09:19:47 --> Unknown column 'jenis_kel' in 'where clause'
#0 C:\xampp\htdocs\ci4_PERPUS _nadya\system\Database\MySQLi\Connection.php(292): mysqli->query('SELECT *\nFROM `...', 0)
#1 C:\xampp\htdocs\ci4_PERPUS _nadya\system\Database\BaseConnection.php(670): CodeIgniter\Database\MySQLi\Connection->execute('SELECT *\nFROM `...')
#2 C:\xampp\htdocs\ci4_PERPUS _nadya\system\Database\BaseConnection.php(598): CodeIgniter\Database\BaseConnection->simpleQuery('SELECT *\nFROM `...')
#3 C:\xampp\htdocs\ci4_PERPUS _nadya\system\Database\BaseBuilder.php(1455): CodeIgniter\Database\BaseConnection->query('SELECT *\nFROM `...', Array, false)
#4 C:\xampp\htdocs\ci4_PERPUS _nadya\system\Model.php(183): CodeIgniter\Database\BaseBuilder->get()
#5 C:\xampp\htdocs\ci4_PERPUS _nadya\system\BaseModel.php(584): CodeIgniter\Model->doFindAll(0, 0)
#6 C:\xampp\htdocs\ci4_PERPUS _nadya\app\Controllers\Spp.php(30): CodeIgniter\BaseModel->findAll()
#7 C:\xampp\htdocs\ci4_PERPUS _nadya\system\CodeIgniter.php(825): App\Controllers\Spp->index()
#8 C:\xampp\htdocs\ci4_PERPUS _nadya\system\CodeIgniter.php(412): CodeIgniter\CodeIgniter->runController(Object(App\Controllers\Spp))
#9 C:\xampp\htdocs\ci4_PERPUS _nadya\system\CodeIgniter.php(320): CodeIgniter\CodeIgniter->handleRequest(NULL, Object(Config\Cache), false)
#10 C:\xampp\htdocs\ci4_PERPUS _nadya\public\index.php(37): CodeIgniter\CodeIgniter->run()
#11 C:\xampp\htdocs\ci4_PERPUS _nadya\system\Commands\Server\rewrite.php(43): require_once('C:\\xampp\\htdocs...')
#12 {main}
ERROR - 2023-04-11 09:20:03 --> Unknown column 'jenis_kel' in 'where clause'
CRITICAL - 2023-04-11 09:20:03 --> Unknown column 'jenis_kel' in 'where clause'
#0 C:\xampp\htdocs\ci4_PERPUS _nadya\system\Database\MySQLi\Connection.php(292): mysqli->query('SELECT *\nFROM `...', 0)
#1 C:\xampp\htdocs\ci4_PERPUS _nadya\system\Database\BaseConnection.php(670): CodeIgniter\Database\MySQLi\Connection->execute('SELECT *\nFROM `...')
#2 C:\xampp\htdocs\ci4_PERPUS _nadya\system\Database\BaseConnection.php(598): CodeIgniter\Database\BaseConnection->simpleQuery('SELECT *\nFROM `...')
#3 C:\xampp\htdocs\ci4_PERPUS _nadya\system\Database\BaseBuilder.php(1455): CodeIgniter\Database\BaseConnection->query('SELECT *\nFROM `...', Array, false)
#4 C:\xampp\htdocs\ci4_PERPUS _nadya\system\Model.php(183): CodeIgniter\Database\BaseBuilder->get()
#5 C:\xampp\htdocs\ci4_PERPUS _nadya\system\BaseModel.php(584): CodeIgniter\Model->doFindAll(0, 0)
#6 C:\xampp\htdocs\ci4_PERPUS _nadya\app\Controllers\Spp.php(30): CodeIgniter\BaseModel->findAll()
#7 C:\xampp\htdocs\ci4_PERPUS _nadya\system\CodeIgniter.php(825): App\Controllers\Spp->index()
#8 C:\xampp\htdocs\ci4_PERPUS _nadya\system\CodeIgniter.php(412): CodeIgniter\CodeIgniter->runController(Object(App\Controllers\Spp))
#9 C:\xampp\htdocs\ci4_PERPUS _nadya\system\CodeIgniter.php(320): CodeIgniter\CodeIgniter->handleRequest(NULL, Object(Config\Cache), false)
#10 C:\xampp\htdocs\ci4_PERPUS _nadya\public\index.php(37): CodeIgniter\CodeIgniter->run()
#11 C:\xampp\htdocs\ci4_PERPUS _nadya\system\Commands\Server\rewrite.php(43): require_once('C:\\xampp\\htdocs...')
#12 {main}
ERROR - 2023-04-11 09:21:41 --> Unknown column 'jenis_kel' in 'where clause'
CRITICAL - 2023-04-11 09:21:41 --> Unknown column 'jenis_kel' in 'where clause'
#0 C:\xampp\htdocs\ci4_PERPUS _nadya\system\Database\MySQLi\Connection.php(292): mysqli->query('SELECT *\nFROM `...', 0)
#1 C:\xampp\htdocs\ci4_PERPUS _nadya\system\Database\BaseConnection.php(670): CodeIgniter\Database\MySQLi\Connection->execute('SELECT *\nFROM `...')
#2 C:\xampp\htdocs\ci4_PERPUS _nadya\system\Database\BaseConnection.php(598): CodeIgniter\Database\BaseConnection->simpleQuery('SELECT *\nFROM `...')
#3 C:\xampp\htdocs\ci4_PERPUS _nadya\system\Database\BaseBuilder.php(1455): CodeIgniter\Database\BaseConnection->query('SELECT *\nFROM `...', Array, false)
#4 C:\xampp\htdocs\ci4_PERPUS _nadya\system\Model.php(183): CodeIgniter\Database\BaseBuilder->get()
#5 C:\xampp\htdocs\ci4_PERPUS _nadya\system\BaseModel.php(584): CodeIgniter\Model->doFindAll(0, 0)
#6 C:\xampp\htdocs\ci4_PERPUS _nadya\app\Controllers\Spp.php(30): CodeIgniter\BaseModel->findAll()
#7 C:\xampp\htdocs\ci4_PERPUS _nadya\system\CodeIgniter.php(825): App\Controllers\Spp->index()
#8 C:\xampp\htdocs\ci4_PERPUS _nadya\system\CodeIgniter.php(412): CodeIgniter\CodeIgniter->runController(Object(App\Controllers\Spp))
#9 C:\xampp\htdocs\ci4_PERPUS _nadya\system\CodeIgniter.php(320): CodeIgniter\CodeIgniter->handleRequest(NULL, Object(Config\Cache), false)
#10 C:\xampp\htdocs\ci4_PERPUS _nadya\public\index.php(37): CodeIgniter\CodeIgniter->run()
#11 C:\xampp\htdocs\ci4_PERPUS _nadya\system\Commands\Server\rewrite.php(43): require_once('C:\\xampp\\htdocs...')
#12 {main}
ERROR - 2023-04-11 09:21:43 --> Unknown column 'jenis_kel' in 'where clause'
CRITICAL - 2023-04-11 09:21:43 --> Unknown column 'jenis_kel' in 'where clause'
#0 C:\xampp\htdocs\ci4_PERPUS _nadya\system\Database\MySQLi\Connection.php(292): mysqli->query('SELECT *\nFROM `...', 0)
#1 C:\xampp\htdocs\ci4_PERPUS _nadya\system\Database\BaseConnection.php(670): CodeIgniter\Database\MySQLi\Connection->execute('SELECT *\nFROM `...')
#2 C:\xampp\htdocs\ci4_PERPUS _nadya\system\Database\BaseConnection.php(598): CodeIgniter\Database\BaseConnection->simpleQuery('SELECT *\nFROM `...')
#3 C:\xampp\htdocs\ci4_PERPUS _nadya\system\Database\BaseBuilder.php(1455): CodeIgniter\Database\BaseConnection->query('SELECT *\nFROM `...', Array, false)
#4 C:\xampp\htdocs\ci4_PERPUS _nadya\system\Model.php(183): CodeIgniter\Database\BaseBuilder->get()
#5 C:\xampp\htdocs\ci4_PERPUS _nadya\system\BaseModel.php(584): CodeIgniter\Model->doFindAll(0, 0)
#6 C:\xampp\htdocs\ci4_PERPUS _nadya\app\Controllers\Spp.php(30): CodeIgniter\BaseModel->findAll()
#7 C:\xampp\htdocs\ci4_PERPUS _nadya\system\CodeIgniter.php(825): App\Controllers\Spp->index()
#8 C:\xampp\htdocs\ci4_PERPUS _nadya\system\CodeIgniter.php(412): CodeIgniter\CodeIgniter->runController(Object(App\Controllers\Spp))
#9 C:\xampp\htdocs\ci4_PERPUS _nadya\system\CodeIgniter.php(320): CodeIgniter\CodeIgniter->handleRequest(NULL, Object(Config\Cache), false)
#10 C:\xampp\htdocs\ci4_PERPUS _nadya\public\index.php(37): CodeIgniter\CodeIgniter->run()
#11 C:\xampp\htdocs\ci4_PERPUS _nadya\system\Commands\Server\rewrite.php(43): require_once('C:\\xampp\\htdocs...')
#12 {main}
ERROR - 2023-04-11 09:21:48 --> Unknown column 'jenis_kel' in 'where clause'
CRITICAL - 2023-04-11 09:21:48 --> Unknown column 'jenis_kel' in 'where clause'
#0 C:\xampp\htdocs\ci4_PERPUS _nadya\system\Database\MySQLi\Connection.php(292): mysqli->query('SELECT *\nFROM `...', 0)
#1 C:\xampp\htdocs\ci4_PERPUS _nadya\system\Database\BaseConnection.php(670): CodeIgniter\Database\MySQLi\Connection->execute('SELECT *\nFROM `...')
#2 C:\xampp\htdocs\ci4_PERPUS _nadya\system\Database\BaseConnection.php(598): CodeIgniter\Database\BaseConnection->simpleQuery('SELECT *\nFROM `...')
#3 C:\xampp\htdocs\ci4_PERPUS _nadya\system\Database\BaseBuilder.php(1455): CodeIgniter\Database\BaseConnection->query('SELECT *\nFROM `...', Array, false)
#4 C:\xampp\htdocs\ci4_PERPUS _nadya\system\Model.php(183): CodeIgniter\Database\BaseBuilder->get()
#5 C:\xampp\htdocs\ci4_PERPUS _nadya\system\BaseModel.php(584): CodeIgniter\Model->doFindAll(0, 0)
#6 C:\xampp\htdocs\ci4_PERPUS _nadya\app\Controllers\Spp.php(30): CodeIgniter\BaseModel->findAll()
#7 C:\xampp\htdocs\ci4_PERPUS _nadya\system\CodeIgniter.php(825): App\Controllers\Spp->index()
#8 C:\xampp\htdocs\ci4_PERPUS _nadya\system\CodeIgniter.php(412): CodeIgniter\CodeIgniter->runController(Object(App\Controllers\Spp))
#9 C:\xampp\htdocs\ci4_PERPUS _nadya\system\CodeIgniter.php(320): CodeIgniter\CodeIgniter->handleRequest(NULL, Object(Config\Cache), false)
#10 C:\xampp\htdocs\ci4_PERPUS _nadya\public\index.php(37): CodeIgniter\CodeIgniter->run()
#11 C:\xampp\htdocs\ci4_PERPUS _nadya\system\Commands\Server\rewrite.php(43): require_once('C:\\xampp\\htdocs...')
#12 {main}
ERROR - 2023-04-11 09:21:58 --> Unknown column 'jenis_kel' in 'where clause'
CRITICAL - 2023-04-11 09:21:58 --> Unknown column 'jenis_kel' in 'where clause'
#0 C:\xampp\htdocs\ci4_PERPUS _nadya\system\Database\MySQLi\Connection.php(292): mysqli->query('SELECT *\nFROM `...', 0)
#1 C:\xampp\htdocs\ci4_PERPUS _nadya\system\Database\BaseConnection.php(670): CodeIgniter\Database\MySQLi\Connection->execute('SELECT *\nFROM `...')
#2 C:\xampp\htdocs\ci4_PERPUS _nadya\system\Database\BaseConnection.php(598): CodeIgniter\Database\BaseConnection->simpleQuery('SELECT *\nFROM `...')
#3 C:\xampp\htdocs\ci4_PERPUS _nadya\system\Database\BaseBuilder.php(1455): CodeIgniter\Database\BaseConnection->query('SELECT *\nFROM `...', Array, false)
#4 C:\xampp\htdocs\ci4_PERPUS _nadya\system\Model.php(183): CodeIgniter\Database\BaseBuilder->get()
#5 C:\xampp\htdocs\ci4_PERPUS _nadya\system\BaseModel.php(584): CodeIgniter\Model->doFindAll(0, 0)
#6 C:\xampp\htdocs\ci4_PERPUS _nadya\app\Controllers\Spp.php(30): CodeIgniter\BaseModel->findAll()
#7 C:\xampp\htdocs\ci4_PERPUS _nadya\system\CodeIgniter.php(825): App\Controllers\Spp->index()
#8 C:\xampp\htdocs\ci4_PERPUS _nadya\system\CodeIgniter.php(412): CodeIgniter\CodeIgniter->runController(Object(App\Controllers\Spp))
#9 C:\xampp\htdocs\ci4_PERPUS _nadya\system\CodeIgniter.php(320): CodeIgniter\CodeIgniter->handleRequest(NULL, Object(Config\Cache), false)
#10 C:\xampp\htdocs\ci4_PERPUS _nadya\public\index.php(37): CodeIgniter\CodeIgniter->run()
#11 C:\xampp\htdocs\ci4_PERPUS _nadya\system\Commands\Server\rewrite.php(43): require_once('C:\\xampp\\htdocs...')
#12 {main}
ERROR - 2023-04-11 09:22:56 --> Unknown column 'jenis_kel' in 'where clause'
CRITICAL - 2023-04-11 09:22:56 --> Unknown column 'jenis_kel' in 'where clause'
#0 C:\xampp\htdocs\ci4_PERPUS _nadya\system\Database\MySQLi\Connection.php(292): mysqli->query('SELECT *\nFROM `...', 0)
#1 C:\xampp\htdocs\ci4_PERPUS _nadya\system\Database\BaseConnection.php(670): CodeIgniter\Database\MySQLi\Connection->execute('SELECT *\nFROM `...')
#2 C:\xampp\htdocs\ci4_PERPUS _nadya\system\Database\BaseConnection.php(598): CodeIgniter\Database\BaseConnection->simpleQuery('SELECT *\nFROM `...')
#3 C:\xampp\htdocs\ci4_PERPUS _nadya\system\Database\BaseBuilder.php(1455): CodeIgniter\Database\BaseConnection->query('SELECT *\nFROM `...', Array, false)
#4 C:\xampp\htdocs\ci4_PERPUS _nadya\system\Model.php(183): CodeIgniter\Database\BaseBuilder->get()
#5 C:\xampp\htdocs\ci4_PERPUS _nadya\system\BaseModel.php(584): CodeIgniter\Model->doFindAll(0, 0)
#6 C:\xampp\htdocs\ci4_PERPUS _nadya\app\Controllers\Spp.php(30): CodeIgniter\BaseModel->findAll()
#7 C:\xampp\htdocs\ci4_PERPUS _nadya\system\CodeIgniter.php(825): App\Controllers\Spp->index()
#8 C:\xampp\htdocs\ci4_PERPUS _nadya\system\CodeIgniter.php(412): CodeIgniter\CodeIgniter->runController(Object(App\Controllers\Spp))
#9 C:\xampp\htdocs\ci4_PERPUS _nadya\system\CodeIgniter.php(320): CodeIgniter\CodeIgniter->handleRequest(NULL, Object(Config\Cache), false)
#10 C:\xampp\htdocs\ci4_PERPUS _nadya\public\index.php(37): CodeIgniter\CodeIgniter->run()
#11 C:\xampp\htdocs\ci4_PERPUS _nadya\system\Commands\Server\rewrite.php(43): require_once('C:\\xampp\\htdocs...')
#12 {main}
ERROR - 2023-04-11 09:22:59 --> Unknown column 'jenis_kel' in 'where clause'
CRITICAL - 2023-04-11 09:22:59 --> Unknown column 'jenis_kel' in 'where clause'
#0 C:\xampp\htdocs\ci4_PERPUS _nadya\system\Database\MySQLi\Connection.php(292): mysqli->query('SELECT *\nFROM `...', 0)
#1 C:\xampp\htdocs\ci4_PERPUS _nadya\system\Database\BaseConnection.php(670): CodeIgniter\Database\MySQLi\Connection->execute('SELECT *\nFROM `...')
#2 C:\xampp\htdocs\ci4_PERPUS _nadya\system\Database\BaseConnection.php(598): CodeIgniter\Database\BaseConnection->simpleQuery('SELECT *\nFROM `...')
#3 C:\xampp\htdocs\ci4_PERPUS _nadya\system\Database\BaseBuilder.php(1455): CodeIgniter\Database\BaseConnection->query('SELECT *\nFROM `...', Array, false)
#4 C:\xampp\htdocs\ci4_PERPUS _nadya\system\Model.php(183): CodeIgniter\Database\BaseBuilder->get()
#5 C:\xampp\htdocs\ci4_PERPUS _nadya\system\BaseModel.php(584): CodeIgniter\Model->doFindAll(0, 0)
#6 C:\xampp\htdocs\ci4_PERPUS _nadya\app\Controllers\Spp.php(30): CodeIgniter\BaseModel->findAll()
#7 C:\xampp\htdocs\ci4_PERPUS _nadya\system\CodeIgniter.php(825): App\Controllers\Spp->index()
#8 C:\xampp\htdocs\ci4_PERPUS _nadya\system\CodeIgniter.php(412): CodeIgniter\CodeIgniter->runController(Object(App\Controllers\Spp))
#9 C:\xampp\htdocs\ci4_PERPUS _nadya\system\CodeIgniter.php(320): CodeIgniter\CodeIgniter->handleRequest(NULL, Object(Config\Cache), false)
#10 C:\xampp\htdocs\ci4_PERPUS _nadya\public\index.php(37): CodeIgniter\CodeIgniter->run()
#11 C:\xampp\htdocs\ci4_PERPUS _nadya\system\Commands\Server\rewrite.php(43): require_once('C:\\xampp\\htdocs...')
#12 {main}
ERROR - 2023-04-11 09:23:07 --> Unknown column 'jenis_kel' in 'where clause'
CRITICAL - 2023-04-11 09:23:07 --> Unknown column 'jenis_kel' in 'where clause'
#0 C:\xampp\htdocs\ci4_PERPUS _nadya\system\Database\MySQLi\Connection.php(292): mysqli->query('SELECT *\nFROM `...', 0)
#1 C:\xampp\htdocs\ci4_PERPUS _nadya\system\Database\BaseConnection.php(670): CodeIgniter\Database\MySQLi\Connection->execute('SELECT *\nFROM `...')
#2 C:\xampp\htdocs\ci4_PERPUS _nadya\system\Database\BaseConnection.php(598): CodeIgniter\Database\BaseConnection->simpleQuery('SELECT *\nFROM `...')
#3 C:\xampp\htdocs\ci4_PERPUS _nadya\system\Database\BaseBuilder.php(1455): CodeIgniter\Database\BaseConnection->query('SELECT *\nFROM `...', Array, false)
#4 C:\xampp\htdocs\ci4_PERPUS _nadya\system\Model.php(183): CodeIgniter\Database\BaseBuilder->get()
#5 C:\xampp\htdocs\ci4_PERPUS _nadya\system\BaseModel.php(584): CodeIgniter\Model->doFindAll(0, 0)
#6 C:\xampp\htdocs\ci4_PERPUS _nadya\app\Controllers\Spp.php(30): CodeIgniter\BaseModel->findAll()
#7 C:\xampp\htdocs\ci4_PERPUS _nadya\system\CodeIgniter.php(825): App\Controllers\Spp->index()
#8 C:\xampp\htdocs\ci4_PERPUS _nadya\system\CodeIgniter.php(412): CodeIgniter\CodeIgniter->runController(Object(App\Controllers\Spp))
#9 C:\xampp\htdocs\ci4_PERPUS _nadya\system\CodeIgniter.php(320): CodeIgniter\CodeIgniter->handleRequest(NULL, Object(Config\Cache), false)
#10 C:\xampp\htdocs\ci4_PERPUS _nadya\public\index.php(37): CodeIgniter\CodeIgniter->run()
#11 C:\xampp\htdocs\ci4_PERPUS _nadya\system\Commands\Server\rewrite.php(43): require_once('C:\\xampp\\htdocs...')
#12 {main}
ERROR - 2023-04-11 09:23:26 --> Unknown column 'jenis_kel' in 'where clause'
CRITICAL - 2023-04-11 09:23:26 --> Unknown column 'jenis_kel' in 'where clause'
#0 C:\xampp\htdocs\ci4_PERPUS _nadya\system\Database\MySQLi\Connection.php(292): mysqli->query('SELECT *\nFROM `...', 0)
#1 C:\xampp\htdocs\ci4_PERPUS _nadya\system\Database\BaseConnection.php(670): CodeIgniter\Database\MySQLi\Connection->execute('SELECT *\nFROM `...')
#2 C:\xampp\htdocs\ci4_PERPUS _nadya\system\Database\BaseConnection.php(598): CodeIgniter\Database\BaseConnection->simpleQuery('SELECT *\nFROM `...')
#3 C:\xampp\htdocs\ci4_PERPUS _nadya\system\Database\BaseBuilder.php(1455): CodeIgniter\Database\BaseConnection->query('SELECT *\nFROM `...', Array, false)
#4 C:\xampp\htdocs\ci4_PERPUS _nadya\system\Model.php(183): CodeIgniter\Database\BaseBuilder->get()
#5 C:\xampp\htdocs\ci4_PERPUS _nadya\system\BaseModel.php(584): CodeIgniter\Model->doFindAll(0, 0)
#6 C:\xampp\htdocs\ci4_PERPUS _nadya\app\Controllers\Spp.php(30): CodeIgniter\BaseModel->findAll()
#7 C:\xampp\htdocs\ci4_PERPUS _nadya\system\CodeIgniter.php(825): App\Controllers\Spp->index()
#8 C:\xampp\htdocs\ci4_PERPUS _nadya\system\CodeIgniter.php(412): CodeIgniter\CodeIgniter->runController(Object(App\Controllers\Spp))
#9 C:\xampp\htdocs\ci4_PERPUS _nadya\system\CodeIgniter.php(320): CodeIgniter\CodeIgniter->handleRequest(NULL, Object(Config\Cache), false)
#10 C:\xampp\htdocs\ci4_PERPUS _nadya\public\index.php(37): CodeIgniter\CodeIgniter->run()
#11 C:\xampp\htdocs\ci4_PERPUS _nadya\system\Commands\Server\rewrite.php(43): require_once('C:\\xampp\\htdocs...')
#12 {main}
ERROR - 2023-04-11 09:23:28 --> Unknown column 'jenis_kel' in 'where clause'
CRITICAL - 2023-04-11 09:23:28 --> Unknown column 'jenis_kel' in 'where clause'
#0 C:\xampp\htdocs\ci4_PERPUS _nadya\system\Database\MySQLi\Connection.php(292): mysqli->query('SELECT *\nFROM `...', 0)
#1 C:\xampp\htdocs\ci4_PERPUS _nadya\system\Database\BaseConnection.php(670): CodeIgniter\Database\MySQLi\Connection->execute('SELECT *\nFROM `...')
#2 C:\xampp\htdocs\ci4_PERPUS _nadya\system\Database\BaseConnection.php(598): CodeIgniter\Database\BaseConnection->simpleQuery('SELECT *\nFROM `...')
#3 C:\xampp\htdocs\ci4_PERPUS _nadya\system\Database\BaseBuilder.php(1455): CodeIgniter\Database\BaseConnection->query('SELECT *\nFROM `...', Array, false)
#4 C:\xampp\htdocs\ci4_PERPUS _nadya\system\Model.php(183): CodeIgniter\Database\BaseBuilder->get()
#5 C:\xampp\htdocs\ci4_PERPUS _nadya\system\BaseModel.php(584): CodeIgniter\Model->doFindAll(0, 0)
#6 C:\xampp\htdocs\ci4_PERPUS _nadya\app\Controllers\Spp.php(30): CodeIgniter\BaseModel->findAll()
#7 C:\xampp\htdocs\ci4_PERPUS _nadya\system\CodeIgniter.php(825): App\Controllers\Spp->index()
#8 C:\xampp\htdocs\ci4_PERPUS _nadya\system\CodeIgniter.php(412): CodeIgniter\CodeIgniter->runController(Object(App\Controllers\Spp))
#9 C:\xampp\htdocs\ci4_PERPUS _nadya\system\CodeIgniter.php(320): CodeIgniter\CodeIgniter->handleRequest(NULL, Object(Config\Cache), false)
#10 C:\xampp\htdocs\ci4_PERPUS _nadya\public\index.php(37): CodeIgniter\CodeIgniter->run()
#11 C:\xampp\htdocs\ci4_PERPUS _nadya\system\Commands\Server\rewrite.php(43): require_once('C:\\xampp\\htdocs...')
#12 {main}
ERROR - 2023-04-11 09:24:54 --> Unknown column 'jenis_kel' in 'where clause'
CRITICAL - 2023-04-11 09:24:54 --> Unknown column 'jenis_kel' in 'where clause'
#0 C:\xampp\htdocs\ci4_PERPUS _nadya\system\Database\MySQLi\Connection.php(292): mysqli->query('SELECT *\nFROM `...', 0)
#1 C:\xampp\htdocs\ci4_PERPUS _nadya\system\Database\BaseConnection.php(670): CodeIgniter\Database\MySQLi\Connection->execute('SELECT *\nFROM `...')
#2 C:\xampp\htdocs\ci4_PERPUS _nadya\system\Database\BaseConnection.php(598): CodeIgniter\Database\BaseConnection->simpleQuery('SELECT *\nFROM `...')
#3 C:\xampp\htdocs\ci4_PERPUS _nadya\system\Database\BaseBuilder.php(1455): CodeIgniter\Database\BaseConnection->query('SELECT *\nFROM `...', Array, false)
#4 C:\xampp\htdocs\ci4_PERPUS _nadya\system\Model.php(183): CodeIgniter\Database\BaseBuilder->get()
#5 C:\xampp\htdocs\ci4_PERPUS _nadya\system\BaseModel.php(584): CodeIgniter\Model->doFindAll(0, 0)
#6 C:\xampp\htdocs\ci4_PERPUS _nadya\app\Controllers\Spp.php(30): CodeIgniter\BaseModel->findAll()
#7 C:\xampp\htdocs\ci4_PERPUS _nadya\system\CodeIgniter.php(825): App\Controllers\Spp->index()
#8 C:\xampp\htdocs\ci4_PERPUS _nadya\system\CodeIgniter.php(412): CodeIgniter\CodeIgniter->runController(Object(App\Controllers\Spp))
#9 C:\xampp\htdocs\ci4_PERPUS _nadya\system\CodeIgniter.php(320): CodeIgniter\CodeIgniter->handleRequest(NULL, Object(Config\Cache), false)
#10 C:\xampp\htdocs\ci4_PERPUS _nadya\public\index.php(37): CodeIgniter\CodeIgniter->run()
#11 C:\xampp\htdocs\ci4_PERPUS _nadya\system\Commands\Server\rewrite.php(43): require_once('C:\\xampp\\htdocs...')
#12 {main}
CRITICAL - 2023-04-11 09:27:52 --> spp is not a validation rules group.
#0 C:\xampp\htdocs\ci4_PERPUS _nadya\system\Validation\Validation.php(543): CodeIgniter\Validation\Exceptions\ValidationException::forGroupNotFound('spp')
#1 C:\xampp\htdocs\ci4_PERPUS _nadya\system\Validation\Validation.php(116): CodeIgniter\Validation\Validation->loadRuleGroup('spp')
#2 C:\xampp\htdocs\ci4_PERPUS _nadya\app\Controllers\Spp.php(83): CodeIgniter\Validation\Validation->run(Array, 'spp')
#3 C:\xampp\htdocs\ci4_PERPUS _nadya\system\CodeIgniter.php(825): App\Controllers\Spp->store4()
#4 C:\xampp\htdocs\ci4_PERPUS _nadya\system\CodeIgniter.php(412): CodeIgniter\CodeIgniter->runController(Object(App\Controllers\Spp))
#5 C:\xampp\htdocs\ci4_PERPUS _nadya\system\CodeIgniter.php(320): CodeIgniter\CodeIgniter->handleRequest(NULL, Object(Config\Cache), false)
#6 C:\xampp\htdocs\ci4_PERPUS _nadya\public\index.php(37): CodeIgniter\CodeIgniter->run()
#7 C:\xampp\htdocs\ci4_PERPUS _nadya\system\Commands\Server\rewrite.php(43): require_once('C:\\xampp\\htdocs...')
#8 {main}
ERROR - 2023-04-11 09:28:44 --> Cannot add or update a child row: a foreign key constraint fails (`db_msi3`.`spp`, CONSTRAINT `spp_ibfk_1` FOREIGN KEY (`nis`) REFERENCES `emis` (`nis`))
CRITICAL - 2023-04-11 09:28:44 --> Cannot add or update a child row: a foreign key constraint fails (`db_msi3`.`spp`, CONSTRAINT `spp_ibfk_1` FOREIGN KEY (`nis`) REFERENCES `emis` (`nis`))
#0 C:\xampp\htdocs\ci4_PERPUS _nadya\system\Database\MySQLi\Connection.php(292): mysqli->query('INSERT INTO `sp...', 0)
#1 C:\xampp\htdocs\ci4_PERPUS _nadya\system\Database\BaseConnection.php(670): CodeIgniter\Database\MySQLi\Connection->execute('INSERT INTO `sp...')
#2 C:\xampp\htdocs\ci4_PERPUS _nadya\system\Database\BaseConnection.php(598): CodeIgniter\Database\BaseConnection->simpleQuery('INSERT INTO `sp...')
#3 C:\xampp\htdocs\ci4_PERPUS _nadya\system\Database\BaseBuilder.php(1771): CodeIgniter\Database\BaseConnection->query('INSERT INTO `sp...', Array, false)
#4 C:\xampp\htdocs\ci4_PERPUS _nadya\app\Models\Spp_model.php(21): CodeIgniter\Database\BaseBuilder->insert(Array)
#5 C:\xampp\htdocs\ci4_PERPUS _nadya\app\Controllers\Spp.php(89): App\Models\Spp_model->insertCategory(Array)
#6 C:\xampp\htdocs\ci4_PERPUS _nadya\system\CodeIgniter.php(825): App\Controllers\Spp->store4()
#7 C:\xampp\htdocs\ci4_PERPUS _nadya\system\CodeIgniter.php(412): CodeIgniter\CodeIgniter->runController(Object(App\Controllers\Spp))
#8 C:\xampp\htdocs\ci4_PERPUS _nadya\system\CodeIgniter.php(320): CodeIgniter\CodeIgniter->handleRequest(NULL, Object(Config\Cache), false)
#9 C:\xampp\htdocs\ci4_PERPUS _nadya\public\index.php(37): CodeIgniter\CodeIgniter->run()
#10 C:\xampp\htdocs\ci4_PERPUS _nadya\system\Commands\Server\rewrite.php(43): require_once('C:\\xampp\\htdocs...')
#11 {main}
ERROR - 2023-04-11 09:28:48 --> Cannot add or update a child row: a foreign key constraint fails (`db_msi3`.`spp`, CONSTRAINT `spp_ibfk_1` FOREIGN KEY (`nis`) REFERENCES `emis` (`nis`))
CRITICAL - 2023-04-11 09:28:48 --> Cannot add or update a child row: a foreign key constraint fails (`db_msi3`.`spp`, CONSTRAINT `spp_ibfk_1` FOREIGN KEY (`nis`) REFERENCES `emis` (`nis`))
#0 C:\xampp\htdocs\ci4_PERPUS _nadya\system\Database\MySQLi\Connection.php(292): mysqli->query('INSERT INTO `sp...', 0)
#1 C:\xampp\htdocs\ci4_PERPUS _nadya\system\Database\BaseConnection.php(670): CodeIgniter\Database\MySQLi\Connection->execute('INSERT INTO `sp...')
#2 C:\xampp\htdocs\ci4_PERPUS _nadya\system\Database\BaseConnection.php(598): CodeIgniter\Database\BaseConnection->simpleQuery('INSERT INTO `sp...')
#3 C:\xampp\htdocs\ci4_PERPUS _nadya\system\Database\BaseBuilder.php(1771): CodeIgniter\Database\BaseConnection->query('INSERT INTO `sp...', Array, false)
#4 C:\xampp\htdocs\ci4_PERPUS _nadya\app\Models\Spp_model.php(21): CodeIgniter\Database\BaseBuilder->insert(Array)
#5 C:\xampp\htdocs\ci4_PERPUS _nadya\app\Controllers\Spp.php(89): App\Models\Spp_model->insertCategory(Array)
#6 C:\xampp\htdocs\ci4_PERPUS _nadya\system\CodeIgniter.php(825): App\Controllers\Spp->store4()
#7 C:\xampp\htdocs\ci4_PERPUS _nadya\system\CodeIgniter.php(412): CodeIgniter\CodeIgniter->runController(Object(App\Controllers\Spp))
#8 C:\xampp\htdocs\ci4_PERPUS _nadya\system\CodeIgniter.php(320): CodeIgniter\CodeIgniter->handleRequest(NULL, Object(Config\Cache), false)
#9 C:\xampp\htdocs\ci4_PERPUS _nadya\public\index.php(37): CodeIgniter\CodeIgniter->run()
#10 C:\xampp\htdocs\ci4_PERPUS _nadya\system\Commands\Server\rewrite.php(43): require_once('C:\\xampp\\htdocs...')
#11 {main}
CRITICAL - 2023-04-11 09:57:23 --> ujian is not a validation rules group.
#0 C:\xampp\htdocs\ci4_PERPUS _nadya\system\Validation\Validation.php(543): CodeIgniter\Validation\Exceptions\ValidationException::forGroupNotFound('ujian')
#1 C:\xampp\htdocs\ci4_PERPUS _nadya\system\Validation\Validation.php(116): CodeIgniter\Validation\Validation->loadRuleGroup('ujian')
#2 C:\xampp\htdocs\ci4_PERPUS _nadya\app\Controllers\Ujian.php(83): CodeIgniter\Validation\Validation->run(Array, 'ujian')
#3 C:\xampp\htdocs\ci4_PERPUS _nadya\system\CodeIgniter.php(825): App\Controllers\Ujian->store5()
#4 C:\xampp\htdocs\ci4_PERPUS _nadya\system\CodeIgniter.php(412): CodeIgniter\CodeIgniter->runController(Object(App\Controllers\Ujian))
#5 C:\xampp\htdocs\ci4_PERPUS _nadya\system\CodeIgniter.php(320): CodeIgniter\CodeIgniter->handleRequest(NULL, Object(Config\Cache), false)
#6 C:\xampp\htdocs\ci4_PERPUS _nadya\public\index.php(37): CodeIgniter\CodeIgniter->run()
#7 C:\xampp\htdocs\ci4_PERPUS _nadya\system\Commands\Server\rewrite.php(43): require_once('C:\\xampp\\htdocs...')
#8 {main}
CRITICAL - 2023-04-11 18:18:12 --> ujian is not a validation rules group.
#0 C:\xampp\htdocs\ci4_PERPUS _nadya\system\Validation\Validation.php(543): CodeIgniter\Validation\Exceptions\ValidationException::forGroupNotFound('ujian')
#1 C:\xampp\htdocs\ci4_PERPUS _nadya\system\Validation\Validation.php(116): CodeIgniter\Validation\Validation->loadRuleGroup('ujian')
#2 C:\xampp\htdocs\ci4_PERPUS _nadya\app\Controllers\Ujian.php(83): CodeIgniter\Validation\Validation->run(Array, 'ujian')
#3 C:\xampp\htdocs\ci4_PERPUS _nadya\system\CodeIgniter.php(825): App\Controllers\Ujian->store5()
#4 C:\xampp\htdocs\ci4_PERPUS _nadya\system\CodeIgniter.php(412): CodeIgniter\CodeIgniter->runController(Object(App\Controllers\Ujian))
#5 C:\xampp\htdocs\ci4_PERPUS _nadya\system\CodeIgniter.php(320): CodeIgniter\CodeIgniter->handleRequest(NULL, Object(Config\Cache), false)
#6 C:\xampp\htdocs\ci4_PERPUS _nadya\public\index.php(37): CodeIgniter\CodeIgniter->run()
#7 C:\xampp\htdocs\ci4_PERPUS _nadya\system\Commands\Server\rewrite.php(43): require_once('C:\\xampp\\htdocs...')
#8 {main}
ERROR - 2023-04-11 18:19:25 --> Cannot add or update a child row: a foreign key constraint fails (`db_msi3`.`ujian`, CONSTRAINT `ujian_ibfk_1` FOREIGN KEY (`nis`) REFERENCES `emis` (`nis`))
CRITICAL - 2023-04-11 18:19:25 --> Cannot add or update a child row: a foreign key constraint fails (`db_msi3`.`ujian`, CONSTRAINT `ujian_ibfk_1` FOREIGN KEY (`nis`) REFERENCES `emis` (`nis`))
#0 C:\xampp\htdocs\ci4_PERPUS _nadya\system\Database\MySQLi\Connection.php(292): mysqli->query('INSERT INTO `uj...', 0)
#1 C:\xampp\htdocs\ci4_PERPUS _nadya\system\Database\BaseConnection.php(670): CodeIgniter\Database\MySQLi\Connection->execute('INSERT INTO `uj...')
#2 C:\xampp\htdocs\ci4_PERPUS _nadya\system\Database\BaseConnection.php(598): CodeIgniter\Database\BaseConnection->simpleQuery('INSERT INTO `uj...')
#3 C:\xampp\htdocs\ci4_PERPUS _nadya\system\Database\BaseBuilder.php(1771): CodeIgniter\Database\BaseConnection->query('INSERT INTO `uj...', Array, false)
#4 C:\xampp\htdocs\ci4_PERPUS _nadya\app\Models\Ujian_model.php(21): CodeIgniter\Database\BaseBuilder->insert(Array)
#5 C:\xampp\htdocs\ci4_PERPUS _nadya\app\Controllers\Ujian.php(89): App\Models\Ujian_model->insertCategory(Array)
#6 C:\xampp\htdocs\ci4_PERPUS _nadya\system\CodeIgniter.php(825): App\Controllers\Ujian->store5()
#7 C:\xampp\htdocs\ci4_PERPUS _nadya\system\CodeIgniter.php(412): CodeIgniter\CodeIgniter->runController(Object(App\Controllers\Ujian))
#8 C:\xampp\htdocs\ci4_PERPUS _nadya\system\CodeIgniter.php(320): CodeIgniter\CodeIgniter->handleRequest(NULL, Object(Config\Cache), false)
#9 C:\xampp\htdocs\ci4_PERPUS _nadya\public\index.php(37): CodeIgniter\CodeIgniter->run()
#10 C:\xampp\htdocs\ci4_PERPUS _nadya\system\Commands\Server\rewrite.php(43): require_once('C:\\xampp\\htdocs...')
#11 {main}
CRITICAL - 2023-04-11 18:35:13 --> Invalid file: kemenag/idx7.php
#0 C:\xampp\htdocs\ci4_PERPUS _nadya\system\View\View.php(198): CodeIgniter\Exceptions\FrameworkException::forInvalidFile('kemenag/idx7.ph...')
#1 C:\xampp\htdocs\ci4_PERPUS _nadya\system\Common.php(1089): CodeIgniter\View\View->render('kemenag/idx7', Array, true)
#2 C:\xampp\htdocs\ci4_PERPUS _nadya\app\Controllers\Kemenag.php(62): view('kemenag/idx7', Array)
#3 C:\xampp\htdocs\ci4_PERPUS _nadya\system\CodeIgniter.php(825): App\Controllers\Kemenag->index()
#4 C:\xampp\htdocs\ci4_PERPUS _nadya\system\CodeIgniter.php(412): CodeIgniter\CodeIgniter->runController(Object(App\Controllers\Kemenag))
#5 C:\xampp\htdocs\ci4_PERPUS _nadya\system\CodeIgniter.php(320): CodeIgniter\CodeIgniter->handleRequest(NULL, Object(Config\Cache), false)
#6 C:\xampp\htdocs\ci4_PERPUS _nadya\public\index.php(37): CodeIgniter\CodeIgniter->run()
#7 C:\xampp\htdocs\ci4_PERPUS _nadya\system\Commands\Server\rewrite.php(43): require_once('C:\\xampp\\htdocs...')
#8 {main}
CRITICAL - 2023-04-11 18:36:01 --> Invalid file: kemenag/idx7.php
#0 C:\xampp\htdocs\ci4_PERPUS _nadya\system\View\View.php(198): CodeIgniter\Exceptions\FrameworkException::forInvalidFile('kemenag/idx7.ph...')
#1 C:\xampp\htdocs\ci4_PERPUS _nadya\system\Common.php(1089): CodeIgniter\View\View->render('kemenag/idx7', Array, true)
#2 C:\xampp\htdocs\ci4_PERPUS _nadya\app\Controllers\Kemenag.php(62): view('kemenag/idx7', Array)
#3 C:\xampp\htdocs\ci4_PERPUS _nadya\system\CodeIgniter.php(825): App\Controllers\Kemenag->index()
#4 C:\xampp\htdocs\ci4_PERPUS _nadya\system\CodeIgniter.php(412): CodeIgniter\CodeIgniter->runController(Object(App\Controllers\Kemenag))
#5 C:\xampp\htdocs\ci4_PERPUS _nadya\system\CodeIgniter.php(320): CodeIgniter\CodeIgniter->handleRequest(NULL, Object(Config\Cache), false)
#6 C:\xampp\htdocs\ci4_PERPUS _nadya\public\index.php(37): CodeIgniter\CodeIgniter->run()
#7 C:\xampp\htdocs\ci4_PERPUS _nadya\system\Commands\Server\rewrite.php(43): require_once('C:\\xampp\\htdocs...')
#8 {main}
CRITICAL - 2023-04-11 18:36:48 --> Invalid file: kemenag/idx7.php
#0 C:\xampp\htdocs\ci4_PERPUS _nadya\system\View\View.php(198): CodeIgniter\Exceptions\FrameworkException::forInvalidFile('kemenag/idx7.ph...')
#1 C:\xampp\htdocs\ci4_PERPUS _nadya\system\Common.php(1089): CodeIgniter\View\View->render('kemenag/idx7', Array, true)
#2 C:\xampp\htdocs\ci4_PERPUS _nadya\app\Controllers\Kemenag.php(62): view('kemenag/idx7', Array)
#3 C:\xampp\htdocs\ci4_PERPUS _nadya\system\CodeIgniter.php(825): App\Controllers\Kemenag->index()
#4 C:\xampp\htdocs\ci4_PERPUS _nadya\system\CodeIgniter.php(412): CodeIgniter\CodeIgniter->runController(Object(App\Controllers\Kemenag))
#5 C:\xampp\htdocs\ci4_PERPUS _nadya\system\CodeIgniter.php(320): CodeIgniter\CodeIgniter->handleRequest(NULL, Object(Config\Cache), false)
#6 C:\xampp\htdocs\ci4_PERPUS _nadya\public\index.php(37): CodeIgniter\CodeIgniter->run()
#7 C:\xampp\htdocs\ci4_PERPUS _nadya\system\Commands\Server\rewrite.php(43): require_once('C:\\xampp\\htdocs...')
#8 {main}
CRITICAL - 2023-04-11 19:43:01 --> kemenag is not a validation rules group.
#0 C:\xampp\htdocs\ci4_PERPUS _nadya\system\Validation\Validation.php(543): CodeIgniter\Validation\Exceptions\ValidationException::forGroupNotFound('kemenag')
#1 C:\xampp\htdocs\ci4_PERPUS _nadya\system\Validation\Validation.php(116): CodeIgniter\Validation\Validation->loadRuleGroup('kemenag')
#2 C:\xampp\htdocs\ci4_PERPUS _nadya\app\Controllers\Kemenag.php(84): CodeIgniter\Validation\Validation->run(Array, 'kemenag')
#3 C:\xampp\htdocs\ci4_PERPUS _nadya\system\CodeIgniter.php(825): App\Controllers\Kemenag->store7()
#4 C:\xampp\htdocs\ci4_PERPUS _nadya\system\CodeIgniter.php(412): CodeIgniter\CodeIgniter->runController(Object(App\Controllers\Kemenag))
#5 C:\xampp\htdocs\ci4_PERPUS _nadya\system\CodeIgniter.php(320): CodeIgniter\CodeIgniter->handleRequest(NULL, Object(Config\Cache), false)
#6 C:\xampp\htdocs\ci4_PERPUS _nadya\public\index.php(37): CodeIgniter\CodeIgniter->run()
#7 C:\xampp\htdocs\ci4_PERPUS _nadya\system\Commands\Server\rewrite.php(43): require_once('C:\\xampp\\htdocs...')
#8 {main}
CRITICAL - 2023-04-11 19:46:02 --> Undefined index: nis
#0 C:\xampp\htdocs\ci4_PERPUS _nadya\app\Views\kemenag\idx7.php(89): CodeIgniter\Debug\Exceptions->errorHandler(8, 'Undefined index...', 'C:\\xampp\\htdocs...', 89, Array)
#1 C:\xampp\htdocs\ci4_PERPUS _nadya\system\View\View.php(210): include('C:\\xampp\\htdocs...')
#2 C:\xampp\htdocs\ci4_PERPUS _nadya\system\View\View.php(213): CodeIgniter\View\View->CodeIgniter\View\{closure}()
#3 C:\xampp\htdocs\ci4_PERPUS _nadya\system\Common.php(1089): CodeIgniter\View\View->render('kemenag/idx7', Array, true)
#4 C:\xampp\htdocs\ci4_PERPUS _nadya\app\Controllers\Kemenag.php(62): view('kemenag/idx7', Array)
#5 C:\xampp\htdocs\ci4_PERPUS _nadya\system\CodeIgniter.php(825): App\Controllers\Kemenag->index()
#6 C:\xampp\htdocs\ci4_PERPUS _nadya\system\CodeIgniter.php(412): CodeIgniter\CodeIgniter->runController(Object(App\Controllers\Kemenag))
#7 C:\xampp\htdocs\ci4_PERPUS _nadya\system\CodeIgniter.php(320): CodeIgniter\CodeIgniter->handleRequest(NULL, Object(Config\Cache), false)
#8 C:\xampp\htdocs\ci4_PERPUS _nadya\public\index.php(37): CodeIgniter\CodeIgniter->run()
#9 C:\xampp\htdocs\ci4_PERPUS _nadya\system\Commands\Server\rewrite.php(43): require_once('C:\\xampp\\htdocs...')
#10 {main}
CRITICAL - 2023-04-11 19:46:36 --> Undefined index: nis
#0 C:\xampp\htdocs\ci4_PERPUS _nadya\app\Views\kemenag\idx7.php(97): CodeIgniter\Debug\Exceptions->errorHandler(8, 'Undefined index...', 'C:\\xampp\\htdocs...', 97, Array)
#1 C:\xampp\htdocs\ci4_PERPUS _nadya\system\View\View.php(210): include('C:\\xampp\\htdocs...')
#2 C:\xampp\htdocs\ci4_PERPUS _nadya\system\View\View.php(213): CodeIgniter\View\View->CodeIgniter\View\{closure}()
#3 C:\xampp\htdocs\ci4_PERPUS _nadya\system\Common.php(1089): CodeIgniter\View\View->render('kemenag/idx7', Array, true)
#4 C:\xampp\htdocs\ci4_PERPUS _nadya\app\Controllers\Kemenag.php(62): view('kemenag/idx7', Array)
#5 C:\xampp\htdocs\ci4_PERPUS _nadya\system\CodeIgniter.php(825): App\Controllers\Kemenag->index()
#6 C:\xampp\htdocs\ci4_PERPUS _nadya\system\CodeIgniter.php(412): CodeIgniter\CodeIgniter->runController(Object(App\Controllers\Kemenag))
#7 C:\xampp\htdocs\ci4_PERPUS _nadya\system\CodeIgniter.php(320): CodeIgniter\CodeIgniter->handleRequest(NULL, Object(Config\Cache), false)
#8 C:\xampp\htdocs\ci4_PERPUS _nadya\public\index.php(37): CodeIgniter\CodeIgniter->run()
#9 C:\xampp\htdocs\ci4_PERPUS _nadya\system\Commands\Server\rewrite.php(43): require_once('C:\\xampp\\htdocs...')
#10 {main}
CRITICAL - 2023-04-11 19:46:40 --> Undefined index: nis
#0 C:\xampp\htdocs\ci4_PERPUS _nadya\app\Views\kemenag\idx7.php(97): CodeIgniter\Debug\Exceptions->errorHandler(8, 'Undefined index...', 'C:\\xampp\\htdocs...', 97, Array)
#1 C:\xampp\htdocs\ci4_PERPUS _nadya\system\View\View.php(210): include('C:\\xampp\\htdocs...')
#2 C:\xampp\htdocs\ci4_PERPUS _nadya\system\View\View.php(213): CodeIgniter\View\View->CodeIgniter\View\{closure}()
#3 C:\xampp\htdocs\ci4_PERPUS _nadya\system\Common.php(1089): CodeIgniter\View\View->render('kemenag/idx7', Array, true)
#4 C:\xampp\htdocs\ci4_PERPUS _nadya\app\Controllers\Kemenag.php(62): view('kemenag/idx7', Array)
#5 C:\xampp\htdocs\ci4_PERPUS _nadya\system\CodeIgniter.php(825): App\Controllers\Kemenag->index()
#6 C:\xampp\htdocs\ci4_PERPUS _nadya\system\CodeIgniter.php(412): CodeIgniter\CodeIgniter->runController(Object(App\Controllers\Kemenag))
#7 C:\xampp\htdocs\ci4_PERPUS _nadya\system\CodeIgniter.php(320): CodeIgniter\CodeIgniter->handleRequest(NULL, Object(Config\Cache), false)
#8 C:\xampp\htdocs\ci4_PERPUS _nadya\public\index.php(37): CodeIgniter\CodeIgniter->run()
#9 C:\xampp\htdocs\ci4_PERPUS _nadya\system\Commands\Server\rewrite.php(43): require_once('C:\\xampp\\htdocs...')
#10 {main}
